ARM GAS  C:\Users\IYANG~1.DES\AppData\Local\Temp\cco1G6Tc.s 			page 1


   1              		.cpu cortex-m0
   2              		.fpu softvfp
   3              		.eabi_attribute 20, 1
   4              		.eabi_attribute 21, 1
   5              		.eabi_attribute 23, 3
   6              		.eabi_attribute 24, 1
   7              		.eabi_attribute 25, 1
   8              		.eabi_attribute 26, 1
   9              		.eabi_attribute 30, 2
  10              		.eabi_attribute 34, 0
  11              		.eabi_attribute 18, 4
  12              		.code	16
  13              		.file	"ADC_INT.c"
  14              		.text
  15              	.Ltext0:
  16              		.section	.gnu.lto_.profile.1813b842,"",%progbits
  17 0000 789C6366 		.ascii	"x\234cf```a\200\000F\006\026f\000\000\177\000\020"
  17      60606061 
  17      80004606 
  17      16660000 
  17      7F0010
  18              		.text
  19              		.section	.gnu.lto_.jmpfuncs.1813b842,"",%progbits
  20 0000 789C6366 		.ascii	"x\234cf\300\016X\2414#\210\000\000\000\332\000\012"
  20      C00E58A1 
  20      34238800 
  20      0000DA00 
  20      0A
  21              		.text
  22              		.section	.gnu.lto_.inline.1813b842,"",%progbits
  23 0000 789C6366 		.ascii	"x\234cf\300\016D\2414#\003\003+\013#\003\023\313\002"
  23      C00E44A1 
  23      34230303 
  23      2B0B2303 
  23      13CB02
  24 0013 7906B605 		.ascii	"y\006\266\005\362L`A\000\0238\001\260"
  24      F24C6041 
  24      00133801 
  24      B0
  25              		.text
  26              		.section	.gnu.lto_.pureconst.1813b842,"",%progbits
  27 0000 789C6366 		.ascii	"x\234cf```f\200\000F\006)\000\000z\000\""
  27      60606066 
  27      80004606 
  27      2900007A 
  27      0022
  28              		.text
  29              		.section	.gnu.lto_ADC_ISR.1813b842,"",%progbits
  30 0000 789C658F 		.ascii	"x\234e\217\275KBa\024\306\337\347\\3A\210h\313\2510"
  30      BD4B4261 
  30      14C6DFE7 
  30      5C334188 
  30      68CBA930 
  31 0014 68CBA57F 		.ascii	"h\313\245\177 \012\242%\002\333\022D\362\016-\012z["
  31      200AA225 
  31      02DB1244 
  31      F20E2D0A 
ARM GAS  C:\Users\IYANG~1.DES\AppData\Local\Temp\cco1G6Tc.s 			page 2


  31      7A5B
  32 0026 5ABA57EE 		.ascii	"Z\272W\356\324$NF\0109D\037V\226\201`K\227 i(+\250\204"
  32      D4244E46 
  32      0839441F 
  32      56968160 
  32      4B972069 
  33 003e 860A52B0 		.ascii	"\206\012R\260!(\212\312\241\354=\326R\275\360r>8\317"
  33      21288ACA 
  33      A1EC3DD6 
  33      52BDF072 
  33      3E38CF
  34 0051 737E4711 		.ascii	"s~G\021\377\237K\376\031\010\341\221\021\212\000\305"
  34      FF9F4BFE 
  34      1908E191 
  34      118A00C5 
  35 0061 4B42180E 		.ascii	"KB\030\016\0028\021\020\263\204Y\334\323\023!ne\222"
  35      02381110 
  35      B38459DC 
  35      D313216E 
  35      6592
  36 0073 CEDE255D 		.ascii	"\316\336%]\327\037s\033\306\230\205:\011\361L\337>X"
  36      D71F731B 
  36      C698853A 
  36      09F14CDF 
  36      3E58
  37 0085 46AF9043 		.ascii	"F\257\220Cw\363\265\3636\245\007\234\0276_\216\2355"
  37      77F3B5F3 
  37      36A5079C 
  37      17365F8E 
  37      9D35
  38 0097 AA13BAB8 		.ascii	"\252\023\272\270\334M\034&\355\\\222\215\313|\351\375"
  38      DC4D1C26 
  38      ED5C928D 
  38      CB7CE9FD 
  39 00a7 B0CD9DD6 		.ascii	"\260\315\235\326\365\330\355\303i\3202\027\365\317F"
  39      F5D8EDC3 
  39      69D03217 
  39      F5CF46
  40 00b6 437A2A58 		.ascii	"Cz*X\201\"m\261\012\027\326\340\372\001\225\212'\363"
  40      81226DB1 
  40      0A17D6E0 
  40      FA01958A 
  40      27F3
  41 00c8 A3ECB49B 		.ascii	"\243\354\264\233\022\240\035\031\270\277wc\035v\311"
  41      12A01D19 
  41      B8BF7763 
  41      1D76C9
  42 00d7 0FEE643B 		.ascii	"\017\356d;,\275\321\330\311\037\344\3546i\3003\242\""
  42      2CBDD1D8 
  42      C91FE4EC 
  42      3669C033 
  42      A222
  43 00e9 87F8942A 		.ascii	"\207\370\224*\021G\345\012\373\257s\305r\013\353\336"
  43      1147E50A 
  43      FBAF73C5 
  43      720BEBDE 
  44 00f9 88EFBA4B 		.ascii	"\210\357\272K\226\367l\314e\213\2335\243\311vS99s4["
ARM GAS  C:\Users\IYANG~1.DES\AppData\Local\Temp\cco1G6Tc.s 			page 3


  44      96F76CCC 
  44      658B9B35 
  44      A3C97653 
  44      39397334 
  45 010e CDC517CF 		.ascii	"\315\305\027\317\205*\245\260`\230\206\345\251S\013"
  45      852AA5B0 
  45      609886E5 
  45      A9530B
  46 011d 3624DA26 		.ascii	"6$\332&\243!\213\024\304%b\372D\023D\256\224\246B.I"
  46      A3218B14 
  46      C42562FA 
  46      441344AE 
  46      94A6422E 
  47 0132 6C1FA55B 		.ascii	"l\037\245[\271\367G\337\371[\277%\365\254\270\206a\355"
  47      B9F747DF 
  47      F95BBF25 
  47      F5ACB886 
  47      61ED
  48 0144 1489057C 		.ascii	"\024\211\005|m\205\300\264\222\275{X\015\251\221\200"
  48      6D85C0B4 
  48      92BD7B58 
  48      0DA99180 
  49 0154 A606FDDE 		.ascii	"\246\006\375\336\360tdR\365\215y\303\203\375\276\201"
  49      F0746452 
  49      F58D79C3 
  49      83FDBE81 
  50 0164 A141FFC8 		.ascii	"\241A\377\310\350x\337\244pN\205\264\210?\252\005\264"
  50      E878DFA4 
  50      704E85B4 
  50      883FAA05 
  50      B4
  51 0175 E9E817CC 		.ascii	"\351\350\027\314n\232\033"
  51      6E9A1B
  52              		.text
  53              		.section	.gnu.lto_.symbol_nodes.1813b842,"",%progbits
  54 0000 789C6366 		.ascii	"x\234cf``\020b\200\002&\246z\006\206\011\347\030\030"
  54      60601062 
  54      800226A6 
  54      7A068609 
  54      E71818
  55 0013 EAEB19E6 		.ascii	"\352\353\031\346-\340``\000\000&\270\004;"
  55      2DE06060 
  55      000026B8 
  55      043B
  56              		.text
  57              		.section	.gnu.lto_.refs.1813b842,"",%progbits
  58 0000 789C6366 		.ascii	"x\234cf```d\200\002\000\000=\000\005"
  58      60606064 
  58      80020000 
  58      3D0005
  59              		.text
  60              		.section	.gnu.lto_.decls.1813b842,"",%progbits
  61 0000 789C6366 		.ascii	"x\234cf``H\001\342\377@\360\203\221\201!\021\310f\002"
  61      60604801 
  61      E2FF40F0 
  61      83918121 
  61      11C86602 
ARM GAS  C:\Users\IYANG~1.DES\AppData\Local\Temp\cco1G6Tc.s 			page 4


  62 0014 E2000604 		.ascii	"\342\000\006\004\000\0123\254a\300\004 16\250Z> \346"
  62      000A33AC 
  62      61C00420 
  62      3136A85A 
  62      3E20E6
  63 0027 01E28D40 		.ascii	"\001\342\215@\274\015\210\267\020\320\373\221\211q\347"
  63      BC0D88B7 
  63      10D0FB91 
  63      8971E7
  64 0036 BA2F67B9 		.ascii	"\272/g\271_01\362q)\200\270\273&\235\230\301\006\344"
  64      5F3031F2 
  64      712980B8 
  64      BB269D98 
  64      C106E4
  65 0049 F270B180 		.ascii	"\362p\261\200\270\273\177?\272\302\">\265\001\010&4"
  65      B8BB7F3F 
  65      BAC2223E 
  65      B5010826 
  65      34
  66 005a 3708B030 		.ascii	"7\010\2600\006\2101.g\224b\\\301(\0054u%\2438\220\214"
  66      0688312E 
  66      6794625C 
  66      C1280534 
  66      7525A338 
  67 0070 66819874 		.ascii	"f\201\230tr\343\322\225|\314L\214 \366\342\031\017\257"
  67      72E3D295 
  67      7CCC4C8C 
  67      20F6E219 
  67      0FAF
  68 0082 70E9AC02 		.ascii	"p\351\254\002j\353h8p\201\021a\335\213\371\327\026q"
  68      6AEB6838 
  68      70811161 
  68      DD8BF9D7 
  68      1671
  69 0094 2BCC6B58 		.ascii	"+\314kX\260\341\303\312kWy\032N4\034\370\377\337\036"
  69      B0E1C3CA 
  69      6B57791A 
  69      4E341CF8 
  69      FFDF1E
  70 00a7 6C14E32A 		.ascii	"l\024\343*Ff\306\325\214:`\007\003\331\020\227\257a"
  70      4666C6D5 
  70      8C3A6007 
  70      03D91097 
  70      AF61
  71 00b9 54006A7B 		.ascii	"T\000j{x\343\372\036vfc\260\331\215\313v\367\260\003"
  71      78E3FA1E 
  71      766663B0 
  71      D98DCB76 
  71      F7B003
  72 00cc 9DA8C805 		.ascii	"\235\250\310\0056\361\376\354\237K8\301\\P\350\361\003"
  72      36F1FEEC 
  72      9F4B38C1 
  72      5C50E8F1 
  72      03
  73 00dd 8598761F 		.ascii	"\205\230v\037\232t\221\213Q\215k\011\320\376\017\277"
  73      9A74918B 
  73      518D6B09 
ARM GAS  C:\Users\IYANG~1.DES\AppData\Local\Temp\cco1G6Tc.s 			page 5


  73      D0FE0FBF 
  74 00ed BEDC9269 		.ascii	"\276\334\222ih`a\334\310\310\305\270\026n\003X7\010"
  74      686061DC 
  74      C8C8C5B8 
  74      166E0358 
  74      3708
  75 00ff 74343434 		.ascii	"t444\201\374\306y\202\217\001\3565\306\015\214j@\025"
  75      81FCC679 
  75      828F01EE 
  75      35C60D8C 
  75      6A4015
  76 0112 60B58CEB 		.ascii	"`\265\214\353\200\202\353A\202@\023\200\366uL\332\366"
  76      8082EB41 
  76      82401380 
  76      F6754CDA 
  76      F6
  77 0123 9A953906 		.ascii	"\232\2259\006\354\224KS?\316\347\340\002\032\321L\234"
  77      EC944B53 
  77      3FCEE7E0 
  77      021AD14C 
  77      9C
  78 0134 1140B775 		.ascii	"\021@\267u\377x\361\221\217\221K\015\273\246\255X4\201"
  78      FF78F191 
  78      8F914B0D 
  78      BBA6AD58 
  78      3481
  79 0146 7CF1A067 		.ascii	"|\361\240g\363\022&\220/\266\000}\261\011\341\213\315"
  79      F3122690 
  79      2FB6007D 
  79      B109E18B 
  79      CD
  80 0157 8C5CF0A0 		.ascii	"\214\\\360\240\335qr\343#&\236.\204\177\300\212\021"
  80      DD7172E3 
  80      23269E2E 
  80      847FC08A 
  80      11
  81 0168 B1B58D91 		.ascii	"\261\265\215\221\007\034\242 \232\335\321\3059\3363"
  81      071CA220 
  81      9ADDD1C5 
  81      39DE33
  82 0177 3888CDDD 		.ascii	"8\210\315\335/T\301\231A\321=5/\265(\261$5%>8\277\264"
  82      2F54C199 
  82      41D13D35 
  82      2FB528B1 
  82      2435253E 
  83 018e 28393526 		.ascii	"(95& 8\337\331$\006\254\312/D/\231\201\25543\257\304"
  83      2038DFD9 
  83      2406ACCA 
  83      2F442F99 
  83      81AD3433 
  84 01a4 D80897C2 		.ascii	"\330\010\227\302\344\312\222\312\202\324b\275\014\006"
  84      E4CA92CA 
  84      82D462BD 
  84      0C06
  85 01b2 D6A2D474 		.ascii	"\326\242\324tc#\000,\366\277U"
  85      6323002C 
  85      F6BF55
ARM GAS  C:\Users\IYANG~1.DES\AppData\Local\Temp\cco1G6Tc.s 			page 6


  86              		.text
  87              		.section	.gnu.lto_.symtab.1813b842,"",%progbits
  88 0000 4144435F 		.ascii	"ADC_ISR\000\000\000\000\000\000\000\000\000\000\000"
  88      49535200 
  88      00000000 
  88      00000000 
  88      0000
  89 0012 00AC0000 		.ascii	"\000\254\000\000\000"
  89      00
  90              		.text
  91              		.section	.gnu.lto_.opts,"",%progbits
  92 0000 272D666E 		.ascii	"'-fno-trapv' '-mcpu=cortex-m0' '-mthumb' '-g' '-O3'"
  92      6F2D7472 
  92      61707627 
  92      20272D6D 
  92      6370753D 
  93 0033 20272D66 		.ascii	" '-ffunction-sections' '-finline-functions' '-flto'"
  93      66756E63 
  93      74696F6E 
  93      2D736563 
  93      74696F6E 
  94 0066 20272D66 		.ascii	" '-ffat-lto-objects'\000"
  94      6661742D 
  94      6C746F2D 
  94      6F626A65 
  94      63747327 
  95              		.text
  96              		.cfi_sections	.debug_frame
  97              		.section	.text.ADC_ISR,"ax",%progbits
  98              		.align	2
  99              		.global	ADC_ISR
 100              		.code	16
 101              		.thumb_func
 102              		.type	ADC_ISR, %function
 103              	ADC_ISR:
 104              	.LFB2:
 105              		.file 1 "Generated_Source\\PSoC4\\ADC_INT.c"
   1:Generated_Source\PSoC4/ADC_INT.c **** /*******************************************************************************
   2:Generated_Source\PSoC4/ADC_INT.c **** * File Name: ADC_INT.c
   3:Generated_Source\PSoC4/ADC_INT.c **** * Version 2.40
   4:Generated_Source\PSoC4/ADC_INT.c **** *
   5:Generated_Source\PSoC4/ADC_INT.c **** *  Description:
   6:Generated_Source\PSoC4/ADC_INT.c **** *    This file contains the code that operates during the ADC_SAR interrupt
   7:Generated_Source\PSoC4/ADC_INT.c **** *    service routine.
   8:Generated_Source\PSoC4/ADC_INT.c **** *
   9:Generated_Source\PSoC4/ADC_INT.c **** *   Note:
  10:Generated_Source\PSoC4/ADC_INT.c **** *
  11:Generated_Source\PSoC4/ADC_INT.c **** ********************************************************************************
  12:Generated_Source\PSoC4/ADC_INT.c **** * Copyright 2008-2015, Cypress Semiconductor Corporation.  All rights reserved.
  13:Generated_Source\PSoC4/ADC_INT.c **** * You may use this file only in accordance with the license, terms, conditions,
  14:Generated_Source\PSoC4/ADC_INT.c **** * disclaimers, and limitations in the end user license agreement accompanying
  15:Generated_Source\PSoC4/ADC_INT.c **** * the software package with which this file was provided.
  16:Generated_Source\PSoC4/ADC_INT.c **** *******************************************************************************/
  17:Generated_Source\PSoC4/ADC_INT.c **** 
  18:Generated_Source\PSoC4/ADC_INT.c **** #include "ADC.h"
  19:Generated_Source\PSoC4/ADC_INT.c **** 
  20:Generated_Source\PSoC4/ADC_INT.c **** 
ARM GAS  C:\Users\IYANG~1.DES\AppData\Local\Temp\cco1G6Tc.s 			page 7


  21:Generated_Source\PSoC4/ADC_INT.c **** 
  22:Generated_Source\PSoC4/ADC_INT.c **** /******************************************************************************
  23:Generated_Source\PSoC4/ADC_INT.c **** * Custom Declarations and Variables
  24:Generated_Source\PSoC4/ADC_INT.c **** * - add user inlcude files, prototypes and variables between the following
  25:Generated_Source\PSoC4/ADC_INT.c **** *   #START and #END tags
  26:Generated_Source\PSoC4/ADC_INT.c **** ******************************************************************************/
  27:Generated_Source\PSoC4/ADC_INT.c **** /* `#START ADC_SYS_VAR`  */
  28:Generated_Source\PSoC4/ADC_INT.c **** 
  29:Generated_Source\PSoC4/ADC_INT.c **** /* `#END`  */
  30:Generated_Source\PSoC4/ADC_INT.c **** 
  31:Generated_Source\PSoC4/ADC_INT.c **** #if(ADC_IRQ_REMOVE == 0u)
  32:Generated_Source\PSoC4/ADC_INT.c **** 
  33:Generated_Source\PSoC4/ADC_INT.c **** 
  34:Generated_Source\PSoC4/ADC_INT.c ****     /******************************************************************************
  35:Generated_Source\PSoC4/ADC_INT.c ****     * Function Name: ADC_ISR
  36:Generated_Source\PSoC4/ADC_INT.c ****     *******************************************************************************
  37:Generated_Source\PSoC4/ADC_INT.c ****     *
  38:Generated_Source\PSoC4/ADC_INT.c ****     * Summary:
  39:Generated_Source\PSoC4/ADC_INT.c ****     *  Handle Interrupt Service Routine.
  40:Generated_Source\PSoC4/ADC_INT.c ****     *
  41:Generated_Source\PSoC4/ADC_INT.c ****     * Parameters:
  42:Generated_Source\PSoC4/ADC_INT.c ****     *  None.
  43:Generated_Source\PSoC4/ADC_INT.c ****     *
  44:Generated_Source\PSoC4/ADC_INT.c ****     * Return:
  45:Generated_Source\PSoC4/ADC_INT.c ****     *  None.
  46:Generated_Source\PSoC4/ADC_INT.c ****     *
  47:Generated_Source\PSoC4/ADC_INT.c ****     * Reentrant:
  48:Generated_Source\PSoC4/ADC_INT.c ****     *  No.
  49:Generated_Source\PSoC4/ADC_INT.c ****     *
  50:Generated_Source\PSoC4/ADC_INT.c ****     ******************************************************************************/
  51:Generated_Source\PSoC4/ADC_INT.c ****     CY_ISR( ADC_ISR )
  52:Generated_Source\PSoC4/ADC_INT.c ****     {
 106              		.loc 1 52 0
 107              		.cfi_startproc
  53:Generated_Source\PSoC4/ADC_INT.c ****         uint32 intr_status;
  54:Generated_Source\PSoC4/ADC_INT.c **** 
  55:Generated_Source\PSoC4/ADC_INT.c ****         /* Read interrupt status register */
  56:Generated_Source\PSoC4/ADC_INT.c ****         intr_status = ADC_SAR_INTR_REG;
 108              		.loc 1 56 0
 109 0000 014B     		ldr	r3, .L2
  57:Generated_Source\PSoC4/ADC_INT.c **** 
  58:Generated_Source\PSoC4/ADC_INT.c ****         #ifdef ADC_ISR_INTERRUPT_CALLBACK
  59:Generated_Source\PSoC4/ADC_INT.c ****             ADC_ISR_InterruptCallback();
  60:Generated_Source\PSoC4/ADC_INT.c ****         #endif /* ADC_ISR_INTERRUPT_CALLBACK */
  61:Generated_Source\PSoC4/ADC_INT.c **** 
  62:Generated_Source\PSoC4/ADC_INT.c **** 
  63:Generated_Source\PSoC4/ADC_INT.c ****         /************************************************************************
  64:Generated_Source\PSoC4/ADC_INT.c ****         *  Custom Code
  65:Generated_Source\PSoC4/ADC_INT.c ****         *  - add user ISR code between the following #START and #END tags
  66:Generated_Source\PSoC4/ADC_INT.c ****         *************************************************************************/
  67:Generated_Source\PSoC4/ADC_INT.c ****         /* `#START MAIN_ADC_ISR`  */
  68:Generated_Source\PSoC4/ADC_INT.c **** 
  69:Generated_Source\PSoC4/ADC_INT.c ****         /* `#END`  */
  70:Generated_Source\PSoC4/ADC_INT.c ****         
  71:Generated_Source\PSoC4/ADC_INT.c ****         /* Clear handled interrupt */
  72:Generated_Source\PSoC4/ADC_INT.c ****         ADC_SAR_INTR_REG = intr_status;
  73:Generated_Source\PSoC4/ADC_INT.c ****     }
ARM GAS  C:\Users\IYANG~1.DES\AppData\Local\Temp\cco1G6Tc.s 			page 8


 110              		.loc 1 73 0
 111              		@ sp needed
  56:Generated_Source\PSoC4/ADC_INT.c **** 
 112              		.loc 1 56 0
 113 0002 1A68     		ldr	r2, [r3]
 114              	.LVL0:
  72:Generated_Source\PSoC4/ADC_INT.c ****     }
 115              		.loc 1 72 0
 116 0004 1A60     		str	r2, [r3]
 117              		.loc 1 73 0
 118 0006 7047     		bx	lr
 119              	.L3:
 120              		.align	2
 121              	.L2:
 122 0008 10023A40 		.word	1077543440
 123              		.cfi_endproc
 124              	.LFE2:
 125              		.size	ADC_ISR, .-ADC_ISR
 126              		.text
 127              	.Letext0:
 128              		.file 2 "Generated_Source\\PSoC4\\cytypes.h"
 129              		.section	.debug_info,"",%progbits
 130              	.Ldebug_info0:
 131 0000 C0000000 		.4byte	0xc0
 132 0004 0400     		.2byte	0x4
 133 0006 00000000 		.4byte	.Ldebug_abbrev0
 134 000a 04       		.byte	0x4
 135 000b 01       		.uleb128 0x1
 136 000c 22000000 		.4byte	.LASF15
 137 0010 01       		.byte	0x1
 138 0011 06010000 		.4byte	.LASF16
 139 0015 6F010000 		.4byte	.LASF17
 140 0019 00000000 		.4byte	.Ldebug_ranges0+0
 141 001d 00000000 		.4byte	0
 142 0021 00000000 		.4byte	.Ldebug_line0
 143 0025 02       		.uleb128 0x2
 144 0026 01       		.byte	0x1
 145 0027 06       		.byte	0x6
 146 0028 63010000 		.4byte	.LASF0
 147 002c 02       		.uleb128 0x2
 148 002d 01       		.byte	0x1
 149 002e 08       		.byte	0x8
 150 002f 27010000 		.4byte	.LASF1
 151 0033 02       		.uleb128 0x2
 152 0034 02       		.byte	0x2
 153 0035 05       		.byte	0x5
 154 0036 B2010000 		.4byte	.LASF2
 155 003a 02       		.uleb128 0x2
 156 003b 02       		.byte	0x2
 157 003c 07       		.byte	0x7
 158 003d 50010000 		.4byte	.LASF3
 159 0041 02       		.uleb128 0x2
 160 0042 04       		.byte	0x4
 161 0043 05       		.byte	0x5
 162 0044 3A010000 		.4byte	.LASF4
 163 0048 02       		.uleb128 0x2
 164 0049 04       		.byte	0x4
ARM GAS  C:\Users\IYANG~1.DES\AppData\Local\Temp\cco1G6Tc.s 			page 9


 165 004a 07       		.byte	0x7
 166 004b D1000000 		.4byte	.LASF5
 167 004f 02       		.uleb128 0x2
 168 0050 08       		.byte	0x8
 169 0051 05       		.byte	0x5
 170 0052 00000000 		.4byte	.LASF6
 171 0056 02       		.uleb128 0x2
 172 0057 08       		.byte	0x8
 173 0058 07       		.byte	0x7
 174 0059 E3000000 		.4byte	.LASF7
 175 005d 03       		.uleb128 0x3
 176 005e 04       		.byte	0x4
 177 005f 05       		.byte	0x5
 178 0060 696E7400 		.ascii	"int\000"
 179 0064 02       		.uleb128 0x2
 180 0065 04       		.byte	0x4
 181 0066 07       		.byte	0x7
 182 0067 15000000 		.4byte	.LASF8
 183 006b 04       		.uleb128 0x4
 184 006c 0E000000 		.4byte	.LASF12
 185 0070 02       		.byte	0x2
 186 0071 9A01     		.2byte	0x19a
 187 0073 48000000 		.4byte	0x48
 188 0077 02       		.uleb128 0x2
 189 0078 04       		.byte	0x4
 190 0079 04       		.byte	0x4
 191 007a AC010000 		.4byte	.LASF9
 192 007e 02       		.uleb128 0x2
 193 007f 08       		.byte	0x8
 194 0080 04       		.byte	0x4
 195 0081 43010000 		.4byte	.LASF10
 196 0085 02       		.uleb128 0x2
 197 0086 01       		.byte	0x1
 198 0087 08       		.byte	0x8
 199 0088 35010000 		.4byte	.LASF11
 200 008c 04       		.uleb128 0x4
 201 008d 4A010000 		.4byte	.LASF13
 202 0091 02       		.byte	0x2
 203 0092 4402     		.2byte	0x244
 204 0094 98000000 		.4byte	0x98
 205 0098 05       		.uleb128 0x5
 206 0099 6B000000 		.4byte	0x6b
 207 009d 02       		.uleb128 0x2
 208 009e 04       		.byte	0x4
 209 009f 07       		.byte	0x7
 210 00a0 BC010000 		.4byte	.LASF14
 211 00a4 06       		.uleb128 0x6
 212 00a5 C9000000 		.4byte	.LASF18
 213 00a9 01       		.byte	0x1
 214 00aa 33       		.byte	0x33
 215 00ab 00000000 		.4byte	.LFB2
 216 00af 0C000000 		.4byte	.LFE2-.LFB2
 217 00b3 01       		.uleb128 0x1
 218 00b4 9C       		.byte	0x9c
 219 00b5 07       		.uleb128 0x7
 220 00b6 FA000000 		.4byte	.LASF19
 221 00ba 01       		.byte	0x1
ARM GAS  C:\Users\IYANG~1.DES\AppData\Local\Temp\cco1G6Tc.s 			page 10


 222 00bb 35       		.byte	0x35
 223 00bc 6B000000 		.4byte	0x6b
 224 00c0 01       		.uleb128 0x1
 225 00c1 52       		.byte	0x52
 226 00c2 00       		.byte	0
 227 00c3 00       		.byte	0
 228              		.section	.debug_abbrev,"",%progbits
 229              	.Ldebug_abbrev0:
 230 0000 01       		.uleb128 0x1
 231 0001 11       		.uleb128 0x11
 232 0002 01       		.byte	0x1
 233 0003 25       		.uleb128 0x25
 234 0004 0E       		.uleb128 0xe
 235 0005 13       		.uleb128 0x13
 236 0006 0B       		.uleb128 0xb
 237 0007 03       		.uleb128 0x3
 238 0008 0E       		.uleb128 0xe
 239 0009 1B       		.uleb128 0x1b
 240 000a 0E       		.uleb128 0xe
 241 000b 55       		.uleb128 0x55
 242 000c 17       		.uleb128 0x17
 243 000d 11       		.uleb128 0x11
 244 000e 01       		.uleb128 0x1
 245 000f 10       		.uleb128 0x10
 246 0010 17       		.uleb128 0x17
 247 0011 00       		.byte	0
 248 0012 00       		.byte	0
 249 0013 02       		.uleb128 0x2
 250 0014 24       		.uleb128 0x24
 251 0015 00       		.byte	0
 252 0016 0B       		.uleb128 0xb
 253 0017 0B       		.uleb128 0xb
 254 0018 3E       		.uleb128 0x3e
 255 0019 0B       		.uleb128 0xb
 256 001a 03       		.uleb128 0x3
 257 001b 0E       		.uleb128 0xe
 258 001c 00       		.byte	0
 259 001d 00       		.byte	0
 260 001e 03       		.uleb128 0x3
 261 001f 24       		.uleb128 0x24
 262 0020 00       		.byte	0
 263 0021 0B       		.uleb128 0xb
 264 0022 0B       		.uleb128 0xb
 265 0023 3E       		.uleb128 0x3e
 266 0024 0B       		.uleb128 0xb
 267 0025 03       		.uleb128 0x3
 268 0026 08       		.uleb128 0x8
 269 0027 00       		.byte	0
 270 0028 00       		.byte	0
 271 0029 04       		.uleb128 0x4
 272 002a 16       		.uleb128 0x16
 273 002b 00       		.byte	0
 274 002c 03       		.uleb128 0x3
 275 002d 0E       		.uleb128 0xe
 276 002e 3A       		.uleb128 0x3a
 277 002f 0B       		.uleb128 0xb
 278 0030 3B       		.uleb128 0x3b
ARM GAS  C:\Users\IYANG~1.DES\AppData\Local\Temp\cco1G6Tc.s 			page 11


 279 0031 05       		.uleb128 0x5
 280 0032 49       		.uleb128 0x49
 281 0033 13       		.uleb128 0x13
 282 0034 00       		.byte	0
 283 0035 00       		.byte	0
 284 0036 05       		.uleb128 0x5
 285 0037 35       		.uleb128 0x35
 286 0038 00       		.byte	0
 287 0039 49       		.uleb128 0x49
 288 003a 13       		.uleb128 0x13
 289 003b 00       		.byte	0
 290 003c 00       		.byte	0
 291 003d 06       		.uleb128 0x6
 292 003e 2E       		.uleb128 0x2e
 293 003f 01       		.byte	0x1
 294 0040 3F       		.uleb128 0x3f
 295 0041 19       		.uleb128 0x19
 296 0042 03       		.uleb128 0x3
 297 0043 0E       		.uleb128 0xe
 298 0044 3A       		.uleb128 0x3a
 299 0045 0B       		.uleb128 0xb
 300 0046 3B       		.uleb128 0x3b
 301 0047 0B       		.uleb128 0xb
 302 0048 27       		.uleb128 0x27
 303 0049 19       		.uleb128 0x19
 304 004a 11       		.uleb128 0x11
 305 004b 01       		.uleb128 0x1
 306 004c 12       		.uleb128 0x12
 307 004d 06       		.uleb128 0x6
 308 004e 40       		.uleb128 0x40
 309 004f 18       		.uleb128 0x18
 310 0050 9742     		.uleb128 0x2117
 311 0052 19       		.uleb128 0x19
 312 0053 00       		.byte	0
 313 0054 00       		.byte	0
 314 0055 07       		.uleb128 0x7
 315 0056 34       		.uleb128 0x34
 316 0057 00       		.byte	0
 317 0058 03       		.uleb128 0x3
 318 0059 0E       		.uleb128 0xe
 319 005a 3A       		.uleb128 0x3a
 320 005b 0B       		.uleb128 0xb
 321 005c 3B       		.uleb128 0x3b
 322 005d 0B       		.uleb128 0xb
 323 005e 49       		.uleb128 0x49
 324 005f 13       		.uleb128 0x13
 325 0060 02       		.uleb128 0x2
 326 0061 18       		.uleb128 0x18
 327 0062 00       		.byte	0
 328 0063 00       		.byte	0
 329 0064 00       		.byte	0
 330              		.section	.debug_aranges,"",%progbits
 331 0000 1C000000 		.4byte	0x1c
 332 0004 0200     		.2byte	0x2
 333 0006 00000000 		.4byte	.Ldebug_info0
 334 000a 04       		.byte	0x4
 335 000b 00       		.byte	0
ARM GAS  C:\Users\IYANG~1.DES\AppData\Local\Temp\cco1G6Tc.s 			page 12


 336 000c 0000     		.2byte	0
 337 000e 0000     		.2byte	0
 338 0010 00000000 		.4byte	.LFB2
 339 0014 0C000000 		.4byte	.LFE2-.LFB2
 340 0018 00000000 		.4byte	0
 341 001c 00000000 		.4byte	0
 342              		.section	.debug_ranges,"",%progbits
 343              	.Ldebug_ranges0:
 344 0000 00000000 		.4byte	.LFB2
 345 0004 0C000000 		.4byte	.LFE2
 346 0008 00000000 		.4byte	0
 347 000c 00000000 		.4byte	0
 348              		.section	.debug_line,"",%progbits
 349              	.Ldebug_line0:
 350 0000 64000000 		.section	.debug_str,"MS",%progbits,1
 350      02004400 
 350      00000201 
 350      FB0E0D00 
 350      01010101 
 351              	.LASF6:
 352 0000 6C6F6E67 		.ascii	"long long int\000"
 352      206C6F6E 
 352      6720696E 
 352      7400
 353              	.LASF12:
 354 000e 75696E74 		.ascii	"uint32\000"
 354      333200
 355              	.LASF8:
 356 0015 756E7369 		.ascii	"unsigned int\000"
 356      676E6564 
 356      20696E74 
 356      00
 357              	.LASF15:
 358 0022 474E5520 		.ascii	"GNU C 4.9.3 20150303 (release) [ARM/embedded-4_9-br"
 358      4320342E 
 358      392E3320 
 358      32303135 
 358      30333033 
 359 0055 616E6368 		.ascii	"anch revision 221220] -mcpu=cortex-m0 -mthumb -g -O"
 359      20726576 
 359      6973696F 
 359      6E203232 
 359      31323230 
 360 0088 33202D66 		.ascii	"3 -ffunction-sections -finline-functions -flto -ffa"
 360      66756E63 
 360      74696F6E 
 360      2D736563 
 360      74696F6E 
 361 00bb 742D6C74 		.ascii	"t-lto-objects\000"
 361      6F2D6F62 
 361      6A656374 
 361      7300
 362              	.LASF18:
 363 00c9 4144435F 		.ascii	"ADC_ISR\000"
 363      49535200 
 364              	.LASF5:
 365 00d1 6C6F6E67 		.ascii	"long unsigned int\000"
ARM GAS  C:\Users\IYANG~1.DES\AppData\Local\Temp\cco1G6Tc.s 			page 13


 365      20756E73 
 365      69676E65 
 365      6420696E 
 365      7400
 366              	.LASF7:
 367 00e3 6C6F6E67 		.ascii	"long long unsigned int\000"
 367      206C6F6E 
 367      6720756E 
 367      7369676E 
 367      65642069 
 368              	.LASF19:
 369 00fa 696E7472 		.ascii	"intr_status\000"
 369      5F737461 
 369      74757300 
 370              	.LASF16:
 371 0106 47656E65 		.ascii	"Generated_Source\\PSoC4\\ADC_INT.c\000"
 371      72617465 
 371      645F536F 
 371      75726365 
 371      5C50536F 
 372              	.LASF1:
 373 0127 756E7369 		.ascii	"unsigned char\000"
 373      676E6564 
 373      20636861 
 373      7200
 374              	.LASF11:
 375 0135 63686172 		.ascii	"char\000"
 375      00
 376              	.LASF4:
 377 013a 6C6F6E67 		.ascii	"long int\000"
 377      20696E74 
 377      00
 378              	.LASF10:
 379 0143 646F7562 		.ascii	"double\000"
 379      6C6500
 380              	.LASF13:
 381 014a 72656733 		.ascii	"reg32\000"
 381      3200
 382              	.LASF3:
 383 0150 73686F72 		.ascii	"short unsigned int\000"
 383      7420756E 
 383      7369676E 
 383      65642069 
 383      6E7400
 384              	.LASF0:
 385 0163 7369676E 		.ascii	"signed char\000"
 385      65642063 
 385      68617200 
 386              	.LASF17:
 387 016f 443A5C44 		.ascii	"D:\\Dropbox\\blog\\UV sensor\\SW\\UVSensorCypress\\"
 387      726F7062 
 387      6F785C62 
 387      6C6F675C 
 387      55562073 
 388 019c 55562053 		.ascii	"UV Sensor.cydsn\000"
 388      656E736F 
 388      722E6379 
ARM GAS  C:\Users\IYANG~1.DES\AppData\Local\Temp\cco1G6Tc.s 			page 14


 388      64736E00 
 389              	.LASF9:
 390 01ac 666C6F61 		.ascii	"float\000"
 390      7400
 391              	.LASF2:
 392 01b2 73686F72 		.ascii	"short int\000"
 392      7420696E 
 392      7400
 393              	.LASF14:
 394 01bc 73697A65 		.ascii	"sizetype\000"
 394      74797065 
 394      00
 395              		.comm	__gnu_lto_v1,1,1
 396              		.ident	"GCC: (GNU Tools for ARM Embedded Processors) 4.9.3 20150303 (release) [ARM/embedded-4_9-br
