ARM GAS  C:\Users\IYANG~1.DES\AppData\Local\Temp\cc7iOBc9.s 			page 1


   1              		.cpu cortex-m0
   2              		.fpu softvfp
   3              		.eabi_attribute 20, 1
   4              		.eabi_attribute 21, 1
   5              		.eabi_attribute 23, 3
   6              		.eabi_attribute 24, 1
   7              		.eabi_attribute 25, 1
   8              		.eabi_attribute 26, 1
   9              		.eabi_attribute 30, 2
  10              		.eabi_attribute 34, 0
  11              		.eabi_attribute 18, 4
  12              		.code	16
  13              		.file	"ADC_PM.c"
  14              		.text
  15              	.Ltext0:
  16              		.section	.gnu.lto_.profile.181383c8,"",%progbits
  17 0000 789C6366 		.ascii	"x\234cf```a\200\000F\206|c\000\001\205\000\253"
  17      60606061 
  17      80004686 
  17      7C630001 
  17      8500AB
  18              		.text
  19              		.section	.gnu.lto_.jmpfuncs.181383c8,"",%progbits
  20 0000 789C6366 		.ascii	"x\234cf\300\016\244\2404\033\0203\201Y\314 \202\005"
  20      C00EA4A0 
  20      341B1033 
  20      8159CC20 
  20      8205
  21 0012 885921A2 		.ascii	"\210Y!\242\000\005\273\0008"
  21      0005BB00 
  21      38
  22              		.text
  23              		.section	.gnu.lto_.inline.181383c8,"",%progbits
  24 0000 789C6366 		.ascii	"x\234cf\300\016&Ai6\006\006N\016F\006&\236\007\261\014"
  24      C00E2641 
  24      69360606 
  24      4E0E4606 
  24      269E07B1 
  25 0015 6C0BE499 		.ascii	"l\013\344\231@bL\014\342B@!\245\011\375\214p1F.\024"
  25      40624C0C 
  25      E2424021 
  25      A509FD8C 
  25      7031462E 
  26 002a 82998153 		.ascii	"\202\231\201S\004\250\204\343\200\035\026\025,\014\002"
  26      04A884E3 
  26      801D1615 
  26      2C0C02
  27 0039 82404989 		.ascii	"\202@I\211K\035h\372Y\031\230\231\200\022 k\241\302"
  27      4B1D68FA 
  27      59199899 
  27      8012206B 
  27      A1C2
  28 004b 6C18220C 		.ascii	"l\030\"\014\000\316\345\0134"
  28      00CEE50B 
  28      34
  29              		.text
  30              		.section	.gnu.lto_.pureconst.181383c8,"",%progbits
ARM GAS  C:\Users\IYANG~1.DES\AppData\Local\Temp\cc7iOBc9.s 			page 2


  31 0000 789C6366 		.ascii	"x\234cf``\340e\200\0006\006)&)f\011\026)V \023\000\005"
  31      6060E065 
  31      80003606 
  31      29262966 
  31      09162956 
  32 0018 590091   		.ascii	"Y\000\221"
  33              		.text
  34              		.section	.gnu.lto_ADC_Sleep.part.0.181383c8,"",%progbits
  35 0000 789C7D51 		.ascii	"x\234}QMH\033Q\020~\337\354f\233\342!\245'\361$\366"
  35      4D481B51 
  35      107EDFEC 
  35      669BE221 
  35      A527F124 
  36 0015 904BD393 		.ascii	"\220K\323\223x/\021<\011B\256\202H\314UA\354\255\342"
  36      782F113C 
  36      0942AE82 
  36      48CC5541 
  36      ECADE2
  37 0028 DB3442F1 		.ascii	"\3334B\361PE\204\012\032A\241mj\374k\372#\364R\177."
  37      5045840A 
  37      1A41A16D 
  37      6AFC6BFA 
  37      23F4527F 
  38 003d 9E942262 		.ascii	"\236\224\"b\011\250\227\004\343E\215\221\330P\354:\263"
  38      09A89704 
  38      E3458D91 
  38      D850EC3A 
  38      B3
  39 004e 2B5AFCE9 		.ascii	"+Z\374\351\302{3o\346\233\357\233\2315\324\355\357)"
  39      C27B336F 
  39      E69BEF9B 
  39      9935D4ED 
  39      EF29
  40 0060 9F0652AA 		.ascii	"\237\006R\252\216-|\012\346\320:;&\310\265\004C\254"
  40      8E2D7C0A 
  40      E6D03A3B 
  40      26C8B504 
  40      43AC
  41 0072 ED370071 		.ascii	"\3557\000q\024T\237I\006\372p@E\302\320Rz\264*\370N"
  41      14549F49 
  41      06FA7040 
  41      45C2D052 
  41      7AB42AF8 
  42 0087 6B7D1C5F 		.ascii	"k}\034_\254\356\257\2560Q\211<b|@P1\246\2308\337\256"
  42      ACEEAFAE 
  42      3051893C 
  42      627C4050 
  42      31A69838 
  43 009d B2128C79 		.ascii	"\262\022\214y\344\345\220\202\005\266\363\217\265v\234"
  43      E4E59082 
  43      05B6F38F 
  43      B5769C
  44 00ac FDC3277E 		.ascii	"\375\303'~\250\012\201\3442\370\"S.\245r|D3\307\001"
  44      A80A81E4 
  44      32F82253 
  44      2EA5727C 
  44      4433C701 
ARM GAS  C:\Users\IYANG~1.DES\AppData\Local\Temp\cc7iOBc9.s 			page 3


  45 00c0 B6469E83 		.ascii	"\266F\236\203b\263X)\017\224\223/\205\347\214\371\011"
  45      62B35829 
  45      0F94932F 
  45      85E78CF9 
  45      09
  46 00d1 EF7FADAF 		.ascii	"\357\177\255\257\005\012T!C\353\202m\212\352^n\343\247"
  46      050A5421 
  46      43EB826D 
  46      8AEA5E6E 
  46      E3A7
  47 00e3 DF0D2979 		.ascii	"\337\015)y\216l\255\246\221\304\230=b\373+d\342#j0\215"
  47      8E6CADA6 
  47      91C4983D 
  47      62FB2B64 
  47      E2236A30 
  48 00f8 1A6E46C2 		.ascii	"\032nF\302*\213W\277-\217\217<\312\311\267S%\237\324"
  48      2A8B57BF 
  48      2D8F8F3C 
  48      CAC9B753 
  48      259FD4
  49 010b C3717E38 		.ascii	"\303q~8\001\205\031F\263\3620\004\366_\306Y\0163\017"
  49      01851946 
  49      B3F23004 
  49      F65FC659 
  49      0E330F
  50 011e A3E3DF8A 		.ascii	"\243\343\337\212G\313\017=^\203k&6\337\314Q\357\037"
  50      47CB0F3D 
  50      5E836B26 
  50      36DFCC51 
  50      EF1F
  51 0130 FD5A7389 		.ascii	"\375Zs\211\357\\\226\361o\253>\367\231\262\023\343."
  51      EF5C96F1 
  51      6FAB3EF7 
  51      99B213E3 
  51      2E
  52 0141 B1169485 		.ascii	"\261\026\224\2059\364b^\2109\367wf0c\205\322\332M=\300"
  52      39F4625E 
  52      8839F777 
  52      66306385 
  52      D2DA4D3D 
  53 0156 02E34EDC 		.ascii	"\002\343N\334u\343\023B2\305\351\345\024\246'\370}x"
  53      75E31342 
  53      32C5E9E5 
  53      14A627F8 
  53      7D78
  54 0168 6DD4126A 		.ascii	"m\324\022j^!2\356\004\361\253\011\356\356\346\246\374"
  54      5E2132EE 
  54      04F1AB09 
  54      EEEEE6A6 
  54      FC
  55 0179 E7FBE5BF 		.ascii	"\347\373\345\277\\\313\177E\210E\331\313\363\302\345"
  55      5CCB7F45 
  55      8845D9CB 
  55      F3C2E5
  56 0188 27EDC25E 		.ascii	"'\355\302^\332i\022%\311\347\010\022elmS\2543\326\335"
  56      DA691225 
  56      C9E70812 
ARM GAS  C:\Users\IYANG~1.DES\AppData\Local\Temp\cc7iOBc9.s 			page 4


  56      656C6D53 
  56      AC33D6DD 
  57 019c DE13EB68 		.ascii	"\336\023\353h\213t\275\350\216\306Z[\"]\341\372\326"
  57      8B74BDE8 
  57      8EC65A5B 
  57      225DE1FA 
  57      D6
  58 01ad E78DE1B6 		.ascii	"\347\215\341\266\226\346gQu\001,\254\321\300"
  58      96E66751 
  58      75012CAC 
  58      D1C0
  59              		.text
  60              		.section	.gnu.lto_ADC_Sleep.181383c8,"",%progbits
  61 0000 789C9554 		.ascii	"x\234\225TMHTQ\024>\347\2767\357gF\034)\004q\021\321"
  61      4D485451 
  61      143EE7BE 
  61      37EF6746 
  61      1C290471 
  62 0016 C6455810 		.ascii	"\306EX\020-\2626\205\201\253@p+H\230[\005\261\245\370"
  62      2DB23685 
  62      81AB4070 
  62      2B48985B 
  62      05B1A5F8 
  63 002a C6799688 		.ascii	"\306y\226\210\224\031D\244&-\322\361'\377\312\314,\033"
  63      941944A4 
  63      262DD2F1 
  63      27FFCACC 
  63      2C1B
  64 003c 2DCD851A 		.ascii	"-\315\205\032\022Q\211\331\306)\203\012\315\277\206"
  64      125189D9 
  64      C629830A 
  64      CDBF86
  65 004b 503BE7BE 		.ascii	"P;\347\276\347\214\230\031\015\314\271\357\335\373\335"
  65      E78C9819 
  65      0DCCB9EF 
  65      DDFBDD
  66 005a EFFBDE77 		.ascii	"\357\373\336w\356{\012\374\371+\244\377\264\012p\210"
  66      EE7B0AFC 
  66      F92BA4FF 
  66      B40A7088 
  67 006a 46F4028A 		.ascii	"F\364\002\212\232I\200\200!\204R\235\014\226\327\260"
  67      9A498080 
  67      2184529D 
  67      0C96D7B0 
  68 007a 33C04A50 		.ascii	"3\300JP\204Z\231Fw\036\256\011*j\016\310\263u\241\011"
  68      845A9946 
  68      771EAE09 
  68      2A6A0EC8 
  68      B375A109 
  69 008e 5DAE9B72 		.ascii	"]\256\233r]G\223\247\321p\306\200a\"\362\005 \224\011"
  69      5D4793A7 
  69      D170C680 
  69      6122F205 
  69      209409
  70 00a1 45F5683A 		.ascii	"E\365h:\315\224\341\027\261(\260&\334v\323\227v\327"
  70      CD94E117 
  70      B128B026 
ARM GAS  C:\Users\IYANG~1.DES\AppData\Local\Temp\cc7iOBc9.s 			page 5


  70      DC76D397 
  70      76D7
  71 00b3 B2AC85F2 		.ascii	"\262\254\205\362\276\224\212\224\250\000X\022\2165l"
  71      BE948A94 
  71      A8005812 
  71      8E356C
  72 00c2 C63420CC 		.ascii	"\3064 \314\242\275\376\326\247\331\204Ir\3260\204\032"
  72      A2BDFED6 
  72      A7D98449 
  72      72D63084 
  72      1A
  73 00d3 D2D8B92F 		.ascii	"\322\330\271/lmn.\315\\\033;\205\373\025\210\012T\271"
  73      6C6D6E2E 
  73      CD5C1B3B 
  73      85FB1588 
  73      0A54B9
  74 00e6 685C742A 		.ascii	"h\\t*\302\340+\223K\"\027?\027\2009\342`?\021!xT\246"
  74      C2E02B93 
  74      4B22173F 
  74      178039E2 
  74      603F1121 
  75 00fd 7178B5EA 		.ascii	"qx\265\352{]\011\323\256\011\205\024G\306\253&\314y"
  75      7B5D09D3 
  75      AE098514 
  75      47C6AB26 
  75      CC79
  76 010f 11154A97 		.ascii	"\021\025J\2275\037P\331\304\307\271WS\206\234\002\276"
  76      351F50D9 
  76      C4C7B957 
  76      53869C02 
  76      BE
  77 0120 B52606EE 		.ascii	"\265&\006\356\370\032\260.`cT\250\330\202\251\330\212"
  77      F81AB02E 
  77      606354A8 
  77      D882A9D8 
  77      8A
  78 0131 A964AD0D 		.ascii	"\251d\255\015\033\020\2461\270\2549t\252\303X\273\021"
  78      1B10A631 
  78      B8AC3974 
  78      AAC358BB 
  78      11
  79 0142 B1BDBC1D 		.ascii	"\261\275\274\035\3511,\003\260\235\320$\\\213\014\333"
  79      E9312C03 
  79      B09DD024 
  79      5C8B0CDB 
  80 0152 8BF01E11 		.ascii	"\213\360\036\021\022\015H\227\253u\307\034Z\336\322"
  80      120D4897 
  80      AB75C71C 
  80      5ADED2
  81 0161 F46E72CC 		.ascii	"\364nr\314/-Y[.\327B\315U\3368KG\214\245\323\261U>{"
  81      2F2D595B 
  81      2ED742CD 
  81      55DE384B 
  81      478CA5D3 
  82 0179 79DCE330 		.ascii	"y\334\3430\350D\002o\320\036\017\036p'\266?%E\204]\274"
  82      E844026F 
  82      D01E0F1E 
ARM GAS  C:\Users\IYANG~1.DES\AppData\Local\Temp\cc7iOBc9.s 			page 6


  82      7027B63F 
  82      2545845D 
  83 018e 13382705 		.ascii	"\0238'\005\252\223\235\230F\353O:h\203\320\013\215\325"
  83      AA939D98 
  83      46EB4F3A 
  83      6883D00B 
  83      8DD5
  84 01a0 27A4BEBD 		.ascii	"'\244\276\275\245_\321\337;\250\305\365\273c\372=n,"
  84      A55FD1DF 
  84      3BA8C5F5 
  84      BB63FA3D 
  84      6E2C
  85 01b2 3F2F7D55 		.ascii	"?/}U\035\002\323\341\270\261\022j\321\334`T\300\373"
  85      1D02D3E1 
  85      B8B1126A 
  85      D1DC6054 
  85      C0FB
  86 01c4 842653EF 		.ascii	"\204&S\357\203\205.\212 \201\246\201j]B\210\350A\314"
  86      83852E8A 
  86      2081A681 
  86      6A5D4288 
  86      E841CC
  87 01d7 940AA35E 		.ascii	"\224\012\243^2U\276\320\025\0312\335\024o\277\276\322"
  87      3255BED0 
  87      151932DD 
  87      146FBFBE 
  87      D2
  88 01e8 214A7F59 		.ascii	"!J\177Y\225\226\021\025\236u>,\333\237\312#oC\001\273"
  88      95961115 
  88      9E753E2C 
  88      DB9FCA23 
  88      6F4301BB 
  89 01fc 1ED9A4C5 		.ascii	"\036\331\244\305(\015{\261\024\0372-\255m\264_\355\321"
  89      280D7BB1 
  89      141F322D 
  89      AD6DB45F 
  89      EDD1
  90 020e D2DBA847 		.ascii	"\322\333\250G\341\243Q\241c\037\001\177\310\363\210"
  90      E1A351A1 
  90      631F017F 
  90      C8F388
  91 021d 8F309D00 		.ascii	"\2170\235\000\235\215+\033\310\\\272\002\330/\315D\210"
  91      9D8D2B1B 
  91      C85CBA02 
  91      D82FCD44 
  91      88
  92 022e 77CBCAE7 		.ascii	"w\313\312\347\177X\331\251\375x\017\355\201\270\366"
  92      7F58D9A9 
  92      FD780FED 
  92      81B8F6
  93 023d 13A93D75 		.ascii	"\023\251=u\253)(\033\256#\340SW[\343\336\314`0\334\375"
  93      AB29281B 
  93      AE23E053 
  93      575BE3DE 
  93      CC6030DC 
  94 0252 3281A561 		.ascii	"2\201\245a\247\266\261$\203\033\304R:\376&0\264G\377"
  94      A7B6B124 
ARM GAS  C:\Users\IYANG~1.DES\AppData\Local\Temp\cc7iOBc9.s 			page 7


  94      831BC452 
  94      3AFE2630 
  94      B447FF
  95 0265 1B92FBFE 		.ascii	"\033\222\373\376\314E\312\206\177jp\033\236\270\327"
  95      CC45CA86 
  95      7F6A701B 
  95      9EB8D7
  96 0274 F10AC7DA 		.ascii	"\361\012\307\332\273\2548p\277\263\343\372\267\326u"
  96      BBAC3870 
  96      BFB3E3FA 
  96      B7D675
  97 0283 D36DEF69 		.ascii	"\323m\357i\300\241\035\355\365o\353\247\316!\222\273"
  97      C0A11DED 
  97      F56FEBA7 
  97      CE2192BB 
  98 0293 A45DBD79 		.ascii	"\244]\275y\227\370\315\303a\351\315'7\030`g8\251\257"
  98      97F8CDC3 
  98      61E9CD27 
  98      37186067 
  98      38A9AF
  99 02a6 06FE2FF5 		.ascii	"\006\376/\365\347\273\247~\230\223}\021O}D\246\036;"
  99      E7BBA77E 
  99      98937D11 
  99      4F7D44A6 
  99      1E3B
 100 02b8 3D3A4D8D 		.ascii	"=:M\215\272\251\233\362\3131\213\201\360\207,\351\027"
 100      BAA99BF2 
 100      CB318B81 
 100      F0872CE9 
 100      17
 101 02c9 F8BB823C 		.ascii	"\370\273\202<K{\017f\025\024\026\024\237/)\270\220\227"
 101      4B7B0F66 
 101      15141614 
 101      9F2F29B8 
 101      9097
 102 02db 5374B138 		.ascii	"St\2618\277 7;\247(\363x\356\231\263\231y\331\347\216"
 102      BF20373B 
 102      A728F378 
 102      EE99B399 
 102      79D9E78E 
 103 02ef E4C36FE6 		.ascii	"\344\303o\346\355\302\370"
 103      EDC2F8
 104              		.text
 105              		.section	.gnu.lto_ADC_Wakeup.part.1.181383c8,"",%progbits
 106 0000 789C7590 		.ascii	"x\234u\220K(\204Q\024\307\317\377|\017\023\223d5YHJ"
 106      4B288451 
 106      14C7CFFF 
 106      7C0F1393 
 106      64355948 
 107 0015 16C2C6CE 		.ascii	"\026\302\306\316J\224RJ\331*\211\331Rb9\315\375\314"
 107      4A94524A 
 107      D92A89D9 
 107      526239CD 
 107      FDCC
 108 0027 9085B094 		.ascii	"\220\205\260\224\327\316\373ma\301f\326\026$1y\304f"
 108      D7CEFB6D 
 108      61C166D6 
ARM GAS  C:\Users\IYANG~1.DES\AppData\Local\Temp\cc7iOBc9.s 			page 8


 108      16243179 
 108      C466
 109 0039 26ECCC8C 		.ascii	"&\354\314\214\032\223\006\347\336\261\"\267\356w\356"
 109      1A9306E7 
 109      DEB122B7 
 109      EE77EE
 110 0048 77EEEF9C 		.ascii	"w\356\357\234\377\371_\213\376\256f\331+ \252\226\010"
 110      FFF95F8B 
 110      FEAE66D9 
 110      2B20AA96 
 110      08
 111 0059 97E0CC9E 		.ascii	"\227\340\314\236\311\301\001\233\310l\035W\222*\266"
 111      C9C1019B 
 111      C86C1D57 
 111      922AB6
 112 0068 AF1B49F9 		.ascii	"\257\033I\371-\330:\353\371l@\037\010\024v\330\262\021"
 112      2DD83AEB 
 112      F96C401F 
 112      081476D8 
 112      B211
 113 007a C60BA718 		.ascii	"\306\013\247\030\263\261\255\271\222\332\025\245\324"
 113      B3B1ADB9 
 113      92DA15A5 
 113      D4
 114 0087 EBE16560 		.ascii	"\353\341e`<\220c\242\014\027t\260\206Z\022&\025\315"
 114      3C9063A2 
 114      0C1774B0 
 114      865A1226 
 114      15CD
 115 0099 C74BDCA8 		.ascii	"\307K\334\2500e\205;\254\303\025}\332+W\352\353\353"
 115      3065853B 
 115      ACC3157D 
 115      DA2B57EA 
 115      EBEB
 116 00ab E9A4A608 		.ascii	"\351\244\246\010\224c\260\376\020%\004\321R\011vt\264"
 116      9463B0FE 
 116      102504D1 
 116      52097674 
 116      B4
 117 00bc 92CC26DE 		.ascii	"\222\314&\336#\022\273;\365\353b\335u\371rz\227C\037"
 117      2312BB3B 
 117      F5EB62DD 
 117      75F9727A 
 117      97431F
 118 00cf 6A52F972 		.ascii	"jR\371r\314\031]\211\015\204\244\207E\267\030;:\210"
 118      CC195D89 
 118      0D84A487 
 118      45B7183B 
 118      3A88
 119 00e1 A71DCD66 		.ascii	"\247\035\315fe\200_\264\235\327SH\3661q~\341{f\311\230"
 119      65805FB4 
 119      9DD75348 
 119      F631717E 
 119      E17B66C9 
 120 00f6 DF752FBA 		.ascii	"\337u/\272\210%,xJS\0166\021\302\026*\314\335\347\366"
 120      88252C78 
 120      4A530E36 
ARM GAS  C:\Users\IYANG~1.DES\AppData\Local\Temp\cc7iOBc9.s 			page 9


 120      11C2162A 
 120      CCDDE7F6 
 121 010a CCA15B5F 		.ascii	"\314\241[_\227c\027\333\302\244\215G\354\240^\304\""
 121      976317DB 
 121      C2A48D47 
 121      ECA05EC4 
 121      22
 122 011b EF1309BB 		.ascii	"\357\023\011\273\240\305\005\271\371x\362\315\322\215"
 122      A0C505B9 
 122      F978F2CD 
 122      D28D
 123 0129 C51476A5 		.ascii	"\305\024v\245\305\025\2427\221\301\037F\000o\365d\252"
 123      C515A237 
 123      91C11F46 
 123      006FF564 
 123      AA
 124 013a C800D265 		.ascii	"\310\000\322eOk\310J\312\350\307\225\306h\352\264\364"
 124      4F6BC84A 
 124      CAE8C795 
 124      C668EAB4 
 124      F4
 125 014b 3FA3A28C 		.ascii	"?\243\242\214\375\037\243\272\3066\257\363\000/\226"
 125      FD1FA3BA 
 125      C636AFF3 
 125      002F96
 126 015a ED3035A4 		.ascii	"\35505\244\337\016:+hU{p08\3347\022\034\350\355\036"
 126      DF0E3A2B 
 126      68557B70 
 126      3038DC37 
 126      121CE8ED 
 127 016f 1A1DEE0F 		.ascii	"\032\035\356\017\366tu\017\2656\365\264\264\265\366"
 127      F674750F 
 127      B536F5B4 
 127      B4B5F6
 128 017e 767536F4 		.ascii	"vu6\364\3237jn\241;"
 128      D3376A6E 
 128      A13B
 129              		.text
 130              		.section	.gnu.lto_ADC_Wakeup.181383c8,"",%progbits
 131 0000 789C7D52 		.ascii	"x\234}R\337KTA\024>g\356\275\263w]#\351%\361A\242\227"
 131      DF4B5441 
 131      143E67EE 
 131      BDB3775D 
 131      23E925F1 
 132 0017 7D08F5A5 		.ascii	"}\010\365\245?\2400\010\212@\360U\220\260}U\020{kqn"
 132      3FA03008 
 132      8A40F055 
 132      90B07D55 
 132      107B6B71 
 133 002c BB852C51 		.ascii	"\273\205,Q\262\276,\224AA\272\256\346\217\265,\262\207"
 133      B2BE2C94 
 133      4141BAAE 
 133      E68FB52C 
 133      B287
 134 003e 25080C72 		.ascii	"%\010\014r\267X\243\222\260\027\2035(2\243\355\022\353"
 134      B758A392 
 134      B0178335 
ARM GAS  C:\Users\IYANG~1.DES\AppData\Local\Temp\cc7iOBc9.s 			page 10


 134      2832A3ED 
 134      12EB
 135 0050 76CECC96 		.ascii	"v\316\314\226b\324\300=sg\346\373\276s\346\233c\301"
 135      62D4C03D 
 135      7367E6FB 
 135      BE73E69B 
 135      63C1
 136 0062 DFE3347D 		.ascii	"\337\3434}\033\002\3400\315\030\000\024\303y\000\317"
 136      1B02E030 
 136      CD180014 
 136      C37900CF 
 137 0072 15C25A69 		.ascii	"\025\302Zi\003U'\0377\203\252\267\204=\024\246\225\303"
 137      0355271F 
 137      3783AAB7 
 137      843D14A6 
 137      95C3
 138 0084 B1DE46C7 		.ascii	"\261\336F\307\200\034\224\374\203\022\221g@\030\024"
 138      801C94FC 
 138      83129167 
 138      401814
 139 0093 96ED481C 		.ascii	"\226\355H\034\304\015\261)p87\231\012\205\357(\245\276"
 139      C40DB129 
 139      70383799 
 139      0A85EF28 
 139      A5BE
 140 00a5 648B8D97 		.ascii	"d\213\215\227\032}\312\263%L^\034\3070\020f3^y\035\222"
 140      1A7DCAB3 
 140      254C5E1C 
 140      C7301066 
 140      335E791D 
 141 00ba 71C23498 		.ascii	"q\3024\2303L\223\036\3153\007r\252Z\235\317'K\255b\237"
 141      334C931E 
 141      CD330772 
 141      AA5A9DCF 
 141      274BAD62 
 142 00cf 05BE409B 		.ascii	"\005\276@\233\203\244 \002\034\\^\0069\000\254\023\223"
 142      83A42002 
 142      1C5C5E06 
 142      3900AC13 
 142      93
 143 00e0 4BF82004 		.ascii	"K\370 \004\317\326*>\371\236\370<1\300beaQ\236\247\317"
 143      CFD62A3E 
 143      F99EF83C 
 143      31C06265 
 143      61519EA7 
 144 00f5 13CBC192 		.ascii	"\023\313\301\222\360\2055\253J\236\315\251\337\257\027"
 144      F08535AB 
 144      4A9ECDA9 
 144      DFAF17
 145 0104 5EBA7A0B 		.ascii	"^\272z\013x\251\226\027o\205F\361\272\027G_\3308\201"
 145      78A99617 
 145      6F8546F1 
 145      BA17475F 
 145      D83881
 146 0117 4D98C126 		.ascii	"M\230\301&*h\022G\021V1\366C\0329\333(>+\026^8L\307"
 146      2A681247 
 146      115631F6 
ARM GAS  C:\Users\IYANG~1.DES\AppData\Local\Temp\cc7iOBc9.s 			page 11


 146      431A39DB 
 146      283E2B16 
 147 012f 2A0DB26E 		.ascii	"*\015\262n\212\320\2248\211\014\373\237\340]\022$\031"
 147      8AD09438 
 147      890CFB9F 
 147      E05D1224 
 147      19
 148 0140 025F5C98 		.ascii	"\002_\\\230+\334v\214,Sn\026\257N\213\350O5\244\\_8"
 148      2BDC768C 
 148      2C536E16 
 148      AF4E8BE8 
 148      4F35A45C 
 149 0156 15F66377 		.ascii	"\025\366cw\241\216^\246\275\370\015d]\305(\211\323\030"
 149      A18E5EA6 
 149      BDF80D64 
 149      5DC52889 
 149      D318
 150 0168 C51916A6 		.ascii	"\305\031\026\246\263\355\251kY\331r\304\027\001\234"
 150      B3EDA96B 
 150      59D972C4 
 150      17019C
 151 0177 25CC57ED 		.ascii	"%\314W\3556\316a\013\274\302\370\333X\363N*ol\361J\200"
 151      36CE610B 
 151      BCC2F8DB 
 151      58F34E2A 
 151      6F6CF14A 
 152 018c 45098259 		.ascii	"E\011\202Y\246\003\373g\301J\233\305\227\275\234\317"
 152      A603FB67 
 152      C14A9BC5 
 152      97BD9CCF 
 153 019c A4D0C003 		.ascii	"\244\320\300\003\206\361(\271\224\222\232a\003\316\023"
 153      86F128B9 
 153      94929A61 
 153      03CE13
 154 01ab 434BF6D6 		.ascii	"CK\366\3260\2734l\370x\320<\301Z\346\2029v\211?\366"
 154      30BB346C 
 154      F878D03C 
 154      C15AE682 
 154      3976893F 
 155 01c0 26BFB45F 		.ascii	"&\277\264_\373\255~?A9=\236\250\333\261\350\336\037"
 155      FBAD7E3F 
 155      41393D9E 
 155      A8DBB1E8 
 155      DE1F
 156 01d2 8BEED73C 		.ascii	"\213\356\327<\377V\363<h$F>e*\372\025Q\251c\200\013"
 156      FF56F33C 
 156      6824463E 
 156      652AFA15 
 156      51A96380 
 157 01e7 7B1CFFA7 		.ascii	"{\034\377\247\334\003\355xPW\347\360\015\337a\254\201"
 157      DC03ED78 
 157      5057E7F0 
 157      0DDF61AC 
 157      81
 158 01f8 49B0D774 		.ascii	"I\260\327tw\213\373\011\037b\224:\313\020\244n\2515"
 158      778BFB09 
 158      1F62943A 
ARM GAS  C:\Users\IYANG~1.DES\AppData\Local\Temp\cc7iOBc9.s 			page 12


 158      CB10A46E 
 158      A935
 159 020a F472E553 		.ascii	"\364r\345S\232\003\334p\310\273\344\335\241\223\221"
 159      9A03DC70 
 159      C8BBE4DD 
 159      A19391
 160 0219 DE48FFD9 		.ascii	"\336H\377\331\201\310\271\356\316\276\363\375=\221\256"
 160      81C8B9EE 
 160      CEBEF3FD 
 160      3D91AE
 161 0228 8ECEBEF6 		.ascii	"\216\316\276\366\243]\307O\264ww\234i\355\201_5\216"
 161      A35DC74F 
 161      B477779C 
 161      69ED815F 
 161      358E
 162 023a 1144     		.ascii	"\021D"
 163              		.text
 164              		.section	.gnu.lto_ADC_SaveConfig.181383c8,"",%progbits
 165 0000 789C6366 		.ascii	"x\234cf\300\004R@\\\012\304J@\314\310\314\300\3104\341"
 165      C0045240 
 165      5C0AC44A 
 165      40CCC8CC 
 165      C0C834E1 
 166 0014 1C034323 		.ascii	"\034\003C#\007\023##\210\301\300\310P\317\304X\317\370"
 166      07132323 
 166      88C1C0C8 
 166      50CFC458 
 166      CFF8
 167 0026 92E92313 		.ascii	"\222\351#\023\343\204\003\253gp\253/mhh\370p\350tc\300"
 167      E38403AB 
 167      6770AB2F 
 167      6D6868F8 
 167      70E87463 
 168 003b 01C69F4C 		.ascii	"\001\306\237L\014\014\237\231 \3460.gTg\000*\372\330"
 168      0C0C9F99 
 168      20E6302E 
 168      67546700 
 168      2AFAD8
 169 004e F2F73A37 		.ascii	"\362\367:7[\013P\221\000D\216q\005#\033#\220^/t\240"
 169      5B0B5091 
 169      00448E71 
 169      05231B23 
 169      905E2F74 
 170 0063 E1FFFFCF 		.ascii	"\341\377\377\317\353\016\356c\004\012?\001b\220\005"
 170      EB0EEE63 
 170      040A3F01 
 170      629005
 171 0072 4F999840 		.ascii	"O\231\230@4\363=FF\220B\220IO\230\030AB@\005\012\356"
 171      34F33D46 
 171      46904290 
 171      494F9818 
 171      41424005 
 172 0088 A979A945 		.ascii	"\251y\251E\211%\251)\361\301\371\245E\311\2511\001\301"
 172      8925A929 
 172      F1C1F9A5 
 172      45C9A931 
 172      01C1
ARM GAS  C:\Users\IYANG~1.DES\AppData\Local\Temp\cc7iOBc9.s 			page 13


 173 009a F9CE2631 		.ascii	"\371\316&1\216.\316\361\001\276z\311\014\000\232\033"
 173      8E2ECEF1 
 173      01BE7AC9 
 173      0C009A1B 
 174 00aa 3544     		.ascii	"5D"
 175              		.text
 176              		.section	.gnu.lto_ADC_RestoreConfig.181383c8,"",%progbits
 177 0000 789C6366 		.ascii	"x\234cf\300\004R@\\\012\304J@\314\310\314\300\3104\341"
 177      C0045240 
 177      5C0AC44A 
 177      40CCC8CC 
 177      C0C834E1 
 178 0014 1C034323 		.ascii	"\034\003C#\007\023##\210\301\300\310P\317\304X\317\370"
 178      07132323 
 178      88C1C0C8 
 178      50CFC458 
 178      CFF8
 179 0026 92E92313 		.ascii	"\222\351#\023\343\204\003\253gp\253/mhh\370\320\264"
 179      E38403AB 
 179      6770AB2F 
 179      6D6868F8 
 179      D0B4
 180 0038 51A255E2 		.ascii	"Q\242U\342'\023\003\303g&\2101\214\313\031\325\031\200"
 180      271303C3 
 180      67268831 
 180      8CCB19D5 
 180      1980
 181 004a 6A3EB6FC 		.ascii	"j>\266\374\275\316\315\326\002T#\000\221c\\\301\310"
 181      BDCECDD6 
 181      02542300 
 181      91635CC1 
 181      C8
 182 005b C608A4D7 		.ascii	"\306\010\244\327\013\035h\370\377\377\363\221\211/\224"
 182      0B1D68F8 
 182      FFFFF391 
 182      892F94
 183 006a 1881E24F 		.ascii	"\030\201\342O\200\030d\301S&&\020\315|\217\221\021\244"
 183      801864C1 
 183      53262610 
 183      CD7C8F91 
 183      11A4
 184 007c 1264D413 		.ascii	"\022d\324\023&F\220\020P\201\202{j^jQbIjJ|p~iQrjL@p"
 184      26469010 
 184      5081827B 
 184      6A5E6A51 
 184      62496A4A 
 185 009a BEB3498C 		.ascii	"\276\263I\214\243\213s|\200\257^2\003\000\031\2454?"
 185      A38B737C 
 185      80AF5E32 
 185      030019A5 
 185      343F
 186              		.text
 187              		.section	.gnu.lto_.symbol_nodes.181383c8,"",%progbits
 188 0000 789C55CA 		.ascii	"x\234U\312\261\015\3020\024\004\320\363?;\266\003\013"
 188      B10DC230 
 188      1404D0F3 
 188      3F3BB603 
ARM GAS  C:\Users\IYANG~1.DES\AppData\Local\Temp\cc7iOBc9.s 			page 14


 188      0B
 189 0011 B007FB5D 		.ascii	"\260\007\373]\212\010Z\026\000E\221W`\006$\012h\030"
 189      8A085A16 
 189      00459157 
 189      6006240A 
 189      6818
 190 0023 0021B106 		.ascii	"\000!\261\006\"\202\024\316oN\357\356\023\300\003\363"
 190      228214CE 
 190      6F4EEFEE 
 190      13C003F3 
 191 0033 D94AC0E1 		.ascii	"\331J\300\341\006H\3568&\004\303`\242\005\271\271\306"
 191      0648EE38 
 191      2604C360 
 191      A205B9B9 
 191      C6
 192 0044 6948B0B5 		.ascii	"iH\260\265\254~\263F\\\354\224_\330+\324vI\315\337\350"
 192      AC7EB346 
 192      5CEC945F 
 192      D82BD476 
 192      49CDDFE8 
 193 0058 BA8951B1 		.ascii	"\272\211Q\261fV\252\331*W\244%\364\373\273\247E\224"
 193      6656AAD9 
 193      2A57A425 
 193      F4FBBBA7 
 193      4594
 194 006a 5F02E3F5 		.ascii	"_\002\343\365bd\213r\336\222\031\345\371q\364\304k\367"
 194      62648B72 
 194      DE9219E5 
 194      F971F4C4 
 194      6BF7
 195 007c DEE00B4F 		.ascii	"\336\340\013ON5\263"
 195      4E35B3
 196              		.text
 197              		.section	.gnu.lto_.refs.181383c8,"",%progbits
 198 0000 789C25C8 		.ascii	"x\234%\310\261\015\000 \014\004\261\273|D\001\035\003"
 198      B10D0020 
 198      0C04B1BB 
 198      7C44011D 
 198      03
 199 0011 B0FF9820 		.ascii	"\260\377\230 \341\322\001\016_\201\255#\245S\227n\203"
 199      E1D2010E 
 199      5F81AD23 
 199      A553976E 
 199      83
 200 0022 65BFE702 		.ascii	"e\277\347\002\011\372\000t"
 200      09FA0074 
 201              		.text
 202              		.section	.gnu.lto_.decls.181383c8,"",%progbits
 203 0000 789C8D95 		.ascii	"x\234\215\225kLTG\024\307\357\271\263,\313eE\033\023"
 203      6B4C5447 
 203      14C7EFB9 
 203      B32CCB65 
 203      451B13
 204 0013 68489A80 		.ascii	"hH\232\200&\244m\010i\2451M\372\241Z4~0m\210H\374P\023"
 204      26A46D08 
 204      69A5314D 
 204      FAA15A34 
ARM GAS  C:\Users\IYANG~1.DES\AppData\Local\Temp\cc7iOBc9.s 			page 15


 204      7E306D88 
 205 002b 02F4D61A 		.ascii	"\002\364\326\032\015 .&~\352T,n\254A\244\265\256J\352"
 205      0D202E26 
 205      7EEA542C 
 205      6EAC41A4 
 205      B5AE4AEA 
 206 003f 82501EE2 		.ascii	"\202P\036\342\272\300\002+\273\310\342\213\005E\253"
 206      BAC0022B 
 206      BBC8E28B 
 206      0545AB
 207 004e 521E9697 		.ascii	"R\036\226\227\3326\330G\272\264~\320\252\335\236\231"
 207      DA36D847 
 207      BAB47ED0 
 207      AADD9E99 
 208 005e 7B2F7BB7 		.ascii	"{/{\267\356V'9{\357\314=\347\367?3gf\226\010\202\360"
 208      EE562739 
 208      7BEFCC3D 
 208      E7F73F33 
 208      67669608 
 209 0074 04042188 		.ascii	"\004\004!\210\2552V\0202\361\035\037B\266\020j\022Z"
 209      AD325610 
 209      32F11D1F 
 209      42B6106A 
 209      125A
 210 0086 2BDA19B4 		.ascii	"+\332\031\264v4\027Z\027\232\033\255\007\315\213v\016"
 210      7634175A 
 210      179A1BAD 
 210      07CD8B76 
 210      0E
 211 0097 CD8786E1 		.ascii	"\315\207\206\341\302u!\274\261X\223\312LEKD\233@\033"
 211      C27521BC 
 211      B15893CA 
 211      4C454B44 
 211      9B401B
 212 00aa 43BB8D76 		.ascii	"C\273\215v\025\355\222\032\353W\237\255QX,\007\263\216"
 212      15ED921A 
 212      EB579FAD 
 212      51582C07 
 212      B38E
 213 00bc 35198535 		.ascii	"5\031\2055\215v\032m\006\255Y\3076\250\014\257\232{"
 213      8D761A6D 
 213      06AD59C7 
 213      36A80CAF 
 213      9A7B
 214 00ce 341D364F 		.ascii	"4\0356Om\035\022u\274H\371\022\325\377\377\326\300\245"
 214      6D1D1275 
 214      BC48F912 
 214      D5FFFFD6 
 214      C0A5
 215 00e0 AEE3F3D6 		.ascii	"\256\343\363\326`\026\315\251c\213jl{\024n\227:\256"
 215      6016CDA9 
 215      638B6A6C 
 215      7B146E97 
 215      3AAE
 216 00f2 D50BD4B1 		.ascii	"\325\013\324\261\3776w\004?w\004\277y\021\316:\036\014"
 216      FF367704 
 216      3F7704BF 
ARM GAS  C:\Users\IYANG~1.DES\AppData\Local\Temp\cc7iOBc9.s 			page 16


 216      7911CE3A 
 216      1E0C
 217 0104 C7CF8990 		.ascii	"\307\317\211\220 \245\260nO\265\337f\304\256Y2\260\256"
 217      20A5B06E 
 217      4FB5DF66 
 217      C4AE5932 
 217      B0AE
 218 0116 E7F1DD11 		.ascii	"\347\361\335\021C\322a\212\255\252\234.1@v\"4B24A2R"
 218      43D2618A 
 218      ADAA9C2E 
 218      31407622 
 218      34423234 
 219 012d 9B21097F 		.ascii	"\233!\011\177?4(\244\256\216\311\0063\021\201\275\237"
 219      3F3428A4 
 219      AE8EC906 
 219      331181BD 
 219      9F
 220 013e B4DD1991 		.ascii	"\264\335\031\221\322[0\314J}\343bH\316\331=P#\245|C"
 220      D25B30CC 
 220      4A7DE362 
 220      48CED93D 
 220      5023A57C 
 221 0153 7DCE404F 		.ascii	"}\316@O\240\202\034\255\262\357\241\377\004\203@EF\203"
 221      A0821CAD 
 221      B2EFA1FF 
 221      04834045 
 221      4683
 222 0165 1620700A 		.ascii	"\026 p\012\322y\316\370\256$\337\012)\317M\345tX*\276"
 222      D279CEF8 
 222      AE24DF0A 
 222      29CF4DE5 
 222      74582ABE 
 223 0179 CA5B49E4 		.ascii	"\312[I\344\035\236\311\217\217\307l\361(hw\322\243\324"
 223      1D9EC98F 
 223      8FC76CF1 
 223      286877D2 
 223      A3D4
 224 018b 2E52DCF9 		.ascii	".R\334\371\250\205\356\340\320i94\2553/\240\345\014"
 224      A885EEE0 
 224      D0693934 
 224      AD332FA0 
 224      E50C
 225 019d D33AD431 		.ascii	"\323:\3241\337i\"k\271\330\275!\327\237\011|v\366\343"
 225      DF69226B 
 225      B9D8BD21 
 225      D79F097C 
 225      76F6E3
 226 01b0 0D15063F 		.ascii	"\015\025\006?\365\005\203}\224\002\013\2016\235^\233"
 226      F505837D 
 226      94020B81 
 226      369D5E9B 
 227 01c0 A6D7CEF5 		.ascii	"\246\327\316\365F\177\236\272\034C6q\306\324\275\371"
 227      467F9EBA 
 227      1C433671 
 227      C6D4BDF9 
 228 01d0 F1C80977 		.ascii	"\361\310\011w\350\000\035\032\300\305\001\327\254\025"
 228      E8001D1A 
ARM GAS  C:\Users\IYANG~1.DES\AppData\Local\Temp\cc7iOBc9.s 			page 17


 228      C0C501D7 
 228      AC15
 229 01de 8DF1A480 		.ascii	"\215\361\244\200\003\334\177\323\277\026!\300\351\264"
 229      03DC7FD3 
 229      BF1621C0 
 229      E9B4
 230 01ec 4FB6D355 		.ascii	"O\266\323U{\351\223`\220p@\247\016\320\251\001\2728"
 230      7BE99360 
 230      907040A7 
 230      0ED0A901 
 230      BA38
 231 01fe E0F1FD83 		.ascii	"\340\361\375\203\347\011\331\301\001\227\2174}iT\000"
 231      E709D9C1 
 231      01978F34 
 231      7D695400 
 232 020e D693463E 		.ascii	"\326\223F>\211wy|\267.\276[\213w\363\370\326\272\266"
 232      8977797C 
 232      B72EBE5B 
 232      8B77F3F8 
 232      D6BAB6
 233 0221 7E332907 		.ascii	"~3)\007\016p:*31~\226:k\032\034p\224\326*5\346U\202"
 233      0E703A2A 
 233      33317E96 
 233      3A6B1A1C 
 233      7094D62A 
 234 0239 B33AC859 		.ascii	"\263:\310Y\015\322\303!{O\004\036\230I\213\002\361\367"
 234      0DD2C321 
 234      7B4F041E 
 234      98498B02 
 234      F1F7
 235 024b F59E3272 		.ascii	"\365\2362r\212\275\267\241\"E\227\206GG\360h\004/'\034"
 235      8ABDB7A1 
 235      22459786 
 235      4747F068 
 235      042F271C 
 236 025f 1BA8FD7D 		.ascii	"\033\250\375}1\351Q\010\303\356:;Q\010\236pB\257\216"
 236      31E95108 
 236      C3EE3A3B 
 236      51089E70 
 236      42AF8E
 237 0272 D0AB11CE 		.ascii	"\320\253\021\316q\302\340\323ro\002\271\244\020\350"
 237      71C2E0D3 
 237      726F02B9 
 237      A410E8
 238 0281 C50B3FA9 		.ascii	"\305\013?\2519x\303\011}:B\237F\360q\202\353k\377\234"
 238      3978C309 
 238      7D3A429F 
 238      46F07182 
 238      EB6BFF9C 
 239 0295 898C2A84 		.ascii	"\211\214*\204\321\276}\373LdN\351|\366\255\347@,\036"
 239      D1BE7DFB 
 239      4C644EE9 
 239      7CF6ADE7 
 239      402C1E
 240 02a8 AE4489EF 		.ascii	"\256D\211\357\234\312+\307\372\011\357\006\331gqb\342"
 240      9CCA2BC7 
 240      FA09EF06 
ARM GAS  C:\Users\IYANG~1.DES\AppData\Local\Temp\cc7iOBc9.s 			page 18


 240      D9677162 
 240      E2
 241 02b9 AB4704A4 		.ascii	"\253G\004\2444+\245{h\240\232\222\227\005HO\206\327"
 241      342BA57B 
 241      68A09A92 
 241      9705484F 
 241      86D7
 242 02cb 9205B80C 		.ascii	"\222\005\270\014i\350\306\025\341\002n\304\213\270\021"
 242      69E8C615 
 242      E1026EC4 
 242      8BB811
 243 02da EB717706 		.ascii	"\353qw\006\246\3679\326\227\323Up\011$8\277\220\023"
 243      A6F739D6 
 243      97D35570 
 243      092438BF 
 243      9013
 244 02ec 57504F5C 		.ascii	"WPO\\\237\343\226\315D\252\370\271$\367\377\230r\231"
 244      9FE396CD 
 244      44AAF8B9 
 244      24F7FF98 
 244      7299
 245 02fe 61D9D234 		.ascii	"a\331\3224;j\004j>\277\271\350\010\235\365\001\017\037"
 245      3B6A046A 
 245      3EBFB9E8 
 245      089DF501 
 245      0F1F
 246 0310 C0F04158 		.ascii	"\300\360AX\252I\276\312\266\372\353\370#\034b\347 \260"
 246      AA49BECA 
 246      B6FAEBF8 
 246      231C62E7 
 246      20B0
 247 0322 87AEDAA1 		.ascii	"\207\256\332\241\345#pG\324\202!L\314\017\313\270\030"
 247      E5237047 
 247      D482214C 
 247      CC0FCBB8 
 247      18
 248 0333 4B68F6DC 		.ascii	"Kh\366\334\012\023\373(h\253\243\345!\366\333\306\353"
 248      0A13FB28 
 248      68ABA3E5 
 248      21F6DBC6 
 248      EB
 249 0344 E2216D29 		.ascii	"\342!m)\367\0324\002\\ED\177(e\026\304\333\263rp\005"
 249      F71A3402 
 249      5C45447F 
 249      286516C4 
 249      DBB37270 
 250 0359 552229E2 		.ascii	"U\")\342\364\272\207\206\232\342H\215r\355x\273\217"
 250      F4BA8786 
 250      9AE2488D 
 250      72ED78BB 
 250      8F
 251 036a CDC7AC74 		.ascii	"\315\307\254tQ\253\335\304\361\350\307\226\213}\372"
 251      51ABDDC4 
 251      F1E8C796 
 251      8B7DFA
 252 0379 E5EAFDEA 		.ascii	"\345\352\375\352\270\345\265\224\332\361\342\371\015"
 252      B8E5B594 
ARM GAS  C:\Users\IYANG~1.DES\AppData\Local\Temp\cc7iOBc9.s 			page 19


 252      DAF1E2F9 
 252      0D
 253 0386 8E50BC78 		.ascii	"\216P\274x(\253&w\034V\362X\230\3360+)\\\203\225\002"
 253      28AB2677 
 253      1C56F258 
 253      98DE302B 
 253      295C8395 
 254 039b 5C87E518 		.ascii	"\\\207\345\030n\255\356\3725\2064\212auLU\3528s\374"
 254      6EADEEFA 
 254      3586348A 
 254      61754C55 
 254      EA3873FC 
 255 03af 517D1CEF 		.ascii	"Q}\034\357\262\377\325\305l\350\316\370\2307\226\234"
 255      B2FFD5C5 
 255      6CE8CEF8 
 255      9837969C 
 256 03bf E6EEA2E7 		.ascii	"\346\356\242\347|\365\015\011\322$\245`\003J\301\276"
 256      7CF50D09 
 256      D224A560 
 256      034AC1BE 
 257 03cf C715BF15 		.ascii	"\307\025\277\025\232}\252Z0^{\274s\342\374\011\302\302"
 257      9A7DAA5A 
 257      305E7BBC 
 257      73E2FC09 
 257      C2C2
 258 03e1 95032338 		.ascii	"\225\003#8\347T\265\3747p\360\2462\247\233\207\347O"
 258      E754B5FC 
 258      3770F0A6 
 258      32A79B87 
 258      E74F
 259 03f3 98240C29 		.ascii	"\230$\014)\177\321\020\361\213\207s\363\011\312\036"
 259      7FD110F1 
 259      8B8773F3 
 259      09CA1E
 260 0402 8B10341E 		.ascii	"\213\0204\036!\210\327\353@G\275H\251\001\3060\353\357"
 260      2188D7EB 
 260      4047BD48 
 260      A901C630 
 260      EBEF
 261 0414 42598F42 		.ascii	"BY\217Bh\237\271\007\333\356\212\346\375\241\374\271"
 261      689FB907 
 261      DBEE8AE6 
 261      FDA1FCB9 
 262 0424 73E8D69C 		.ascii	"s\350\326\234\0003?$\370D\357\016\267\257\205\204y\263"
 262      00333F24 
 262      F844EF0E 
 262      B7AF8584 
 262      79B3
 263 0436 3284BC6F 		.ascii	"2\204\274o\253\336\267\2317\351\277\320\3431@\262\224"
 263      ABDEB799 
 263      37E9BFD0 
 263      E33140B2 
 263      94
 264 0447 6CC3FF93 		.ascii	"l\303\377\223\207\270\310\237\342\2156\211\342V\365"
 264      87B8C89F 
 264      E28D3689 
 264      E256F5
ARM GAS  C:\Users\IYANG~1.DES\AppData\Local\Temp\cc7iOBc9.s 			page 20


 265 0456 8A0E9B86 		.ascii	"\212\016\233\206\300?\0110\205\375\037\260\317\202|"
 265      C03F0930 
 265      85FD1FB0 
 265      CF827C
 266 0465 D643756B 		.ascii	"\326Cuk\254OY\201\202\007c\271\003\373\301L\246m\276"
 266      AC4F5981 
 266      820763B9 
 266      03FBC14C 
 266      A66DBE
 267 0478 FD86B04C 		.ascii	"\375\206\260L\330\371\016\261\246\301\254Mw\232\247"
 267      D8F90EB1 
 267      A6C1AC4D 
 267      779AA7
 268 0487 FE6C4073 		.ascii	"\376l@sX\300\214\232\372L\024og\230\367\254\352\315"
 268      58C08C9A 
 268      FA4C146F 
 268      6798F7AC 
 268      EACD
 269 0499 9E4B56AF 		.ascii	"\236KV\257\311\312\313\331.\313%\031%\371\245\226\214"
 269      C9CACBD9 
 269      2ECB2519 
 269      25F9A596 
 269      8C
 270 04aa 378CEB3E 		.ascii	"7\214\353>\310M\311\022R\326\311Eri\276E\376(/\247\270"
 270      C84DC912 
 270      52D6C945 
 270      7269BE45 
 270      FE282FA7 
 271 04bf ACB450DE 		.ascii	"\254\264P\336\234\235S\234\365\326f\346\236\375~F\241"
 271      9C9D539C 
 271      F5D666E6 
 271      9EFD7E46 
 271      A1
 272 04d0 10B710F8 		.ascii	"\020\267\020\370\022{\333\224\277M.S\031oJ\241\221\004"
 272      127BDB94 
 272      BF4D2E53 
 272      196F4AA1 
 272      9104
 273 04e2 EE96BF4B 		.ascii	"\356\226\277K\316*.\372x\353\026\356\273A\336i).UGL"
 273      CE2A2EFA 
 273      78EB16EE 
 273      BB41DE69 
 273      292E5547 
 274 04f7 DCC1525C 		.ascii	"\334\301R\\\362Jt\305\214O\204\305\232\033F\355\222"
 274      F24A74C5 
 274      8C4F84C5 
 274      9A1B46ED 
 274      92
 275 0508 4B2D5C62 		.ascii	"K-\\bmQ~\301vY\231\202\005\225\325o\\\344\275\325Y\353"
 275      6D517EC1 
 275      76599982 
 275      0595D56F 
 275      5CE4BDD5 
 276 051e 73B3F372 		.ascii	"s\263\363r6n\310\315\332\030S\266\265\310\362vj\024"
 276      366EC8CD 
 276      DA1853B6 
 276      B5C8F276 
ARM GAS  C:\Users\IYANG~1.DES\AppData\Local\Temp\cc7iOBc9.s 			page 21


 276      6A14
 277 0530 85C2DD96 		.ascii	"\205\302\335\226\335%\362NT\211\2279\021a\026\231+\024"
 277      DD25F24E 
 277      54899739 
 277      11611699 
 277      2B14
 278 0542 E4176E2B 		.ascii	"\344\027n++\211)\225\267d\25602H\346\212\177\001\341"
 278      2B892995 
 278      B764AE30 
 278      3248E68A 
 278      7F01E1
 279 0555 B9F41E   		.ascii	"\271\364\036"
 280              		.text
 281              		.section	.gnu.lto_.symtab.181383c8,"",%progbits
 282 0000 4144435F 		.ascii	"ADC_Sleep\000\000\000\000\000\000\000\000\000\000\000"
 282      536C6565 
 282      70000000 
 282      00000000 
 282      00000000 
 283 0014 00AF0000 		.ascii	"\000\257\000\000\000ADC_Wakeup\000\000\000\000\000\000"
 283      00414443 
 283      5F57616B 
 283      65757000 
 283      00000000 
 284 0029 00000000 		.ascii	"\000\000\000\000\000\000\264\000\000\000ADC_SaveCon"
 284      0000B400 
 284      00004144 
 284      435F5361 
 284      7665436F 
 285 003e 66696700 		.ascii	"fig\000\000\000\000\000\000\000\000\000\000\000\000"
 285      00000000 
 285      00000000 
 285      000000
 286 004d B6000000 		.ascii	"\266\000\000\000ADC_RestoreConfig\000\000\000\000\000"
 286      4144435F 
 286      52657374 
 286      6F726543 
 286      6F6E6669 
 287 0067 00000000 		.ascii	"\000\000\000\000\000\000\000\270\000\000\000ADC_Sto"
 287      000000B8 
 287      00000041 
 287      44435F53 
 287      746F
 288 0079 70000002 		.ascii	"p\000\000\002\000\000\000\000\000\000\000\000\000\272"
 288      00000000 
 288      00000000 
 288      00BA
 289 0087 00000041 		.ascii	"\000\000\000ADC_StopConvert\000\000\002\000\000\000"
 289      44435F53 
 289      746F7043 
 289      6F6E7665 
 289      72740000 
 290 009f 00000000 		.ascii	"\000\000\000\000\000\000\274\000\000\000ADC_Enable\000"
 290      0000BC00 
 290      00004144 
 290      435F456E 
 290      61626C65 
ARM GAS  C:\Users\IYANG~1.DES\AppData\Local\Temp\cc7iOBc9.s 			page 22


 291 00b4 00020000 		.ascii	"\000\002\000\000\000\000\000\000\000\000\000\276\000"
 291      00000000 
 291      000000BE 
 291      00
 292 00c1 00004144 		.ascii	"\000\000ADC_StartConvert\000\000\002\000\000\000\000"
 292      435F5374 
 292      61727443 
 292      6F6E7665 
 292      72740000 
 293 00da 00000000 		.ascii	"\000\000\000\000\000\300\000\000\000"
 293      00C00000 
 293      00
 294              		.text
 295              		.section	.gnu.lto_.opts,"",%progbits
 296 0000 272D666E 		.ascii	"'-fno-trapv' '-mcpu=cortex-m0' '-mthumb' '-g' '-O3'"
 296      6F2D7472 
 296      61707627 
 296      20272D6D 
 296      6370753D 
 297 0033 20272D66 		.ascii	" '-ffunction-sections' '-finline-functions' '-flto'"
 297      66756E63 
 297      74696F6E 
 297      2D736563 
 297      74696F6E 
 298 0066 20272D66 		.ascii	" '-ffat-lto-objects'\000"
 298      6661742D 
 298      6C746F2D 
 298      6F626A65 
 298      63747327 
 299              		.text
 300              		.cfi_sections	.debug_frame
 301              		.section	.text.ADC_SaveConfig,"ax",%progbits
 302              		.align	2
 303              		.global	ADC_SaveConfig
 304              		.code	16
 305              		.thumb_func
 306              		.type	ADC_SaveConfig, %function
 307              	ADC_SaveConfig:
 308              	.LFB2:
 309              		.file 1 "Generated_Source\\PSoC4\\ADC_PM.c"
   1:Generated_Source\PSoC4/ADC_PM.c **** /*******************************************************************************
   2:Generated_Source\PSoC4/ADC_PM.c **** * File Name: ADC_PM.c
   3:Generated_Source\PSoC4/ADC_PM.c **** * Version 2.40
   4:Generated_Source\PSoC4/ADC_PM.c **** *
   5:Generated_Source\PSoC4/ADC_PM.c **** * Description:
   6:Generated_Source\PSoC4/ADC_PM.c **** *  This file provides Sleep/WakeUp APIs functionality.
   7:Generated_Source\PSoC4/ADC_PM.c **** *
   8:Generated_Source\PSoC4/ADC_PM.c **** * Note:
   9:Generated_Source\PSoC4/ADC_PM.c **** *
  10:Generated_Source\PSoC4/ADC_PM.c **** ********************************************************************************
  11:Generated_Source\PSoC4/ADC_PM.c **** * Copyright 2008-2015, Cypress Semiconductor Corporation.  All rights reserved.
  12:Generated_Source\PSoC4/ADC_PM.c **** * You may use this file only in accordance with the license, terms, conditions,
  13:Generated_Source\PSoC4/ADC_PM.c **** * disclaimers, and limitations in the end user license agreement accompanying
  14:Generated_Source\PSoC4/ADC_PM.c **** * the software package with which this file was provided.
  15:Generated_Source\PSoC4/ADC_PM.c **** *******************************************************************************/
  16:Generated_Source\PSoC4/ADC_PM.c **** 
  17:Generated_Source\PSoC4/ADC_PM.c **** #include "ADC.h"
ARM GAS  C:\Users\IYANG~1.DES\AppData\Local\Temp\cc7iOBc9.s 			page 23


  18:Generated_Source\PSoC4/ADC_PM.c **** 
  19:Generated_Source\PSoC4/ADC_PM.c **** 
  20:Generated_Source\PSoC4/ADC_PM.c **** /***************************************
  21:Generated_Source\PSoC4/ADC_PM.c **** * Local data allocation
  22:Generated_Source\PSoC4/ADC_PM.c **** ***************************************/
  23:Generated_Source\PSoC4/ADC_PM.c **** 
  24:Generated_Source\PSoC4/ADC_PM.c **** static ADC_BACKUP_STRUCT  ADC_backup =
  25:Generated_Source\PSoC4/ADC_PM.c **** {
  26:Generated_Source\PSoC4/ADC_PM.c ****     ADC_DISABLED
  27:Generated_Source\PSoC4/ADC_PM.c **** };
  28:Generated_Source\PSoC4/ADC_PM.c **** 
  29:Generated_Source\PSoC4/ADC_PM.c **** 
  30:Generated_Source\PSoC4/ADC_PM.c **** /*******************************************************************************
  31:Generated_Source\PSoC4/ADC_PM.c **** * Function Name: ADC_SaveConfig
  32:Generated_Source\PSoC4/ADC_PM.c **** ********************************************************************************
  33:Generated_Source\PSoC4/ADC_PM.c **** *
  34:Generated_Source\PSoC4/ADC_PM.c **** * Summary:
  35:Generated_Source\PSoC4/ADC_PM.c **** *  Saves the current user configuration.
  36:Generated_Source\PSoC4/ADC_PM.c **** *
  37:Generated_Source\PSoC4/ADC_PM.c **** * Parameters:
  38:Generated_Source\PSoC4/ADC_PM.c **** *  None.
  39:Generated_Source\PSoC4/ADC_PM.c **** *
  40:Generated_Source\PSoC4/ADC_PM.c **** * Return:
  41:Generated_Source\PSoC4/ADC_PM.c **** *  None.
  42:Generated_Source\PSoC4/ADC_PM.c **** *
  43:Generated_Source\PSoC4/ADC_PM.c **** *******************************************************************************/
  44:Generated_Source\PSoC4/ADC_PM.c **** void ADC_SaveConfig(void)
  45:Generated_Source\PSoC4/ADC_PM.c **** {
 310              		.loc 1 45 0
 311              		.cfi_startproc
  46:Generated_Source\PSoC4/ADC_PM.c ****     /* All configuration registers are marked as [reset_all_retention] */
  47:Generated_Source\PSoC4/ADC_PM.c **** }
 312              		.loc 1 47 0
 313              		@ sp needed
 314 0000 7047     		bx	lr
 315              		.cfi_endproc
 316              	.LFE2:
 317              		.size	ADC_SaveConfig, .-ADC_SaveConfig
 318 0002 C046     		.section	.text.ADC_RestoreConfig,"ax",%progbits
 319              		.align	2
 320              		.global	ADC_RestoreConfig
 321              		.code	16
 322              		.thumb_func
 323              		.type	ADC_RestoreConfig, %function
 324              	ADC_RestoreConfig:
 325              	.LFB3:
  48:Generated_Source\PSoC4/ADC_PM.c **** 
  49:Generated_Source\PSoC4/ADC_PM.c **** 
  50:Generated_Source\PSoC4/ADC_PM.c **** /*******************************************************************************
  51:Generated_Source\PSoC4/ADC_PM.c **** * Function Name: ADC_RestoreConfig
  52:Generated_Source\PSoC4/ADC_PM.c **** ********************************************************************************
  53:Generated_Source\PSoC4/ADC_PM.c **** *
  54:Generated_Source\PSoC4/ADC_PM.c **** * Summary:
  55:Generated_Source\PSoC4/ADC_PM.c **** *  Restores the current user configuration.
  56:Generated_Source\PSoC4/ADC_PM.c **** *
  57:Generated_Source\PSoC4/ADC_PM.c **** * Parameters:
  58:Generated_Source\PSoC4/ADC_PM.c **** *  None.
ARM GAS  C:\Users\IYANG~1.DES\AppData\Local\Temp\cc7iOBc9.s 			page 24


  59:Generated_Source\PSoC4/ADC_PM.c **** *
  60:Generated_Source\PSoC4/ADC_PM.c **** * Return:
  61:Generated_Source\PSoC4/ADC_PM.c **** *  None.
  62:Generated_Source\PSoC4/ADC_PM.c **** *
  63:Generated_Source\PSoC4/ADC_PM.c **** *******************************************************************************/
  64:Generated_Source\PSoC4/ADC_PM.c **** void ADC_RestoreConfig(void)
  65:Generated_Source\PSoC4/ADC_PM.c **** {
 326              		.loc 1 65 0
 327              		.cfi_startproc
  66:Generated_Source\PSoC4/ADC_PM.c ****     /* All congiguration registers are marked as [reset_all_retention] */
  67:Generated_Source\PSoC4/ADC_PM.c **** }
 328              		.loc 1 67 0
 329              		@ sp needed
 330 0000 7047     		bx	lr
 331              		.cfi_endproc
 332              	.LFE3:
 333              		.size	ADC_RestoreConfig, .-ADC_RestoreConfig
 334 0002 C046     		.section	.text.ADC_Sleep,"ax",%progbits
 335              		.align	2
 336              		.global	ADC_Sleep
 337              		.code	16
 338              		.thumb_func
 339              		.type	ADC_Sleep, %function
 340              	ADC_Sleep:
 341              	.LFB4:
  68:Generated_Source\PSoC4/ADC_PM.c **** 
  69:Generated_Source\PSoC4/ADC_PM.c **** 
  70:Generated_Source\PSoC4/ADC_PM.c **** /*******************************************************************************
  71:Generated_Source\PSoC4/ADC_PM.c **** * Function Name: ADC_Sleep
  72:Generated_Source\PSoC4/ADC_PM.c **** ********************************************************************************
  73:Generated_Source\PSoC4/ADC_PM.c **** *
  74:Generated_Source\PSoC4/ADC_PM.c **** * Summary:
  75:Generated_Source\PSoC4/ADC_PM.c **** *  Stops the ADC operation and saves the configuration registers and component
  76:Generated_Source\PSoC4/ADC_PM.c **** *  enable state. Should be called just prior to entering sleep.
  77:Generated_Source\PSoC4/ADC_PM.c **** *
  78:Generated_Source\PSoC4/ADC_PM.c **** * Parameters:
  79:Generated_Source\PSoC4/ADC_PM.c **** *  None.
  80:Generated_Source\PSoC4/ADC_PM.c **** *
  81:Generated_Source\PSoC4/ADC_PM.c **** * Return:
  82:Generated_Source\PSoC4/ADC_PM.c **** *  None.
  83:Generated_Source\PSoC4/ADC_PM.c **** *
  84:Generated_Source\PSoC4/ADC_PM.c **** * Global Variables:
  85:Generated_Source\PSoC4/ADC_PM.c **** *  ADC_backup - modified.
  86:Generated_Source\PSoC4/ADC_PM.c **** *
  87:Generated_Source\PSoC4/ADC_PM.c **** *******************************************************************************/
  88:Generated_Source\PSoC4/ADC_PM.c **** void ADC_Sleep(void)
  89:Generated_Source\PSoC4/ADC_PM.c **** {
 342              		.loc 1 89 0
 343              		.cfi_startproc
  90:Generated_Source\PSoC4/ADC_PM.c ****     /* During deepsleep/ hibernate mode keep SARMUX active, i.e. do not open
  91:Generated_Source\PSoC4/ADC_PM.c ****     *   all switches (disconnect), to be used for ADFT
  92:Generated_Source\PSoC4/ADC_PM.c ****     */
  93:Generated_Source\PSoC4/ADC_PM.c ****     ADC_SAR_DFT_CTRL_REG |= ADC_ADFT_OVERRIDE;
 344              		.loc 1 93 0
 345 0000 8021     		mov	r1, #128
 346 0002 144A     		ldr	r2, .L14
 347 0004 0906     		lsl	r1, r1, #24
ARM GAS  C:\Users\IYANG~1.DES\AppData\Local\Temp\cc7iOBc9.s 			page 25


 348 0006 1368     		ldr	r3, [r2]
  89:Generated_Source\PSoC4/ADC_PM.c ****     /* During deepsleep/ hibernate mode keep SARMUX active, i.e. do not open
 349              		.loc 1 89 0
 350 0008 10B5     		push	{r4, lr}
 351              		.cfi_def_cfa_offset 8
 352              		.cfi_offset 4, -8
 353              		.cfi_offset 14, -4
 354              		.loc 1 93 0
 355 000a 0B43     		orr	r3, r1
 356 000c 1360     		str	r3, [r2]
  94:Generated_Source\PSoC4/ADC_PM.c ****     if((ADC_SAR_CTRL_REG  & ADC_ENABLE) != 0u)
 357              		.loc 1 94 0
 358 000e 124B     		ldr	r3, .L14+4
 359 0010 1B68     		ldr	r3, [r3]
 360 0012 002B     		cmp	r3, #0
 361 0014 03DB     		blt	.L12
  95:Generated_Source\PSoC4/ADC_PM.c ****     {
  96:Generated_Source\PSoC4/ADC_PM.c ****         if((ADC_SAR_SAMPLE_CTRL_REG & ADC_CONTINUOUS_EN) != 0u)
  97:Generated_Source\PSoC4/ADC_PM.c ****         {
  98:Generated_Source\PSoC4/ADC_PM.c ****             ADC_backup.enableState = ADC_ENABLED | ADC_STARTED;
  99:Generated_Source\PSoC4/ADC_PM.c ****         }
 100:Generated_Source\PSoC4/ADC_PM.c ****         else
 101:Generated_Source\PSoC4/ADC_PM.c ****         {
 102:Generated_Source\PSoC4/ADC_PM.c ****             ADC_backup.enableState = ADC_ENABLED;
 103:Generated_Source\PSoC4/ADC_PM.c ****         }
 104:Generated_Source\PSoC4/ADC_PM.c ****         ADC_StopConvert();
 105:Generated_Source\PSoC4/ADC_PM.c ****         ADC_Stop();
 106:Generated_Source\PSoC4/ADC_PM.c ****         
 107:Generated_Source\PSoC4/ADC_PM.c ****         /* Disable the SAR internal pump before entering the chip low power mode */
 108:Generated_Source\PSoC4/ADC_PM.c ****         if((ADC_SAR_CTRL_REG & ADC_BOOSTPUMP_EN) != 0u)
 109:Generated_Source\PSoC4/ADC_PM.c ****         {
 110:Generated_Source\PSoC4/ADC_PM.c ****             ADC_SAR_CTRL_REG &= (uint32)~ADC_BOOSTPUMP_EN;
 111:Generated_Source\PSoC4/ADC_PM.c ****             ADC_backup.enableState |= ADC_BOOSTPUMP_ENABLED;
 112:Generated_Source\PSoC4/ADC_PM.c ****         }
 113:Generated_Source\PSoC4/ADC_PM.c ****     }
 114:Generated_Source\PSoC4/ADC_PM.c ****     else
 115:Generated_Source\PSoC4/ADC_PM.c ****     {
 116:Generated_Source\PSoC4/ADC_PM.c ****         ADC_backup.enableState = ADC_DISABLED;
 362              		.loc 1 116 0
 363 0016 0022     		mov	r2, #0
 364 0018 104B     		ldr	r3, .L14+8
 365 001a 1A70     		strb	r2, [r3]
 366              	.L3:
 117:Generated_Source\PSoC4/ADC_PM.c ****     }
 118:Generated_Source\PSoC4/ADC_PM.c **** }
 367              		.loc 1 118 0
 368              		@ sp needed
 369 001c 10BD     		pop	{r4, pc}
 370              	.L12:
  96:Generated_Source\PSoC4/ADC_PM.c ****         {
 371              		.loc 1 96 0
 372 001e 104B     		ldr	r3, .L14+12
 373 0020 1A68     		ldr	r2, [r3]
  98:Generated_Source\PSoC4/ADC_PM.c ****         }
 374              		.loc 1 98 0
 375 0022 0323     		mov	r3, #3
  96:Generated_Source\PSoC4/ADC_PM.c ****         {
ARM GAS  C:\Users\IYANG~1.DES\AppData\Local\Temp\cc7iOBc9.s 			page 26


 376              		.loc 1 96 0
 377 0024 D203     		lsl	r2, r2, #15
 378 0026 12D5     		bpl	.L13
 379              	.L5:
 380 0028 0C4C     		ldr	r4, .L14+8
 381 002a 2370     		strb	r3, [r4]
 104:Generated_Source\PSoC4/ADC_PM.c ****         ADC_Stop();
 382              		.loc 1 104 0
 383 002c FFF7FEFF 		bl	ADC_StopConvert
 384              	.LVL0:
 105:Generated_Source\PSoC4/ADC_PM.c ****         
 385              		.loc 1 105 0
 386 0030 FFF7FEFF 		bl	ADC_Stop
 387              	.LVL1:
 108:Generated_Source\PSoC4/ADC_PM.c ****         {
 388              		.loc 1 108 0
 389 0034 084B     		ldr	r3, .L14+4
 390 0036 1A68     		ldr	r2, [r3]
 391 0038 D202     		lsl	r2, r2, #11
 392 003a EFD5     		bpl	.L3
 393              	.LBB4:
 394              	.LBB5:
 110:Generated_Source\PSoC4/ADC_PM.c ****             ADC_backup.enableState |= ADC_BOOSTPUMP_ENABLED;
 395              		.loc 1 110 0
 396 003c 1968     		ldr	r1, [r3]
 397 003e 094A     		ldr	r2, .L14+16
 398 0040 0A40     		and	r2, r1
 399 0042 1A60     		str	r2, [r3]
 111:Generated_Source\PSoC4/ADC_PM.c ****         }
 400              		.loc 1 111 0
 401 0044 0423     		mov	r3, #4
 402 0046 2278     		ldrb	r2, [r4]
 403 0048 1343     		orr	r3, r2
 404 004a 2370     		strb	r3, [r4]
 405 004c E6E7     		b	.L3
 406              	.L13:
 407              	.LBE5:
 408              	.LBE4:
 102:Generated_Source\PSoC4/ADC_PM.c ****         }
 409              		.loc 1 102 0
 410 004e 023B     		sub	r3, r3, #2
 411 0050 EAE7     		b	.L5
 412              	.L15:
 413 0052 C046     		.align	2
 414              	.L14:
 415 0054 30003A40 		.word	1077542960
 416 0058 00003A40 		.word	1077542912
 417 005c 00000000 		.word	.LANCHOR0
 418 0060 04003A40 		.word	1077542916
 419 0064 FFFFEFFF 		.word	-1048577
 420              		.cfi_endproc
 421              	.LFE4:
 422              		.size	ADC_Sleep, .-ADC_Sleep
 423              		.section	.text.ADC_Wakeup,"ax",%progbits
 424              		.align	2
 425              		.global	ADC_Wakeup
 426              		.code	16
ARM GAS  C:\Users\IYANG~1.DES\AppData\Local\Temp\cc7iOBc9.s 			page 27


 427              		.thumb_func
 428              		.type	ADC_Wakeup, %function
 429              	ADC_Wakeup:
 430              	.LFB5:
 119:Generated_Source\PSoC4/ADC_PM.c **** 
 120:Generated_Source\PSoC4/ADC_PM.c **** 
 121:Generated_Source\PSoC4/ADC_PM.c **** /*******************************************************************************
 122:Generated_Source\PSoC4/ADC_PM.c **** * Function Name: ADC_Wakeup
 123:Generated_Source\PSoC4/ADC_PM.c **** ********************************************************************************
 124:Generated_Source\PSoC4/ADC_PM.c **** *
 125:Generated_Source\PSoC4/ADC_PM.c **** * Summary:
 126:Generated_Source\PSoC4/ADC_PM.c **** *  Restores the component enable state and configuration registers.
 127:Generated_Source\PSoC4/ADC_PM.c **** *  This should be called just after awaking from sleep mode.
 128:Generated_Source\PSoC4/ADC_PM.c **** *
 129:Generated_Source\PSoC4/ADC_PM.c **** * Parameters:
 130:Generated_Source\PSoC4/ADC_PM.c **** *  None.
 131:Generated_Source\PSoC4/ADC_PM.c **** *
 132:Generated_Source\PSoC4/ADC_PM.c **** * Return:
 133:Generated_Source\PSoC4/ADC_PM.c **** *  None.
 134:Generated_Source\PSoC4/ADC_PM.c **** *
 135:Generated_Source\PSoC4/ADC_PM.c **** * Global Variables:
 136:Generated_Source\PSoC4/ADC_PM.c **** *  ADC_backup - used.
 137:Generated_Source\PSoC4/ADC_PM.c **** *
 138:Generated_Source\PSoC4/ADC_PM.c **** *******************************************************************************/
 139:Generated_Source\PSoC4/ADC_PM.c **** void ADC_Wakeup(void)
 140:Generated_Source\PSoC4/ADC_PM.c **** {
 431              		.loc 1 140 0
 432              		.cfi_startproc
 141:Generated_Source\PSoC4/ADC_PM.c ****     ADC_SAR_DFT_CTRL_REG &= (uint32)~ADC_ADFT_OVERRIDE;
 433              		.loc 1 141 0
 434 0000 0D4A     		ldr	r2, .L28
 140:Generated_Source\PSoC4/ADC_PM.c ****     ADC_SAR_DFT_CTRL_REG &= (uint32)~ADC_ADFT_OVERRIDE;
 435              		.loc 1 140 0
 436 0002 10B5     		push	{r4, lr}
 437              		.cfi_def_cfa_offset 8
 438              		.cfi_offset 4, -8
 439              		.cfi_offset 14, -4
 440              		.loc 1 141 0
 441 0004 1368     		ldr	r3, [r2]
 142:Generated_Source\PSoC4/ADC_PM.c ****     if(ADC_backup.enableState != ADC_DISABLED)
 442              		.loc 1 142 0
 443 0006 0D4C     		ldr	r4, .L28+4
 141:Generated_Source\PSoC4/ADC_PM.c ****     ADC_SAR_DFT_CTRL_REG &= (uint32)~ADC_ADFT_OVERRIDE;
 444              		.loc 1 141 0
 445 0008 5B00     		lsl	r3, r3, #1
 446 000a 5B08     		lsr	r3, r3, #1
 447 000c 1360     		str	r3, [r2]
 448              		.loc 1 142 0
 449 000e 2378     		ldrb	r3, [r4]
 450 0010 002B     		cmp	r3, #0
 451 0012 0CD0     		beq	.L16
 143:Generated_Source\PSoC4/ADC_PM.c ****     {
 144:Generated_Source\PSoC4/ADC_PM.c ****         /* Enable the SAR internal pump  */
 145:Generated_Source\PSoC4/ADC_PM.c ****         if((ADC_backup.enableState & ADC_BOOSTPUMP_ENABLED) != 0u)
 452              		.loc 1 145 0
 453 0014 5B07     		lsl	r3, r3, #29
 454 0016 05D5     		bpl	.L19
ARM GAS  C:\Users\IYANG~1.DES\AppData\Local\Temp\cc7iOBc9.s 			page 28


 146:Generated_Source\PSoC4/ADC_PM.c ****         {
 147:Generated_Source\PSoC4/ADC_PM.c ****             ADC_SAR_CTRL_REG |= ADC_BOOSTPUMP_EN;
 455              		.loc 1 147 0
 456 0018 8021     		mov	r1, #128
 457 001a 094A     		ldr	r2, .L28+8
 458 001c 4903     		lsl	r1, r1, #13
 459 001e 1368     		ldr	r3, [r2]
 460 0020 0B43     		orr	r3, r1
 461 0022 1360     		str	r3, [r2]
 462              	.L19:
 463              	.LBB8:
 464              	.LBB9:
 148:Generated_Source\PSoC4/ADC_PM.c ****         }
 149:Generated_Source\PSoC4/ADC_PM.c ****         ADC_Enable();
 465              		.loc 1 149 0
 466 0024 FFF7FEFF 		bl	ADC_Enable
 467              	.LVL2:
 150:Generated_Source\PSoC4/ADC_PM.c ****         if((ADC_backup.enableState & ADC_STARTED) != 0u)
 468              		.loc 1 150 0
 469 0028 2378     		ldrb	r3, [r4]
 470 002a 9B07     		lsl	r3, r3, #30
 471 002c 00D4     		bmi	.L27
 472              	.L16:
 473              	.LBE9:
 474              	.LBE8:
 151:Generated_Source\PSoC4/ADC_PM.c ****         {
 152:Generated_Source\PSoC4/ADC_PM.c ****             ADC_StartConvert();
 153:Generated_Source\PSoC4/ADC_PM.c ****         }
 154:Generated_Source\PSoC4/ADC_PM.c ****     }
 155:Generated_Source\PSoC4/ADC_PM.c **** }
 475              		.loc 1 155 0
 476              		@ sp needed
 477 002e 10BD     		pop	{r4, pc}
 478              	.L27:
 479              	.LBB11:
 480              	.LBB10:
 152:Generated_Source\PSoC4/ADC_PM.c ****         }
 481              		.loc 1 152 0
 482 0030 FFF7FEFF 		bl	ADC_StartConvert
 483              	.LVL3:
 484 0034 FBE7     		b	.L16
 485              	.L29:
 486 0036 C046     		.align	2
 487              	.L28:
 488 0038 30003A40 		.word	1077542960
 489 003c 00000000 		.word	.LANCHOR0
 490 0040 00003A40 		.word	1077542912
 491              	.LBE10:
 492              	.LBE11:
 493              		.cfi_endproc
 494              	.LFE5:
 495              		.size	ADC_Wakeup, .-ADC_Wakeup
 496              		.bss
 497              		.align	2
 498              		.set	.LANCHOR0,. + 0
 499              		.type	ADC_backup, %object
 500              		.size	ADC_backup, 1
ARM GAS  C:\Users\IYANG~1.DES\AppData\Local\Temp\cc7iOBc9.s 			page 29


 501              	ADC_backup:
 502 0000 00       		.space	1
 503 0001 000000   		.text
 504              	.Letext0:
 505              		.file 2 "Generated_Source\\PSoC4\\cytypes.h"
 506              		.file 3 "Generated_Source\\PSoC4\\ADC.h"
 507              		.section	.debug_info,"",%progbits
 508              	.Ldebug_info0:
 509 0000 78010000 		.4byte	0x178
 510 0004 0400     		.2byte	0x4
 511 0006 00000000 		.4byte	.Ldebug_abbrev0
 512 000a 04       		.byte	0x4
 513 000b 01       		.uleb128 0x1
 514 000c 63010000 		.4byte	.LASF25
 515 0010 01       		.byte	0x1
 516 0011 14000000 		.4byte	.LASF26
 517 0015 56000000 		.4byte	.LASF27
 518 0019 00000000 		.4byte	.Ldebug_ranges0+0
 519 001d 00000000 		.4byte	0
 520 0021 00000000 		.4byte	.Ldebug_line0
 521 0025 02       		.uleb128 0x2
 522 0026 01       		.byte	0x1
 523 0027 06       		.byte	0x6
 524 0028 1F020000 		.4byte	.LASF0
 525 002c 02       		.uleb128 0x2
 526 002d 01       		.byte	0x1
 527 002e 08       		.byte	0x8
 528 002f 99000000 		.4byte	.LASF1
 529 0033 02       		.uleb128 0x2
 530 0034 02       		.byte	0x2
 531 0035 05       		.byte	0x5
 532 0036 D0000000 		.4byte	.LASF2
 533 003a 02       		.uleb128 0x2
 534 003b 02       		.byte	0x2
 535 003c 07       		.byte	0x7
 536 003d 43000000 		.4byte	.LASF3
 537 0041 02       		.uleb128 0x2
 538 0042 04       		.byte	0x4
 539 0043 05       		.byte	0x5
 540 0044 0A020000 		.4byte	.LASF4
 541 0048 02       		.uleb128 0x2
 542 0049 04       		.byte	0x4
 543 004a 07       		.byte	0x7
 544 004b A7000000 		.4byte	.LASF5
 545 004f 02       		.uleb128 0x2
 546 0050 08       		.byte	0x8
 547 0051 05       		.byte	0x5
 548 0052 00000000 		.4byte	.LASF6
 549 0056 02       		.uleb128 0x2
 550 0057 08       		.byte	0x8
 551 0058 07       		.byte	0x7
 552 0059 F9000000 		.4byte	.LASF7
 553 005d 03       		.uleb128 0x3
 554 005e 04       		.byte	0x4
 555 005f 05       		.byte	0x5
 556 0060 696E7400 		.ascii	"int\000"
 557 0064 02       		.uleb128 0x2
ARM GAS  C:\Users\IYANG~1.DES\AppData\Local\Temp\cc7iOBc9.s 			page 30


 558 0065 04       		.byte	0x4
 559 0066 07       		.byte	0x7
 560 0067 E1000000 		.4byte	.LASF8
 561 006b 04       		.uleb128 0x4
 562 006c B9000000 		.4byte	.LASF9
 563 0070 02       		.byte	0x2
 564 0071 9801     		.2byte	0x198
 565 0073 2C000000 		.4byte	0x2c
 566 0077 04       		.uleb128 0x4
 567 0078 DA000000 		.4byte	.LASF10
 568 007c 02       		.byte	0x2
 569 007d 9A01     		.2byte	0x19a
 570 007f 48000000 		.4byte	0x48
 571 0083 02       		.uleb128 0x2
 572 0084 04       		.byte	0x4
 573 0085 04       		.byte	0x4
 574 0086 93000000 		.4byte	.LASF11
 575 008a 02       		.uleb128 0x2
 576 008b 08       		.byte	0x8
 577 008c 04       		.byte	0x4
 578 008d C9000000 		.4byte	.LASF12
 579 0091 02       		.uleb128 0x2
 580 0092 01       		.byte	0x1
 581 0093 08       		.byte	0x8
 582 0094 3C010000 		.4byte	.LASF13
 583 0098 04       		.uleb128 0x4
 584 0099 0E000000 		.4byte	.LASF14
 585 009d 02       		.byte	0x2
 586 009e 4402     		.2byte	0x244
 587 00a0 A4000000 		.4byte	0xa4
 588 00a4 05       		.uleb128 0x5
 589 00a5 77000000 		.4byte	0x77
 590 00a9 02       		.uleb128 0x2
 591 00aa 04       		.byte	0x4
 592 00ab 07       		.byte	0x7
 593 00ac 10010000 		.4byte	.LASF15
 594 00b0 06       		.uleb128 0x6
 595 00b1 01       		.byte	0x1
 596 00b2 03       		.byte	0x3
 597 00b3 1E       		.byte	0x1e
 598 00b4 C5000000 		.4byte	0xc5
 599 00b8 07       		.uleb128 0x7
 600 00b9 13020000 		.4byte	.LASF28
 601 00bd 03       		.byte	0x3
 602 00be 20       		.byte	0x20
 603 00bf 6B000000 		.4byte	0x6b
 604 00c3 00       		.byte	0
 605 00c4 00       		.byte	0
 606 00c5 08       		.uleb128 0x8
 607 00c6 2A010000 		.4byte	.LASF16
 608 00ca 03       		.byte	0x3
 609 00cb 21       		.byte	0x21
 610 00cc B0000000 		.4byte	0xb0
 611 00d0 09       		.uleb128 0x9
 612 00d1 BF000000 		.4byte	.LASF17
 613 00d5 01       		.byte	0x1
 614 00d6 58       		.byte	0x58
ARM GAS  C:\Users\IYANG~1.DES\AppData\Local\Temp\cc7iOBc9.s 			page 31


 615 00d7 01       		.byte	0x1
 616 00d8 09       		.uleb128 0x9
 617 00d9 36020000 		.4byte	.LASF18
 618 00dd 01       		.byte	0x1
 619 00de 8B       		.byte	0x8b
 620 00df 01       		.byte	0x1
 621 00e0 0A       		.uleb128 0xa
 622 00e1 34000000 		.4byte	.LASF19
 623 00e5 01       		.byte	0x1
 624 00e6 2C       		.byte	0x2c
 625 00e7 00000000 		.4byte	.LFB2
 626 00eb 02000000 		.4byte	.LFE2-.LFB2
 627 00ef 01       		.uleb128 0x1
 628 00f0 9C       		.byte	0x9c
 629 00f1 0A       		.uleb128 0xa
 630 00f2 41010000 		.4byte	.LASF20
 631 00f6 01       		.byte	0x1
 632 00f7 40       		.byte	0x40
 633 00f8 00000000 		.4byte	.LFB3
 634 00fc 02000000 		.4byte	.LFE3-.LFB3
 635 0100 01       		.uleb128 0x1
 636 0101 9C       		.byte	0x9c
 637 0102 0B       		.uleb128 0xb
 638 0103 D0000000 		.4byte	0xd0
 639 0107 00000000 		.4byte	.LFB4
 640 010b 68000000 		.4byte	.LFE4-.LFB4
 641 010f 01       		.uleb128 0x1
 642 0110 9C       		.byte	0x9c
 643 0111 28010000 		.4byte	0x128
 644 0115 0C       		.uleb128 0xc
 645 0116 30000000 		.4byte	.LVL0
 646 011a 5F010000 		.4byte	0x15f
 647 011e 0C       		.uleb128 0xc
 648 011f 34000000 		.4byte	.LVL1
 649 0123 66010000 		.4byte	0x166
 650 0127 00       		.byte	0
 651 0128 0B       		.uleb128 0xb
 652 0129 D8000000 		.4byte	0xd8
 653 012d 00000000 		.4byte	.LFB5
 654 0131 44000000 		.4byte	.LFE5-.LFB5
 655 0135 01       		.uleb128 0x1
 656 0136 9C       		.byte	0x9c
 657 0137 4E010000 		.4byte	0x14e
 658 013b 0C       		.uleb128 0xc
 659 013c 28000000 		.4byte	.LVL2
 660 0140 6D010000 		.4byte	0x16d
 661 0144 0C       		.uleb128 0xc
 662 0145 34000000 		.4byte	.LVL3
 663 0149 74010000 		.4byte	0x174
 664 014d 00       		.byte	0
 665 014e 0D       		.uleb128 0xd
 666 014f 2B020000 		.4byte	.LASF29
 667 0153 01       		.byte	0x1
 668 0154 18       		.byte	0x18
 669 0155 C5000000 		.4byte	0xc5
 670 0159 05       		.uleb128 0x5
 671 015a 03       		.byte	0x3
ARM GAS  C:\Users\IYANG~1.DES\AppData\Local\Temp\cc7iOBc9.s 			page 32


 672 015b 00000000 		.4byte	ADC_backup
 673 015f 0E       		.uleb128 0xe
 674 0160 53010000 		.4byte	.LASF21
 675 0164 03       		.byte	0x3
 676 0165 9D       		.byte	0x9d
 677 0166 0E       		.uleb128 0xe
 678 0167 41020000 		.4byte	.LASF22
 679 016b 03       		.byte	0x3
 680 016c 99       		.byte	0x99
 681 016d 0E       		.uleb128 0xe
 682 016e EE000000 		.4byte	.LASF23
 683 0172 03       		.byte	0x3
 684 0173 9B       		.byte	0x9b
 685 0174 0E       		.uleb128 0xe
 686 0175 19010000 		.4byte	.LASF24
 687 0179 03       		.byte	0x3
 688 017a 9C       		.byte	0x9c
 689 017b 00       		.byte	0
 690              		.section	.debug_abbrev,"",%progbits
 691              	.Ldebug_abbrev0:
 692 0000 01       		.uleb128 0x1
 693 0001 11       		.uleb128 0x11
 694 0002 01       		.byte	0x1
 695 0003 25       		.uleb128 0x25
 696 0004 0E       		.uleb128 0xe
 697 0005 13       		.uleb128 0x13
 698 0006 0B       		.uleb128 0xb
 699 0007 03       		.uleb128 0x3
 700 0008 0E       		.uleb128 0xe
 701 0009 1B       		.uleb128 0x1b
 702 000a 0E       		.uleb128 0xe
 703 000b 55       		.uleb128 0x55
 704 000c 17       		.uleb128 0x17
 705 000d 11       		.uleb128 0x11
 706 000e 01       		.uleb128 0x1
 707 000f 10       		.uleb128 0x10
 708 0010 17       		.uleb128 0x17
 709 0011 00       		.byte	0
 710 0012 00       		.byte	0
 711 0013 02       		.uleb128 0x2
 712 0014 24       		.uleb128 0x24
 713 0015 00       		.byte	0
 714 0016 0B       		.uleb128 0xb
 715 0017 0B       		.uleb128 0xb
 716 0018 3E       		.uleb128 0x3e
 717 0019 0B       		.uleb128 0xb
 718 001a 03       		.uleb128 0x3
 719 001b 0E       		.uleb128 0xe
 720 001c 00       		.byte	0
 721 001d 00       		.byte	0
 722 001e 03       		.uleb128 0x3
 723 001f 24       		.uleb128 0x24
 724 0020 00       		.byte	0
 725 0021 0B       		.uleb128 0xb
 726 0022 0B       		.uleb128 0xb
 727 0023 3E       		.uleb128 0x3e
 728 0024 0B       		.uleb128 0xb
ARM GAS  C:\Users\IYANG~1.DES\AppData\Local\Temp\cc7iOBc9.s 			page 33


 729 0025 03       		.uleb128 0x3
 730 0026 08       		.uleb128 0x8
 731 0027 00       		.byte	0
 732 0028 00       		.byte	0
 733 0029 04       		.uleb128 0x4
 734 002a 16       		.uleb128 0x16
 735 002b 00       		.byte	0
 736 002c 03       		.uleb128 0x3
 737 002d 0E       		.uleb128 0xe
 738 002e 3A       		.uleb128 0x3a
 739 002f 0B       		.uleb128 0xb
 740 0030 3B       		.uleb128 0x3b
 741 0031 05       		.uleb128 0x5
 742 0032 49       		.uleb128 0x49
 743 0033 13       		.uleb128 0x13
 744 0034 00       		.byte	0
 745 0035 00       		.byte	0
 746 0036 05       		.uleb128 0x5
 747 0037 35       		.uleb128 0x35
 748 0038 00       		.byte	0
 749 0039 49       		.uleb128 0x49
 750 003a 13       		.uleb128 0x13
 751 003b 00       		.byte	0
 752 003c 00       		.byte	0
 753 003d 06       		.uleb128 0x6
 754 003e 13       		.uleb128 0x13
 755 003f 01       		.byte	0x1
 756 0040 0B       		.uleb128 0xb
 757 0041 0B       		.uleb128 0xb
 758 0042 3A       		.uleb128 0x3a
 759 0043 0B       		.uleb128 0xb
 760 0044 3B       		.uleb128 0x3b
 761 0045 0B       		.uleb128 0xb
 762 0046 01       		.uleb128 0x1
 763 0047 13       		.uleb128 0x13
 764 0048 00       		.byte	0
 765 0049 00       		.byte	0
 766 004a 07       		.uleb128 0x7
 767 004b 0D       		.uleb128 0xd
 768 004c 00       		.byte	0
 769 004d 03       		.uleb128 0x3
 770 004e 0E       		.uleb128 0xe
 771 004f 3A       		.uleb128 0x3a
 772 0050 0B       		.uleb128 0xb
 773 0051 3B       		.uleb128 0x3b
 774 0052 0B       		.uleb128 0xb
 775 0053 49       		.uleb128 0x49
 776 0054 13       		.uleb128 0x13
 777 0055 38       		.uleb128 0x38
 778 0056 0B       		.uleb128 0xb
 779 0057 00       		.byte	0
 780 0058 00       		.byte	0
 781 0059 08       		.uleb128 0x8
 782 005a 16       		.uleb128 0x16
 783 005b 00       		.byte	0
 784 005c 03       		.uleb128 0x3
 785 005d 0E       		.uleb128 0xe
ARM GAS  C:\Users\IYANG~1.DES\AppData\Local\Temp\cc7iOBc9.s 			page 34


 786 005e 3A       		.uleb128 0x3a
 787 005f 0B       		.uleb128 0xb
 788 0060 3B       		.uleb128 0x3b
 789 0061 0B       		.uleb128 0xb
 790 0062 49       		.uleb128 0x49
 791 0063 13       		.uleb128 0x13
 792 0064 00       		.byte	0
 793 0065 00       		.byte	0
 794 0066 09       		.uleb128 0x9
 795 0067 2E       		.uleb128 0x2e
 796 0068 00       		.byte	0
 797 0069 3F       		.uleb128 0x3f
 798 006a 19       		.uleb128 0x19
 799 006b 03       		.uleb128 0x3
 800 006c 0E       		.uleb128 0xe
 801 006d 3A       		.uleb128 0x3a
 802 006e 0B       		.uleb128 0xb
 803 006f 3B       		.uleb128 0x3b
 804 0070 0B       		.uleb128 0xb
 805 0071 27       		.uleb128 0x27
 806 0072 19       		.uleb128 0x19
 807 0073 20       		.uleb128 0x20
 808 0074 0B       		.uleb128 0xb
 809 0075 00       		.byte	0
 810 0076 00       		.byte	0
 811 0077 0A       		.uleb128 0xa
 812 0078 2E       		.uleb128 0x2e
 813 0079 00       		.byte	0
 814 007a 3F       		.uleb128 0x3f
 815 007b 19       		.uleb128 0x19
 816 007c 03       		.uleb128 0x3
 817 007d 0E       		.uleb128 0xe
 818 007e 3A       		.uleb128 0x3a
 819 007f 0B       		.uleb128 0xb
 820 0080 3B       		.uleb128 0x3b
 821 0081 0B       		.uleb128 0xb
 822 0082 27       		.uleb128 0x27
 823 0083 19       		.uleb128 0x19
 824 0084 11       		.uleb128 0x11
 825 0085 01       		.uleb128 0x1
 826 0086 12       		.uleb128 0x12
 827 0087 06       		.uleb128 0x6
 828 0088 40       		.uleb128 0x40
 829 0089 18       		.uleb128 0x18
 830 008a 9742     		.uleb128 0x2117
 831 008c 19       		.uleb128 0x19
 832 008d 00       		.byte	0
 833 008e 00       		.byte	0
 834 008f 0B       		.uleb128 0xb
 835 0090 2E       		.uleb128 0x2e
 836 0091 01       		.byte	0x1
 837 0092 31       		.uleb128 0x31
 838 0093 13       		.uleb128 0x13
 839 0094 11       		.uleb128 0x11
 840 0095 01       		.uleb128 0x1
 841 0096 12       		.uleb128 0x12
 842 0097 06       		.uleb128 0x6
ARM GAS  C:\Users\IYANG~1.DES\AppData\Local\Temp\cc7iOBc9.s 			page 35


 843 0098 40       		.uleb128 0x40
 844 0099 18       		.uleb128 0x18
 845 009a 9742     		.uleb128 0x2117
 846 009c 19       		.uleb128 0x19
 847 009d 01       		.uleb128 0x1
 848 009e 13       		.uleb128 0x13
 849 009f 00       		.byte	0
 850 00a0 00       		.byte	0
 851 00a1 0C       		.uleb128 0xc
 852 00a2 898201   		.uleb128 0x4109
 853 00a5 00       		.byte	0
 854 00a6 11       		.uleb128 0x11
 855 00a7 01       		.uleb128 0x1
 856 00a8 31       		.uleb128 0x31
 857 00a9 13       		.uleb128 0x13
 858 00aa 00       		.byte	0
 859 00ab 00       		.byte	0
 860 00ac 0D       		.uleb128 0xd
 861 00ad 34       		.uleb128 0x34
 862 00ae 00       		.byte	0
 863 00af 03       		.uleb128 0x3
 864 00b0 0E       		.uleb128 0xe
 865 00b1 3A       		.uleb128 0x3a
 866 00b2 0B       		.uleb128 0xb
 867 00b3 3B       		.uleb128 0x3b
 868 00b4 0B       		.uleb128 0xb
 869 00b5 49       		.uleb128 0x49
 870 00b6 13       		.uleb128 0x13
 871 00b7 02       		.uleb128 0x2
 872 00b8 18       		.uleb128 0x18
 873 00b9 00       		.byte	0
 874 00ba 00       		.byte	0
 875 00bb 0E       		.uleb128 0xe
 876 00bc 2E       		.uleb128 0x2e
 877 00bd 00       		.byte	0
 878 00be 3F       		.uleb128 0x3f
 879 00bf 19       		.uleb128 0x19
 880 00c0 03       		.uleb128 0x3
 881 00c1 0E       		.uleb128 0xe
 882 00c2 3A       		.uleb128 0x3a
 883 00c3 0B       		.uleb128 0xb
 884 00c4 3B       		.uleb128 0x3b
 885 00c5 0B       		.uleb128 0xb
 886 00c6 27       		.uleb128 0x27
 887 00c7 19       		.uleb128 0x19
 888 00c8 3C       		.uleb128 0x3c
 889 00c9 19       		.uleb128 0x19
 890 00ca 00       		.byte	0
 891 00cb 00       		.byte	0
 892 00cc 00       		.byte	0
 893              		.section	.debug_aranges,"",%progbits
 894 0000 34000000 		.4byte	0x34
 895 0004 0200     		.2byte	0x2
 896 0006 00000000 		.4byte	.Ldebug_info0
 897 000a 04       		.byte	0x4
 898 000b 00       		.byte	0
 899 000c 0000     		.2byte	0
ARM GAS  C:\Users\IYANG~1.DES\AppData\Local\Temp\cc7iOBc9.s 			page 36


 900 000e 0000     		.2byte	0
 901 0010 00000000 		.4byte	.LFB2
 902 0014 02000000 		.4byte	.LFE2-.LFB2
 903 0018 00000000 		.4byte	.LFB3
 904 001c 02000000 		.4byte	.LFE3-.LFB3
 905 0020 00000000 		.4byte	.LFB4
 906 0024 68000000 		.4byte	.LFE4-.LFB4
 907 0028 00000000 		.4byte	.LFB5
 908 002c 44000000 		.4byte	.LFE5-.LFB5
 909 0030 00000000 		.4byte	0
 910 0034 00000000 		.4byte	0
 911              		.section	.debug_ranges,"",%progbits
 912              	.Ldebug_ranges0:
 913 0000 00000000 		.4byte	.LFB2
 914 0004 02000000 		.4byte	.LFE2
 915 0008 00000000 		.4byte	.LFB3
 916 000c 02000000 		.4byte	.LFE3
 917 0010 00000000 		.4byte	.LFB4
 918 0014 68000000 		.4byte	.LFE4
 919 0018 00000000 		.4byte	.LFB5
 920 001c 44000000 		.4byte	.LFE5
 921 0020 00000000 		.4byte	0
 922 0024 00000000 		.4byte	0
 923              		.section	.debug_line,"",%progbits
 924              	.Ldebug_line0:
 925 0000 B4000000 		.section	.debug_str,"MS",%progbits,1
 925      02004C00 
 925      00000201 
 925      FB0E0D00 
 925      01010101 
 926              	.LASF6:
 927 0000 6C6F6E67 		.ascii	"long long int\000"
 927      206C6F6E 
 927      6720696E 
 927      7400
 928              	.LASF14:
 929 000e 72656733 		.ascii	"reg32\000"
 929      3200
 930              	.LASF26:
 931 0014 47656E65 		.ascii	"Generated_Source\\PSoC4\\ADC_PM.c\000"
 931      72617465 
 931      645F536F 
 931      75726365 
 931      5C50536F 
 932              	.LASF19:
 933 0034 4144435F 		.ascii	"ADC_SaveConfig\000"
 933      53617665 
 933      436F6E66 
 933      696700
 934              	.LASF3:
 935 0043 73686F72 		.ascii	"short unsigned int\000"
 935      7420756E 
 935      7369676E 
 935      65642069 
 935      6E7400
 936              	.LASF27:
 937 0056 443A5C44 		.ascii	"D:\\Dropbox\\blog\\UV sensor\\SW\\UVSensorCypress\\"
ARM GAS  C:\Users\IYANG~1.DES\AppData\Local\Temp\cc7iOBc9.s 			page 37


 937      726F7062 
 937      6F785C62 
 937      6C6F675C 
 937      55562073 
 938 0083 55562053 		.ascii	"UV Sensor.cydsn\000"
 938      656E736F 
 938      722E6379 
 938      64736E00 
 939              	.LASF11:
 940 0093 666C6F61 		.ascii	"float\000"
 940      7400
 941              	.LASF1:
 942 0099 756E7369 		.ascii	"unsigned char\000"
 942      676E6564 
 942      20636861 
 942      7200
 943              	.LASF5:
 944 00a7 6C6F6E67 		.ascii	"long unsigned int\000"
 944      20756E73 
 944      69676E65 
 944      6420696E 
 944      7400
 945              	.LASF9:
 946 00b9 75696E74 		.ascii	"uint8\000"
 946      3800
 947              	.LASF17:
 948 00bf 4144435F 		.ascii	"ADC_Sleep\000"
 948      536C6565 
 948      7000
 949              	.LASF12:
 950 00c9 646F7562 		.ascii	"double\000"
 950      6C6500
 951              	.LASF2:
 952 00d0 73686F72 		.ascii	"short int\000"
 952      7420696E 
 952      7400
 953              	.LASF10:
 954 00da 75696E74 		.ascii	"uint32\000"
 954      333200
 955              	.LASF8:
 956 00e1 756E7369 		.ascii	"unsigned int\000"
 956      676E6564 
 956      20696E74 
 956      00
 957              	.LASF23:
 958 00ee 4144435F 		.ascii	"ADC_Enable\000"
 958      456E6162 
 958      6C6500
 959              	.LASF7:
 960 00f9 6C6F6E67 		.ascii	"long long unsigned int\000"
 960      206C6F6E 
 960      6720756E 
 960      7369676E 
 960      65642069 
 961              	.LASF15:
 962 0110 73697A65 		.ascii	"sizetype\000"
 962      74797065 
ARM GAS  C:\Users\IYANG~1.DES\AppData\Local\Temp\cc7iOBc9.s 			page 38


 962      00
 963              	.LASF24:
 964 0119 4144435F 		.ascii	"ADC_StartConvert\000"
 964      53746172 
 964      74436F6E 
 964      76657274 
 964      00
 965              	.LASF16:
 966 012a 4144435F 		.ascii	"ADC_BACKUP_STRUCT\000"
 966      4241434B 
 966      55505F53 
 966      54525543 
 966      5400
 967              	.LASF13:
 968 013c 63686172 		.ascii	"char\000"
 968      00
 969              	.LASF20:
 970 0141 4144435F 		.ascii	"ADC_RestoreConfig\000"
 970      52657374 
 970      6F726543 
 970      6F6E6669 
 970      6700
 971              	.LASF21:
 972 0153 4144435F 		.ascii	"ADC_StopConvert\000"
 972      53746F70 
 972      436F6E76 
 972      65727400 
 973              	.LASF25:
 974 0163 474E5520 		.ascii	"GNU C 4.9.3 20150303 (release) [ARM/embedded-4_9-br"
 974      4320342E 
 974      392E3320 
 974      32303135 
 974      30333033 
 975 0196 616E6368 		.ascii	"anch revision 221220] -mcpu=cortex-m0 -mthumb -g -O"
 975      20726576 
 975      6973696F 
 975      6E203232 
 975      31323230 
 976 01c9 33202D66 		.ascii	"3 -ffunction-sections -finline-functions -flto -ffa"
 976      66756E63 
 976      74696F6E 
 976      2D736563 
 976      74696F6E 
 977 01fc 742D6C74 		.ascii	"t-lto-objects\000"
 977      6F2D6F62 
 977      6A656374 
 977      7300
 978              	.LASF4:
 979 020a 6C6F6E67 		.ascii	"long int\000"
 979      20696E74 
 979      00
 980              	.LASF28:
 981 0213 656E6162 		.ascii	"enableState\000"
 981      6C655374 
 981      61746500 
 982              	.LASF0:
 983 021f 7369676E 		.ascii	"signed char\000"
ARM GAS  C:\Users\IYANG~1.DES\AppData\Local\Temp\cc7iOBc9.s 			page 39


 983      65642063 
 983      68617200 
 984              	.LASF29:
 985 022b 4144435F 		.ascii	"ADC_backup\000"
 985      6261636B 
 985      757000
 986              	.LASF18:
 987 0236 4144435F 		.ascii	"ADC_Wakeup\000"
 987      57616B65 
 987      757000
 988              	.LASF22:
 989 0241 4144435F 		.ascii	"ADC_Stop\000"
 989      53746F70 
 989      00
 990              		.comm	__gnu_lto_v1,1,1
 991              		.ident	"GCC: (GNU Tools for ARM Embedded Processors) 4.9.3 20150303 (release) [ARM/embedded-4_9-br
