ARM GAS  C:\Users\IYANG~1.DES\AppData\Local\Temp\ccgHyjOO.s 			page 1


   1              		.cpu cortex-m0
   2              		.fpu softvfp
   3              		.eabi_attribute 20, 1
   4              		.eabi_attribute 21, 1
   5              		.eabi_attribute 23, 3
   6              		.eabi_attribute 24, 1
   7              		.eabi_attribute 25, 1
   8              		.eabi_attribute 26, 1
   9              		.eabi_attribute 30, 2
  10              		.eabi_attribute 34, 0
  11              		.eabi_attribute 18, 4
  12              		.code	16
  13              		.file	"ADC_intClock.c"
  14              		.text
  15              	.Ltext0:
  16              		.section	.gnu.lto_.profile.1813a0b6,"",%progbits
  17 0000 789C6366 		.ascii	"x\234cf```a\200\000F\0069I\000\000\311\000@"
  17      60606061 
  17      80004606 
  17      39490000 
  17      C90040
  18              		.text
  19              		.section	.gnu.lto_.jmpfuncs.1813a0b6,"",%progbits
  20 0000 789C6366 		.ascii	"x\234cf\300\016\304\2414+\003##c=#\003\003\023\023#"
  20      C00EC4A1 
  20      342B0323 
  20      23633D23 
  20      03031313 
  21 0015 23737D3D 		.ascii	"#s}=3\003\003\013P\030\000\026R\001\261"
  21      3303030B 
  21      50180016 
  21      5201B1
  22              		.text
  23              		.section	.gnu.lto_.inline.1813a0b6,"",%progbits
  24 0000 789C6D8B 		.ascii	"x\234m\213\273\025\2000\014\003eG\201\020\012FH\303"
  24      BB158030 
  24      0C036547 
  24      81100A46 
  24      48C3
  25 0012 631C3662 		.ascii	"c\0346b\007J\312\314\301\024\214\204\375\3705\250\261"
  25      074ACACC 
  25      C1148C84 
  25      FDF835A8 
  25      B1
  26 0023 ADF305FC 		.ascii	"\255\363\005\374g\271g\004\272I\004\002\204\264oDS\213"
  26      67B96704 
  26      BA490402 
  26      84B46F44 
  26      538B
  27 0035 82B5D0A9 		.ascii	"\202\265\320\251\240\035\005\372\001\213\242\317\242"
  27      A01D05FA 
  27      018BA2CF 
  27      A2
  28 0042 2E9806E6 		.ascii	".\230\006\346u\276\220\036\003]L\376\024\020i\242\235"
  28      75BE901E 
  28      035D4CFE 
  28      141069A2 
ARM GAS  C:\Users\IYANG~1.DES\AppData\Local\Temp\ccgHyjOO.s 			page 2


  28      9D
  29 0053 AF4704B5 		.ascii	"\257G\004\265\312\266\247\301\011M\203\013\347"
  29      CAB6A7C1 
  29      094D830B 
  29      E7
  30              		.text
  31              		.section	.gnu.lto_.pureconst.1813a0b6,"",%progbits
  32 0000 789C6366 		.ascii	"x\234cf``\340f\200\000V\006)F)&)f)\026\006\000\003\374"
  32      6060E066 
  32      80005606 
  32      29462926 
  32      29662916 
  33 0018 0086     		.ascii	"\000\206"
  34              		.text
  35              		.section	.gnu.lto_ADC_intClock_StartEx.1813a0b6,"",%progbits
  36 0000 789C6551 		.ascii	"x\234eQMHTQ\024>\337\275\357\276y4\006\321*\\\2711i"
  36      4D485451 
  36      143EDFBD 
  36      EFBE7934 
  36      06D12A5C 
  37 0017 D3CA55AB 		.ascii	"\323\312U\253d\006\332\012n\005\221i\210\311a\006\304"
  37      6406DA0A 
  37      6E059169 
  37      88C96106 
  37      C4
  38 0028 5AB4E93E 		.ascii	"Z\264\351>}L -D0\014qU\321\317\2143\245\253\242\340"
  38      7D4C202D 
  38      44300C71 
  38      55D1CF8C 
  38      33A5ABA2 
  39 003d 29491936 		.ascii	")I\0316\321\"\205Al3F\265\010\247$\031(\364\234\367"
  39      D1228541 
  39      6C3346B5 
  39      08A72419 
  39      28F49CF7 
  40 0051 5A283DB8 		.ascii	"Z(=\270\367\334s\370\276\357|\347<M\377\177i>F\021\365"
  40      F7DC73F8 
  40      BEEF7CE7 
  40      3C4DFF7F 
  40      693E4611 
  41 0066 72844B50 		.ascii	"r\204KPSu\"\337S\320\361C+s\373\015\221=\341\004\011"
  41      537522DF 
  41      53D0F143 
  41      2B73FB0D 
  41      913DE104 
  42 007b B21D26AE 		.ascii	"\262\035&\256\3679\200D\002\335T\3328\340;\326\373\246"
  42      F7398044 
  42      02DD54DA 
  42      38E03BD6 
  42      FBA6
  43 008d 5A0A5361 		.ascii	"Z\012Say6\331\363\300Z\273\373s\315\357\017\321\346"
  43      7936D9F3 
  43      C05ABBFB 
  43      73CDEF0F 
  43      D1E6
  44 009f 0EBF548C 		.ascii	"\016\277T\214\300C\3640f\365\317\217\360\244>\007\342"
  44      C043F430 
ARM GAS  C:\Users\IYANG~1.DES\AppData\Local\Temp\ccgHyjOO.s 			page 3


  44      66F5CF8F 
  44      F0A43E07 
  44      E2
  45 00b0 F7F3EADE 		.ascii	"\367\363\352\336\373\344W\325V\350\222\364\305\364\333"
  45      FBE457D5 
  45      56E892F4 
  45      C5F4DB
  46 00bf 595752E5 		.ascii	"YWR\345H\272V\252\336u\273\357Y;\036\276[\264\027\235"
  46      48BA56AA 
  46      DE75BBEF 
  46      593B1EBE 
  46      5BB4179D 
  47 00d3 B6D27804 		.ascii	"\266\322x\004\315zx\214N<A'q\211PF\267\300[\301\337"
  47      CD7A788C 
  47      4E3C4127 
  47      71895046 
  47      B7C05BC1 
  48 00e8 CDA41B70 		.ascii	"\315\244\033p\363SqOT\340\202c\355th\017\016\226*\313"
  48      F353714F 
  48      54E08263 
  48      ED74680F 
  48      0E962ACB 
  49 00fc 1BF01453 		.ascii	"\033\360\024S\034\315\027{\027\242\221\334\225\213\250"
  49      1CCD177B 
  49      17A291DC 
  49      958BA8
  50 010b C9241EB6 		.ascii	"\311$\036\266\251\024\007\275\303\322<\252n`\345\367"
  50      A91407BD 
  50      C3D23CAA 
  50      6E60E5F7 
  51 011b E4C6AA16 		.ascii	"\344\306\252\026\265}%S\316l\225\353\035b\323\2656\260"
  51      B57D2553 
  51      CE6C95EB 
  51      1D62D3B5 
  51      36B0
  52 012d 91D5CFCD 		.ascii	"\221\325\317\315\017\037\275\250D\222.\277\232\2741"
  52      0F1FBDA8 
  52      44922EBF 
  52      9ABC31
  53 013c 8F393FE0 		.ascii	"\2179?\340\005$\260\300f\253l\226P\303<\250\201\361"
  53      0524B0C0 
  53      66AB6C96 
  53      50C33CA8 
  53      81F1
  54 014e ED5BEB67 		.ascii	"\355[\353gb=\315\222\364\011\301\372\304\325\177\205"
  54      623DCD92 
  54      F409C1FA 
  54      C4D57F85 
  55 015e A36A8639 		.ascii	"\243j\2069O\205I\342\316\020\377\021\354\260U\266\327"
  55      4F8549E2 
  55      CE10FF11 
  55      ECB055B6 
  55      D7
  56 016f C0C456A9 		.ascii	"\300\304V\251\376\305\304,\263\257\034&\336\237\271"
  56      FEC5C42C 
  56      B3AF1C26 
  56      DE9FB9
ARM GAS  C:\Users\IYANG~1.DES\AppData\Local\Temp\ccgHyjOO.s 			page 4


  57 017e 533142F4 		.ascii	"S1B\364<\3023&2j\257\364:\021\203\004'\352/\277\357"
  57      3CC23326 
  57      326AAFF4 
  57      3A118304 
  57      27EA2FBF 
  58 0193 46F69D90 		.ascii	"F\366\235\220w\305\300\305\010\2702\335\252]\020\340"
  58      77C5C0C5 
  58      08B832DD 
  58      AA5D10E0 
  59 01a3 51FF7E68 		.ascii	"Q\377~h\216O\260\304\023\260\022m\303\0177\243\346\261"
  59      8E4FB0C4 
  59      13B0126D 
  59      C30F37A3 
  59      E6B1
  60 01b5 37B0275E 		.ascii	"7\260'^\337\331K\331Bvtx,{yh\240xm4\223\035\354\037"
  60      DFD94BD9 
  60      42767478 
  60      2C7B7968 
  60      A0786D34 
  61 01cd 28A67A07 		.ascii	"(\246z\007\373\322\251\241\\a,\225/fF\316g(9\234\317"
  61      FBD2A9A1 
  61      5C612C95 
  61      2F6646CE 
  61      6728399C 
  62 01e2 5D29A4F2 		.ascii	"])\244\362#\351\334\365C\234\235\312\223"
  62      23E9DCF5 
  62      439C9DCA 
  62      93
  63              		.text
  64              		.section	.gnu.lto_ADC_intClock_Stop.1813a0b6,"",%progbits
  65 0000 789C6590 		.ascii	"x\234e\220;K\003A\024\205\357\235\331M\202\011\"V!?"
  65      3B4B0341 
  65      1485EF9D 
  65      D94D8209 
  65      2256213F 
  66 0014 C0585959 		.ascii	"\300XYY\210]H \255\2206\020d\335\302\007\011\204\330"
  66      885D4820 
  66      AD903610 
  66      64DDC207 
  66      0984D8
  67 0027 D838AB2B 		.ascii	"\3308\253+B\260\210\205 \250\205\205\370\210/\260\260"
  67      42B08885 
  67      20A88585 
  67      F8882FB0 
  67      B0
  68 0038 12569B34 		.ascii	"\022V\2334!b!\201 \321b#\021,6\012\312\026\022\357\270"
  68      21622181 
  68      20D16223 
  68      112C360A 
  68      CA1612EF 
  69 004d 161107E6 		.ascii	"\026\021\007\346u\347\334s>\206\303\377\221\240\251"
  69      75E7DC73 
  69      3E86C3FF 
  69      91A0A9
  70 005c 21C030ED 		.ascii	"!\3000\355\350\003d\245\032\200\021`\310\275\003g\352"
  70      E80364A5 
  70      1A801160 
ARM GAS  C:\Users\IYANG~1.DES\AppData\Local\Temp\ccgHyjOO.s 			page 5


  70      C8BD0367 
  70      EA
  71 006d 5A0540F4 		.ascii	"Z\005@\364)\246\037DH\365\3521\005Q\356\200\260\310"
  71      29A61F44 
  71      48F5EA31 
  71      0551EE80 
  71      B0C8
  72 007f B8AA20AD 		.ascii	"\270\252 \255\236\337\013\3530,Y\345\315`tO\010\341"
  72      9EDF0BEB 
  72      302C59E5 
  72      CD60744F 
  72      08E1
  73 0091 BC5D8657 		.ascii	"\274]\206W\302.\003xg\236\000\3671\012\244\351\230_"
  73      C22E0378 
  73      679E00F7 
  73      310AA4E9 
  73      985F
  74 00a3 F5A0CF24 		.ascii	"\365\240\317$\315\200\367\206\007\350#\0208\033\264"
  74      CD80F786 
  74      07E82310 
  74      381BB4
  75 00b2 44B77B61 		.ascii	"D\267{a\257\267\307Qe\340\022\012-\244\260i\022\204"
  75      AFB7C751 
  75      65E0120A 
  75      2DA4B069 
  75      1284
  76 00c4 4D67D3CF 		.ascii	"Mg\323\317[\224H\010\274\2017\037\305\347\3551\331\376"
  76      5B944808 
  76      BC81371F 
  76      C5E7ED31 
  76      D9FE
  77 00d6 C964FAC6 		.ascii	"\311d\372\306C\271\026j3\227q!L\241\310\260G\373\366"
  77      43B9166A 
  77      33977121 
  77      4CA1C8B0 
  77      47FBF6
  78 00e9 2EF05302 		.ascii	".\360S\002y\275\276*.\354\340\226a\242\313\024<\304"
  78      79BDBE2A 
  78      2EECE096 
  78      61A2CB14 
  78      3CC4
  79 00fb 081E6184 		.ascii	"\010\036a\204\010\312\270\203\320\300\245\346j5\354"
  79      08CAB883 
  79      D0C0A5E6 
  79      6A35EC
  80 010a F971B284 		.ascii	"\371q\262\204{4\253\3133\277\205^7\002\302c\331\011"
  80      7B34ABCB 
  80      33BF855E 
  80      3702C263 
  80      D909
  81 011c 924E05FA 		.ascii	"\222N\005\372)l1E\342\021\226\343\274\356\372eWo\242"
  81      296C3145 
  81      E21196E3 
  81      BCEEFA65 
  81      576FA2
  82 012f 61A97F33 		.ascii	"a\251\1773O(\223\004O\225s\247_z\242E_\242\000\236\322"
  82      4F289304 
ARM GAS  C:\Users\IYANG~1.DES\AppData\Local\Temp\ccgHyjOO.s 			page 6


  82      4F9573A7 
  82      5F7AA245 
  82      5FA2009E 
  83 0144 6B130DAB 		.ascii	"k\023\015\253\236\224\026^\002\2223e\016%\365\254\236"
  83      9E94165E 
  83      02923365 
  83      0E25F5AC 
  83      9E
  84 0155 9F2CE853 		.ascii	"\237,\350S\231Tn>\257\351\351\211T.>\232\216%\342\231"
  84      99546E3E 
  84      AFE9E989 
  84      542E3E9A 
  84      8E25E299 
  85 0169 E96C213E 		.ascii	"\351l!>\227\323fG4\370\006,\335\220\026"
  85      97D36647 
  85      34F8062C 
  85      DD9016
  86              		.text
  87              		.section	.gnu.lto_ADC_intClock_SetFractionalDividerRegister.1813a0b6,"",%progbits
  88 0000 789C7552 		.ascii	"x\234uR[HTQ\024=\373\334;w\356<*\351\313\346\247@&\021"
  88      5B485451 
  88      143DFBDC 
  88      3B77EE3C 
  88      2AE9CBE6 
  89 0018 A27EFCE8 		.ascii	"\242~\374\350+*\245\300/A\360K\220a\034bpr`\262~\275"
  89      2B2AA5C0 
  89      2F41F04B 
  89      90611C62 
  89      707260B2 
  90 002e 63E30422 		.ascii	"c\343\004\"!\003\226\017\244\207I\276R\323\036j\004"
  90      2103960F 
  90      A48749BE 
  90      52D31E6A 
  90      04
  91 003f 933F0AA6 		.ascii	"\223?\012\246!\205\203b\243\251\023E\201\015\016\216"
  91      21858362 
  91      A3A91345 
  91      810D0E8E 
  92 004f 03C9B4F7 		.ascii	"\003\311\264\3679ZIt\341\236s\366\272{\255\263\367\332"
  92      395A4974 
  92      E19E73F6 
  92      BA7BADB3 
  92      F7DA
  93 0061 5761FF3E 		.ascii	"Wa\377>\016|\253\024\306Jq\007\205\001o\236c,\250s\000"
  93      0E7CAB14 
  93      C64A7107 
  93      85016F9E 
  93      632CA873 
  94 0076 3A306075 		.ascii	":0`u\034\352\340+Orh\216\366\267\332\362\273\015\303"
  94      1CEAE02B 
  94      4F72688E 
  94      F6B7DAF2 
  94      BB0DC3
  95 0089 F8B1369F 		.ascii	"\370\2616\237\333\220\233\341\214mq)\003\217!\037Sv"
  95      DB909BE1 
  95      8C6D7129 
  95      038F211F 
ARM GAS  C:\Users\IYANG~1.DES\AppData\Local\Temp\ccgHyjOO.s 			page 7


  95      5376
  96 009b 3E2FDDB5 		.ascii	">/\335\265(\005\300\360<\263\266\263e\377\3023\034r"
  96      2805C0F0 
  96      3CB3B6B3 
  96      65FFC233 
  96      1C72
  97 00ad 286C8F25 		.ascii	"(l\217%R\012\205\234S\330\322\363\376\023wv\031F}ts"
  97      520A859C 
  97      53D8D2F3 
  97      FE137776 
  97      19467D74 
  98 00c2 D8388FB8 		.ascii	"\3308\217\270\002=\240\240\036\364\202\003\372\300\301"
  98      023DA0A0 
  98      1EF48203 
  98      FAC0C1
  99 00d1 1062D00F 		.ascii	"\020b\320\017N\322j\032\260(\205B\366\347b\363=]\022"
  99      4ED26A1A 
  99      B0288542 
  99      F6E762F3 
  99      3D5D12
 100 00e4 DBD64D58 		.ascii	"\333\326MX\204\012\003\222w\312\001\005\304R\031<\001"
 100      840A0392 
 100      77CA0105 
 100      C452193C 
 100      01
 101 00f5 27E5C616 		.ascii	"'\345\306\026\"\215\252rQ\360\306\007S\2636Q\316\011"
 101      228DAA72 
 101      51F0C607 
 101      53B33651 
 101      CE09
 102 0107 0A2722D3 		.ascii	"\012'\"\323\255\232(G\245\260wevS\315{\200\252\253\255"
 102      AD9A2847 
 102      A5B07765 
 102      7653CD7B 
 102      80AAABAD 
 103 011b 0D537663 		.ascii	"\015Svc\332\010\255f\263\3073\334\004\203R}\010\253"
 103      DA08AD66 
 103      B3C733DC 
 103      0483527D 
 103      08AB
 104 012d 1A06C79E 		.ascii	"\032\006\307\236mHi\032I\214Y\225\022!\036\035nZ\347"
 104      6D48691A 
 104      498C5995 
 104      12211E1D 
 104      6E5AE7
 105 0140 827EBFAD 		.ascii	"\202~\277\255[\373\213<\362\037r2\264\033\263i!\364"
 105      5BFB8B3C 
 105      F21F7232 
 105      B41BB369 
 105      21F4
 106 0152 32079E42 		.ascii	"2\007\236B\036\214B\236\364\022\236\201\006\214\361"
 106      1E8C429E 
 106      F4129E81 
 106      068CF1
 107 0161 7D74E868 		.ascii	"}t\350h\324\310f\267\246\"\323g\370a\216\335ih\012~"
 107      D4C866B7 
 107      A622D367 
ARM GAS  C:\Users\IYANG~1.DES\AppData\Local\Temp\ccgHyjOO.s 			page 8


 107      F8618EDD 
 107      69680A7E 
 108 0175 5381AC31 		.ascii	"S\201\2541\021\240\321b\246E\007\352\334BG+-6Z\354L"
 108      11A0D162 
 108      A64507EA 
 108      DC42472B 
 108      2D365AEC 
 109 018a A8B30D94 		.ascii	"\250\263\015\224\247\231&p\000\270+K0\271\335\270\335"
 109      A7992670 
 109      00B82B4B 
 109      30B9DDB8 
 109      DD
 110 019b 7B8E6E4C 		.ascii	"{\216nLs\032p\307rr\363\010yb6\302!C\370\262\262\361"
 110      731A70C7 
 110      7272F308 
 110      796236C2 
 110      2143F8B2 
 111 01b1 6E5E1790 		.ascii	"n^\027\220(;\366\261\361\265\332\011\035\301\020d\270"
 111      283BF6B1 
 111      F1B5DA09 
 111      1DC11064 
 111      B8
 112 01c2 0ECFB1AD 		.ascii	"\016\317\261\255\027\324\026\274\204N`Kps'\374\035\244"
 112      17D416BC 
 112      844E604B 
 112      707327FC 
 112      1DA4
 113 01d4 A02235D3 		.ascii	"\240\"5\323]\253\337\200\004\260B\030\303\334\005\340"
 113      5DABDF80 
 113      04B04218 
 113      C3DC05E0 
 114 01e4 A247EC01 		.ascii	"\242G\354\001\223\220S\037\277\265\320W.I\2464\216\003"
 114      9390531F 
 114      BFB5D057 
 114      2E49A634 
 114      8E03
 115 01f6 6596C3A9 		.ascii	"e\226\303\251\\\211\020\2102\217Z\356\014\230H\306\242"
 115      5C891088 
 115      328F5AEE 
 115      0C9848C6 
 115      A2
 116 0207 33184719 		.ascii	"3\030G\031LJ\205\347\372*d\226Y$\356\251\305\367\325"
 116      4C4A85E7 
 116      FA2A6496 
 116      5924EEA9 
 116      C5F7D5
 117 021a 2C69AE4B 		.ascii	",i\256K\265\017{EY\021\004\247CV\372\366\230\004m\210"
 117      B50F7B45 
 117      591104A7 
 117      4356FAF6 
 117      98046D88 
 118 022e E315B767 		.ascii	"\343\025\267g\332\337\210\037T\313\002\203\211?w\234"
 118      DADF881F 
 118      54CB0283 
 118      893F779C 
 119 023e 95697671 		.ascii	"\225ivq\215\355w\003\243\324\200\035\223&#\311\370C"
 119      8DED7703 
ARM GAS  C:\Users\IYANG~1.DES\AppData\Local\Temp\ccgHyjOO.s 			page 9


 119      A3D4801D 
 119      932623C9 
 119      F843
 120 0250 3361071C 		.ascii	"3a\007\034\012FM\007=z\205\036\021#\016\301\350n\011"
 120      0A464D07 
 120      3D7A851E 
 120      11230EC1 
 120      E86E09
 121 0263 E5D3CFB0 		.ascii	"\345\323\317\260\301\201\306\201\3039y\331S\343\011"
 121      C181C681 
 121      C33979D9 
 121      53E309
 122 0272 B86A3D55 		.ascii	"\270j=U\225e\376\353\001\267\247\242\264\314_TXq\241"
 122      9565FEEB 
 122      01B7A7A2 
 122      B4CC5F54 
 122      5871A1
 123 0285 B8A8D25B 		.ascii	"\270\250\322[S[\344\363\273\253O\273\231\325\355\253"
 123      535BE4F3 
 123      BBAB4FBB 
 123      99D5EDAB 
 124 0295 2EF6DEF0 		.ascii	".\366\336\360Vy\002\207\360x)\340r\327z\3755.\237\371"
 124      56790287 
 124      F07829E0 
 124      72D77AFD 
 124      352E9FF9 
 125 02a9 AAEB5A75 		.ascii	"\252\353Zu\271\313\247\005<Wp\373\005\251\013Fn"
 125      B9CBA705 
 125      3C5770FB 
 125      05A90B46 
 125      6E
 126              		.text
 127              		.section	.gnu.lto_ADC_intClock_GetDividerRegister.1813a0b6,"",%progbits
 128 0000 789C658E 		.ascii	"x\234e\216\317K\002A\024\307\337wv]\244\202\244\243"
 128      CF4B0241 
 128      14C7DF77 
 128      765DA482 
 128      A4A3
 129 0012 7F4076EA 		.ascii	"\177@v\352\020A\207Na\3205\360*X\330\036\242P\020;;"
 129      1041874E 
 129      61D035F0 
 129      2A58D81E 
 129      A250103B 
 130 0027 DA62E129 		.ascii	"\332b\341)\242\"\022\241C\321/\333\376\200\010\242k"
 130      A22212A1 
 130      43D12FDB 
 130      FE8008A2 
 130      6B
 131 0038 60745190 		.ascii	"`tQ\220\334@\024\352T\262Ry\010\233\327vk\340\315\233"
 131      DC4014EA 
 131      54B25279 
 131      089BD776 
 131      6BE0CD9B 
 132 004c EFCC77BE 		.ascii	"\357\314w\276\357\243\321\377\025T5\005\2421\325\241"
 132      EFA3D1FF 
 132      15543505 
 132      A231D5A1 
ARM GAS  C:\Users\IYANG~1.DES\AppData\Local\Temp\ccgHyjOO.s 			page 10


 133 005c 11C45685 		.ascii	"\021\304V\205(\353\027\000\037\010\224\021\310\340U"
 133      28EB1700 
 133      1F089411 
 133      C8E055
 134 006b 7404EE9B 		.ascii	"t\004\356\233_\356\320\213\350\011\012\220\222\007\265"
 134      5FEED08B 
 134      E8090A90 
 134      9207B5
 135 007a 76576309 		.ascii	"vWc\011\301\362\332\2554\215\320\261\224\271\367\\c"
 135      C1F2DAAD 
 135      348DD0B1 
 135      94B9F75C 
 135      63
 136 008b 617FE710 		.ascii	"a\177\347\020=!\310\025\204\023\004q\012\036\2043\204"
 136      3D21C815 
 136      84130471 
 136      0A1E8433 
 136      84
 137 009c D8DBB1BE 		.ascii	"\330\333\261\276k\203\206%\245\014\260C=\234\303P\020"
 137      6B838625 
 137      A50CB043 
 137      3D9CC350 
 137      10
 138 00ad 7435722B 		.ascii	"t5r+\373}\267\273\2759-|\202zB\323x\323\211\263\250"
 138      FB7DB7BB 
 138      BD392D7C 
 138      827A42D3 
 138      78D389B3 
 139 00c2 A58AA9DA 		.ascii	"\245\212\251\332J\250\256\325q\367Q\250\332Q\376\375"
 139      4AA8AED5 
 139      71F751A8 
 139      DA51FEFD 
 140 00d2 2918B1F8 		.ascii	")\030\261\370\324y\033f&]\346-\251\363\254\347\326\303"
 140      D4791B66 
 140      265DE62D 
 140      A9F3ACE7 
 140      D6C3
 141 00e4 A3FFF78A 		.ascii	"\243\377\367\212X\326\032\205\033\275\204b\326R|>\\"
 141      58D61A85 
 141      1BBD8462 
 141      D6527C3E 
 141      5C
 142 00f5 28B632B3 		.ascii	"(\2662\263\341\022%P\035\353N\336\261'\274D\315\013"
 142      E1122550 
 142      1DEB4EDE 
 142      B127BC44 
 142      CD0B
 143 0107 3DDADD2B 		.ascii	"=\332\335+\3738\301\360\023le\256#\347lT\355\001\317"
 143      FB38C1F0 
 143      136C65AE 
 143      23E76C54 
 143      ED01CF
 144 011a A52B2339 		.ascii	"\245+#9\300\237\"\346\004\363)\332\32193a\246\026\323"
 144      C09F22E6 
 144      04F329DA 
 144      D1393361 
 144      A616D3
ARM GAS  C:\Users\IYANG~1.DES\AppData\Local\Temp\ccgHyjOO.s 			page 11


 145 012d E6522C92 		.ascii	"\346R,\222\\K\305\315\350|$\031\236\214\316\314\206"
 145      5C4BC5CD 
 145      E87C2419 
 145      9E8CCECC 
 145      86
 146 013e 63CB8974 		.ascii	"c\313\211tx5\031_\031\217\323\017\272\016~\354"
 146      7835195F 
 146      198FD30F 
 146      BA0E7EEC 
 147              		.text
 148              		.section	.gnu.lto_ADC_intClock_GetFractionalDividerRegister.1813a0b6,"",%progbits
 149 0000 789C6366 		.ascii	"x\234cf\300\004R@<\001\2105\200\230\221\231\201\221"
 149      C0045240 
 149      3C018835 
 149      80989199 
 149      8191
 150 0012 69C23906 		.ascii	"i\3029\006\206F\016&FF\020\203\201\221\241\236\211\261"
 150      86460E26 
 150      46461083 
 150      8191A19E 
 150      89B1
 151 0024 9EF125D3 		.ascii	"\236\361%\323G&\3063;\377]fT_\332\320\320\364\341\321"
 151      4726C633 
 151      3BFF5D66 
 151      545FDAD0 
 151      D0F4E1D1 
 152 0038 C73BDCAD 		.ascii	"\307;\334\255\022?\231\030\030>310\352H1j\202\314a\\"
 152      123F9918 
 152      183E3331 
 152      30EA4831 
 152      6A82CC61 
 153 004d CEA8CE00 		.ascii	"\316\250\316\000T\370\261\345\357un\266\226\206\206"
 153      54F8B1E5 
 153      EF756EB6 
 153      968686
 154 005c 0601903C 		.ascii	"\006\001\220<Pb\005#\033#\220^/t\240\341\377\377\317"
 154      50620523 
 154      1B23905E 
 154      2F74A0E1 
 154      FFFFCF
 155 006f C727BF50 		.ascii	"\307'\277Pg\006\212?\001b\220-O\231\230@4\363=\306\306"
 155      67068A3F 
 155      0162902D 
 155      4F999840 
 155      34F33DC6 
 156 0084 03BBCF31 		.ascii	"\003\273\3171\201T\003M\271\377\344\374E\216\027L?\301"
 156      8154034D 
 156      B9FFE4FC 
 156      458E174C 
 156      3FC1
 157 0096 06AC6404 		.ascii	"\006\254d\004Y\360\204\211\021\244\020(\242\346\236"
 157      59F08489 
 157      11A41028 
 157      A2E69E
 158 00a5 9A975A94 		.ascii	"\232\227Z\224X\222\232\022\037\234_Z\224\234\032\023"
 158      58929A12 
 158      1F9C5F5A 
ARM GAS  C:\Users\IYANG~1.DES\AppData\Local\Temp\ccgHyjOO.s 			page 12


 158      949C1A13 
 159 00b5 109CEF6C 		.ascii	"\020\234\357l\022\343\350\342\034\237\231W\342\234\223"
 159      12E3E8E2 
 159      1C9F9957 
 159      E29C93
 160 00c4 9F9CAD97 		.ascii	"\237\234\255\227\314\000\000\215LC\225"
 160      CC00008D 
 160      4C4395
 161              		.text
 162              		.section	.gnu.lto_.symbol_nodes.1813a0b6,"",%progbits
 163 0000 789C55C7 		.ascii	"x\234U\3071\021\000 \014\004\301\313\207\002}\030z\013"
 163      31110020 
 163      0C04C1CB 
 163      87027D18 
 163      7A0B
 164 0012 28605084 		.ascii	"(`P\204&\032\012\262\335&0x\204a\036\260Y\273\243p\224"
 164      261A0AB2 
 164      DD263078 
 164      84611EB0 
 164      59BBA370 
 165 0027 CB2A4F67 		.ascii	"\313*Ogys\373\317\005lA\025\031"
 165      7973FBCF 
 165      056C4115 
 165      19
 166              		.text
 167              		.section	.gnu.lto_.refs.1813a0b6,"",%progbits
 168 0000 789C6366 		.ascii	"x\234cf```d\200\002\000\000=\000\005"
 168      60606064 
 168      80020000 
 168      3D0005
 169              		.text
 170              		.section	.gnu.lto_.decls.1813a0b6,"",%progbits
 171 0000 789C8D54 		.ascii	"x\234\215ToL[U\024\277\247\367\365\017o]7\023\303Lc"
 171      6F4C5B55 
 171      14BFA7F7 
 171      F50F6F5D 
 171      3713C34C 
 172 0015 62F94242 		.ascii	"b\371BB\2023c\306\370M\027P\214\037\014\221\370iK\010"
 172      823363C6 
 172      F84D1750 
 172      8C1F0C91 
 172      F8694B08 
 173 0029 E95E6633 		.ascii	"\351^f3Bg\327\031\367\311\313\006i\375\307\260\033\221"
 173      4267D719 
 173      F7C9CB06 
 173      69FDC7B0 
 173      1B91
 174 003b 4D9D44E6 		.ascii	"M\235D\346\2009k7ac\264@;\004Z\201\271a3\206_6X\234"
 174      80396B37 
 174      6163B440 
 174      3B045A81 
 174      B9613386 
 175 0053 98250E36 		.ascii	"\230%\0166L`S\237\347\336\327?\257]I\274\311y\357\235"
 175      4C60539F 
 175      E7DED73F 
 175      AF5D49BC 
 175      C979EF9D 
ARM GAS  C:\Users\IYANG~1.DES\AppData\Local\Temp\ccgHyjOO.s 			page 13


 176 0067 7BCFEFFC 		.ascii	"{\317\357\374\316\275\277\363.%\2044\000!*\216w\214"
 176      CEBDBFF3 
 176      2E258434 
 176      00212A8E 
 176      778C
 177 0079 8498F0DB 		.ascii	"\204\230\360\333\204s5$;p\232\234G\353G\033GK\240M\221"
 177      84733524 
 177      3B709A9C 
 177      47EB471B 
 177      474BA04D 
 178 008e C7078F29 		.ascii	"\307\007\217)JamhV\264 Z\011\332\025\264$\332\014\332"
 178      4A616D68 
 178      56B4205A 
 178      09DA15B4 
 178      24DA0CDA 
 179 00a2 EBA97848 		.ascii	"\353\251xHa\362G\177\212\263\246\0006\215\353/\200\343"
 179      61F2477F 
 179      8AB3A600 
 179      368DEB2F 
 179      80E3
 180 00b4 B5C979FC 		.ascii	"\265\311y\374\021\264\250\256\216B5\214\027\310\305"
 180      11B4A8AE 
 180      8E42358C 
 180      17C8C5
 181 00c3 F768CECB 		.ascii	"\367h\316\313\263\036>Q\000?\225Z\213\352\342\012\235"
 181      B31E3E51 
 181      003F955A 
 181      8BEAE20A 
 181      9D
 182 00d4 D9B2012E 		.ascii	"\331\262\001.\005W\2467,\032\300&;\270;\030\210w\230"
 182      0557A637 
 182      2C1AC026 
 182      3BB83B18 
 182      887798
 183 00e7 D0B5CA12 		.ascii	"\320\265\312\022w\347o\314F\314\324\000\374\273\253"
 183      77E76FCC 
 183      46CCD400 
 183      FCBBAB
 184 00f6 633E2997 		.ascii	"c>)\227\237a\214\371Y4\016\331\024M\247\303\037\233"
 184      9F618CF9 
 184      59340ED9 
 184      144DA7C3 
 184      1F9B
 185 0108 1153220B 		.ascii	"\021S\"\013\367\346\347k\247\212\204\313e\335\204S\206"
 185      F7E6E76B 
 185      A78A84CB 
 185      65DD8453 
 185      86
 186 0119 F0E5C035 		.ascii	"\360\345\3005\031J\345S\010^\352Y\371\365i\306$\010"
 186      194AE553 
 186      085EEA59 
 186      F9F569C6 
 186      2408
 187 012b 820CBD40 		.ascii	"\202\014\275@\341\014\224\363\0229\232\017?c\207X\333"
 187      E10C94F3 
 187      12399A0F 
 187      3F638758 
ARM GAS  C:\Users\IYANG~1.DES\AppData\Local\Temp\ccgHyjOO.s 			page 14


 187      DB
 188 013c 615614B7 		.ascii	"aV\024\267\021\350\006;\364\200\235\300wP\212\021\""
 188      11E8063B 
 188      F4809DC0 
 188      77508A11 
 188      22
 189 014d 16BEC5C9 		.ascii	"\026\276\305\311\2638\211\\'\216\3171\220\014\010\347"
 189      B338895C 
 189      278ECF31 
 189      900C08E7 
 190 015d D9768A9A 		.ascii	"\331v\212\232\027\257F\236\335\322\216L<\313f\011j\212"
 190      17AF469E 
 190      DDD28E4C 
 190      3CCB6609 
 190      6A8A
 191 016f 33690884 		.ascii	"3i\010\204`\013>\277\007I+=y\372l\320B+\304\376\330"
 191      600B3EBF 
 191      07492B3D 
 191      79FA6CD0 
 191      422BC4FE 
 192 0184 C2BD21B3 		.ascii	"\302\275!\263\343$\353\014-\035\271}\224\036g\235\207"
 192      E324EB0C 
 192      2D1DB97D 
 192      941E679D 
 192      87
 193 0195 D8BFAA0A 		.ascii	"\330\277\252\012\002\004\3472\225\022\376\255\035\353"
 193      0204E732 
 193      9512FEAD 
 193      1DEB
 194 01a3 79702030 		.ascii	"yp 0\374h!)\255\313\370\203`\334\231\"\034j\367-\003"
 194      FC682129 
 194      ADCBF883 
 194      60DC9922 
 194      1C6AF72D 
 195 01b8 6D14847F 		.ascii	"m\024\204\177\315\177\323\267A\020v\216t\231\342,\252"
 195      CD7FD3B7 
 195      4110768E 
 195      7499E22C 
 195      AA
 196 01c9 AA2FF170 		.ascii	"\252/\361p\350\323q\365\245\271\372\005\327\344\302"
 196      E8D371F5 
 196      A5B9FA05 
 196      D7E4C2
 197 01d8 EA03AB90 		.ascii	"\352\003\253\220k\263\330\377\354o+T\310e\340\356\227"
 197      6BB3D8FF 
 197      EC6F2B54 
 197      C865E0EE 
 197      97
 198 01e9 F7FF8C14 		.ascii	"\367\377\214\024Q\006\240\227\305\241\311\362\331\335"
 198      5106A097 
 198      C5A1C9F2 
 198      D9DD
 199 01f7 D53E8B70 		.ascii	"\325>\213pU\225rQ\036\335\016v\2332\242\334\327D\211"
 199      55957251 
 199      1EDD0E76 
 199      9B32A2DC 
 199      D74489
ARM GAS  C:\Users\IYANG~1.DES\AppData\Local\Temp\ccgHyjOO.s 			page 15


 200 020a E0310E64 		.ascii	"\3401\016dEq\350Ea\207\231\261\007E\271\200{\273\310"
 200      4571E845 
 200      618799B1 
 200      0745B980 
 200      7BBBC8
 201 021d 4509A328 		.ascii	"E\011\243(\216\224(\227prP\023\345\372\210\317g\241"
 201      8E942897 
 201      70725013 
 201      E5FA88CF 
 201      67A1
 202 022f BEDC2A8A 		.ascii	"\276\334*\212\265*Z'O\304\250pU\276l\230\233;\266FA"
 202      B52A5A27 
 202      4FC4A870 
 202      55BE6C98 
 202      9B3BB646 
 203 0244 2E15044B 		.ascii	".\025\004K\001F\237\"Pn\2072\314\036\303\354\305\251"
 203      01469F22 
 203      506E8732 
 203      CC1EC3EC 
 203      C5A9
 204 0256 ECC3987D 		.ascii	"\354\303\230}\004\263\363Z;\0076\002D\261\316\241l\235"
 204      04B3F35A 
 204      3B073602 
 204      44B1CEA1 
 204      6C9D
 205 0268 C572A61B 		.ascii	"\305r\246\033\333Zbm\222h\211h\246%N\216=\0346\2119"
 205      DB5A626D 
 205      92688968 
 205      A6254E8E 
 205      3D1C3689 
 206 027d BEBFCB20 		.ascii	"\276\277\313 &}\201/&l\353\312\366\243\220m4\335(M\177"
 206      267D812F 
 206      266CEBCA 
 206      F6A3906D 
 206      34DD284D 
 207 0292 F43ED848 		.ascii	"\364>\330H?\321\3664\334\032i\267\244:e\264k\233\256"
 207      3FD1F634 
 207      DC1A69B7 
 207      A43A65B4 
 207      6B9BAE
 208 02a5 53100563 		.ascii	"S\020\005c:\365\306\322\352\215\013\365\326Z\246oR="
 208      3AF5C6D2 
 208      EA8D0BF5 
 208      D65AA66F 
 208      523D
 209 02b7 252F27CB 		.ascii	"%/'\3139\221\323*\211\201c\275\233\350E\215r%2\335k"
 209      3991D32A 
 209      898163BD 
 209      9BE8458D 
 209      722532DD 
 210 02cc 1294B716 		.ascii	"\022\224\267\026[\306\255L\353\026\001\201\270\2160"
 210      5BC6AD4C 
 210      EB160181 
 210      B88E30
 211 02db 9E264C08 		.ascii	"\236&L\010\302\017\232C9|\321\034\276\237r\370\036\036"
 211      C20F9A43 
 211      397CD11C 
ARM GAS  C:\Users\IYANG~1.DES\AppData\Local\Temp\ccgHyjOO.s 			page 16


 211      BE9F72F8 
 211      1E1E
 212 02ed 9D8D4B74 		.ascii	"\235\215KtV\343\233\210\335\353\226\220/\024\272\325"
 212      56E39B88 
 212      DDEB9690 
 212      2F14BAD5 
 213 02fd FABB126D 		.ascii	"\372\273\022mf\177\363\256\341\010\230\324\321M\246"
 213      667FF3AE 
 213      E10898D4 
 213      D14DA6
 214 030c E9A6381D 		.ascii	"\351\2468\035\215\215\016\206%\260\313\366\016\274#"
 214      8D8D0E86 
 214      25B0CBF6 
 214      0EBC23
 215 031b 56F1EF7F 		.ascii	"V\361\357\177_\245p\005d\336?\354\261\237\232\210%\002"
 215      5FA57005 
 215      64DE3FEC 
 215      B19F9A88 
 215      2502
 216 032d 3FA33F8D 		.ascii	"?\243?\215>\007E\375\237~]\345\377\207\337\034\352\021"
 216      3E0745FD 
 216      9F7E5DE5 
 216      FF87DF1C 
 216      EA11
 217 033f B308E00F 		.ascii	"\263\010\340\017\254\310\037\270p\327H\233\264\273h"
 217      ACC81FB8 
 217      70D7489B 
 217      B4BB68
 218 034e A67DF92B 		.ascii	"\246}\371+\213\354\347-\371?\257\012\303G\253\213\313"
 218      8BECE72D 
 218      F93FAF0A 
 218      C347AB8B 
 218      CB
 219 035f 36ADD30A 		.ascii	"6\255\323\012\200~)\000\322~\214\216;\2575\263\227a"
 219      807E2900 
 219      D27E8C8E 
 219      3BAF35B3 
 219      9761
 220 0371 064FEE6A 		.ascii	"\006O\356j\266\341\256A\266\343\006\022\347\026\014"
 220      B6E1AE41 
 220      B6E30612 
 220      E7160C
 221 0380 D60FB3F7 		.ascii	"\326\017\263\367\226\010\316\3562\011VqF\374m:\340j"
 221      9608CEEE 
 221      32095671 
 221      46FC6D3A 
 221      E06A
 222 0392 F46EAF30 		.ascii	"\364n\2570U\277\361\226\243\222\224T+\215\212\247\336"
 222      55BFF196 
 222      A3929454 
 222      2B8D8AA7 
 222      DE
 223 03a3 ABECAEAB 		.ascii	"\253\354\256\253u\037\3608\225]5\265\356\312\347\237"
 223      751FF038 
 223      955D35B5 
 223      EECAE79F 
 224 03b3 731EF41E 		.ascii	"s\036\364\036\334\247\354\337\3726yrGUe\035B*\033\334"
ARM GAS  C:\Users\IYANG~1.DES\AppData\Local\Temp\ccgHyjOO.s 			page 17


 224      DCA7ECDF 
 224      FA367972 
 224      4755651D 
 224      422A1BDC 
 225 03c7 CEBD75B5 		.ascii	"\316\275u\265\336z\217\367\225\367J\013\303v\351c\267"
 225      DE7A8FF7 
 225      95F74A0B 
 225      C376E963 
 225      B7
 226 03d8 3AC91379 		.ascii	":\311\023yX\367>\301\276\355\005#\177\275X\226\273\254"
 226      58F73EC1 
 226      BEED0523 
 226      7FBD5896 
 226      BBAC
 227 03ea 785FF5D4 		.ascii	"x_\365\324;\275.wc}C\225\353]\327n\305\363\246\262\307"
 227      3BBD2E77 
 227      637D4395 
 227      EB5DD76E 
 227      C5F3A6B2 
 228 03ff B5DFAB78 		.ascii	"\265\337\253x\236\311\211\254V\274y\353e\371\353\353"
 228      9EC989AC 
 228      56BC79EB 
 228      65F9EBEB 
 229 040f 66327A94 		.ascii	"f2z\224=\333+\376\003\260;$u"
 229      3DDB2BFE 
 229      03B03B24 
 229      75
 230              		.text
 231              		.section	.gnu.lto_.symtab.1813a0b6,"",%progbits
 232 0000 4144435F 		.ascii	"ADC_intClock_StartEx\000\000\000\000\000\000\000\000"
 232      696E7443 
 232      6C6F636B 
 232      5F537461 
 232      72744578 
 233 001c 00000000 		.ascii	"\000\000\000\000\262\000\000\000ADC_intClock_Stop\000"
 233      B2000000 
 233      4144435F 
 233      696E7443 
 233      6C6F636B 
 234 0036 00000000 		.ascii	"\000\000\000\000\000\000\000\000\000\000\000\265\000"
 234      00000000 
 234      000000B5 
 234      00
 235 0043 00004144 		.ascii	"\000\000ADC_intClock_SetFractionalDividerRegister\000"
 235      435F696E 
 235      74436C6F 
 235      636B5F53 
 235      65744672 
 236 006f 00000000 		.ascii	"\000\000\000\000\000\000\000\000\000\000\000\306\000"
 236      00000000 
 236      000000C6 
 236      00
 237 007c 00004144 		.ascii	"\000\000ADC_intClock_GetDividerRegister\000\000\000"
 237      435F696E 
 237      74436C6F 
 237      636B5F47 
 237      65744469 
ARM GAS  C:\Users\IYANG~1.DES\AppData\Local\Temp\ccgHyjOO.s 			page 18


 238 00a0 00000000 		.ascii	"\000\000\000\000\000\000\000\000\000\311\000\000\000"
 238      00000000 
 238      00C90000 
 238      00
 239 00ad 4144435F 		.ascii	"ADC_intClock_GetFractionalDividerRegister\000\000\000"
 239      696E7443 
 239      6C6F636B 
 239      5F476574 
 239      46726163 
 240 00d9 00000000 		.ascii	"\000\000\000\000\000\000\000\000\000\314\000\000\000"
 240      00000000 
 240      00CC0000 
 240      00
 241              		.text
 242              		.section	.gnu.lto_.opts,"",%progbits
 243 0000 272D666E 		.ascii	"'-fno-trapv' '-mcpu=cortex-m0' '-mthumb' '-g' '-O3'"
 243      6F2D7472 
 243      61707627 
 243      20272D6D 
 243      6370753D 
 244 0033 20272D66 		.ascii	" '-ffunction-sections' '-finline-functions' '-flto'"
 244      66756E63 
 244      74696F6E 
 244      2D736563 
 244      74696F6E 
 245 0066 20272D66 		.ascii	" '-ffat-lto-objects'\000"
 245      6661742D 
 245      6C746F2D 
 245      6F626A65 
 245      63747327 
 246              		.text
 247              		.cfi_sections	.debug_frame
 248              		.section	.text.ADC_intClock_StartEx,"ax",%progbits
 249              		.align	2
 250              		.global	ADC_intClock_StartEx
 251              		.code	16
 252              		.thumb_func
 253              		.type	ADC_intClock_StartEx, %function
 254              	ADC_intClock_StartEx:
 255              	.LFB0:
 256              		.file 1 "Generated_Source\\PSoC4\\ADC_intClock.c"
   1:Generated_Source\PSoC4/ADC_intClock.c **** /*******************************************************************************
   2:Generated_Source\PSoC4/ADC_intClock.c **** * File Name: ADC_intClock.c
   3:Generated_Source\PSoC4/ADC_intClock.c **** * Version 2.20
   4:Generated_Source\PSoC4/ADC_intClock.c **** *
   5:Generated_Source\PSoC4/ADC_intClock.c **** *  Description:
   6:Generated_Source\PSoC4/ADC_intClock.c **** *   Provides system API for the clocking, interrupts and watchdog timer.
   7:Generated_Source\PSoC4/ADC_intClock.c **** *
   8:Generated_Source\PSoC4/ADC_intClock.c **** *  Note:
   9:Generated_Source\PSoC4/ADC_intClock.c **** *   Documentation of the API's in this file is located in the
  10:Generated_Source\PSoC4/ADC_intClock.c **** *   System Reference Guide provided with PSoC Creator.
  11:Generated_Source\PSoC4/ADC_intClock.c **** *
  12:Generated_Source\PSoC4/ADC_intClock.c **** ********************************************************************************
  13:Generated_Source\PSoC4/ADC_intClock.c **** * Copyright 2008-2012, Cypress Semiconductor Corporation.  All rights reserved.
  14:Generated_Source\PSoC4/ADC_intClock.c **** * You may use this file only in accordance with the license, terms, conditions,
  15:Generated_Source\PSoC4/ADC_intClock.c **** * disclaimers, and limitations in the end user license agreement accompanying
  16:Generated_Source\PSoC4/ADC_intClock.c **** * the software package with which this file was provided.
ARM GAS  C:\Users\IYANG~1.DES\AppData\Local\Temp\ccgHyjOO.s 			page 19


  17:Generated_Source\PSoC4/ADC_intClock.c **** *******************************************************************************/
  18:Generated_Source\PSoC4/ADC_intClock.c **** 
  19:Generated_Source\PSoC4/ADC_intClock.c **** #include <cydevice_trm.h>
  20:Generated_Source\PSoC4/ADC_intClock.c **** #include "ADC_intClock.h"
  21:Generated_Source\PSoC4/ADC_intClock.c **** 
  22:Generated_Source\PSoC4/ADC_intClock.c **** #if defined CYREG_PERI_DIV_CMD
  23:Generated_Source\PSoC4/ADC_intClock.c **** 
  24:Generated_Source\PSoC4/ADC_intClock.c **** /*******************************************************************************
  25:Generated_Source\PSoC4/ADC_intClock.c **** * Function Name: ADC_intClock_StartEx
  26:Generated_Source\PSoC4/ADC_intClock.c **** ********************************************************************************
  27:Generated_Source\PSoC4/ADC_intClock.c **** *
  28:Generated_Source\PSoC4/ADC_intClock.c **** * Summary:
  29:Generated_Source\PSoC4/ADC_intClock.c **** *  Starts the clock, aligned to the specified running clock.
  30:Generated_Source\PSoC4/ADC_intClock.c **** *
  31:Generated_Source\PSoC4/ADC_intClock.c **** * Parameters:
  32:Generated_Source\PSoC4/ADC_intClock.c **** *  alignClkDiv:  The divider to which phase alignment is performed when the
  33:Generated_Source\PSoC4/ADC_intClock.c **** *    clock is started.
  34:Generated_Source\PSoC4/ADC_intClock.c **** *
  35:Generated_Source\PSoC4/ADC_intClock.c **** * Returns:
  36:Generated_Source\PSoC4/ADC_intClock.c **** *  None
  37:Generated_Source\PSoC4/ADC_intClock.c **** *
  38:Generated_Source\PSoC4/ADC_intClock.c **** *******************************************************************************/
  39:Generated_Source\PSoC4/ADC_intClock.c **** void ADC_intClock_StartEx(uint32 alignClkDiv)
  40:Generated_Source\PSoC4/ADC_intClock.c **** {
 257              		.loc 1 40 0
 258              		.cfi_startproc
 259              	.LVL0:
  41:Generated_Source\PSoC4/ADC_intClock.c ****     /* Make sure any previous start command has finished. */
  42:Generated_Source\PSoC4/ADC_intClock.c ****     while((ADC_intClock_CMD_REG & ADC_intClock_CMD_ENABLE_MASK) != 0u)
 260              		.loc 1 42 0
 261 0000 044A     		ldr	r2, .L5
 262              	.L2:
 263              		.loc 1 42 0 is_stmt 0 discriminator 1
 264 0002 1368     		ldr	r3, [r2]
 265 0004 002B     		cmp	r3, #0
 266 0006 FCDB     		blt	.L2
  43:Generated_Source\PSoC4/ADC_intClock.c ****     {
  44:Generated_Source\PSoC4/ADC_intClock.c ****     }
  45:Generated_Source\PSoC4/ADC_intClock.c ****     
  46:Generated_Source\PSoC4/ADC_intClock.c ****     /* Specify the target divider and it's alignment divider, and enable. */
  47:Generated_Source\PSoC4/ADC_intClock.c ****     ADC_intClock_CMD_REG =
  48:Generated_Source\PSoC4/ADC_intClock.c ****         ((uint32)ADC_intClock__DIV_ID << ADC_intClock_CMD_DIV_SHIFT)|
  49:Generated_Source\PSoC4/ADC_intClock.c ****         (alignClkDiv << ADC_intClock_CMD_PA_DIV_SHIFT) |
 267              		.loc 1 49 0 is_stmt 1
 268 0008 034B     		ldr	r3, .L5+4
 269 000a 0002     		lsl	r0, r0, #8
 270              	.LVL1:
 271 000c 1843     		orr	r0, r3
  47:Generated_Source\PSoC4/ADC_intClock.c ****         ((uint32)ADC_intClock__DIV_ID << ADC_intClock_CMD_DIV_SHIFT)|
 272              		.loc 1 47 0
 273 000e 014B     		ldr	r3, .L5
  50:Generated_Source\PSoC4/ADC_intClock.c ****         (uint32)ADC_intClock_CMD_ENABLE_MASK;
  51:Generated_Source\PSoC4/ADC_intClock.c **** }
 274              		.loc 1 51 0
 275              		@ sp needed
  47:Generated_Source\PSoC4/ADC_intClock.c ****         ((uint32)ADC_intClock__DIV_ID << ADC_intClock_CMD_DIV_SHIFT)|
 276              		.loc 1 47 0
ARM GAS  C:\Users\IYANG~1.DES\AppData\Local\Temp\ccgHyjOO.s 			page 20


 277 0010 1860     		str	r0, [r3]
 278              		.loc 1 51 0
 279 0012 7047     		bx	lr
 280              	.L6:
 281              		.align	2
 282              	.L5:
 283 0014 00000140 		.word	1073807360
 284 0018 40000080 		.word	-2147483584
 285              		.cfi_endproc
 286              	.LFE0:
 287              		.size	ADC_intClock_StartEx, .-ADC_intClock_StartEx
 288              		.section	.text.ADC_intClock_Stop,"ax",%progbits
 289              		.align	2
 290              		.global	ADC_intClock_Stop
 291              		.code	16
 292              		.thumb_func
 293              		.type	ADC_intClock_Stop, %function
 294              	ADC_intClock_Stop:
 295              	.LFB1:
  52:Generated_Source\PSoC4/ADC_intClock.c **** 
  53:Generated_Source\PSoC4/ADC_intClock.c **** #else
  54:Generated_Source\PSoC4/ADC_intClock.c **** 
  55:Generated_Source\PSoC4/ADC_intClock.c **** /*******************************************************************************
  56:Generated_Source\PSoC4/ADC_intClock.c **** * Function Name: ADC_intClock_Start
  57:Generated_Source\PSoC4/ADC_intClock.c **** ********************************************************************************
  58:Generated_Source\PSoC4/ADC_intClock.c **** *
  59:Generated_Source\PSoC4/ADC_intClock.c **** * Summary:
  60:Generated_Source\PSoC4/ADC_intClock.c **** *  Starts the clock.
  61:Generated_Source\PSoC4/ADC_intClock.c **** *
  62:Generated_Source\PSoC4/ADC_intClock.c **** * Parameters:
  63:Generated_Source\PSoC4/ADC_intClock.c **** *  None
  64:Generated_Source\PSoC4/ADC_intClock.c **** *
  65:Generated_Source\PSoC4/ADC_intClock.c **** * Returns:
  66:Generated_Source\PSoC4/ADC_intClock.c **** *  None
  67:Generated_Source\PSoC4/ADC_intClock.c **** *
  68:Generated_Source\PSoC4/ADC_intClock.c **** *******************************************************************************/
  69:Generated_Source\PSoC4/ADC_intClock.c **** 
  70:Generated_Source\PSoC4/ADC_intClock.c **** void ADC_intClock_Start(void)
  71:Generated_Source\PSoC4/ADC_intClock.c **** {
  72:Generated_Source\PSoC4/ADC_intClock.c ****     /* Set the bit to enable the clock. */
  73:Generated_Source\PSoC4/ADC_intClock.c ****     ADC_intClock_ENABLE_REG |= ADC_intClock__ENABLE_MASK;
  74:Generated_Source\PSoC4/ADC_intClock.c **** }
  75:Generated_Source\PSoC4/ADC_intClock.c **** 
  76:Generated_Source\PSoC4/ADC_intClock.c **** #endif /* CYREG_PERI_DIV_CMD */
  77:Generated_Source\PSoC4/ADC_intClock.c **** 
  78:Generated_Source\PSoC4/ADC_intClock.c **** 
  79:Generated_Source\PSoC4/ADC_intClock.c **** /*******************************************************************************
  80:Generated_Source\PSoC4/ADC_intClock.c **** * Function Name: ADC_intClock_Stop
  81:Generated_Source\PSoC4/ADC_intClock.c **** ********************************************************************************
  82:Generated_Source\PSoC4/ADC_intClock.c **** *
  83:Generated_Source\PSoC4/ADC_intClock.c **** * Summary:
  84:Generated_Source\PSoC4/ADC_intClock.c **** *  Stops the clock and returns immediately. This API does not require the
  85:Generated_Source\PSoC4/ADC_intClock.c **** *  source clock to be running but may return before the hardware is actually
  86:Generated_Source\PSoC4/ADC_intClock.c **** *  disabled.
  87:Generated_Source\PSoC4/ADC_intClock.c **** *
  88:Generated_Source\PSoC4/ADC_intClock.c **** * Parameters:
  89:Generated_Source\PSoC4/ADC_intClock.c **** *  None
ARM GAS  C:\Users\IYANG~1.DES\AppData\Local\Temp\ccgHyjOO.s 			page 21


  90:Generated_Source\PSoC4/ADC_intClock.c **** *
  91:Generated_Source\PSoC4/ADC_intClock.c **** * Returns:
  92:Generated_Source\PSoC4/ADC_intClock.c **** *  None
  93:Generated_Source\PSoC4/ADC_intClock.c **** *
  94:Generated_Source\PSoC4/ADC_intClock.c **** *******************************************************************************/
  95:Generated_Source\PSoC4/ADC_intClock.c **** void ADC_intClock_Stop(void)
  96:Generated_Source\PSoC4/ADC_intClock.c **** {
 296              		.loc 1 96 0
 297              		.cfi_startproc
  97:Generated_Source\PSoC4/ADC_intClock.c **** #if defined CYREG_PERI_DIV_CMD
  98:Generated_Source\PSoC4/ADC_intClock.c **** 
  99:Generated_Source\PSoC4/ADC_intClock.c ****     /* Make sure any previous start command has finished. */
 100:Generated_Source\PSoC4/ADC_intClock.c ****     while((ADC_intClock_CMD_REG & ADC_intClock_CMD_ENABLE_MASK) != 0u)
 298              		.loc 1 100 0
 299 0000 034A     		ldr	r2, .L10
 300              	.L8:
 301              		.loc 1 100 0 is_stmt 0 discriminator 1
 302 0002 1368     		ldr	r3, [r2]
 303 0004 002B     		cmp	r3, #0
 304 0006 FCDB     		blt	.L8
 101:Generated_Source\PSoC4/ADC_intClock.c ****     {
 102:Generated_Source\PSoC4/ADC_intClock.c ****     }
 103:Generated_Source\PSoC4/ADC_intClock.c ****     
 104:Generated_Source\PSoC4/ADC_intClock.c ****     /* Specify the target divider and it's alignment divider, and disable. */
 105:Generated_Source\PSoC4/ADC_intClock.c ****     ADC_intClock_CMD_REG =
 305              		.loc 1 105 0 is_stmt 1
 306 0008 024A     		ldr	r2, .L10+4
 307 000a 014B     		ldr	r3, .L10
 106:Generated_Source\PSoC4/ADC_intClock.c ****         ((uint32)ADC_intClock__DIV_ID << ADC_intClock_CMD_DIV_SHIFT)|
 107:Generated_Source\PSoC4/ADC_intClock.c ****         ((uint32)ADC_intClock_CMD_DISABLE_MASK);
 108:Generated_Source\PSoC4/ADC_intClock.c **** 
 109:Generated_Source\PSoC4/ADC_intClock.c **** #else
 110:Generated_Source\PSoC4/ADC_intClock.c **** 
 111:Generated_Source\PSoC4/ADC_intClock.c ****     /* Clear the bit to disable the clock. */
 112:Generated_Source\PSoC4/ADC_intClock.c ****     ADC_intClock_ENABLE_REG &= (uint32)(~ADC_intClock__ENABLE_MASK);
 113:Generated_Source\PSoC4/ADC_intClock.c ****     
 114:Generated_Source\PSoC4/ADC_intClock.c **** #endif /* CYREG_PERI_DIV_CMD */
 115:Generated_Source\PSoC4/ADC_intClock.c **** }
 308              		.loc 1 115 0
 309              		@ sp needed
 105:Generated_Source\PSoC4/ADC_intClock.c ****         ((uint32)ADC_intClock__DIV_ID << ADC_intClock_CMD_DIV_SHIFT)|
 310              		.loc 1 105 0
 311 000c 1A60     		str	r2, [r3]
 312              		.loc 1 115 0
 313 000e 7047     		bx	lr
 314              	.L11:
 315              		.align	2
 316              	.L10:
 317 0010 00000140 		.word	1073807360
 318 0014 40000040 		.word	1073741888
 319              		.cfi_endproc
 320              	.LFE1:
 321              		.size	ADC_intClock_Stop, .-ADC_intClock_Stop
 322              		.section	.text.ADC_intClock_SetFractionalDividerRegister,"ax",%progbits
 323              		.align	2
 324              		.global	ADC_intClock_SetFractionalDividerRegister
 325              		.code	16
ARM GAS  C:\Users\IYANG~1.DES\AppData\Local\Temp\ccgHyjOO.s 			page 22


 326              		.thumb_func
 327              		.type	ADC_intClock_SetFractionalDividerRegister, %function
 328              	ADC_intClock_SetFractionalDividerRegister:
 329              	.LFB2:
 116:Generated_Source\PSoC4/ADC_intClock.c **** 
 117:Generated_Source\PSoC4/ADC_intClock.c **** 
 118:Generated_Source\PSoC4/ADC_intClock.c **** /*******************************************************************************
 119:Generated_Source\PSoC4/ADC_intClock.c **** * Function Name: ADC_intClock_SetFractionalDividerRegister
 120:Generated_Source\PSoC4/ADC_intClock.c **** ********************************************************************************
 121:Generated_Source\PSoC4/ADC_intClock.c **** *
 122:Generated_Source\PSoC4/ADC_intClock.c **** * Summary:
 123:Generated_Source\PSoC4/ADC_intClock.c **** *  Modifies the clock divider and the fractional divider.
 124:Generated_Source\PSoC4/ADC_intClock.c **** *
 125:Generated_Source\PSoC4/ADC_intClock.c **** * Parameters:
 126:Generated_Source\PSoC4/ADC_intClock.c **** *  clkDivider:  Divider register value (0-65535). This value is NOT the
 127:Generated_Source\PSoC4/ADC_intClock.c **** *    divider; the clock hardware divides by clkDivider plus one. For example,
 128:Generated_Source\PSoC4/ADC_intClock.c **** *    to divide the clock by 2, this parameter should be set to 1.
 129:Generated_Source\PSoC4/ADC_intClock.c **** *  fracDivider:  Fractional Divider register value (0-31).
 130:Generated_Source\PSoC4/ADC_intClock.c **** * Returns:
 131:Generated_Source\PSoC4/ADC_intClock.c **** *  None
 132:Generated_Source\PSoC4/ADC_intClock.c **** *
 133:Generated_Source\PSoC4/ADC_intClock.c **** *******************************************************************************/
 134:Generated_Source\PSoC4/ADC_intClock.c **** void ADC_intClock_SetFractionalDividerRegister(uint16 clkDivider, uint8 clkFractional)
 135:Generated_Source\PSoC4/ADC_intClock.c **** {
 330              		.loc 1 135 0
 331              		.cfi_startproc
 332              	.LVL2:
 333 0000 10B5     		push	{r4, lr}
 334              		.cfi_def_cfa_offset 8
 335              		.cfi_offset 4, -8
 336              		.cfi_offset 14, -4
 136:Generated_Source\PSoC4/ADC_intClock.c ****     uint32 maskVal;
 137:Generated_Source\PSoC4/ADC_intClock.c ****     uint32 regVal;
 138:Generated_Source\PSoC4/ADC_intClock.c ****     
 139:Generated_Source\PSoC4/ADC_intClock.c **** #if defined (ADC_intClock__FRAC_MASK) || defined (CYREG_PERI_DIV_CMD)
 140:Generated_Source\PSoC4/ADC_intClock.c ****     
 141:Generated_Source\PSoC4/ADC_intClock.c **** 	/* get all but divider bits */
 142:Generated_Source\PSoC4/ADC_intClock.c ****     maskVal = ADC_intClock_DIV_REG & 
 143:Generated_Source\PSoC4/ADC_intClock.c ****                     (uint32)(~(uint32)(ADC_intClock_DIV_INT_MASK | ADC_intClock_DIV_FRAC_MASK)); 
 144:Generated_Source\PSoC4/ADC_intClock.c **** 	/* combine mask and new divider vals into 32-bit value */
 145:Generated_Source\PSoC4/ADC_intClock.c ****     regVal = maskVal |
 146:Generated_Source\PSoC4/ADC_intClock.c ****         ((uint32)((uint32)clkDivider <<  ADC_intClock_DIV_INT_SHIFT) & ADC_intClock_DIV_INT_MASK) |
 147:Generated_Source\PSoC4/ADC_intClock.c ****         ((uint32)((uint32)clkFractional << ADC_intClock_DIV_FRAC_SHIFT) & ADC_intClock_DIV_FRAC_MAS
 337              		.loc 1 147 0
 338 0002 FF24     		mov	r4, #255
 339 0004 C900     		lsl	r1, r1, #3
 340              	.LVL3:
 341 0006 2140     		and	r1, r4
 146:Generated_Source\PSoC4/ADC_intClock.c ****         ((uint32)((uint32)clkFractional << ADC_intClock_DIV_FRAC_SHIFT) & ADC_intClock_DIV_FRAC_MAS
 342              		.loc 1 146 0
 343 0008 0002     		lsl	r0, r0, #8
 344              	.LVL4:
 345 000a 0843     		orr	r0, r1
 142:Generated_Source\PSoC4/ADC_intClock.c ****                     (uint32)(~(uint32)(ADC_intClock_DIV_INT_MASK | ADC_intClock_DIV_FRAC_MASK)); 
 346              		.loc 1 142 0
 347 000c 0721     		mov	r1, #7
 348 000e 034A     		ldr	r2, .L13
ARM GAS  C:\Users\IYANG~1.DES\AppData\Local\Temp\ccgHyjOO.s 			page 23


 148:Generated_Source\PSoC4/ADC_intClock.c ****     
 149:Generated_Source\PSoC4/ADC_intClock.c **** #else
 150:Generated_Source\PSoC4/ADC_intClock.c ****     /* get all but integer divider bits */
 151:Generated_Source\PSoC4/ADC_intClock.c ****     maskVal = ADC_intClock_DIV_REG & (uint32)(~(uint32)ADC_intClock__DIVIDER_MASK);
 152:Generated_Source\PSoC4/ADC_intClock.c ****     /* combine mask and new divider val into 32-bit value */
 153:Generated_Source\PSoC4/ADC_intClock.c ****     regVal = clkDivider | maskVal;
 154:Generated_Source\PSoC4/ADC_intClock.c ****     
 155:Generated_Source\PSoC4/ADC_intClock.c **** #endif /* ADC_intClock__FRAC_MASK || CYREG_PERI_DIV_CMD */
 156:Generated_Source\PSoC4/ADC_intClock.c **** 
 157:Generated_Source\PSoC4/ADC_intClock.c ****     ADC_intClock_DIV_REG = regVal;
 158:Generated_Source\PSoC4/ADC_intClock.c **** }
 349              		.loc 1 158 0
 350              		@ sp needed
 142:Generated_Source\PSoC4/ADC_intClock.c ****                     (uint32)(~(uint32)(ADC_intClock_DIV_INT_MASK | ADC_intClock_DIV_FRAC_MASK)); 
 351              		.loc 1 142 0
 352 0010 1368     		ldr	r3, [r2]
 353              	.LVL5:
 354 0012 1940     		and	r1, r3
 355              	.LVL6:
 145:Generated_Source\PSoC4/ADC_intClock.c ****         ((uint32)((uint32)clkDivider <<  ADC_intClock_DIV_INT_SHIFT) & ADC_intClock_DIV_INT_MASK) |
 356              		.loc 1 145 0
 357 0014 0843     		orr	r0, r1
 358              	.LVL7:
 157:Generated_Source\PSoC4/ADC_intClock.c **** }
 359              		.loc 1 157 0
 360 0016 1060     		str	r0, [r2]
 361              		.loc 1 158 0
 362 0018 10BD     		pop	{r4, pc}
 363              	.L14:
 364 001a C046     		.align	2
 365              	.L13:
 366 001c 00030140 		.word	1073808128
 367              		.cfi_endproc
 368              	.LFE2:
 369              		.size	ADC_intClock_SetFractionalDividerRegister, .-ADC_intClock_SetFractionalDividerRegister
 370              		.section	.text.ADC_intClock_GetDividerRegister,"ax",%progbits
 371              		.align	2
 372              		.global	ADC_intClock_GetDividerRegister
 373              		.code	16
 374              		.thumb_func
 375              		.type	ADC_intClock_GetDividerRegister, %function
 376              	ADC_intClock_GetDividerRegister:
 377              	.LFB3:
 159:Generated_Source\PSoC4/ADC_intClock.c **** 
 160:Generated_Source\PSoC4/ADC_intClock.c **** 
 161:Generated_Source\PSoC4/ADC_intClock.c **** /*******************************************************************************
 162:Generated_Source\PSoC4/ADC_intClock.c **** * Function Name: ADC_intClock_GetDividerRegister
 163:Generated_Source\PSoC4/ADC_intClock.c **** ********************************************************************************
 164:Generated_Source\PSoC4/ADC_intClock.c **** *
 165:Generated_Source\PSoC4/ADC_intClock.c **** * Summary:
 166:Generated_Source\PSoC4/ADC_intClock.c **** *  Gets the clock divider register value.
 167:Generated_Source\PSoC4/ADC_intClock.c **** *
 168:Generated_Source\PSoC4/ADC_intClock.c **** * Parameters:
 169:Generated_Source\PSoC4/ADC_intClock.c **** *  None
 170:Generated_Source\PSoC4/ADC_intClock.c **** *
 171:Generated_Source\PSoC4/ADC_intClock.c **** * Returns:
 172:Generated_Source\PSoC4/ADC_intClock.c **** *  Divide value of the clock minus 1. For example, if the clock is set to
ARM GAS  C:\Users\IYANG~1.DES\AppData\Local\Temp\ccgHyjOO.s 			page 24


 173:Generated_Source\PSoC4/ADC_intClock.c **** *  divide by 2, the return value will be 1.
 174:Generated_Source\PSoC4/ADC_intClock.c **** *
 175:Generated_Source\PSoC4/ADC_intClock.c **** *******************************************************************************/
 176:Generated_Source\PSoC4/ADC_intClock.c **** uint16 ADC_intClock_GetDividerRegister(void)
 177:Generated_Source\PSoC4/ADC_intClock.c **** {
 378              		.loc 1 177 0
 379              		.cfi_startproc
 178:Generated_Source\PSoC4/ADC_intClock.c ****     return (uint16)((ADC_intClock_DIV_REG & ADC_intClock_DIV_INT_MASK)
 380              		.loc 1 178 0
 381 0000 024B     		ldr	r3, .L16
 179:Generated_Source\PSoC4/ADC_intClock.c ****         >> ADC_intClock_DIV_INT_SHIFT);
 180:Generated_Source\PSoC4/ADC_intClock.c **** }
 382              		.loc 1 180 0
 383              		@ sp needed
 178:Generated_Source\PSoC4/ADC_intClock.c ****     return (uint16)((ADC_intClock_DIV_REG & ADC_intClock_DIV_INT_MASK)
 384              		.loc 1 178 0
 385 0002 1868     		ldr	r0, [r3]
 179:Generated_Source\PSoC4/ADC_intClock.c ****         >> ADC_intClock_DIV_INT_SHIFT);
 386              		.loc 1 179 0
 387 0004 000A     		lsr	r0, r0, #8
 178:Generated_Source\PSoC4/ADC_intClock.c ****     return (uint16)((ADC_intClock_DIV_REG & ADC_intClock_DIV_INT_MASK)
 388              		.loc 1 178 0
 389 0006 80B2     		uxth	r0, r0
 390              		.loc 1 180 0
 391 0008 7047     		bx	lr
 392              	.L17:
 393 000a C046     		.align	2
 394              	.L16:
 395 000c 00030140 		.word	1073808128
 396              		.cfi_endproc
 397              	.LFE3:
 398              		.size	ADC_intClock_GetDividerRegister, .-ADC_intClock_GetDividerRegister
 399              		.section	.text.ADC_intClock_GetFractionalDividerRegister,"ax",%progbits
 400              		.align	2
 401              		.global	ADC_intClock_GetFractionalDividerRegister
 402              		.code	16
 403              		.thumb_func
 404              		.type	ADC_intClock_GetFractionalDividerRegister, %function
 405              	ADC_intClock_GetFractionalDividerRegister:
 406              	.LFB4:
 181:Generated_Source\PSoC4/ADC_intClock.c **** 
 182:Generated_Source\PSoC4/ADC_intClock.c **** 
 183:Generated_Source\PSoC4/ADC_intClock.c **** /*******************************************************************************
 184:Generated_Source\PSoC4/ADC_intClock.c **** * Function Name: ADC_intClock_GetFractionalDividerRegister
 185:Generated_Source\PSoC4/ADC_intClock.c **** ********************************************************************************
 186:Generated_Source\PSoC4/ADC_intClock.c **** *
 187:Generated_Source\PSoC4/ADC_intClock.c **** * Summary:
 188:Generated_Source\PSoC4/ADC_intClock.c **** *  Gets the clock fractional divider register value.
 189:Generated_Source\PSoC4/ADC_intClock.c **** *
 190:Generated_Source\PSoC4/ADC_intClock.c **** * Parameters:
 191:Generated_Source\PSoC4/ADC_intClock.c **** *  None
 192:Generated_Source\PSoC4/ADC_intClock.c **** *
 193:Generated_Source\PSoC4/ADC_intClock.c **** * Returns:
 194:Generated_Source\PSoC4/ADC_intClock.c **** *  Fractional Divide value of the clock
 195:Generated_Source\PSoC4/ADC_intClock.c **** *  0 if the fractional divider is not in use.
 196:Generated_Source\PSoC4/ADC_intClock.c **** *
 197:Generated_Source\PSoC4/ADC_intClock.c **** *******************************************************************************/
ARM GAS  C:\Users\IYANG~1.DES\AppData\Local\Temp\ccgHyjOO.s 			page 25


 198:Generated_Source\PSoC4/ADC_intClock.c **** uint8 ADC_intClock_GetFractionalDividerRegister(void)
 199:Generated_Source\PSoC4/ADC_intClock.c **** {
 407              		.loc 1 199 0
 408              		.cfi_startproc
 200:Generated_Source\PSoC4/ADC_intClock.c **** #if defined (ADC_intClock__FRAC_MASK)
 201:Generated_Source\PSoC4/ADC_intClock.c ****     /* return fractional divider bits */
 202:Generated_Source\PSoC4/ADC_intClock.c ****     return (uint8)((ADC_intClock_DIV_REG & ADC_intClock_DIV_FRAC_MASK)
 203:Generated_Source\PSoC4/ADC_intClock.c ****         >> ADC_intClock_DIV_FRAC_SHIFT);
 204:Generated_Source\PSoC4/ADC_intClock.c **** #else
 205:Generated_Source\PSoC4/ADC_intClock.c ****     return 0u;
 206:Generated_Source\PSoC4/ADC_intClock.c **** #endif /* ADC_intClock__FRAC_MASK */
 207:Generated_Source\PSoC4/ADC_intClock.c **** }
 409              		.loc 1 207 0
 410 0000 0020     		mov	r0, #0
 411              		@ sp needed
 412 0002 7047     		bx	lr
 413              		.cfi_endproc
 414              	.LFE4:
 415              		.size	ADC_intClock_GetFractionalDividerRegister, .-ADC_intClock_GetFractionalDividerRegister
 416              		.text
 417              	.Letext0:
 418              		.file 2 "Generated_Source\\PSoC4/cytypes.h"
 419              		.section	.debug_info,"",%progbits
 420              	.Ldebug_info0:
 421 0000 62010000 		.4byte	0x162
 422 0004 0400     		.2byte	0x4
 423 0006 00000000 		.4byte	.Ldebug_abbrev0
 424 000a 04       		.byte	0x4
 425 000b 01       		.uleb128 0x1
 426 000c B2010000 		.4byte	.LASF25
 427 0010 01       		.byte	0x1
 428 0011 4A000000 		.4byte	.LASF26
 429 0015 70000000 		.4byte	.LASF27
 430 0019 00000000 		.4byte	.Ldebug_ranges0+0
 431 001d 00000000 		.4byte	0
 432 0021 00000000 		.4byte	.Ldebug_line0
 433 0025 02       		.uleb128 0x2
 434 0026 01       		.byte	0x1
 435 0027 06       		.byte	0x6
 436 0028 7D020000 		.4byte	.LASF0
 437 002c 02       		.uleb128 0x2
 438 002d 01       		.byte	0x1
 439 002e 08       		.byte	0x8
 440 002f D3000000 		.4byte	.LASF1
 441 0033 02       		.uleb128 0x2
 442 0034 02       		.byte	0x2
 443 0035 05       		.byte	0x5
 444 0036 A8010000 		.4byte	.LASF2
 445 003a 02       		.uleb128 0x2
 446 003b 02       		.byte	0x2
 447 003c 07       		.byte	0x7
 448 003d F3000000 		.4byte	.LASF3
 449 0041 02       		.uleb128 0x2
 450 0042 04       		.byte	0x4
 451 0043 05       		.byte	0x5
 452 0044 5F020000 		.4byte	.LASF4
 453 0048 02       		.uleb128 0x2
ARM GAS  C:\Users\IYANG~1.DES\AppData\Local\Temp\ccgHyjOO.s 			page 26


 454 0049 04       		.byte	0x4
 455 004a 07       		.byte	0x7
 456 004b E1000000 		.4byte	.LASF5
 457 004f 02       		.uleb128 0x2
 458 0050 08       		.byte	0x8
 459 0051 05       		.byte	0x5
 460 0052 6B010000 		.4byte	.LASF6
 461 0056 02       		.uleb128 0x2
 462 0057 08       		.byte	0x8
 463 0058 07       		.byte	0x7
 464 0059 54010000 		.4byte	.LASF7
 465 005d 03       		.uleb128 0x3
 466 005e 04       		.byte	0x4
 467 005f 05       		.byte	0x5
 468 0060 696E7400 		.ascii	"int\000"
 469 0064 02       		.uleb128 0x2
 470 0065 04       		.byte	0x4
 471 0066 07       		.byte	0x7
 472 0067 47010000 		.4byte	.LASF8
 473 006b 04       		.uleb128 0x4
 474 006c 59020000 		.4byte	.LASF9
 475 0070 02       		.byte	0x2
 476 0071 9801     		.2byte	0x198
 477 0073 2C000000 		.4byte	0x2c
 478 0077 04       		.uleb128 0x4
 479 0078 39010000 		.4byte	.LASF10
 480 007c 02       		.byte	0x2
 481 007d 9901     		.2byte	0x199
 482 007f 3A000000 		.4byte	0x3a
 483 0083 04       		.uleb128 0x4
 484 0084 40010000 		.4byte	.LASF11
 485 0088 02       		.byte	0x2
 486 0089 9A01     		.2byte	0x19a
 487 008b 48000000 		.4byte	0x48
 488 008f 02       		.uleb128 0x2
 489 0090 04       		.byte	0x4
 490 0091 04       		.byte	0x4
 491 0092 CD000000 		.4byte	.LASF12
 492 0096 02       		.uleb128 0x2
 493 0097 08       		.byte	0x8
 494 0098 04       		.byte	0x4
 495 0099 11010000 		.4byte	.LASF13
 496 009d 02       		.uleb128 0x2
 497 009e 01       		.byte	0x1
 498 009f 08       		.byte	0x8
 499 00a0 79010000 		.4byte	.LASF14
 500 00a4 04       		.uleb128 0x4
 501 00a5 00000000 		.4byte	.LASF15
 502 00a9 02       		.byte	0x2
 503 00aa 4402     		.2byte	0x244
 504 00ac B0000000 		.4byte	0xb0
 505 00b0 05       		.uleb128 0x5
 506 00b1 83000000 		.4byte	0x83
 507 00b5 06       		.uleb128 0x6
 508 00b6 68020000 		.4byte	.LASF16
 509 00ba 01       		.byte	0x1
 510 00bb 27       		.byte	0x27
ARM GAS  C:\Users\IYANG~1.DES\AppData\Local\Temp\ccgHyjOO.s 			page 27


 511 00bc 00000000 		.4byte	.LFB0
 512 00c0 1C000000 		.4byte	.LFE0-.LFB0
 513 00c4 01       		.uleb128 0x1
 514 00c5 9C       		.byte	0x9c
 515 00c6 DA000000 		.4byte	0xda
 516 00ca 07       		.uleb128 0x7
 517 00cb 1F010000 		.4byte	.LASF18
 518 00cf 01       		.byte	0x1
 519 00d0 27       		.byte	0x27
 520 00d1 83000000 		.4byte	0x83
 521 00d5 00000000 		.4byte	.LLST0
 522 00d9 00       		.byte	0
 523 00da 08       		.uleb128 0x8
 524 00db 38000000 		.4byte	.LASF28
 525 00df 01       		.byte	0x1
 526 00e0 5F       		.byte	0x5f
 527 00e1 00000000 		.4byte	.LFB1
 528 00e5 18000000 		.4byte	.LFE1-.LFB1
 529 00e9 01       		.uleb128 0x1
 530 00ea 9C       		.byte	0x9c
 531 00eb 06       		.uleb128 0x6
 532 00ec 06000000 		.4byte	.LASF17
 533 00f0 01       		.byte	0x1
 534 00f1 86       		.byte	0x86
 535 00f2 00000000 		.4byte	.LFB2
 536 00f6 20000000 		.4byte	.LFE2-.LFB2
 537 00fa 01       		.uleb128 0x1
 538 00fb 9C       		.byte	0x9c
 539 00fc 3B010000 		.4byte	0x13b
 540 0100 07       		.uleb128 0x7
 541 0101 06010000 		.4byte	.LASF19
 542 0105 01       		.byte	0x1
 543 0106 86       		.byte	0x86
 544 0107 77000000 		.4byte	0x77
 545 010b 21000000 		.4byte	.LLST1
 546 010f 07       		.uleb128 0x7
 547 0110 2B010000 		.4byte	.LASF20
 548 0114 01       		.byte	0x1
 549 0115 86       		.byte	0x86
 550 0116 6B000000 		.4byte	0x6b
 551 011a 42000000 		.4byte	.LLST2
 552 011e 09       		.uleb128 0x9
 553 011f 30000000 		.4byte	.LASF21
 554 0123 01       		.byte	0x1
 555 0124 88       		.byte	0x88
 556 0125 83000000 		.4byte	0x83
 557 0129 63000000 		.4byte	.LLST3
 558 012d 0A       		.uleb128 0xa
 559 012e 18010000 		.4byte	.LASF22
 560 0132 01       		.byte	0x1
 561 0133 89       		.byte	0x89
 562 0134 83000000 		.4byte	0x83
 563 0138 01       		.uleb128 0x1
 564 0139 50       		.byte	0x50
 565 013a 00       		.byte	0
 566 013b 0B       		.uleb128 0xb
 567 013c AD000000 		.4byte	.LASF23
ARM GAS  C:\Users\IYANG~1.DES\AppData\Local\Temp\ccgHyjOO.s 			page 28


 568 0140 01       		.byte	0x1
 569 0141 B0       		.byte	0xb0
 570 0142 77000000 		.4byte	0x77
 571 0146 00000000 		.4byte	.LFB3
 572 014a 10000000 		.4byte	.LFE3-.LFB3
 573 014e 01       		.uleb128 0x1
 574 014f 9C       		.byte	0x9c
 575 0150 0B       		.uleb128 0xb
 576 0151 7E010000 		.4byte	.LASF24
 577 0155 01       		.byte	0x1
 578 0156 C6       		.byte	0xc6
 579 0157 6B000000 		.4byte	0x6b
 580 015b 00000000 		.4byte	.LFB4
 581 015f 04000000 		.4byte	.LFE4-.LFB4
 582 0163 01       		.uleb128 0x1
 583 0164 9C       		.byte	0x9c
 584 0165 00       		.byte	0
 585              		.section	.debug_abbrev,"",%progbits
 586              	.Ldebug_abbrev0:
 587 0000 01       		.uleb128 0x1
 588 0001 11       		.uleb128 0x11
 589 0002 01       		.byte	0x1
 590 0003 25       		.uleb128 0x25
 591 0004 0E       		.uleb128 0xe
 592 0005 13       		.uleb128 0x13
 593 0006 0B       		.uleb128 0xb
 594 0007 03       		.uleb128 0x3
 595 0008 0E       		.uleb128 0xe
 596 0009 1B       		.uleb128 0x1b
 597 000a 0E       		.uleb128 0xe
 598 000b 55       		.uleb128 0x55
 599 000c 17       		.uleb128 0x17
 600 000d 11       		.uleb128 0x11
 601 000e 01       		.uleb128 0x1
 602 000f 10       		.uleb128 0x10
 603 0010 17       		.uleb128 0x17
 604 0011 00       		.byte	0
 605 0012 00       		.byte	0
 606 0013 02       		.uleb128 0x2
 607 0014 24       		.uleb128 0x24
 608 0015 00       		.byte	0
 609 0016 0B       		.uleb128 0xb
 610 0017 0B       		.uleb128 0xb
 611 0018 3E       		.uleb128 0x3e
 612 0019 0B       		.uleb128 0xb
 613 001a 03       		.uleb128 0x3
 614 001b 0E       		.uleb128 0xe
 615 001c 00       		.byte	0
 616 001d 00       		.byte	0
 617 001e 03       		.uleb128 0x3
 618 001f 24       		.uleb128 0x24
 619 0020 00       		.byte	0
 620 0021 0B       		.uleb128 0xb
 621 0022 0B       		.uleb128 0xb
 622 0023 3E       		.uleb128 0x3e
 623 0024 0B       		.uleb128 0xb
 624 0025 03       		.uleb128 0x3
ARM GAS  C:\Users\IYANG~1.DES\AppData\Local\Temp\ccgHyjOO.s 			page 29


 625 0026 08       		.uleb128 0x8
 626 0027 00       		.byte	0
 627 0028 00       		.byte	0
 628 0029 04       		.uleb128 0x4
 629 002a 16       		.uleb128 0x16
 630 002b 00       		.byte	0
 631 002c 03       		.uleb128 0x3
 632 002d 0E       		.uleb128 0xe
 633 002e 3A       		.uleb128 0x3a
 634 002f 0B       		.uleb128 0xb
 635 0030 3B       		.uleb128 0x3b
 636 0031 05       		.uleb128 0x5
 637 0032 49       		.uleb128 0x49
 638 0033 13       		.uleb128 0x13
 639 0034 00       		.byte	0
 640 0035 00       		.byte	0
 641 0036 05       		.uleb128 0x5
 642 0037 35       		.uleb128 0x35
 643 0038 00       		.byte	0
 644 0039 49       		.uleb128 0x49
 645 003a 13       		.uleb128 0x13
 646 003b 00       		.byte	0
 647 003c 00       		.byte	0
 648 003d 06       		.uleb128 0x6
 649 003e 2E       		.uleb128 0x2e
 650 003f 01       		.byte	0x1
 651 0040 3F       		.uleb128 0x3f
 652 0041 19       		.uleb128 0x19
 653 0042 03       		.uleb128 0x3
 654 0043 0E       		.uleb128 0xe
 655 0044 3A       		.uleb128 0x3a
 656 0045 0B       		.uleb128 0xb
 657 0046 3B       		.uleb128 0x3b
 658 0047 0B       		.uleb128 0xb
 659 0048 27       		.uleb128 0x27
 660 0049 19       		.uleb128 0x19
 661 004a 11       		.uleb128 0x11
 662 004b 01       		.uleb128 0x1
 663 004c 12       		.uleb128 0x12
 664 004d 06       		.uleb128 0x6
 665 004e 40       		.uleb128 0x40
 666 004f 18       		.uleb128 0x18
 667 0050 9742     		.uleb128 0x2117
 668 0052 19       		.uleb128 0x19
 669 0053 01       		.uleb128 0x1
 670 0054 13       		.uleb128 0x13
 671 0055 00       		.byte	0
 672 0056 00       		.byte	0
 673 0057 07       		.uleb128 0x7
 674 0058 05       		.uleb128 0x5
 675 0059 00       		.byte	0
 676 005a 03       		.uleb128 0x3
 677 005b 0E       		.uleb128 0xe
 678 005c 3A       		.uleb128 0x3a
 679 005d 0B       		.uleb128 0xb
 680 005e 3B       		.uleb128 0x3b
 681 005f 0B       		.uleb128 0xb
ARM GAS  C:\Users\IYANG~1.DES\AppData\Local\Temp\ccgHyjOO.s 			page 30


 682 0060 49       		.uleb128 0x49
 683 0061 13       		.uleb128 0x13
 684 0062 02       		.uleb128 0x2
 685 0063 17       		.uleb128 0x17
 686 0064 00       		.byte	0
 687 0065 00       		.byte	0
 688 0066 08       		.uleb128 0x8
 689 0067 2E       		.uleb128 0x2e
 690 0068 00       		.byte	0
 691 0069 3F       		.uleb128 0x3f
 692 006a 19       		.uleb128 0x19
 693 006b 03       		.uleb128 0x3
 694 006c 0E       		.uleb128 0xe
 695 006d 3A       		.uleb128 0x3a
 696 006e 0B       		.uleb128 0xb
 697 006f 3B       		.uleb128 0x3b
 698 0070 0B       		.uleb128 0xb
 699 0071 27       		.uleb128 0x27
 700 0072 19       		.uleb128 0x19
 701 0073 11       		.uleb128 0x11
 702 0074 01       		.uleb128 0x1
 703 0075 12       		.uleb128 0x12
 704 0076 06       		.uleb128 0x6
 705 0077 40       		.uleb128 0x40
 706 0078 18       		.uleb128 0x18
 707 0079 9742     		.uleb128 0x2117
 708 007b 19       		.uleb128 0x19
 709 007c 00       		.byte	0
 710 007d 00       		.byte	0
 711 007e 09       		.uleb128 0x9
 712 007f 34       		.uleb128 0x34
 713 0080 00       		.byte	0
 714 0081 03       		.uleb128 0x3
 715 0082 0E       		.uleb128 0xe
 716 0083 3A       		.uleb128 0x3a
 717 0084 0B       		.uleb128 0xb
 718 0085 3B       		.uleb128 0x3b
 719 0086 0B       		.uleb128 0xb
 720 0087 49       		.uleb128 0x49
 721 0088 13       		.uleb128 0x13
 722 0089 02       		.uleb128 0x2
 723 008a 17       		.uleb128 0x17
 724 008b 00       		.byte	0
 725 008c 00       		.byte	0
 726 008d 0A       		.uleb128 0xa
 727 008e 34       		.uleb128 0x34
 728 008f 00       		.byte	0
 729 0090 03       		.uleb128 0x3
 730 0091 0E       		.uleb128 0xe
 731 0092 3A       		.uleb128 0x3a
 732 0093 0B       		.uleb128 0xb
 733 0094 3B       		.uleb128 0x3b
 734 0095 0B       		.uleb128 0xb
 735 0096 49       		.uleb128 0x49
 736 0097 13       		.uleb128 0x13
 737 0098 02       		.uleb128 0x2
 738 0099 18       		.uleb128 0x18
ARM GAS  C:\Users\IYANG~1.DES\AppData\Local\Temp\ccgHyjOO.s 			page 31


 739 009a 00       		.byte	0
 740 009b 00       		.byte	0
 741 009c 0B       		.uleb128 0xb
 742 009d 2E       		.uleb128 0x2e
 743 009e 00       		.byte	0
 744 009f 3F       		.uleb128 0x3f
 745 00a0 19       		.uleb128 0x19
 746 00a1 03       		.uleb128 0x3
 747 00a2 0E       		.uleb128 0xe
 748 00a3 3A       		.uleb128 0x3a
 749 00a4 0B       		.uleb128 0xb
 750 00a5 3B       		.uleb128 0x3b
 751 00a6 0B       		.uleb128 0xb
 752 00a7 27       		.uleb128 0x27
 753 00a8 19       		.uleb128 0x19
 754 00a9 49       		.uleb128 0x49
 755 00aa 13       		.uleb128 0x13
 756 00ab 11       		.uleb128 0x11
 757 00ac 01       		.uleb128 0x1
 758 00ad 12       		.uleb128 0x12
 759 00ae 06       		.uleb128 0x6
 760 00af 40       		.uleb128 0x40
 761 00b0 18       		.uleb128 0x18
 762 00b1 9742     		.uleb128 0x2117
 763 00b3 19       		.uleb128 0x19
 764 00b4 00       		.byte	0
 765 00b5 00       		.byte	0
 766 00b6 00       		.byte	0
 767              		.section	.debug_loc,"",%progbits
 768              	.Ldebug_loc0:
 769              	.LLST0:
 770 0000 00000000 		.4byte	.LVL0
 771 0004 0C000000 		.4byte	.LVL1
 772 0008 0100     		.2byte	0x1
 773 000a 50       		.byte	0x50
 774 000b 0C000000 		.4byte	.LVL1
 775 000f 1C000000 		.4byte	.LFE0
 776 0013 0400     		.2byte	0x4
 777 0015 F3       		.byte	0xf3
 778 0016 01       		.uleb128 0x1
 779 0017 50       		.byte	0x50
 780 0018 9F       		.byte	0x9f
 781 0019 00000000 		.4byte	0
 782 001d 00000000 		.4byte	0
 783              	.LLST1:
 784 0021 00000000 		.4byte	.LVL2
 785 0025 0A000000 		.4byte	.LVL4
 786 0029 0100     		.2byte	0x1
 787 002b 50       		.byte	0x50
 788 002c 0A000000 		.4byte	.LVL4
 789 0030 20000000 		.4byte	.LFE2
 790 0034 0400     		.2byte	0x4
 791 0036 F3       		.byte	0xf3
 792 0037 01       		.uleb128 0x1
 793 0038 50       		.byte	0x50
 794 0039 9F       		.byte	0x9f
 795 003a 00000000 		.4byte	0
ARM GAS  C:\Users\IYANG~1.DES\AppData\Local\Temp\ccgHyjOO.s 			page 32


 796 003e 00000000 		.4byte	0
 797              	.LLST2:
 798 0042 00000000 		.4byte	.LVL2
 799 0046 06000000 		.4byte	.LVL3
 800 004a 0100     		.2byte	0x1
 801 004c 51       		.byte	0x51
 802 004d 06000000 		.4byte	.LVL3
 803 0051 20000000 		.4byte	.LFE2
 804 0055 0400     		.2byte	0x4
 805 0057 F3       		.byte	0xf3
 806 0058 01       		.uleb128 0x1
 807 0059 51       		.byte	0x51
 808 005a 9F       		.byte	0x9f
 809 005b 00000000 		.4byte	0
 810 005f 00000000 		.4byte	0
 811              	.LLST3:
 812 0063 12000000 		.4byte	.LVL5
 813 0067 14000000 		.4byte	.LVL6
 814 006b 0500     		.2byte	0x5
 815 006d 73       		.byte	0x73
 816 006e 00       		.sleb128 0
 817 006f 37       		.byte	0x37
 818 0070 1A       		.byte	0x1a
 819 0071 9F       		.byte	0x9f
 820 0072 14000000 		.4byte	.LVL6
 821 0076 20000000 		.4byte	.LFE2
 822 007a 0100     		.2byte	0x1
 823 007c 51       		.byte	0x51
 824 007d 00000000 		.4byte	0
 825 0081 00000000 		.4byte	0
 826              		.section	.debug_aranges,"",%progbits
 827 0000 3C000000 		.4byte	0x3c
 828 0004 0200     		.2byte	0x2
 829 0006 00000000 		.4byte	.Ldebug_info0
 830 000a 04       		.byte	0x4
 831 000b 00       		.byte	0
 832 000c 0000     		.2byte	0
 833 000e 0000     		.2byte	0
 834 0010 00000000 		.4byte	.LFB0
 835 0014 1C000000 		.4byte	.LFE0-.LFB0
 836 0018 00000000 		.4byte	.LFB1
 837 001c 18000000 		.4byte	.LFE1-.LFB1
 838 0020 00000000 		.4byte	.LFB2
 839 0024 20000000 		.4byte	.LFE2-.LFB2
 840 0028 00000000 		.4byte	.LFB3
 841 002c 10000000 		.4byte	.LFE3-.LFB3
 842 0030 00000000 		.4byte	.LFB4
 843 0034 04000000 		.4byte	.LFE4-.LFB4
 844 0038 00000000 		.4byte	0
 845 003c 00000000 		.4byte	0
 846              		.section	.debug_ranges,"",%progbits
 847              	.Ldebug_ranges0:
 848 0000 00000000 		.4byte	.LFB0
 849 0004 1C000000 		.4byte	.LFE0
 850 0008 00000000 		.4byte	.LFB1
 851 000c 18000000 		.4byte	.LFE1
 852 0010 00000000 		.4byte	.LFB2
ARM GAS  C:\Users\IYANG~1.DES\AppData\Local\Temp\ccgHyjOO.s 			page 33


 853 0014 20000000 		.4byte	.LFE2
 854 0018 00000000 		.4byte	.LFB3
 855 001c 10000000 		.4byte	.LFE3
 856 0020 00000000 		.4byte	.LFB4
 857 0024 04000000 		.4byte	.LFE4
 858 0028 00000000 		.4byte	0
 859 002c 00000000 		.4byte	0
 860              		.section	.debug_line,"",%progbits
 861              	.Ldebug_line0:
 862 0000 D4000000 		.section	.debug_str,"MS",%progbits,1
 862      02004900 
 862      00000201 
 862      FB0E0D00 
 862      01010101 
 863              	.LASF15:
 864 0000 72656733 		.ascii	"reg32\000"
 864      3200
 865              	.LASF17:
 866 0006 4144435F 		.ascii	"ADC_intClock_SetFractionalDividerRegister\000"
 866      696E7443 
 866      6C6F636B 
 866      5F536574 
 866      46726163 
 867              	.LASF21:
 868 0030 6D61736B 		.ascii	"maskVal\000"
 868      56616C00 
 869              	.LASF28:
 870 0038 4144435F 		.ascii	"ADC_intClock_Stop\000"
 870      696E7443 
 870      6C6F636B 
 870      5F53746F 
 870      7000
 871              	.LASF26:
 872 004a 47656E65 		.ascii	"Generated_Source\\PSoC4\\ADC_intClock.c\000"
 872      72617465 
 872      645F536F 
 872      75726365 
 872      5C50536F 
 873              	.LASF27:
 874 0070 443A5C44 		.ascii	"D:\\Dropbox\\blog\\UV sensor\\SW\\UVSensorCypress\\"
 874      726F7062 
 874      6F785C62 
 874      6C6F675C 
 874      55562073 
 875 009d 55562053 		.ascii	"UV Sensor.cydsn\000"
 875      656E736F 
 875      722E6379 
 875      64736E00 
 876              	.LASF23:
 877 00ad 4144435F 		.ascii	"ADC_intClock_GetDividerRegister\000"
 877      696E7443 
 877      6C6F636B 
 877      5F476574 
 877      44697669 
 878              	.LASF12:
 879 00cd 666C6F61 		.ascii	"float\000"
 879      7400
ARM GAS  C:\Users\IYANG~1.DES\AppData\Local\Temp\ccgHyjOO.s 			page 34


 880              	.LASF1:
 881 00d3 756E7369 		.ascii	"unsigned char\000"
 881      676E6564 
 881      20636861 
 881      7200
 882              	.LASF5:
 883 00e1 6C6F6E67 		.ascii	"long unsigned int\000"
 883      20756E73 
 883      69676E65 
 883      6420696E 
 883      7400
 884              	.LASF3:
 885 00f3 73686F72 		.ascii	"short unsigned int\000"
 885      7420756E 
 885      7369676E 
 885      65642069 
 885      6E7400
 886              	.LASF19:
 887 0106 636C6B44 		.ascii	"clkDivider\000"
 887      69766964 
 887      657200
 888              	.LASF13:
 889 0111 646F7562 		.ascii	"double\000"
 889      6C6500
 890              	.LASF22:
 891 0118 72656756 		.ascii	"regVal\000"
 891      616C00
 892              	.LASF18:
 893 011f 616C6967 		.ascii	"alignClkDiv\000"
 893      6E436C6B 
 893      44697600 
 894              	.LASF20:
 895 012b 636C6B46 		.ascii	"clkFractional\000"
 895      72616374 
 895      696F6E61 
 895      6C00
 896              	.LASF10:
 897 0139 75696E74 		.ascii	"uint16\000"
 897      313600
 898              	.LASF11:
 899 0140 75696E74 		.ascii	"uint32\000"
 899      333200
 900              	.LASF8:
 901 0147 756E7369 		.ascii	"unsigned int\000"
 901      676E6564 
 901      20696E74 
 901      00
 902              	.LASF7:
 903 0154 6C6F6E67 		.ascii	"long long unsigned int\000"
 903      206C6F6E 
 903      6720756E 
 903      7369676E 
 903      65642069 
 904              	.LASF6:
 905 016b 6C6F6E67 		.ascii	"long long int\000"
 905      206C6F6E 
 905      6720696E 
ARM GAS  C:\Users\IYANG~1.DES\AppData\Local\Temp\ccgHyjOO.s 			page 35


 905      7400
 906              	.LASF14:
 907 0179 63686172 		.ascii	"char\000"
 907      00
 908              	.LASF24:
 909 017e 4144435F 		.ascii	"ADC_intClock_GetFractionalDividerRegister\000"
 909      696E7443 
 909      6C6F636B 
 909      5F476574 
 909      46726163 
 910              	.LASF2:
 911 01a8 73686F72 		.ascii	"short int\000"
 911      7420696E 
 911      7400
 912              	.LASF25:
 913 01b2 474E5520 		.ascii	"GNU C 4.9.3 20150303 (release) [ARM/embedded-4_9-br"
 913      4320342E 
 913      392E3320 
 913      32303135 
 913      30333033 
 914 01e5 616E6368 		.ascii	"anch revision 221220] -mcpu=cortex-m0 -mthumb -g -O"
 914      20726576 
 914      6973696F 
 914      6E203232 
 914      31323230 
 915 0218 33202D66 		.ascii	"3 -ffunction-sections -finline-functions -flto -ffa"
 915      66756E63 
 915      74696F6E 
 915      2D736563 
 915      74696F6E 
 916 024b 742D6C74 		.ascii	"t-lto-objects\000"
 916      6F2D6F62 
 916      6A656374 
 916      7300
 917              	.LASF9:
 918 0259 75696E74 		.ascii	"uint8\000"
 918      3800
 919              	.LASF4:
 920 025f 6C6F6E67 		.ascii	"long int\000"
 920      20696E74 
 920      00
 921              	.LASF16:
 922 0268 4144435F 		.ascii	"ADC_intClock_StartEx\000"
 922      696E7443 
 922      6C6F636B 
 922      5F537461 
 922      72744578 
 923              	.LASF0:
 924 027d 7369676E 		.ascii	"signed char\000"
 924      65642063 
 924      68617200 
 925              		.comm	__gnu_lto_v1,1,1
 926              		.ident	"GCC: (GNU Tools for ARM Embedded Processors) 4.9.3 20150303 (release) [ARM/embedded-4_9-br
