ARM GAS  C:\Users\IYANG~1.DES\AppData\Local\Temp\ccDDWlxf.s 			page 1


   1              		.cpu cortex-m0
   2              		.fpu softvfp
   3              		.eabi_attribute 20, 1
   4              		.eabi_attribute 21, 1
   5              		.eabi_attribute 23, 3
   6              		.eabi_attribute 24, 1
   7              		.eabi_attribute 25, 1
   8              		.eabi_attribute 26, 1
   9              		.eabi_attribute 30, 2
  10              		.eabi_attribute 34, 0
  11              		.eabi_attribute 18, 4
  12              		.code	16
  13              		.file	"Advertising_LED.c"
  14              		.text
  15              	.Ltext0:
  16              		.section	.gnu.lto_.profile.183f326e,"",%progbits
  17 0000 789C6366 		.ascii	"x\234cf```a\200\000F\006uE\000\000\343\000Q"
  17      60606061 
  17      80004606 
  17      75450000 
  17      E30051
  18              		.text
  19              		.section	.gnu.lto_.jmpfuncs.183f326e,"",%progbits
  20 0000 789C6366 		.ascii	"x\234cf\300\016d\2404\033\003##c=#\210`b``f``abdd\256"
  20      C00E64A0 
  20      341B0323 
  20      23633D23 
  20      88606260 
  21 001d AF6705CA 		.ascii	"\257g\005\312\001\000 \267\002>"
  21      010020B7 
  21      023E
  22              		.text
  23              		.section	.gnu.lto_.inline.183f326e,"",%progbits
  24 0000 789C6366 		.ascii	"x\234cf\300\016f@i6\006\006\016vFF\006F\006\006f\216"
  24      C00E6640 
  24      69360606 
  24      0E764646 
  24      06460606 
  25 0016 03760C6C 		.ascii	"\003v\014l\013\344\231\030\230.\360\263\200$\031\031"
  25      0BE49918 
  25      982EF0B3 
  25      80241919 
  26 0026 3839D0E5 		.ascii	"89\320\345X\026\310\203\345\230\030\330X\031\031\230"
  26      5816C883 
  26      E59818D8 
  26      58191998 
  27 0036 D83EE841 		.ascii	"\330>\350A\304\201\200\031S\210\005d\002\023\310\004"
  27      C4818019 
  27      53880564 
  27      0213C804 
  28 0046 A0390C2C 		.ascii	"\2409\014,\2506\000\011\036\220\"V\006v6\240>\270$\010"
  28      A8360009 
  28      1E902256 
  28      067636A0 
  28      3EB82408 
  29 005a 0000BE90 		.ascii	"\000\000\276\220\017\254"
  29      0FAC
ARM GAS  C:\Users\IYANG~1.DES\AppData\Local\Temp\ccDDWlxf.s 			page 2


  30              		.text
  31              		.section	.gnu.lto_.pureconst.183f326e,"",%progbits
  32 0000 789C6366 		.ascii	"x\234cf``\340e\200\0006\006)F)&)f)\026)V)\000\005\261"
  32      6060E065 
  32      80003606 
  32      29462926 
  32      29662916 
  33 001a 00C2     		.ascii	"\000\302"
  34              		.text
  35              		.section	.gnu.lto_Advertising_LED_SetDriveMode.183f326e,"",%progbits
  36 0000 789C7D51 		.ascii	"x\234}QM+DQ\030~\237s\357\334\301$\262\234=R\222\205"
  36      4D2B4451 
  36      187E9F73 
  36      EFDCC124 
  36      B29C3D52 
  37 0016 1F40C8C6 		.ascii	"\037@\310\306B\331*dnX0\031\037[g\306\220\224\014Y\220"
  37      42D92A64 
  37      6E583019 
  37      1F5B67C6 
  37      90940C59 
  38 002b 6C48BE3F 		.ascii	"lH\276?\312\302\202\305da\345#\026&\223\217\315\310"
  38      CAC282C5 
  38      6461E523 
  38      1626938F 
  38      CDC8
  39 003d 472922CC 		.ascii	"G)\"\314B\327\373\316\314N9u\336\363\236\247\347y\356"
  39      42D7FBCE 
  39      CC4E3975 
  39      DEF39EA7 
  39      E779EE
  40 0050 73DF63D0 		.ascii	"s\337c\320\337\345\345\275\017\242r>a\020T\344\224("
  40      DFE5E5BD 
  40      0FA2723E 
  40      611054E4 
  40      9428
  41 0062 98A50069 		.ascii	"\230\245\000i\0104\2500\210'\365\246\020\211\256\317"
  41      0834A830 
  41      8827F5A6 
  41      1089AECF 
  42 0072 788A97B4 		.ascii	"x\212\227\264\326\257\241\335\016=\335\222TD\357*\355"
  42      D6AFA1DD 
  42      0E3DDD92 
  42      5444EF2A 
  42      ED
  43 0083 83651433 		.ascii	"\203e\0243\347!\371\264\234k\224\202\270\377\231\214"
  43      E721F9B4 
  43      9C6B9482 
  43      B8FF998C 
  44 0093 5DA8C245 		.ascii	"]\250\302E\255C\321\233-]\211$\233\256\300`\005J\275"
  44      AD43D19B 
  44      2D5D8924 
  44      9BAEC060 
  44      054ABD
  45 00a6 28F11203 		.ascii	"(\361\022\003\204U\024\012\371-\374\023\363Xa6\317O"
  45      8455140A 
  45      F92DFC13 
  45      F3586136 
ARM GAS  C:\Users\IYANG~1.DES\AppData\Local\Temp\ccDDWlxf.s 			page 3


  45      CF4F
  46 00b8 7B620D16 		.ascii	"{b\015\026\347\242\355\202\250v\234\367\343\363\307"
  46      E7A2ED82 
  46      A8769CF7 
  46      E3F3C7
  47 00c7 22642BD6 		.ascii	"\"d+\326(C\212\011Q\272\244\265\244\270\245\020%xK\360"
  47      28438A09 
  47      51BAA4B5 
  47      A4B8A510 
  47      25784BF0 
  48 00db 7BBEF069 		.ascii	"{\276\360i\304q\3709v9k\211\333\227\222\277\330\037"
  48      C471F839 
  48      76396B89 
  48      DB9792BF 
  48      D81F
  49 00ed 1E8FE53C 		.ascii	"\036\217\345<\252\2442FG\"\332\224o\337%\316\316\263"
  49      AAA43246 
  49      4722DA94 
  49      6FDF25CE 
  49      CEB3
  50 00ff 5210C9F5 		.ascii	"R\020\311\365y\341\240g\036s\3010'6\261\016/6\300c\302"
  50      79E1A067 
  50      1E73C130 
  50      2736B10E 
  50      2F36C063 
  51 0114 26E64171 		.ascii	"&\346Aq\014}g\334\214\264\341I\374\343\312\024\265r"
  51      0C7D67DC 
  51      8CB4E149 
  51      FCE3CA14 
  51      B572
  52 0126 9C09278F 		.ascii	"\234\011'\217\260\305\3548B\267\3564\315\365\245L\221"
  52      B0C5EC38 
  52      42B7EE34 
  52      CDF5A54C 
  52      91
  53 0137 5D676402 		.ascii	"]gd\002\261l\364ev\302#2W\001a;%\031\372\310P\334)s"
  53      B16CF465 
  53      76C22332 
  53      5701613B 
  53      2519FAC8 
  54 014f 8BA1C329 		.ascii	"\213\241\303)\010\364O\252\035N\305\012\272E0\272w\244"
  54      08F44FAA 
  54      1D4EC50A 
  54      BA4530BA 
  54      77A4
  55 0161 842DEF91 		.ascii	"\204-\357\221\340\331\362\000x\034%uv\267\035h\355\263"
  55      E0D9F200 
  55      781C2575 
  55      76B71D68 
  55      EDB3
  56 0173 7DCD8DFE 		.ascii	"}\315\215\376\376@\233\335\324\320\350\257\256h\252"
  56      FE409BDD 
  56      D4D0E8AF 
  56      AE68AA
  57 0182 F20DD881 		.ascii	"\362\015\330\201\276\316\336\316\356\366\346\372\332"
  57      BECEDECE 
  57      EEF6E6FA 
ARM GAS  C:\Users\IYANG~1.DES\AppData\Local\Temp\ccDDWlxf.s 			page 4


  57      DA
  58 018f 9AB23632 		.ascii	"\232\26262\273\374>\373\027\272M\251\023"
  58      BBFC3EFB 
  58      17BA4DA9 
  58      13
  59              		.text
  60              		.section	.gnu.lto_Advertising_LED_Write.183f326e,"",%progbits
  61 0000 789C6552 		.ascii	"x\234eRMh\023A\030\2357\263\273\331\022\024\361T\202"
  61      4D681341 
  61      189D37B3 
  61      BBD91214 
  61      F15482
  62 0013 E0A19452 		.ascii	"\340\241\224R(\036D\360\340\245\242\322\213\007\241"
  62      281E44F0 
  62      E0A5A2D2 
  62      8B07A1
  63 0022 E0A95842 		.ascii	"\340\251XB\263H\240\264\020\323\\;\251\333D{J\213H@"
  63      B348A0B4 
  63      10D35C3B 
  63      A9DB447B 
  63      4A8B4840 
  64 0036 9A1AA558 		.ascii	"\232\032\245X\215\266\321^\012\036\\{\360 X\351\245"
  64      8DB6D15E 
  64      0A1E5C7B 
  64      F02058E9 
  64      A5
  65 0047 D512624B 		.ascii	"\325\022bK#\330\223\366\207j\004M\277o\367bp\330\371"
  65      23D893F6 
  65      876A044D 
  65      BF6FF762 
  65      70D8F9
  66 005a D9B7EFBD 		.ascii	"\331\267\357\275y\363\315*\361\177\213P\217K!\316\323"
  66      79F3CD2A 
  66      F17F8B50 
  66      8F4B21CE 
  66      D3
  67 006b 0C252073 		.ascii	"\014% s+B\244m\011\360B@\214J\214bG\356J\344\274R>\334"
  67      2B42A46D 
  67      09F04240 
  67      8C4A8C62 
  67      47EE4AE4 
  68 0083 31ABB5FE 		.ascii	"1\253\265\376\261\367\272u\274\265N\262}\031\330\340"
  68      B1F7BA75 
  68      BCB54EB2 
  68      7D19D8E0 
  69 0093 093A88B2 		.ascii	"\011:\210\262_\322\367\224\352\202\240uy\365\303\337"
  69      5FD2F794 
  69      EA82A075 
  69      79F5C3DF 
  70 00a3 50FB63AD 		.ascii	"P\373c\255\307\274\367\363\272\033u\362\234\203\"\005"
  70      C7BCF7F3 
  70      BA1B75F2 
  70      9C832205 
  71 00b3 BA22E88C 		.ascii	"\272\"\350\214\010\002\004\236\242\235\311{\367K\207"
  71      0802049E 
  71      A29DC97B 
  71      F74B87
ARM GAS  C:\Users\IYANG~1.DES\AppData\Local\Temp\ccDDWlxf.s 			page 5


  72 00c2 529DF585 		.ascii	"R\235\365\205[\217\266gBmE\022n\356l\277\013\353\274"
  72      5B8FB667 
  72      426D4512 
  72      6EEE6CBF 
  72      0BEBBC
  73 00d5 76371B8D 		.ascii	"v7\033\215\323\254\177\366\257>h$\330u\377\254\207-"
  73      D3AC7FF6 
  73      AF3E6824 
  73      D875FFAC 
  73      872D
  74 00e7 97829D40 		.ascii	"\227\202\235@\011mA(<\207\005\232\030Y8\351\351Fc\361"
  74      096D4128 
  74      3C87059A 
  74      185938E9 
  74      E94663F1 
  75 00fb 60F2CE05 		.ascii	"`\362\316\005\204%m,\025\015\312\020\374\321\004\207"
  75      84256D2C 
  75      150DCA10 
  75      FCD10487 
  76 010b B01808F1 		.ascii	"\260\030\010\361`\373h\013\263\204\250Q\347B|\245\027"
  76      60FB680B 
  76      B384A851 
  76      E7427CA5 
  76      17
  77 011c 9AD50696 		.ascii	"\232\325\006\226\017'V\012)v\377)\271*\305\331\274\213"
  77      0F27560A 
  77      2976FF29 
  77      B92AC5D9 
  77      BC8B
  78 012e 6FB22E0D 		.ascii	"o\262.\015\235\311i\203\363|\251}\\\265}\310\217\267"
  78      9DC96983 
  78      F37CA97D 
  78      5CB57DC8 
  78      8FB7
  79 0140 F5303BA7 		.ascii	"\3650;\247\246\361 \355R\015L\274@\004\363\240\370X"
  79      A6F120ED 
  79      520D4CBC 
  79      4004F3A0 
  79      F858
  80 0152 C034C406 		.ascii	"\3004\304\006\306>e+20T\344I\310\355_\231\012\002\304"
  80      C63E652B 
  80      323054E4 
  80      49C8ED5F 
  80      990A02C4 
  81 0166 20903CDE 		.ascii	" \220<\336N~/\037cK\365\206\212V&\371\032|\015g%\026"
  81      4E7E2F1F 
  81      634BF586 
  81      8A5626F9 
  81      1A7C0D67 
  82 017c 8B2A99B5 		.ascii	"\213*\231\265\302\215@E\217I\252\251\361\245\245\343"
  82      C28D4045 
  82      8F49AAA9 
  82      F1A5A5E3 
  83 018c BECA1278 		.ascii	"\276\312\022xI\242&\353\020\361\2104\263~\367\267OB"
  83      49A226EB 
  83      10F18834 
  83      B37EF7B7 
ARM GAS  C:\Users\IYANG~1.DES\AppData\Local\Temp\ccDDWlxf.s 			page 6


  83      4F42
  84 019e B7C0AB80 		.ascii	"\267\300\253\200t`\005\024\333g\031\315\233\331\234"
  84      74600514 
  84      DB6719CD 
  84      9BD99C
  85 01ad B99AAD16 		.ascii	"\271\232\255\026\222\001\251%\200\226\247\212\247\030"
  85      9201A925 
  85      8096A78A 
  85      A718
  86 01bb 683A71DA 		.ascii	"h:q\3323\233\317\274Hg&\211\250\"\355}\356a>_b\215~"
  86      339BCFBC 
  86      48672689 
  86      A822ED7D 
  86      EE613E5F 
  87 01d2 052A2F15 		.ascii	"\005*/\025\273\263\307\031r\022\321\244\023\353\357"
  87      BBB3C719 
  87      7212D1A4 
  87      13EBEF
  88 01e1 1D1E490C 		.ascii	"\035\036I\0148}\327z\207/\235\353\273\030K9\211d\374"
  88      387DD77A 
  88      872F9DEB 
  88      BB184B39 
  88      8964FC
  89 01f4 567CE866 		.ascii	"V|\350f\377\325+\227\317\014\0103\025\035\034q\314X"
  89      FFD52B97 
  89      CF0C0833 
  89      151D1C71 
  89      CC58
  90 0206 E27A74F0 		.ascii	"\342zt\360\010\377(\341\306"
  90      08FF28E1 
  90      C6
  91              		.text
  92              		.section	.gnu.lto_Advertising_LED_Read.183f326e,"",%progbits
  93 0000 789C658F 		.ascii	"x\234e\217\277KBQ\024\307\317\367\274\347\303\020*\232"
  93      BF4B4251 
  93      14C7CFF7 
  93      BCE7C310 
  93      2A9A
  94 0012 C23F2091 		.ascii	"\302? \221\244\2515(*Z\032\002\267\020$\364\021.\012"
  94      A4A93528 
  94      2A5A1A02 
  94      B71024F4 
  94      112E0A
  95 0025 66AD3E4D 		.ascii	"f\255>M\015\232\304\261p\022)\373A\321\0206\025\342"
  95      0D9AC4B1 
  95      701229FB 
  95      41D11036 
  95      15E2
  96 0037 28490805 		.ascii	"(I\010\005\022\266\030\330\226\330\2577\224\335\353"
  96      12B618D8 
  96      96D8AF37 
  96      94DDEB
  97 0046 6BEBC23D 		.ascii	"k\353\302=\347\236{>|\277\347(\364\3778\305\235\001"
  97      E79E7B3E 
  97      7CBFE728 
  97      F4FF38C5 
  97      9D01
ARM GAS  C:\Users\IYANG~1.DES\AppData\Local\Temp\ccDDWlxf.s 			page 7


  98 0058 D1A4C850 		.ascii	"\321\244\310P\010\234\275%J\330\031\220\017\002\305"
  98      089CBD25 
  98      4AD81990 
  98      0F02C5
  99 0067 1971BC70 		.ascii	"\031q\274p\227Q\273\372i\300U4\214\344k\262\361\350"
  99      9751BBFA 
  99      69C05534 
  99      8CE46BB2 
  99      F1E8
 100 0079 488F9B4C 		.ascii	"H\217\233L\324c\202\307\011\267\324\301\001\\$\300n"
 100      D46382C7 
 100      09B7D4C1 
 100      015C24C0 
 100      6E
 101 008a EAFBC1A1 		.ascii	"\352\373\301\241\245\014\303\030\225}\3218\204&<\350"
 101      A50CC318 
 101      957DD138 
 101      84263CE8 
 102 009a 6CECC6E8 		.ascii	"l\354\306\350\367{\265\\g\2025&\223\205\243\010\252"
 102      F77BB55C 
 102      67823526 
 102      9385A308 
 102      AA
 103 00ab 0C369272 		.ascii	"\0146\222r\324\026A:?3\313\2544Q\371\330\275/\255J\211"
 103      D416413A 
 103      3F33CBAC 
 103      3451F9D8 
 103      BD2FAD4A 
 104 00c0 4F966314 		.ascii	"O\226c\024\352\2257[\207M\346T&k\250\322\360\251]\277"
 104      EA95375B 
 104      874DE654 
 104      266BA8D2 
 104      F0A95DBF 
 105 00d4 B30FBE48 		.ascii	"\263\017\276H\226\357{\347\327#y\354'R0YA\011N\034A"
 105      96EF7BE7 
 105      D72379EC 
 105      27523059 
 105      41094E1C 
 106 00e9 0C8863E4 		.ascii	"\014\210c\344AMl\177e\2526KP\2614/\012\305\313!)\200"
 106      414D6C7F 
 106      65AA364B 
 106      50B1342F 
 106      0AC5CB21 
 107 00ff 59C28960 		.ascii	"Y\302\211`\005\324\312T\307-H\025\234\200r\351ryXB\252"
 107      05D4CA54 
 107      C72D4815 
 107      9C8072E9 
 107      72795842 
 108 0114 46381D40 		.ascii	"F8\035@\311\326\216\307bl\002\243\026\360W\0156\201"
 108      C9D68EC7 
 108      626C02A3 
 108      16F0570D 
 108      3681
 109 0126 DC408CE4 		.ascii	"\334@\214\344^\322\303zt-\246\007\375\336\310f4\240"
 109      5ED2C37A 
 109      742DA607 
 109      FDDEC866 
ARM GAS  C:\Users\IYANG~1.DES\AppData\Local\Temp\ccDDWlxf.s 			page 8


 109      34A0
 110 0138 FB56BC91 		.ascii	"\373V\274\221\371i\337\\pK\217\306B\033\241\360\272"
 110      F969DF5C 
 110      704B8FC6 
 110      421BA1F0 
 110      BA
 111 0149 7F797161 		.ascii	"\177yqa*@\277/\177}w"
 111      2A40BF2F 
 111      7F7D77
 112              		.text
 113              		.section	.gnu.lto_Advertising_LED_ReadDataReg.183f326e,"",%progbits
 114 0000 789C658F 		.ascii	"x\234e\217\261KBQ\024\306\317w\336\363a\010\021M\341"
 114      B14B4251 
 114      14C6CF77 
 114      DEF36108 
 114      114DE1
 115 0013 3F2092B4 		.ascii	"? \222\264\324\032\024\025-\015\201[\010\022\372\010"
 115      D41A1415 
 115      2D0D815B 
 115      0812FA08 
 116 0023 1705B356 		.ascii	"\027\005\263V\237\366Th\022\247 \204\"$+#h\010\333B"
 116      9FF65468 
 116      12A72084 
 116      22242B23 
 116      6808DB42 
 117 0037 1CA38886 		.ascii	"\034\243\210\206H\302\010,lK\004\353\015e\367\372\332"
 117      48C2082C 
 117      6C4B04EB 
 117      0D65F7FA 
 117      DA
 118 0048 BA70CFB9 		.ascii	"\272p\317\271\347\236\037\337w\216B\377\217[\334i\020"
 118      E79E1FDF 
 118      778E42FF 
 118      8F5BDC69 
 118      10
 119 0059 8D8B0C85 		.ascii	"\215\213\014\205\300\371\033\242\224\223\001\371 P\222"
 119      C0F91BA2 
 119      949301F9 
 119      205092
 120 0068 91C43B77 		.ascii	"\221\304;w\030\327\227?\367\360\224\014#\375Q{|re\306"
 120      18D7973F 
 120      F7F0940C 
 120      23FD517B 
 120      7C7265C6 
 121 007c 2C26EA32 		.ascii	",&\3522\301\347\206W\352\340\020\036\022`\307\374~p"
 121      C1E78657 
 121      EAE0101E 
 121      1260C7FC 
 121      7E70
 122 008e 69A66118 		.ascii	"i\246a\030#\262/\032eh\302\203\316F\257\214~\277\373"
 122      23B22F1A 
 122      6568C283 
 122      CE46AF8C 
 122      7EBFFB
 123 00a1 56684FB2 		.ascii	"VhO\262\306d\261p\024A\225\301AR\216Z\"H\347Wf\231\225"
 123      C664B170 
 123      144195C1 
ARM GAS  C:\Users\IYANG~1.DES\AppData\Local\Temp\ccDDWlxf.s 			page 9


 123      41528E5A 
 123      2248E757 
 124 00b8 066ABDED 		.ascii	"\006j\275\355^eEJ|\262\034c\277\264c\242\315\026\263"
 124      5E65454A 
 124      7CB21C63 
 124      BFB463A2 
 124      CD16B3
 125 00cb 91CD1BAA 		.ascii	"\221\315\033\2524|n\335\3369\007_$\313\227\275\\Y)b"
 125      347C6EDD 
 125      DE39075F 
 125      24CB97BD 
 125      5C592962 
 126 00df 3765C262 		.ascii	"7e\302b\005Gp\343\030b@\234\240\010j`\353+[w\330\202"
 126      054770E3 
 126      1862409C 
 126      A0086A60 
 126      EB2B5B77 
 127 00f5 8AAD797E 		.ascii	"\212\255y~P\272\030\222\002\230!T\004+\240f\266>fC\252"
 127      50BA1892 
 127      02982154 
 127      042BA066 
 127      B63E6643 
 128 010a E00454C8 		.ascii	"\340\004T\310T\253\303\022R5\302\351\000J7s>\233q\010"
 128      54ABC312 
 128      5235C2E9 
 128      004A3773 
 128      3E9B7108 
 129 011e 8C9AC05F 		.ascii	"\214\232\300_5\330\004r\0031\222wQ\217\352\361\325\204"
 129      35D80472 
 129      03319277 
 129      518FEAF1 
 129      D584
 130 0130 1E0EFA63 		.ascii	"\036\016\372c\033\361\220\036X\366\307\346\246\002\263"
 130      1BF1901E 
 130      58F6C7E6 
 130      A602B3
 131 013f E14D3D9E 		.ascii	"\341M=\236\210\254G\242k\301\245\205\371\211\020\375"
 131      88AC47A2 
 131      6BC1A585 
 131      F98910FD 
 132 014f 02E87C7C 		.ascii	"\002\350||\337"
 132      DF
 133              		.text
 134              		.section	.gnu.lto_Advertising_LED_SetInterruptMode.183f326e,"",%progbits
 135 0000 789C6D91 		.ascii	"x\234m\221Oh\023Q\020\306\337\274\267\273\3316\021\213"
 135      4F681351 
 135      10C6DFBC 
 135      B7BBD936 
 135      118B
 136 0012 A792830A 		.ascii	"\247\222\203\012%\024Q<\351\305\223\245\212\027\221"
 136      2514513C 
 136      E9C593A5 
 136      8A1791
 137 0021 42AF8522 		.ascii	"B\257\205\"\315Zr0+i\364\342\241\2731M@<\204Z\244X\212"
 137      CD5A7230 
 137      2B69F4E2 
 137      A1BB314D 
ARM GAS  C:\Users\IYANG~1.DES\AppData\Local\Temp\ccDDWlxf.s 			page 10


 137      403C845A 
 138 0038 0495B646 		.ascii	"\004\225\266F\333hU4\247\020\005\013\376kA,T\211\245"
 138      DB685534 
 138      A710050B 
 138      FE6B412C 
 138      5489A5
 139 004b 4DD48285 		.ascii	"M\324\202\205\306\254\246+\310:\263[\017E\027\366\275"
 139      C6ACA62B 
 139      C83AB35B 
 139      0F4517F6 
 139      BD
 140 005c 373F66BE 		.ascii	"7?f\276\367\315<\301\376\375\202\370\337\342\214u\340"
 140      F7CD3CC1 
 140      FEFD82F8 
 140      DFE28C75 
 140      E0
 141 006d 0E8201CF 		.ascii	"\016\202\001\317\274a\314T9\000\035\030\260A\016\203"
 141      BC61CC54 
 141      39001D18 
 141      B0410E83 
 142 007d B0C66B1C 		.ascii	"\260\306k\0342\305\334\250\277\375\266a\030\033\337"
 142      32C5DCA8 
 142      BFFDB661 
 142      181BDF
 143 008c EBAD43AD 		.ascii	"\353\255C\2556\226\325\271'\003\023\320\216)\325'\331"
 143      3696D5B9 
 143      270313D0 
 143      8E29D527 
 143      D9
 144 009d 8BE20030 		.ascii	"\213\342\0000<\276\\\331\254\007\276r\233C\013\205\327"
 144      3CBE5CD9 
 144      AC07BE72 
 144      9B430B85 
 144      D7
 145 00ae 17AB96A0 		.ascii	"\027\253\226\240\220s\012s\317G\362\276\320M\303H\024"
 145      90730A73 
 145      CF47F2BE 
 145      D04DC348 
 145      14
 146 00bf CB79E328 		.ascii	"\313y\343(r\001\223 P\016\246 \010w \310\0201\310A\010"
 146      72019320 
 146      500EA620 
 146      087720C8 
 146      1031C841 
 147 00d4 B3BFD86B 		.ascii	"\263\277\330k\023;\304aWw\305\274\361\303\357U:\177"
 147      133BC461 
 147      5777C5BC 
 147      F1C3EF55 
 147      3A7F
 148 00e6 2BEFFEA7 		.ascii	"+\357\376\247\362\036\204(}\376\331\310\252,\216\270"
 148      F21E8428 
 148      7DFED9C8 
 148      AA2C8EB8 
 149 00f6 A54FA7AD 		.ascii	"\245O\247\255\327~\327\322^\012\013\303s\243\212kI\242"
 149      D77ED7D2 
 149      5E0A0BC3 
 149      73A38A6B 
ARM GAS  C:\Users\IYANG~1.DES\AppData\Local\Temp\ccDDWlxf.s 			page 11


 149      49A2
 150 0108 70FD5A69 		.ascii	"p\375Zi\214\267eQxy*\375\"`\314\031\311e\307\331cs\011"
 150      8CB76551 
 150      78792AFD 
 150      2260CC19 
 150      C965C7D9 
 151 011f A63DFD19 		.ascii	"\246=\375\031\324\317CpkrXRK\376^\364+I\234H\013\334"
 151      D4CF4370 
 151      6B725852 
 151      4BFE5EF4 
 151      2B499C48 
 152 0135 87366F1A 		.ascii	"\2076o\032\360\000\024\300\215\310\314\256\242\3418"
 152      F00014C0 
 152      8DC8CCAE 
 152      A2E138
 153 0144 B3EFAE4E 		.ascii	"\263\357\256N\356\027\001\216\306d\001\324\223DG\231"
 153      EE17018E 
 153      C66401D4 
 153      93444799 
 154 0154 1685519E 		.ascii	"\026\205Q\236\017\310\257\212@i\"\332L\013c\025\324"
 154      0FC8AF8A 
 154      406922DA 
 154      4C0B6315 
 154      D4
 155 0165 A367A8E2 		.ascii	"\243g\250\342\320p\027KP\372y\271\\\350\242+\032\234"
 155      D070174B 
 155      50FA79B9 
 155      5CE8A22B 
 155      1A9C
 156 0177 DE643E6D 		.ascii	"\336d>m-\354\244\036|WR\031\303\355\343S\345\355\202"
 156      2DECA41E 
 156      7C575219 
 156      C3EDE353 
 156      E5ED82
 157 018a EA22D7E3 		.ascii	"\352\"\327\343F-\235\360\217\303\230\231\004\233\253"
 157      462D9DF0 
 157      8FC39899 
 157      049BAB
 158 0199 308B3D3C 		.ascii	"0\213=<\244\036\340\021\214\003[\202D9\375Q\361\004"
 158      A41EE011 
 158      8C035B82 
 158      4439FD51 
 158      F104
 159 01ab A5060E0E 		.ascii	"\245\006\016\016\311\257\324+\331#2B$\2276S\337\300"
 159      C9AFD42B 
 159      D9233242 
 159      24973653 
 159      DFC0
 160 01bd 23742F72 		.ascii	"#t/r\366\036\270\333(\232G\350\345|.X[Y**5\320\000\311"
 160      F61EB8DB 
 160      289A47E8 
 160      E57C2E58 
 160      5B592A2A 
 161 01d5 FB3CD484 		.ascii	"\373<\324\204\224\322\254\224%y\244\331\205T[\032\316"
 161      94D2AC94 
 161      2579A4D9 
 161      85545B1A 
ARM GAS  C:\Users\IYANG~1.DES\AppData\Local\Temp\ccDDWlxf.s 			page 12


 161      CE
 162 01e6 EE26B6CD 		.ascii	"\356&\266\315\256Y\224\267\033~\214\206\261\212\225"
 162      AE5994B7 
 162      1B7E8C86 
 162      B18A95
 163 01f5 C12C7E38 		.ascii	"\301,~8E\371\364\014\025\0164\033\234\324\276\023ZT"
 163      45F9F40C 
 163      150E341B 
 163      9CD4BE13 
 163      5A54
 164 0207 8B9D8E6B 		.ascii	"\213\235\216k\341\336n\375|\254O\353\351\352\326;\017"
 164      E1DE6EFD 
 164      7CAC4FEB 
 164      E9EAD63B 
 164      0F
 165 0218 F574842F 		.ascii	"\365t\204/h\261xd \022\355\357=y\374\330\301>\246\236"
 165      68B17864 
 165      2012EDEF 
 165      3D79FCD8 
 165      C13EA69E 
 166 022c D30722F1 		.ascii	"\323\007\"\361\210\036\225\316\352a\315\027\211\306"
 166      881E95CE 
 166      EA61CD17 
 166      89C6
 167 023a 639D67FA 		.ascii	"c\235g\372\377\000/\241\000\271"
 167      FF002FA1 
 167      00B9
 168              		.text
 169              		.section	.gnu.lto_Advertising_LED_ClearInterrupt.183f326e,"",%progbits
 170 0000 789C6590 		.ascii	"x\234e\220OHTQ\024\306\317w\336\374\253\221\212V1\233"
 170      4F485451 
 170      14C6CF77 
 170      DEFCAB91 
 170      8A56319B 
 171 0014 162E4410 		.ascii	"\026.D\020W-\304UQ\321\306\2050[A\006\347\021\022)\314"
 171      572DC455 
 171      51D1C685 
 171      305B4106 
 171      E7111229 
 172 0029 3C5DE61D 		.ascii	"<]\346\035\033gH\027\015J \204\213\010\361O\177\254"
 172      1B674817 
 172      0D4A2084 
 172      8B08F14F 
 172      7FAC
 173 003b 16620B43 		.ascii	"\026b\013C\206p%F\010\025\0323\202\012\005!\2110\366"
 173      86702546 
 173      08151A33 
 173      820A0521 
 173      8930F6
 174 004e C8E679CE 		.ascii	"\310\346y\316{-\222.\274w\357\373\336\371\276\363\273"
 174      7B2D922E 
 174      BC77EFFB 
 174      DEF9BEF3 
 174      BB
 175 005f C7A2FF57 		.ascii	"\307\242\377WB\236-\020\265\311\016\213\300\245u\242"
 175      429E2D10 
 175      B5C90E8B 
ARM GAS  C:\Users\IYANG~1.DES\AppData\Local\Temp\ccDDWlxf.s 			page 13


 175      C0A575A2 
 176 006f 5C8C013D 		.ascii	"\\\214\001=\020h\2101\204\357|\300X{[\337@\323\2641"
 176      10688831 
 176      84EF7CC0 
 176      587B5BDF 
 176      40D3B431 
 177 0083 C33FCBBF 		.ascii	"\303?\313\277\277\306G.\271Lt\310\204\226\004\2325\007"
 177      BFC6472E 
 177      B94C74C8 
 177      8496049A 
 177      3507
 178 0095 33682229 		.ascii	"3h\")|\264\363`\037V\013\364\\\363\306\346c\215O\304"
 178      7CB4F360 
 178      1F560BF4 
 178      5CF3C6E6 
 178      638D4FC4 
 179 00a9 B45D29AE 		.ascii	"\264])\256\306\315\244\311o{\336e\261b\026\326\277n"
 179      C6CDA4C9 
 179      6F7BDE65 
 179      B16216D6 
 179      BF6E
 180 00bb 5D6238C8 		.ascii	"]b8\310\377\371\034\217\344\2151\0270\207Fm \311\363"
 180      FFF91C8F 
 180      E48D3117 
 180      3087466D 
 180      20C9F3
 181 00ce 88082454 		.ascii	"\210\010$TY\270\270b<\357p\177b\266\335\2121\271,\330"
 181      59B8B862 
 181      3CEF707F 
 181      62B6DD8A 
 181      31B92CD8 
 182 00e2 2E7388F4 		.ascii	".s\210\364gX\277\243\244d\264+/\275\304\036\263\356"
 182      6758BFA3 
 182      A464B42B 
 182      2FBDC41E 
 182      B3EE
 183 00f4 D626CAB5 		.ascii	"\326&\312\265\321\332\362=\015;b\275\321\303\305\352"
 183      D1DAF23D 
 183      0D3B62BD 
 183      D1C3C5EA 
 184 0104 D1996FEC 		.ascii	"\321\231o\354\262U*\224LH\333Ww?|\214\371\222OS\370"
 184      B2552A94 
 184      4C48DB57 
 184      773F7C8C 
 184      F9924F53 
 185 0119 F1BA7E7E 		.ascii	"\361\272~~\012\217sy\270\034\3023$\360\034B\213\027"
 185      0A8F7379 
 185      B81CC233 
 185      24F01C42 
 185      8B17
 186 012b 98026D62 		.ascii	"\230\002mb\370K\361\230\203@K2E\271\377\253\360\036"
 186      F84BF198 
 186      83404B32 
 186      45B9FFAB 
 186      F01E
 187 013d 81121251 		.ascii	"\201\022\022Q2\336<\235^\364\273\360U\302Kq\177\202"
 187      32DE3C9D 
ARM GAS  C:\Users\IYANG~1.DES\AppData\Local\Temp\ccDDWlxf.s 			page 14


 187      5EF4BBF0 
 187      55C24B71 
 187      7F82
 188 014f 6F515E29 		.ascii	"oQ^)\322\224J\261\276\354\004\246p \225\307\375\220"
 188      D2944AB1 
 188      BEEC04A6 
 188      702095C7 
 188      FD90
 189 0161 5308B915 		.ascii	"S\010\271\025>\015\261 \020\342\320\256\225\302\352"
 189      3E0DB120 
 189      10E2D0AE 
 189      95C2EA
 190 0170 BBB34142 		.ascii	"\273\263ABT\022\3047>\262\264tN\333\206#\204WR_\301"
 190      5412C437 
 190      3EB2B474 
 190      4EDB8623 
 190      8457525F 
 191 0185 5FAEA83F 		.ascii	"_\256\250?\034\350PdD\315\267\354>;\223r\354tw\262\177"
 191      1CE85064 
 191      44CDB7EC 
 191      3E3B9372 
 191      EC7477B2 
 192 019a 20D36377 		.ascii	" \323cwu&\373\257_\351\272\226\036\2643No\266\267\357"
 192      7526FBAF 
 192      5FE9BA96 
 192      1EB4334E 
 192      6FB6B7EF 
 193 01ae 7677C7CD 		.ascii	"vw\307\315\033\255=\324p7\225\275c\247\223N\312\031"
 193      1BAD3DD4 
 193      703795BD 
 193      63A7934E 
 193      CA19
 194 01c0 C89E00BF 		.ascii	"\310\236\000\277\243\270A"
 194      A3B841
 195              		.text
 196              		.section	.gnu.lto_.symbol_nodes.183f326e,"",%progbits
 197 0000 789C55C7 		.ascii	"x\234U\307;\015\000 \020D\301w\037\022tbd-\240\200\240"
 197      3B0D0020 
 197      1044C177 
 197      1F127462 
 197      642DA080 
 198 0015 084D3414 		.ascii	"\010M4\024\334t\023\300\340q\004\363\200\304\332\035"
 198      DC7413C0 
 198      E07104F3 
 198      80C4DA1D 
 199 0025 3759B9CB 		.ascii	"7Y\271\313\313CQ\236\312\362\246\366\237\013\351b\031"
 199      CB43519E 
 199      CAF2A6F6 
 199      9F0BE962 
 199      19
 200 0036 56       		.ascii	"V"
 201              		.text
 202              		.section	.gnu.lto_.refs.183f326e,"",%progbits
 203 0000 789C6366 		.ascii	"x\234cf```d\200\002\000\000=\000\005"
 203      60606064 
 203      80020000 
 203      3D0005
ARM GAS  C:\Users\IYANG~1.DES\AppData\Local\Temp\ccDDWlxf.s 			page 15


 204              		.text
 205              		.section	.gnu.lto_.decls.183f326e,"",%progbits
 206 0000 789C8D54 		.ascii	"x\234\215TolSU\024\277\347\335\266k\037M%F\207\231D"
 206      6F6C5355 
 206      14BFE7DD 
 206      B66B1F4D 
 206      25468799 
 207 0015 5FBF2C21 		.ascii	"_\277,!YH\006\306\370\315\230\315\020\215\232\205\305"
 207      594806C6 
 207      F8CD98CD 
 207      108D9A85 
 207      C5
 208 0026 F80192A5 		.ascii	"\370\001\222\245\331^F\023\263\221\322\021\371v\245"
 208      D95E4613 
 208      B391D211 
 208      F976A5
 209 0035 E8A62E64 		.ascii	"\350\246.dV&cFX\244\310\344\317,[\335VZ]\307\330\326"
 209      56266346 
 209      58A4C8E4 
 209      CF2C5BDD 
 209      565A5DC7 
 210 004b B10D9C1A 		.ascii	"\261\015\234\0327T\306\006\201\0210\270\301L\206\030"
 210      3754C606 
 210      811130B8 
 210      C14C8618 
 211 005b 9FE7DEF7 		.ascii	"\237\347\336\367\332W\352#\362\222\323\276{r~\277\363"
 211      DA57EA23 
 211      F292D3BE 
 211      7B727EBF 
 211      F3
 212 006c 3BBF7BF2 		.ascii	";\277{\362(!\244\023\010\321\360\221\354\204<\216\357"
 212      2821A413 
 212      08D1F091 
 212      EC843C8E 
 212      EF
 213 007d 0598AB20 		.ascii	"\005\230\253 \346\343\300\350\306\210a\364a\3041\206"
 213      E6E3C0E8 
 213      C68861F4 
 213      61C43186 
 214 008d 3146C97F 		.ascii	"1F\311\177\237n\243\236\343Obx1\2460.`\274j\324\200"
 214      9F6EA39E 
 214      E34F6278 
 214      31A6302E 
 214      60BC6AD4 
 215 00a2 5197FFC4 		.ascii	"Q\227\377\304,\260\2059\370\0146f\201\345\272\354\377"
 215      2CB08539 
 215      F80C3666 
 215      81E5BAEC 
 215      FF
 216 00b3 D3B3CF02 		.ascii	"\323\263\317\002\027\177\004\\\334\002\307\347w\031"
 216      177F045C 
 216      DC02C7E7 
 216      7719
 217 00c1 5A3D186E 		.ascii	"Z=\030n\214\024\306\244\301\243X\350\036\266\340\031"
 217      8C14C6A4 
 217      C1A358E8 
 217      1EB6E019 
ARM GAS  C:\Users\IYANG~1.DES\AppData\Local\Temp\ccDDWlxf.s 			page 16


 218 00d1 3566B69A 		.ascii	"5f\266\2327W\203\225\327K\022\304\273\226'W\335\220"
 218      37578395 
 218      D74B12C4 
 218      BB962757 
 218      DD90
 219 00e3 C0232BFC 		.ascii	"\300#+\374x:\234ns\340\321-\333\370\361\347\201\306"
 219      783A9C6E 
 219      73E0D12D 
 219      DBF8F1E7 
 219      81C6
 220 00f5 46279580 		.ascii	"F'\225\200\277\037n\233\377I.9\306\030kb\251\024\230"
 220      BF1F6E9B 
 220      FF492E39 
 220      C6186B62 
 220      A91498
 221 0108 14EF7E99 		.ascii	"\024\357~\231h.@L\241,\216{\307\333\007\2518j\034']"
 221      682E404C 
 221      A12C8E7B 
 221      C7DB07A9 
 221      386A1C27 
 222 011d BCB8EF1E 		.ascii	"\274\270\357\036\005\271\270\211\261\335l1\314\350S"
 222      05B9B889 
 222      B1DD6C31 
 222      CCE853
 223 012c 044A8A60 		.ascii	"\004J\212`]\021\201.(\30628\006%\004\216C\021\234\200"
 223      5D11812E 
 223      28C63238 
 223      0625048E 
 223      43119C80 
 224 0140 2212C106 		.ascii	"\"\022\301\006\213\207\026\177Y\313\230\015N\202\014"
 224      8B87167F 
 224      59CB980D 
 224      4E820C
 225 014f 5F011515 		.ascii	"_\001\025\0258\006\357`4myo\260\305f\2230\311k\266\010"
 225      3806EF60 
 225      346D796F 
 225      B0C56693 
 225      30C96BB6 
 226 0164 B57F6AF3 		.ascii	"\265\177j\363G\2445\255H\300ZBl\265\015*\012\341(\322"
 226      47A435AD 
 226      48C05A42 
 226      6CB50D2A 
 226      0AE128D2 
 227 0178 76222D81 		.ascii	"v\"-\201(\254\301\337\257\301\246\023\334\374\353\372"
 227      28ACC1DF 
 227      AFC1A613 
 227      DCFCEBFA 
 228 0188 8F1E5A2A 		.ascii	"\217\036Z*F\233\235\211\015;\225\203\254#\272x0t\275"
 228      469B9D89 
 228      0D3B9583 
 228      AC23BA78 
 228      3074BD
 229 019b E2E3108B 		.ascii	"\342\343\020\213\2609M{V\200\340TV\000\341\357\272\243"
 229      B0394D7B 
 229      5680E054 
 229      5600E1EF 
 229      BAA3
ARM GAS  C:\Users\IYANG~1.DES\AppData\Local\Temp\ccDDWlxf.s 			page 17


 230 01ad DDA07092 		.ascii	"\335\240p\222O\242IJ\337\021$\2233\351K\036A2wyHM\355"
 230      4FA2494A 
 230      DF112493 
 230      33E94B1E 
 230      41327779 
 231 01c4 617F6B1A 		.ascii	"a\177k\032\325\031zr\030z2\0141\301\360\301\236(\315"
 231      D5197A72 
 231      187A320C 
 231      31C1F0C1 
 231      9E28CD
 232 01d7 95CCA731 		.ascii	"\225\314\24715\177#4o1$\357\333?{@\242{A\264\273\324"
 232      357F2334 
 232      6F3124EF 
 232      DB3F7B40 
 232      A27B41B4 
 233 01ed 9D6837DA 		.ascii	"\235h7\332\265]3\333!\002zs\332\365f\332\365\211v\343"
 233      B55D33DB 
 233      21027A73 
 233      DAF566DA 
 233      F58976E3 
 234 0201 8D892F5C 		.ascii	"\215\211/\\\364\260N\021>~?*\013\212\216\211#\2164K"
 234      F4B04E11 
 234      3E7E3F2A 
 234      0B8A8E89 
 234      238E344B 
 235 0215 69DA8B82 		.ascii	"i\332\213\202\240?\207\240?C\020\327\011\256\254\334"
 235      A03F87A0 
 235      3F4310D7 
 235      09AEACDC 
 236 0225 758B7D59 		.ascii	"u\213}Y\315)\332\247\257-S\261/\022?~~\347v\322E\007"
 236      CD29DAA7 
 236      AF2D53B1 
 236      2F123F7E 
 236      7EE776D2 
 237 023b 74FACC5E 		.ascii	"t\372\314^(\372^\354\277\265\022s\212#\027\212\213q"
 237      28FA5EEC 
 237      BFB51273 
 237      8A23178A 
 237      8B71
 238 024d FF6AD751 		.ascii	"\377j\327Q\007\024\313\372\215\337\321o<\205\363'\315"
 238      0714CBFA 
 238      8DDFD16F 
 238      3C85F327 
 238      CD
 239 025e 1B578C1B 		.ascii	"\033W\214\033\027\313\303B\314\336\351!p\032\375I\240"
 239      17CBC342 
 239      CCDEE921 
 239      701AFD49 
 239      A0
 240 026f 3F3080FB 		.ascii	"?0\200\373\243\030\373\363-&\277\303$vJFn\336^%v#\225"
 240      A318FBF3 
 240      2D26BFC3 
 240      24764A46 
 240      6EDE5E25 
 241 0286 DD8DD06C 		.ascii	"\335\215\320lb\326\231\315\015\202HN,\207\247m\017]"
 241      62D699CD 
 241      0D82484E 
ARM GAS  C:\Users\IYANG~1.DES\AppData\Local\Temp\ccDDWlxf.s 			page 18


 241      2C87A76D 
 241      0F5D
 242 0298 982161FE 		.ascii	"\230!a\376\231\314\302|\232\234\366\323\021}\264?\232"
 242      99CCC27C 
 242      9A9CF6D3 
 242      117DB43F 
 242      9A
 243 02a9 C77E2D30 		.ascii	"\307~-0\026\346\352B\351\001\326\261\233\375\243\341"
 243      16E6EA42 
 243      E901D6B1 
 243      9BFDA3E1 
 244 02b9 BE73109C 		.ascii	"\276s\020\234\315\261\357l\306\276aa_\352\304\320\357"
 244      CDB1EF6C 
 244      C6BE6161 
 244      5FEAC4D0 
 244      EF
 245 02ca 0EBAA0B3 		.ascii	"\016\272\240\263\254\264\336\035p\353W\370\333\302\203"
 245      ACB4DE1D 
 245      70EB57F8 
 245      DBC283
 246 02d9 57389243 		.ascii	"W8\222C1\222\241\030\025\024M\341\336[v\372\276\364"
 246      3192A118 
 246      15144DE1 
 246      DE5B76FA 
 246      BEF4
 247 02eb 80C75EDD 		.ascii	"\200\307^\335\343\313\237\335\213\270\304\221\177\216"
 247      E3CB9FDD 
 247      8BB8C491 
 247      7F8E
 248 02f9 1FE3A9F9 		.ascii	"\037\343\251\371\231\351d\001m\026\345R\342LxJ\316Z"
 248      99E96401 
 248      6D16E552 
 248      E24C784A 
 248      CE5A
 249 030b BEAC5B3E 		.ascii	"\276\254[>\211\206\214\233\226{s-G[\\i\264<\343\012"
 249      89868C9B 
 249      967B732D 
 249      475B5C69 
 249      B43CE30A 
 250 031f 4CA0E55E 		.ascii	"L\240\345^\303\3621L\236\323-\377\241u\351\220Sn\342"
 250      C3F2314C 
 250      9ED32DFF 
 250      A175E990 
 250      536EE2
 251 0332 57F48810 		.ascii	"W\364\210\020\351\243\225\033K\036\375\273`\001\372"
 251      E9A3951B 
 251      4B1EFDBB 
 251      6001FA
 252 0341 DE02C455 		.ascii	"\336\002\304U\3175\367D$\256\372\002\252N\233\252\317"
 252      CF35F744 
 252      24AEFA02 
 252      AA4E9BAA 
 252      CF
 253 0352 83F96DE8 		.ascii	"\203\371m\350\037;uEr\177h\352\027\305\346\305N\201"
 253      1F3B7545 
 253      727F68EA 
 253      17C5E6C5 
ARM GAS  C:\Users\IYANG~1.DES\AppData\Local\Temp\ccDDWlxf.s 			page 19


 253      4E81
 254 0364 5BF8C9FF 		.ascii	"[\370\311\377\355\015\376\272\340\013\216Mo\274\251"
 254      ED0DFEBA 
 254      E00B8E4D 
 254      6FBCA9
 255 0373 9411EF26 		.ascii	"\224\021\357&\265N\015\370\202jMUe}C\240Z\335ZQY_\366"
 255      B54E0DF8 
 255      826A4D55 
 255      657D43A0 
 255      5ADD5A51 
 256 038a DCD6EA5D 		.ascii	"\334\326\352]\301]\333\325\035\353\267\221\265/\325"
 256      C15DDBD5 
 256      1DEBB791 
 256      B52FD5
 257 0399 EC540341 		.ascii	"\354T\003A\377\016\177]m\325k/\227WU\252\301\362\200"
 257      FF0E7F5D 
 257      6DD56B2F 
 257      975755AA 
 257      C1F280
 258 03ac 7FA7FA7A 		.ascii	"\177\247\372z}\215\272\356!\360<\314\372j\362d>\315"
 258      7D8DBAEE 
 258      21F03CCC 
 258      FA6AF264 
 258      3ECD
 259 03be 5B017F50 		.ascii	"[\001\177P}\"?\273Y\365\325<m\225,\367\005}\233\325"
 259      7D223FBB 
 259      59F5D53C 
 259      6D952CF7 
 259      057D9BD5 
 260 03d2 5A07175F 		.ascii	"Z\007\027_\372\274b!\352\225\272\240\032\0104l\017r"
 260      FABC6221 
 260      EA95BAA0 
 260      1A08346C 
 260      0F72
 261 03e4 61CFE417 		.ascii	"a\317\344\027\224\275\255\372\002\331\022{@\255\335"
 261      94BDADFA 
 261      02D9127B 
 261      40ADDD
 262 03f3 B841906D 		.ascii	"\270A\220m\334\360/\234\"\017N"
 262      DCF02F9C 
 262      220F4E
 263              		.text
 264              		.section	.gnu.lto_.symtab.183f326e,"",%progbits
 265 0000 41647665 		.ascii	"Advertising_LED_SetDriveMode\000\000\000\000\000\000"
 265      72746973 
 265      696E675F 
 265      4C45445F 
 265      53657444 
 266 0022 00000000 		.ascii	"\000\000\000\000\000\000\262\000\000\000Advertising"
 266      0000B200 
 266      00004164 
 266      76657274 
 266      6973696E 
 267 0037 5F4C4544 		.ascii	"_LED_Write\000\000\000\000\000\000\000\000\000\000\000"
 267      5F577269 
 267      74650000 
 267      00000000 
ARM GAS  C:\Users\IYANG~1.DES\AppData\Local\Temp\ccDDWlxf.s 			page 20


 267      00000000 
 268 004c 00B40000 		.ascii	"\000\264\000\000\000Advertising_LED_Read\000\000\000"
 268      00416476 
 268      65727469 
 268      73696E67 
 268      5F4C4544 
 269 0068 00000000 		.ascii	"\000\000\000\000\000\000\000\000\000\267\000\000\000"
 269      00000000 
 269      00B70000 
 269      00
 270 0075 41647665 		.ascii	"Advertising_LED_ReadDataReg\000\000\000\000\000\000"
 270      72746973 
 270      696E675F 
 270      4C45445F 
 270      52656164 
 271 0096 00000000 		.ascii	"\000\000\000\000\000\000\271\000\000\000Advertising"
 271      0000B900 
 271      00004164 
 271      76657274 
 271      6973696E 
 272 00ab 5F4C4544 		.ascii	"_LED_SetInterruptMode\000\000\000\000\000\000\000\000"
 272      5F536574 
 272      496E7465 
 272      72727570 
 272      744D6F64 
 273 00c8 00000000 		.ascii	"\000\000\000\000\305\000\000\000Advertising_LED_Cle"
 273      C5000000 
 273      41647665 
 273      72746973 
 273      696E675F 
 274 00e3 6172496E 		.ascii	"arInterrupt\000\000\000\000\000\000\000\000\000\000"
 274      74657272 
 274      75707400 
 274      00000000 
 274      00000000 
 275 00f8 0000C700 		.ascii	"\000\000\307\000\000\000"
 275      0000
 276              		.text
 277              		.section	.gnu.lto_.opts,"",%progbits
 278 0000 272D666E 		.ascii	"'-fno-trapv' '-mcpu=cortex-m0' '-mthumb' '-g' '-O3'"
 278      6F2D7472 
 278      61707627 
 278      20272D6D 
 278      6370753D 
 279 0033 20272D66 		.ascii	" '-ffunction-sections' '-finline-functions' '-flto'"
 279      66756E63 
 279      74696F6E 
 279      2D736563 
 279      74696F6E 
 280 0066 20272D66 		.ascii	" '-ffat-lto-objects'\000"
 280      6661742D 
 280      6C746F2D 
 280      6F626A65 
 280      63747327 
 281              		.text
 282              		.cfi_sections	.debug_frame
 283              		.section	.text.Advertising_LED_SetDriveMode,"ax",%progbits
ARM GAS  C:\Users\IYANG~1.DES\AppData\Local\Temp\ccDDWlxf.s 			page 21


 284              		.align	2
 285              		.global	Advertising_LED_SetDriveMode
 286              		.code	16
 287              		.thumb_func
 288              		.type	Advertising_LED_SetDriveMode, %function
 289              	Advertising_LED_SetDriveMode:
 290              	.LFB0:
 291              		.file 1 "Generated_Source\\PSoC4\\Advertising_LED.c"
   1:Generated_Source\PSoC4/Advertising_LED.c **** /*******************************************************************************
   2:Generated_Source\PSoC4/Advertising_LED.c **** * File Name: Advertising_LED.c  
   3:Generated_Source\PSoC4/Advertising_LED.c **** * Version 2.20
   4:Generated_Source\PSoC4/Advertising_LED.c **** *
   5:Generated_Source\PSoC4/Advertising_LED.c **** * Description:
   6:Generated_Source\PSoC4/Advertising_LED.c **** *  This file contains API to enable firmware control of a Pins component.
   7:Generated_Source\PSoC4/Advertising_LED.c **** *
   8:Generated_Source\PSoC4/Advertising_LED.c **** ********************************************************************************
   9:Generated_Source\PSoC4/Advertising_LED.c **** * Copyright 2008-2015, Cypress Semiconductor Corporation.  All rights reserved.
  10:Generated_Source\PSoC4/Advertising_LED.c **** * You may use this file only in accordance with the license, terms, conditions, 
  11:Generated_Source\PSoC4/Advertising_LED.c **** * disclaimers, and limitations in the end user license agreement accompanying 
  12:Generated_Source\PSoC4/Advertising_LED.c **** * the software package with which this file was provided.
  13:Generated_Source\PSoC4/Advertising_LED.c **** *******************************************************************************/
  14:Generated_Source\PSoC4/Advertising_LED.c **** 
  15:Generated_Source\PSoC4/Advertising_LED.c **** #include "cytypes.h"
  16:Generated_Source\PSoC4/Advertising_LED.c **** #include "Advertising_LED.h"
  17:Generated_Source\PSoC4/Advertising_LED.c **** 
  18:Generated_Source\PSoC4/Advertising_LED.c **** 
  19:Generated_Source\PSoC4/Advertising_LED.c **** #if defined(Advertising_LED__PC)
  20:Generated_Source\PSoC4/Advertising_LED.c ****     #define Advertising_LED_SetP4PinDriveMode(shift, mode)  \
  21:Generated_Source\PSoC4/Advertising_LED.c ****     do { \
  22:Generated_Source\PSoC4/Advertising_LED.c ****         Advertising_LED_PC =   (Advertising_LED_PC & \
  23:Generated_Source\PSoC4/Advertising_LED.c ****                                 (uint32)(~(uint32)(Advertising_LED_DRIVE_MODE_IND_MASK << \
  24:Generated_Source\PSoC4/Advertising_LED.c ****                                 (Advertising_LED_DRIVE_MODE_BITS * (shift))))) | \
  25:Generated_Source\PSoC4/Advertising_LED.c ****                                 (uint32)((uint32)(mode) << \
  26:Generated_Source\PSoC4/Advertising_LED.c ****                                 (Advertising_LED_DRIVE_MODE_BITS * (shift))); \
  27:Generated_Source\PSoC4/Advertising_LED.c ****     } while (0)
  28:Generated_Source\PSoC4/Advertising_LED.c **** #else
  29:Generated_Source\PSoC4/Advertising_LED.c ****     #if (CY_PSOC4_4200L)
  30:Generated_Source\PSoC4/Advertising_LED.c ****         #define Advertising_LED_SetP4PinDriveMode(shift, mode)  \
  31:Generated_Source\PSoC4/Advertising_LED.c ****         do { \
  32:Generated_Source\PSoC4/Advertising_LED.c ****             Advertising_LED_USBIO_CTRL_REG = (Advertising_LED_USBIO_CTRL_REG & \
  33:Generated_Source\PSoC4/Advertising_LED.c ****                                     (uint32)(~(uint32)(Advertising_LED_DRIVE_MODE_IND_MASK << \
  34:Generated_Source\PSoC4/Advertising_LED.c ****                                     (Advertising_LED_DRIVE_MODE_BITS * (shift))))) | \
  35:Generated_Source\PSoC4/Advertising_LED.c ****                                     (uint32)((uint32)(mode) << \
  36:Generated_Source\PSoC4/Advertising_LED.c ****                                     (Advertising_LED_DRIVE_MODE_BITS * (shift))); \
  37:Generated_Source\PSoC4/Advertising_LED.c ****         } while (0)
  38:Generated_Source\PSoC4/Advertising_LED.c ****     #endif
  39:Generated_Source\PSoC4/Advertising_LED.c **** #endif
  40:Generated_Source\PSoC4/Advertising_LED.c ****   
  41:Generated_Source\PSoC4/Advertising_LED.c **** 
  42:Generated_Source\PSoC4/Advertising_LED.c **** #if defined(Advertising_LED__PC) || (CY_PSOC4_4200L) 
  43:Generated_Source\PSoC4/Advertising_LED.c ****     /*******************************************************************************
  44:Generated_Source\PSoC4/Advertising_LED.c ****     * Function Name: Advertising_LED_SetDriveMode
  45:Generated_Source\PSoC4/Advertising_LED.c ****     ****************************************************************************//**
  46:Generated_Source\PSoC4/Advertising_LED.c ****     *
  47:Generated_Source\PSoC4/Advertising_LED.c ****     * \brief Sets the drive mode for each of the Pins component's pins.
  48:Generated_Source\PSoC4/Advertising_LED.c ****     * 
  49:Generated_Source\PSoC4/Advertising_LED.c ****     * <b>Note</b> This affects all pins in the Pins component instance. Use the
ARM GAS  C:\Users\IYANG~1.DES\AppData\Local\Temp\ccDDWlxf.s 			page 22


  50:Generated_Source\PSoC4/Advertising_LED.c ****     * Per-Pin APIs if you wish to control individual pin's drive modes.
  51:Generated_Source\PSoC4/Advertising_LED.c ****     *
  52:Generated_Source\PSoC4/Advertising_LED.c ****     * <b>Note</b> USBIOs have limited drive functionality. Refer to the Drive Mode
  53:Generated_Source\PSoC4/Advertising_LED.c ****     * parameter for more information.
  54:Generated_Source\PSoC4/Advertising_LED.c ****     *
  55:Generated_Source\PSoC4/Advertising_LED.c ****     * \param mode
  56:Generated_Source\PSoC4/Advertising_LED.c ****     *  Mode for the selected signals. Valid options are documented in 
  57:Generated_Source\PSoC4/Advertising_LED.c ****     *  \ref driveMode.
  58:Generated_Source\PSoC4/Advertising_LED.c ****     *
  59:Generated_Source\PSoC4/Advertising_LED.c ****     * \return
  60:Generated_Source\PSoC4/Advertising_LED.c ****     *  None
  61:Generated_Source\PSoC4/Advertising_LED.c ****     *
  62:Generated_Source\PSoC4/Advertising_LED.c ****     * \sideeffect
  63:Generated_Source\PSoC4/Advertising_LED.c ****     *  If you use read-modify-write operations that are not atomic, the ISR can
  64:Generated_Source\PSoC4/Advertising_LED.c ****     *  cause corruption of this function. An ISR that interrupts this function 
  65:Generated_Source\PSoC4/Advertising_LED.c ****     *  and performs writes to the Pins component Drive Mode registers can cause 
  66:Generated_Source\PSoC4/Advertising_LED.c ****     *  corrupted port data. To avoid this issue, you should either use the Per-Pin
  67:Generated_Source\PSoC4/Advertising_LED.c ****     *  APIs (primary method) or disable interrupts around this function.
  68:Generated_Source\PSoC4/Advertising_LED.c ****     *
  69:Generated_Source\PSoC4/Advertising_LED.c ****     * \funcusage
  70:Generated_Source\PSoC4/Advertising_LED.c ****     *  \snippet Advertising_LED_SUT.c usage_Advertising_LED_SetDriveMode
  71:Generated_Source\PSoC4/Advertising_LED.c ****     *******************************************************************************/
  72:Generated_Source\PSoC4/Advertising_LED.c ****     void Advertising_LED_SetDriveMode(uint8 mode)
  73:Generated_Source\PSoC4/Advertising_LED.c ****     {
 292              		.loc 1 73 0
 293              		.cfi_startproc
 294              	.LVL0:
  74:Generated_Source\PSoC4/Advertising_LED.c **** 		Advertising_LED_SetP4PinDriveMode(Advertising_LED__0__SHIFT, mode);
 295              		.loc 1 74 0
 296 0000 034A     		ldr	r2, .L2
 297 0002 044B     		ldr	r3, .L2+4
 298 0004 1168     		ldr	r1, [r2]
 299 0006 8004     		lsl	r0, r0, #18
 300              	.LVL1:
 301 0008 0B40     		and	r3, r1
 302 000a 1843     		orr	r0, r3
 303 000c 1060     		str	r0, [r2]
  75:Generated_Source\PSoC4/Advertising_LED.c ****     }
 304              		.loc 1 75 0
 305              		@ sp needed
 306 000e 7047     		bx	lr
 307              	.L3:
 308              		.align	2
 309              	.L2:
 310 0010 08030440 		.word	1074004744
 311 0014 FFFFE3FF 		.word	-1835009
 312              		.cfi_endproc
 313              	.LFE0:
 314              		.size	Advertising_LED_SetDriveMode, .-Advertising_LED_SetDriveMode
 315              		.section	.text.Advertising_LED_Write,"ax",%progbits
 316              		.align	2
 317              		.global	Advertising_LED_Write
 318              		.code	16
 319              		.thumb_func
 320              		.type	Advertising_LED_Write, %function
 321              	Advertising_LED_Write:
 322              	.LFB1:
ARM GAS  C:\Users\IYANG~1.DES\AppData\Local\Temp\ccDDWlxf.s 			page 23


  76:Generated_Source\PSoC4/Advertising_LED.c **** #endif
  77:Generated_Source\PSoC4/Advertising_LED.c **** 
  78:Generated_Source\PSoC4/Advertising_LED.c **** 
  79:Generated_Source\PSoC4/Advertising_LED.c **** /*******************************************************************************
  80:Generated_Source\PSoC4/Advertising_LED.c **** * Function Name: Advertising_LED_Write
  81:Generated_Source\PSoC4/Advertising_LED.c **** ****************************************************************************//**
  82:Generated_Source\PSoC4/Advertising_LED.c **** *
  83:Generated_Source\PSoC4/Advertising_LED.c **** * \brief Writes the value to the physical port (data output register), masking
  84:Generated_Source\PSoC4/Advertising_LED.c **** *  and shifting the bits appropriately. 
  85:Generated_Source\PSoC4/Advertising_LED.c **** *
  86:Generated_Source\PSoC4/Advertising_LED.c **** * The data output register controls the signal applied to the physical pin in 
  87:Generated_Source\PSoC4/Advertising_LED.c **** * conjunction with the drive mode parameter. This function avoids changing 
  88:Generated_Source\PSoC4/Advertising_LED.c **** * other bits in the port by using the appropriate method (read-modify-write or
  89:Generated_Source\PSoC4/Advertising_LED.c **** * bit banding).
  90:Generated_Source\PSoC4/Advertising_LED.c **** *
  91:Generated_Source\PSoC4/Advertising_LED.c **** * <b>Note</b> This function should not be used on a hardware digital output pin 
  92:Generated_Source\PSoC4/Advertising_LED.c **** * as it is driven by the hardware signal attached to it.
  93:Generated_Source\PSoC4/Advertising_LED.c **** *
  94:Generated_Source\PSoC4/Advertising_LED.c **** * \param value
  95:Generated_Source\PSoC4/Advertising_LED.c **** *  Value to write to the component instance.
  96:Generated_Source\PSoC4/Advertising_LED.c **** *
  97:Generated_Source\PSoC4/Advertising_LED.c **** * \return 
  98:Generated_Source\PSoC4/Advertising_LED.c **** *  None 
  99:Generated_Source\PSoC4/Advertising_LED.c **** *
 100:Generated_Source\PSoC4/Advertising_LED.c **** * \sideeffect
 101:Generated_Source\PSoC4/Advertising_LED.c **** *  If you use read-modify-write operations that are not atomic; the Interrupt 
 102:Generated_Source\PSoC4/Advertising_LED.c **** *  Service Routines (ISR) can cause corruption of this function. An ISR that 
 103:Generated_Source\PSoC4/Advertising_LED.c **** *  interrupts this function and performs writes to the Pins component data 
 104:Generated_Source\PSoC4/Advertising_LED.c **** *  register can cause corrupted port data. To avoid this issue, you should 
 105:Generated_Source\PSoC4/Advertising_LED.c **** *  either use the Per-Pin APIs (primary method) or disable interrupts around 
 106:Generated_Source\PSoC4/Advertising_LED.c **** *  this function.
 107:Generated_Source\PSoC4/Advertising_LED.c **** *
 108:Generated_Source\PSoC4/Advertising_LED.c **** * \funcusage
 109:Generated_Source\PSoC4/Advertising_LED.c **** *  \snippet Advertising_LED_SUT.c usage_Advertising_LED_Write
 110:Generated_Source\PSoC4/Advertising_LED.c **** *******************************************************************************/
 111:Generated_Source\PSoC4/Advertising_LED.c **** void Advertising_LED_Write(uint8 value)
 112:Generated_Source\PSoC4/Advertising_LED.c **** {
 323              		.loc 1 112 0
 324              		.cfi_startproc
 325              	.LVL2:
 326              		.loc 1 112 0
 327 0000 031C     		mov	r3, r0
 113:Generated_Source\PSoC4/Advertising_LED.c ****     uint8 drVal = (uint8)(Advertising_LED_DR & (uint8)(~Advertising_LED_MASK));
 328              		.loc 1 113 0
 329 0002 4020     		mov	r0, #64
 330              	.LVL3:
 331 0004 0449     		ldr	r1, .L5
 114:Generated_Source\PSoC4/Advertising_LED.c ****     drVal = (drVal | ((uint8)(value << Advertising_LED_SHIFT) & Advertising_LED_MASK));
 332              		.loc 1 114 0
 333 0006 9B01     		lsl	r3, r3, #6
 113:Generated_Source\PSoC4/Advertising_LED.c ****     uint8 drVal = (uint8)(Advertising_LED_DR & (uint8)(~Advertising_LED_MASK));
 334              		.loc 1 113 0
 335 0008 0A68     		ldr	r2, [r1]
 115:Generated_Source\PSoC4/Advertising_LED.c ****     Advertising_LED_DR = (uint32)drVal;
 116:Generated_Source\PSoC4/Advertising_LED.c **** }
 336              		.loc 1 116 0
 337              		@ sp needed
ARM GAS  C:\Users\IYANG~1.DES\AppData\Local\Temp\ccDDWlxf.s 			page 24


 113:Generated_Source\PSoC4/Advertising_LED.c ****     drVal = (drVal | ((uint8)(value << Advertising_LED_SHIFT) & Advertising_LED_MASK));
 338              		.loc 1 113 0
 339 000a 8243     		bic	r2, r0
 340 000c D2B2     		uxtb	r2, r2
 114:Generated_Source\PSoC4/Advertising_LED.c ****     drVal = (drVal | ((uint8)(value << Advertising_LED_SHIFT) & Advertising_LED_MASK));
 341              		.loc 1 114 0
 342 000e 1840     		and	r0, r3
 115:Generated_Source\PSoC4/Advertising_LED.c ****     Advertising_LED_DR = (uint32)drVal;
 343              		.loc 1 115 0
 344 0010 1043     		orr	r0, r2
 345 0012 0860     		str	r0, [r1]
 346              		.loc 1 116 0
 347 0014 7047     		bx	lr
 348              	.L6:
 349 0016 C046     		.align	2
 350              	.L5:
 351 0018 00030440 		.word	1074004736
 352              		.cfi_endproc
 353              	.LFE1:
 354              		.size	Advertising_LED_Write, .-Advertising_LED_Write
 355              		.section	.text.Advertising_LED_Read,"ax",%progbits
 356              		.align	2
 357              		.global	Advertising_LED_Read
 358              		.code	16
 359              		.thumb_func
 360              		.type	Advertising_LED_Read, %function
 361              	Advertising_LED_Read:
 362              	.LFB2:
 117:Generated_Source\PSoC4/Advertising_LED.c **** 
 118:Generated_Source\PSoC4/Advertising_LED.c **** 
 119:Generated_Source\PSoC4/Advertising_LED.c **** /*******************************************************************************
 120:Generated_Source\PSoC4/Advertising_LED.c **** * Function Name: Advertising_LED_Read
 121:Generated_Source\PSoC4/Advertising_LED.c **** ****************************************************************************//**
 122:Generated_Source\PSoC4/Advertising_LED.c **** *
 123:Generated_Source\PSoC4/Advertising_LED.c **** * \brief Reads the associated physical port (pin status register) and masks 
 124:Generated_Source\PSoC4/Advertising_LED.c **** *  the required bits according to the width and bit position of the component
 125:Generated_Source\PSoC4/Advertising_LED.c **** *  instance. 
 126:Generated_Source\PSoC4/Advertising_LED.c **** *
 127:Generated_Source\PSoC4/Advertising_LED.c **** * The pin's status register returns the current logic level present on the 
 128:Generated_Source\PSoC4/Advertising_LED.c **** * physical pin.
 129:Generated_Source\PSoC4/Advertising_LED.c **** *
 130:Generated_Source\PSoC4/Advertising_LED.c **** * \return 
 131:Generated_Source\PSoC4/Advertising_LED.c **** *  The current value for the pins in the component as a right justified number.
 132:Generated_Source\PSoC4/Advertising_LED.c **** *
 133:Generated_Source\PSoC4/Advertising_LED.c **** * \funcusage
 134:Generated_Source\PSoC4/Advertising_LED.c **** *  \snippet Advertising_LED_SUT.c usage_Advertising_LED_Read  
 135:Generated_Source\PSoC4/Advertising_LED.c **** *******************************************************************************/
 136:Generated_Source\PSoC4/Advertising_LED.c **** uint8 Advertising_LED_Read(void)
 137:Generated_Source\PSoC4/Advertising_LED.c **** {
 363              		.loc 1 137 0
 364              		.cfi_startproc
 138:Generated_Source\PSoC4/Advertising_LED.c ****     return (uint8)((Advertising_LED_PS & Advertising_LED_MASK) >> Advertising_LED_SHIFT);
 365              		.loc 1 138 0
 366 0000 024B     		ldr	r3, .L8
 139:Generated_Source\PSoC4/Advertising_LED.c **** }
 367              		.loc 1 139 0
 368              		@ sp needed
ARM GAS  C:\Users\IYANG~1.DES\AppData\Local\Temp\ccDDWlxf.s 			page 25


 138:Generated_Source\PSoC4/Advertising_LED.c ****     return (uint8)((Advertising_LED_PS & Advertising_LED_MASK) >> Advertising_LED_SHIFT);
 369              		.loc 1 138 0
 370 0002 1868     		ldr	r0, [r3]
 371 0004 4006     		lsl	r0, r0, #25
 372 0006 C00F     		lsr	r0, r0, #31
 373              		.loc 1 139 0
 374 0008 7047     		bx	lr
 375              	.L9:
 376 000a C046     		.align	2
 377              	.L8:
 378 000c 04030440 		.word	1074004740
 379              		.cfi_endproc
 380              	.LFE2:
 381              		.size	Advertising_LED_Read, .-Advertising_LED_Read
 382              		.section	.text.Advertising_LED_ReadDataReg,"ax",%progbits
 383              		.align	2
 384              		.global	Advertising_LED_ReadDataReg
 385              		.code	16
 386              		.thumb_func
 387              		.type	Advertising_LED_ReadDataReg, %function
 388              	Advertising_LED_ReadDataReg:
 389              	.LFB3:
 140:Generated_Source\PSoC4/Advertising_LED.c **** 
 141:Generated_Source\PSoC4/Advertising_LED.c **** 
 142:Generated_Source\PSoC4/Advertising_LED.c **** /*******************************************************************************
 143:Generated_Source\PSoC4/Advertising_LED.c **** * Function Name: Advertising_LED_ReadDataReg
 144:Generated_Source\PSoC4/Advertising_LED.c **** ****************************************************************************//**
 145:Generated_Source\PSoC4/Advertising_LED.c **** *
 146:Generated_Source\PSoC4/Advertising_LED.c **** * \brief Reads the associated physical port's data output register and masks 
 147:Generated_Source\PSoC4/Advertising_LED.c **** *  the correct bits according to the width and bit position of the component 
 148:Generated_Source\PSoC4/Advertising_LED.c **** *  instance. 
 149:Generated_Source\PSoC4/Advertising_LED.c **** *
 150:Generated_Source\PSoC4/Advertising_LED.c **** * The data output register controls the signal applied to the physical pin in 
 151:Generated_Source\PSoC4/Advertising_LED.c **** * conjunction with the drive mode parameter. This is not the same as the 
 152:Generated_Source\PSoC4/Advertising_LED.c **** * preferred Advertising_LED_Read() API because the 
 153:Generated_Source\PSoC4/Advertising_LED.c **** * Advertising_LED_ReadDataReg() reads the data register instead of the status 
 154:Generated_Source\PSoC4/Advertising_LED.c **** * register. For output pins this is a useful function to determine the value 
 155:Generated_Source\PSoC4/Advertising_LED.c **** * just written to the pin.
 156:Generated_Source\PSoC4/Advertising_LED.c **** *
 157:Generated_Source\PSoC4/Advertising_LED.c **** * \return 
 158:Generated_Source\PSoC4/Advertising_LED.c **** *  The current value of the data register masked and shifted into a right 
 159:Generated_Source\PSoC4/Advertising_LED.c **** *  justified number for the component instance.
 160:Generated_Source\PSoC4/Advertising_LED.c **** *
 161:Generated_Source\PSoC4/Advertising_LED.c **** * \funcusage
 162:Generated_Source\PSoC4/Advertising_LED.c **** *  \snippet Advertising_LED_SUT.c usage_Advertising_LED_ReadDataReg 
 163:Generated_Source\PSoC4/Advertising_LED.c **** *******************************************************************************/
 164:Generated_Source\PSoC4/Advertising_LED.c **** uint8 Advertising_LED_ReadDataReg(void)
 165:Generated_Source\PSoC4/Advertising_LED.c **** {
 390              		.loc 1 165 0
 391              		.cfi_startproc
 166:Generated_Source\PSoC4/Advertising_LED.c ****     return (uint8)((Advertising_LED_DR & Advertising_LED_MASK) >> Advertising_LED_SHIFT);
 392              		.loc 1 166 0
 393 0000 024B     		ldr	r3, .L11
 167:Generated_Source\PSoC4/Advertising_LED.c **** }
 394              		.loc 1 167 0
 395              		@ sp needed
 166:Generated_Source\PSoC4/Advertising_LED.c ****     return (uint8)((Advertising_LED_DR & Advertising_LED_MASK) >> Advertising_LED_SHIFT);
ARM GAS  C:\Users\IYANG~1.DES\AppData\Local\Temp\ccDDWlxf.s 			page 26


 396              		.loc 1 166 0
 397 0002 1868     		ldr	r0, [r3]
 398 0004 4006     		lsl	r0, r0, #25
 399 0006 C00F     		lsr	r0, r0, #31
 400              		.loc 1 167 0
 401 0008 7047     		bx	lr
 402              	.L12:
 403 000a C046     		.align	2
 404              	.L11:
 405 000c 00030440 		.word	1074004736
 406              		.cfi_endproc
 407              	.LFE3:
 408              		.size	Advertising_LED_ReadDataReg, .-Advertising_LED_ReadDataReg
 409              		.section	.text.Advertising_LED_SetInterruptMode,"ax",%progbits
 410              		.align	2
 411              		.global	Advertising_LED_SetInterruptMode
 412              		.code	16
 413              		.thumb_func
 414              		.type	Advertising_LED_SetInterruptMode, %function
 415              	Advertising_LED_SetInterruptMode:
 416              	.LFB4:
 168:Generated_Source\PSoC4/Advertising_LED.c **** 
 169:Generated_Source\PSoC4/Advertising_LED.c **** 
 170:Generated_Source\PSoC4/Advertising_LED.c **** /*******************************************************************************
 171:Generated_Source\PSoC4/Advertising_LED.c **** * Function Name: Advertising_LED_SetInterruptMode
 172:Generated_Source\PSoC4/Advertising_LED.c **** ****************************************************************************//**
 173:Generated_Source\PSoC4/Advertising_LED.c **** *
 174:Generated_Source\PSoC4/Advertising_LED.c **** * \brief Configures the interrupt mode for each of the Pins component's
 175:Generated_Source\PSoC4/Advertising_LED.c **** *  pins. Alternatively you may set the interrupt mode for all the pins
 176:Generated_Source\PSoC4/Advertising_LED.c **** *  specified in the Pins component.
 177:Generated_Source\PSoC4/Advertising_LED.c **** *
 178:Generated_Source\PSoC4/Advertising_LED.c **** *  <b>Note</b> The interrupt is port-wide and therefore any enabled pin
 179:Generated_Source\PSoC4/Advertising_LED.c **** *  interrupt may trigger it.
 180:Generated_Source\PSoC4/Advertising_LED.c **** *
 181:Generated_Source\PSoC4/Advertising_LED.c **** * \param position
 182:Generated_Source\PSoC4/Advertising_LED.c **** *  The pin position as listed in the Pins component. You may OR these to be 
 183:Generated_Source\PSoC4/Advertising_LED.c **** *  able to configure the interrupt mode of multiple pins within a Pins 
 184:Generated_Source\PSoC4/Advertising_LED.c **** *  component. Or you may use Advertising_LED_INTR_ALL to configure the
 185:Generated_Source\PSoC4/Advertising_LED.c **** *  interrupt mode of all the pins in the Pins component.       
 186:Generated_Source\PSoC4/Advertising_LED.c **** *  - Advertising_LED_0_INTR       (First pin in the list)
 187:Generated_Source\PSoC4/Advertising_LED.c **** *  - Advertising_LED_1_INTR       (Second pin in the list)
 188:Generated_Source\PSoC4/Advertising_LED.c **** *  - ...
 189:Generated_Source\PSoC4/Advertising_LED.c **** *  - Advertising_LED_INTR_ALL     (All pins in Pins component)
 190:Generated_Source\PSoC4/Advertising_LED.c **** *
 191:Generated_Source\PSoC4/Advertising_LED.c **** * \param mode
 192:Generated_Source\PSoC4/Advertising_LED.c **** *  Interrupt mode for the selected pins. Valid options are documented in
 193:Generated_Source\PSoC4/Advertising_LED.c **** *  \ref intrMode.
 194:Generated_Source\PSoC4/Advertising_LED.c **** *
 195:Generated_Source\PSoC4/Advertising_LED.c **** * \return 
 196:Generated_Source\PSoC4/Advertising_LED.c **** *  None
 197:Generated_Source\PSoC4/Advertising_LED.c **** *  
 198:Generated_Source\PSoC4/Advertising_LED.c **** * \sideeffect
 199:Generated_Source\PSoC4/Advertising_LED.c **** *  It is recommended that the interrupt be disabled before calling this 
 200:Generated_Source\PSoC4/Advertising_LED.c **** *  function to avoid unintended interrupt requests. Note that the interrupt
 201:Generated_Source\PSoC4/Advertising_LED.c **** *  type is port wide, and therefore will trigger for any enabled pin on the 
 202:Generated_Source\PSoC4/Advertising_LED.c **** *  port.
 203:Generated_Source\PSoC4/Advertising_LED.c **** *
ARM GAS  C:\Users\IYANG~1.DES\AppData\Local\Temp\ccDDWlxf.s 			page 27


 204:Generated_Source\PSoC4/Advertising_LED.c **** * \funcusage
 205:Generated_Source\PSoC4/Advertising_LED.c **** *  \snippet Advertising_LED_SUT.c usage_Advertising_LED_SetInterruptMode
 206:Generated_Source\PSoC4/Advertising_LED.c **** *******************************************************************************/
 207:Generated_Source\PSoC4/Advertising_LED.c **** void Advertising_LED_SetInterruptMode(uint16 position, uint16 mode)
 208:Generated_Source\PSoC4/Advertising_LED.c **** {
 417              		.loc 1 208 0
 418              		.cfi_startproc
 419              	.LVL4:
 209:Generated_Source\PSoC4/Advertising_LED.c ****     uint32 intrCfg;
 210:Generated_Source\PSoC4/Advertising_LED.c ****     
 211:Generated_Source\PSoC4/Advertising_LED.c ****     intrCfg =  Advertising_LED_INTCFG & (uint32)(~(uint32)position);
 420              		.loc 1 211 0
 421 0000 034A     		ldr	r2, .L14
 212:Generated_Source\PSoC4/Advertising_LED.c ****     Advertising_LED_INTCFG = intrCfg | ((uint32)position & (uint32)mode);
 213:Generated_Source\PSoC4/Advertising_LED.c **** }
 422              		.loc 1 213 0
 423              		@ sp needed
 211:Generated_Source\PSoC4/Advertising_LED.c ****     Advertising_LED_INTCFG = intrCfg | ((uint32)position & (uint32)mode);
 424              		.loc 1 211 0
 425 0002 1368     		ldr	r3, [r2]
 426              	.LVL5:
 427 0004 8343     		bic	r3, r0
 428              	.LVL6:
 212:Generated_Source\PSoC4/Advertising_LED.c ****     Advertising_LED_INTCFG = intrCfg | ((uint32)position & (uint32)mode);
 429              		.loc 1 212 0
 430 0006 0840     		and	r0, r1
 431              	.LVL7:
 432 0008 1843     		orr	r0, r3
 433 000a 1060     		str	r0, [r2]
 434              		.loc 1 213 0
 435 000c 7047     		bx	lr
 436              	.L15:
 437 000e C046     		.align	2
 438              	.L14:
 439 0010 0C030440 		.word	1074004748
 440              		.cfi_endproc
 441              	.LFE4:
 442              		.size	Advertising_LED_SetInterruptMode, .-Advertising_LED_SetInterruptMode
 443              		.section	.text.Advertising_LED_ClearInterrupt,"ax",%progbits
 444              		.align	2
 445              		.global	Advertising_LED_ClearInterrupt
 446              		.code	16
 447              		.thumb_func
 448              		.type	Advertising_LED_ClearInterrupt, %function
 449              	Advertising_LED_ClearInterrupt:
 450              	.LFB5:
 214:Generated_Source\PSoC4/Advertising_LED.c **** 
 215:Generated_Source\PSoC4/Advertising_LED.c **** 
 216:Generated_Source\PSoC4/Advertising_LED.c **** /*******************************************************************************
 217:Generated_Source\PSoC4/Advertising_LED.c **** * Function Name: Advertising_LED_ClearInterrupt
 218:Generated_Source\PSoC4/Advertising_LED.c **** ****************************************************************************//**
 219:Generated_Source\PSoC4/Advertising_LED.c **** *
 220:Generated_Source\PSoC4/Advertising_LED.c **** * \brief Clears any active interrupts attached with the component and returns 
 221:Generated_Source\PSoC4/Advertising_LED.c **** *  the value of the interrupt status register allowing determination of which
 222:Generated_Source\PSoC4/Advertising_LED.c **** *  pins generated an interrupt event.
 223:Generated_Source\PSoC4/Advertising_LED.c **** *
 224:Generated_Source\PSoC4/Advertising_LED.c **** * \return 
ARM GAS  C:\Users\IYANG~1.DES\AppData\Local\Temp\ccDDWlxf.s 			page 28


 225:Generated_Source\PSoC4/Advertising_LED.c **** *  The right-shifted current value of the interrupt status register. Each pin 
 226:Generated_Source\PSoC4/Advertising_LED.c **** *  has one bit set if it generated an interrupt event. For example, bit 0 is 
 227:Generated_Source\PSoC4/Advertising_LED.c **** *  for pin 0 and bit 1 is for pin 1 of the Pins component.
 228:Generated_Source\PSoC4/Advertising_LED.c **** *  
 229:Generated_Source\PSoC4/Advertising_LED.c **** * \sideeffect
 230:Generated_Source\PSoC4/Advertising_LED.c **** *  Clears all bits of the physical port's interrupt status register, not just
 231:Generated_Source\PSoC4/Advertising_LED.c **** *  those associated with the Pins component.
 232:Generated_Source\PSoC4/Advertising_LED.c **** *
 233:Generated_Source\PSoC4/Advertising_LED.c **** * \funcusage
 234:Generated_Source\PSoC4/Advertising_LED.c **** *  \snippet Advertising_LED_SUT.c usage_Advertising_LED_ClearInterrupt
 235:Generated_Source\PSoC4/Advertising_LED.c **** *******************************************************************************/
 236:Generated_Source\PSoC4/Advertising_LED.c **** uint8 Advertising_LED_ClearInterrupt(void)
 237:Generated_Source\PSoC4/Advertising_LED.c **** {
 451              		.loc 1 237 0
 452              		.cfi_startproc
 238:Generated_Source\PSoC4/Advertising_LED.c **** 	uint8 maskedStatus = (uint8)(Advertising_LED_INTSTAT & Advertising_LED_MASK);
 453              		.loc 1 238 0
 454 0000 4020     		mov	r0, #64
 455 0002 034A     		ldr	r2, .L17
 239:Generated_Source\PSoC4/Advertising_LED.c **** 	Advertising_LED_INTSTAT = maskedStatus;
 240:Generated_Source\PSoC4/Advertising_LED.c ****     return maskedStatus >> Advertising_LED_SHIFT;
 241:Generated_Source\PSoC4/Advertising_LED.c **** }
 456              		.loc 1 241 0
 457              		@ sp needed
 238:Generated_Source\PSoC4/Advertising_LED.c **** 	uint8 maskedStatus = (uint8)(Advertising_LED_INTSTAT & Advertising_LED_MASK);
 458              		.loc 1 238 0
 459 0004 1368     		ldr	r3, [r2]
 460 0006 1840     		and	r0, r3
 461              	.LVL8:
 239:Generated_Source\PSoC4/Advertising_LED.c **** 	Advertising_LED_INTSTAT = maskedStatus;
 462              		.loc 1 239 0
 463 0008 1060     		str	r0, [r2]
 240:Generated_Source\PSoC4/Advertising_LED.c **** }
 464              		.loc 1 240 0
 465 000a 8009     		lsr	r0, r0, #6
 466              	.LVL9:
 467 000c C0B2     		uxtb	r0, r0
 468              		.loc 1 241 0
 469 000e 7047     		bx	lr
 470              	.L18:
 471              		.align	2
 472              	.L17:
 473 0010 10030440 		.word	1074004752
 474              		.cfi_endproc
 475              	.LFE5:
 476              		.size	Advertising_LED_ClearInterrupt, .-Advertising_LED_ClearInterrupt
 477              		.text
 478              	.Letext0:
 479              		.file 2 "Generated_Source\\PSoC4\\cytypes.h"
 480              		.section	.debug_info,"",%progbits
 481              	.Ldebug_info0:
 482 0000 97010000 		.4byte	0x197
 483 0004 0400     		.2byte	0x4
 484 0006 00000000 		.4byte	.Ldebug_abbrev0
 485 000a 04       		.byte	0x4
 486 000b 01       		.uleb128 0x1
 487 000c 54010000 		.4byte	.LASF27
ARM GAS  C:\Users\IYANG~1.DES\AppData\Local\Temp\ccDDWlxf.s 			page 29


 488 0010 01       		.byte	0x1
 489 0011 67020000 		.4byte	.LASF28
 490 0015 2D000000 		.4byte	.LASF29
 491 0019 00000000 		.4byte	.Ldebug_ranges0+0
 492 001d 00000000 		.4byte	0
 493 0021 00000000 		.4byte	.Ldebug_line0
 494 0025 02       		.uleb128 0x2
 495 0026 01       		.byte	0x1
 496 0027 06       		.byte	0x6
 497 0028 29020000 		.4byte	.LASF0
 498 002c 02       		.uleb128 0x2
 499 002d 01       		.byte	0x1
 500 002e 08       		.byte	0x8
 501 002f 86000000 		.4byte	.LASF1
 502 0033 02       		.uleb128 0x2
 503 0034 02       		.byte	0x2
 504 0035 05       		.byte	0x5
 505 0036 4A010000 		.4byte	.LASF2
 506 003a 02       		.uleb128 0x2
 507 003b 02       		.byte	0x2
 508 003c 07       		.byte	0x7
 509 003d AC000000 		.4byte	.LASF3
 510 0041 02       		.uleb128 0x2
 511 0042 04       		.byte	0x4
 512 0043 05       		.byte	0x5
 513 0044 01020000 		.4byte	.LASF4
 514 0048 02       		.uleb128 0x2
 515 0049 04       		.byte	0x4
 516 004a 07       		.byte	0x7
 517 004b 9A000000 		.4byte	.LASF5
 518 004f 02       		.uleb128 0x2
 519 0050 08       		.byte	0x8
 520 0051 05       		.byte	0x5
 521 0052 2A010000 		.4byte	.LASF6
 522 0056 02       		.uleb128 0x2
 523 0057 08       		.byte	0x8
 524 0058 07       		.byte	0x7
 525 0059 0E010000 		.4byte	.LASF7
 526 005d 03       		.uleb128 0x3
 527 005e 04       		.byte	0x4
 528 005f 05       		.byte	0x5
 529 0060 696E7400 		.ascii	"int\000"
 530 0064 02       		.uleb128 0x2
 531 0065 04       		.byte	0x4
 532 0066 07       		.byte	0x7
 533 0067 01010000 		.4byte	.LASF8
 534 006b 04       		.uleb128 0x4
 535 006c FB010000 		.4byte	.LASF9
 536 0070 02       		.byte	0x2
 537 0071 9801     		.2byte	0x198
 538 0073 2C000000 		.4byte	0x2c
 539 0077 04       		.uleb128 0x4
 540 0078 C6000000 		.4byte	.LASF10
 541 007c 02       		.byte	0x2
 542 007d 9901     		.2byte	0x199
 543 007f 3A000000 		.4byte	0x3a
 544 0083 04       		.uleb128 0x4
ARM GAS  C:\Users\IYANG~1.DES\AppData\Local\Temp\ccDDWlxf.s 			page 30


 545 0084 F2000000 		.4byte	.LASF11
 546 0088 02       		.byte	0x2
 547 0089 9A01     		.2byte	0x19a
 548 008b 48000000 		.4byte	0x48
 549 008f 02       		.uleb128 0x2
 550 0090 04       		.byte	0x4
 551 0091 04       		.byte	0x4
 552 0092 80000000 		.4byte	.LASF12
 553 0096 02       		.uleb128 0x2
 554 0097 08       		.byte	0x8
 555 0098 04       		.byte	0x4
 556 0099 BF000000 		.4byte	.LASF13
 557 009d 02       		.uleb128 0x2
 558 009e 01       		.byte	0x1
 559 009f 08       		.byte	0x8
 560 00a0 45010000 		.4byte	.LASF14
 561 00a4 04       		.uleb128 0x4
 562 00a5 00000000 		.4byte	.LASF15
 563 00a9 02       		.byte	0x2
 564 00aa 4402     		.2byte	0x244
 565 00ac B0000000 		.4byte	0xb0
 566 00b0 05       		.uleb128 0x5
 567 00b1 83000000 		.4byte	0x83
 568 00b5 06       		.uleb128 0x6
 569 00b6 35020000 		.4byte	.LASF16
 570 00ba 01       		.byte	0x1
 571 00bb 48       		.byte	0x48
 572 00bc 00000000 		.4byte	.LFB0
 573 00c0 18000000 		.4byte	.LFE0-.LFB0
 574 00c4 01       		.uleb128 0x1
 575 00c5 9C       		.byte	0x9c
 576 00c6 DA000000 		.4byte	0xda
 577 00ca 07       		.uleb128 0x7
 578 00cb 25010000 		.4byte	.LASF18
 579 00cf 01       		.byte	0x1
 580 00d0 48       		.byte	0x48
 581 00d1 6B000000 		.4byte	0x6b
 582 00d5 00000000 		.4byte	.LLST0
 583 00d9 00       		.byte	0
 584 00da 06       		.uleb128 0x6
 585 00db 6A000000 		.4byte	.LASF17
 586 00df 01       		.byte	0x1
 587 00e0 6F       		.byte	0x6f
 588 00e1 00000000 		.4byte	.LFB1
 589 00e5 1C000000 		.4byte	.LFE1-.LFB1
 590 00e9 01       		.uleb128 0x1
 591 00ea 9C       		.byte	0x9c
 592 00eb 0A010000 		.4byte	0x10a
 593 00ef 07       		.uleb128 0x7
 594 00f0 27000000 		.4byte	.LASF19
 595 00f4 01       		.byte	0x1
 596 00f5 6F       		.byte	0x6f
 597 00f6 6B000000 		.4byte	0x6b
 598 00fa 21000000 		.4byte	.LLST1
 599 00fe 08       		.uleb128 0x8
 600 00ff 94000000 		.4byte	.LASF30
 601 0103 01       		.byte	0x1
ARM GAS  C:\Users\IYANG~1.DES\AppData\Local\Temp\ccDDWlxf.s 			page 31


 602 0104 71       		.byte	0x71
 603 0105 6B000000 		.4byte	0x6b
 604 0109 00       		.byte	0
 605 010a 09       		.uleb128 0x9
 606 010b 52020000 		.4byte	.LASF20
 607 010f 01       		.byte	0x1
 608 0110 88       		.byte	0x88
 609 0111 6B000000 		.4byte	0x6b
 610 0115 00000000 		.4byte	.LFB2
 611 0119 10000000 		.4byte	.LFE2-.LFB2
 612 011d 01       		.uleb128 0x1
 613 011e 9C       		.byte	0x9c
 614 011f 09       		.uleb128 0x9
 615 0120 CD000000 		.4byte	.LASF21
 616 0124 01       		.byte	0x1
 617 0125 A4       		.byte	0xa4
 618 0126 6B000000 		.4byte	0x6b
 619 012a 00000000 		.4byte	.LFB3
 620 012e 10000000 		.4byte	.LFE3-.LFB3
 621 0132 01       		.uleb128 0x1
 622 0133 9C       		.byte	0x9c
 623 0134 06       		.uleb128 0x6
 624 0135 06000000 		.4byte	.LASF22
 625 0139 01       		.byte	0x1
 626 013a CF       		.byte	0xcf
 627 013b 00000000 		.4byte	.LFB4
 628 013f 14000000 		.4byte	.LFE4-.LFB4
 629 0143 01       		.uleb128 0x1
 630 0144 9C       		.byte	0x9c
 631 0145 75010000 		.4byte	0x175
 632 0149 07       		.uleb128 0x7
 633 014a E9000000 		.4byte	.LASF23
 634 014e 01       		.byte	0x1
 635 014f CF       		.byte	0xcf
 636 0150 77000000 		.4byte	0x77
 637 0154 42000000 		.4byte	.LLST2
 638 0158 0A       		.uleb128 0xa
 639 0159 25010000 		.4byte	.LASF18
 640 015d 01       		.byte	0x1
 641 015e CF       		.byte	0xcf
 642 015f 77000000 		.4byte	0x77
 643 0163 01       		.uleb128 0x1
 644 0164 51       		.byte	0x51
 645 0165 0B       		.uleb128 0xb
 646 0166 F9000000 		.4byte	.LASF25
 647 016a 01       		.byte	0x1
 648 016b D1       		.byte	0xd1
 649 016c 83000000 		.4byte	0x83
 650 0170 63000000 		.4byte	.LLST3
 651 0174 00       		.byte	0
 652 0175 0C       		.uleb128 0xc
 653 0176 0A020000 		.4byte	.LASF24
 654 017a 01       		.byte	0x1
 655 017b EC       		.byte	0xec
 656 017c 6B000000 		.4byte	0x6b
 657 0180 00000000 		.4byte	.LFB5
 658 0184 14000000 		.4byte	.LFE5-.LFB5
ARM GAS  C:\Users\IYANG~1.DES\AppData\Local\Temp\ccDDWlxf.s 			page 32


 659 0188 01       		.uleb128 0x1
 660 0189 9C       		.byte	0x9c
 661 018a 0B       		.uleb128 0xb
 662 018b 38010000 		.4byte	.LASF26
 663 018f 01       		.byte	0x1
 664 0190 EE       		.byte	0xee
 665 0191 6B000000 		.4byte	0x6b
 666 0195 80000000 		.4byte	.LLST4
 667 0199 00       		.byte	0
 668 019a 00       		.byte	0
 669              		.section	.debug_abbrev,"",%progbits
 670              	.Ldebug_abbrev0:
 671 0000 01       		.uleb128 0x1
 672 0001 11       		.uleb128 0x11
 673 0002 01       		.byte	0x1
 674 0003 25       		.uleb128 0x25
 675 0004 0E       		.uleb128 0xe
 676 0005 13       		.uleb128 0x13
 677 0006 0B       		.uleb128 0xb
 678 0007 03       		.uleb128 0x3
 679 0008 0E       		.uleb128 0xe
 680 0009 1B       		.uleb128 0x1b
 681 000a 0E       		.uleb128 0xe
 682 000b 55       		.uleb128 0x55
 683 000c 17       		.uleb128 0x17
 684 000d 11       		.uleb128 0x11
 685 000e 01       		.uleb128 0x1
 686 000f 10       		.uleb128 0x10
 687 0010 17       		.uleb128 0x17
 688 0011 00       		.byte	0
 689 0012 00       		.byte	0
 690 0013 02       		.uleb128 0x2
 691 0014 24       		.uleb128 0x24
 692 0015 00       		.byte	0
 693 0016 0B       		.uleb128 0xb
 694 0017 0B       		.uleb128 0xb
 695 0018 3E       		.uleb128 0x3e
 696 0019 0B       		.uleb128 0xb
 697 001a 03       		.uleb128 0x3
 698 001b 0E       		.uleb128 0xe
 699 001c 00       		.byte	0
 700 001d 00       		.byte	0
 701 001e 03       		.uleb128 0x3
 702 001f 24       		.uleb128 0x24
 703 0020 00       		.byte	0
 704 0021 0B       		.uleb128 0xb
 705 0022 0B       		.uleb128 0xb
 706 0023 3E       		.uleb128 0x3e
 707 0024 0B       		.uleb128 0xb
 708 0025 03       		.uleb128 0x3
 709 0026 08       		.uleb128 0x8
 710 0027 00       		.byte	0
 711 0028 00       		.byte	0
 712 0029 04       		.uleb128 0x4
 713 002a 16       		.uleb128 0x16
 714 002b 00       		.byte	0
 715 002c 03       		.uleb128 0x3
ARM GAS  C:\Users\IYANG~1.DES\AppData\Local\Temp\ccDDWlxf.s 			page 33


 716 002d 0E       		.uleb128 0xe
 717 002e 3A       		.uleb128 0x3a
 718 002f 0B       		.uleb128 0xb
 719 0030 3B       		.uleb128 0x3b
 720 0031 05       		.uleb128 0x5
 721 0032 49       		.uleb128 0x49
 722 0033 13       		.uleb128 0x13
 723 0034 00       		.byte	0
 724 0035 00       		.byte	0
 725 0036 05       		.uleb128 0x5
 726 0037 35       		.uleb128 0x35
 727 0038 00       		.byte	0
 728 0039 49       		.uleb128 0x49
 729 003a 13       		.uleb128 0x13
 730 003b 00       		.byte	0
 731 003c 00       		.byte	0
 732 003d 06       		.uleb128 0x6
 733 003e 2E       		.uleb128 0x2e
 734 003f 01       		.byte	0x1
 735 0040 3F       		.uleb128 0x3f
 736 0041 19       		.uleb128 0x19
 737 0042 03       		.uleb128 0x3
 738 0043 0E       		.uleb128 0xe
 739 0044 3A       		.uleb128 0x3a
 740 0045 0B       		.uleb128 0xb
 741 0046 3B       		.uleb128 0x3b
 742 0047 0B       		.uleb128 0xb
 743 0048 27       		.uleb128 0x27
 744 0049 19       		.uleb128 0x19
 745 004a 11       		.uleb128 0x11
 746 004b 01       		.uleb128 0x1
 747 004c 12       		.uleb128 0x12
 748 004d 06       		.uleb128 0x6
 749 004e 40       		.uleb128 0x40
 750 004f 18       		.uleb128 0x18
 751 0050 9742     		.uleb128 0x2117
 752 0052 19       		.uleb128 0x19
 753 0053 01       		.uleb128 0x1
 754 0054 13       		.uleb128 0x13
 755 0055 00       		.byte	0
 756 0056 00       		.byte	0
 757 0057 07       		.uleb128 0x7
 758 0058 05       		.uleb128 0x5
 759 0059 00       		.byte	0
 760 005a 03       		.uleb128 0x3
 761 005b 0E       		.uleb128 0xe
 762 005c 3A       		.uleb128 0x3a
 763 005d 0B       		.uleb128 0xb
 764 005e 3B       		.uleb128 0x3b
 765 005f 0B       		.uleb128 0xb
 766 0060 49       		.uleb128 0x49
 767 0061 13       		.uleb128 0x13
 768 0062 02       		.uleb128 0x2
 769 0063 17       		.uleb128 0x17
 770 0064 00       		.byte	0
 771 0065 00       		.byte	0
 772 0066 08       		.uleb128 0x8
ARM GAS  C:\Users\IYANG~1.DES\AppData\Local\Temp\ccDDWlxf.s 			page 34


 773 0067 34       		.uleb128 0x34
 774 0068 00       		.byte	0
 775 0069 03       		.uleb128 0x3
 776 006a 0E       		.uleb128 0xe
 777 006b 3A       		.uleb128 0x3a
 778 006c 0B       		.uleb128 0xb
 779 006d 3B       		.uleb128 0x3b
 780 006e 0B       		.uleb128 0xb
 781 006f 49       		.uleb128 0x49
 782 0070 13       		.uleb128 0x13
 783 0071 00       		.byte	0
 784 0072 00       		.byte	0
 785 0073 09       		.uleb128 0x9
 786 0074 2E       		.uleb128 0x2e
 787 0075 00       		.byte	0
 788 0076 3F       		.uleb128 0x3f
 789 0077 19       		.uleb128 0x19
 790 0078 03       		.uleb128 0x3
 791 0079 0E       		.uleb128 0xe
 792 007a 3A       		.uleb128 0x3a
 793 007b 0B       		.uleb128 0xb
 794 007c 3B       		.uleb128 0x3b
 795 007d 0B       		.uleb128 0xb
 796 007e 27       		.uleb128 0x27
 797 007f 19       		.uleb128 0x19
 798 0080 49       		.uleb128 0x49
 799 0081 13       		.uleb128 0x13
 800 0082 11       		.uleb128 0x11
 801 0083 01       		.uleb128 0x1
 802 0084 12       		.uleb128 0x12
 803 0085 06       		.uleb128 0x6
 804 0086 40       		.uleb128 0x40
 805 0087 18       		.uleb128 0x18
 806 0088 9742     		.uleb128 0x2117
 807 008a 19       		.uleb128 0x19
 808 008b 00       		.byte	0
 809 008c 00       		.byte	0
 810 008d 0A       		.uleb128 0xa
 811 008e 05       		.uleb128 0x5
 812 008f 00       		.byte	0
 813 0090 03       		.uleb128 0x3
 814 0091 0E       		.uleb128 0xe
 815 0092 3A       		.uleb128 0x3a
 816 0093 0B       		.uleb128 0xb
 817 0094 3B       		.uleb128 0x3b
 818 0095 0B       		.uleb128 0xb
 819 0096 49       		.uleb128 0x49
 820 0097 13       		.uleb128 0x13
 821 0098 02       		.uleb128 0x2
 822 0099 18       		.uleb128 0x18
 823 009a 00       		.byte	0
 824 009b 00       		.byte	0
 825 009c 0B       		.uleb128 0xb
 826 009d 34       		.uleb128 0x34
 827 009e 00       		.byte	0
 828 009f 03       		.uleb128 0x3
 829 00a0 0E       		.uleb128 0xe
ARM GAS  C:\Users\IYANG~1.DES\AppData\Local\Temp\ccDDWlxf.s 			page 35


 830 00a1 3A       		.uleb128 0x3a
 831 00a2 0B       		.uleb128 0xb
 832 00a3 3B       		.uleb128 0x3b
 833 00a4 0B       		.uleb128 0xb
 834 00a5 49       		.uleb128 0x49
 835 00a6 13       		.uleb128 0x13
 836 00a7 02       		.uleb128 0x2
 837 00a8 17       		.uleb128 0x17
 838 00a9 00       		.byte	0
 839 00aa 00       		.byte	0
 840 00ab 0C       		.uleb128 0xc
 841 00ac 2E       		.uleb128 0x2e
 842 00ad 01       		.byte	0x1
 843 00ae 3F       		.uleb128 0x3f
 844 00af 19       		.uleb128 0x19
 845 00b0 03       		.uleb128 0x3
 846 00b1 0E       		.uleb128 0xe
 847 00b2 3A       		.uleb128 0x3a
 848 00b3 0B       		.uleb128 0xb
 849 00b4 3B       		.uleb128 0x3b
 850 00b5 0B       		.uleb128 0xb
 851 00b6 27       		.uleb128 0x27
 852 00b7 19       		.uleb128 0x19
 853 00b8 49       		.uleb128 0x49
 854 00b9 13       		.uleb128 0x13
 855 00ba 11       		.uleb128 0x11
 856 00bb 01       		.uleb128 0x1
 857 00bc 12       		.uleb128 0x12
 858 00bd 06       		.uleb128 0x6
 859 00be 40       		.uleb128 0x40
 860 00bf 18       		.uleb128 0x18
 861 00c0 9742     		.uleb128 0x2117
 862 00c2 19       		.uleb128 0x19
 863 00c3 00       		.byte	0
 864 00c4 00       		.byte	0
 865 00c5 00       		.byte	0
 866              		.section	.debug_loc,"",%progbits
 867              	.Ldebug_loc0:
 868              	.LLST0:
 869 0000 00000000 		.4byte	.LVL0
 870 0004 08000000 		.4byte	.LVL1
 871 0008 0100     		.2byte	0x1
 872 000a 50       		.byte	0x50
 873 000b 08000000 		.4byte	.LVL1
 874 000f 18000000 		.4byte	.LFE0
 875 0013 0400     		.2byte	0x4
 876 0015 F3       		.byte	0xf3
 877 0016 01       		.uleb128 0x1
 878 0017 50       		.byte	0x50
 879 0018 9F       		.byte	0x9f
 880 0019 00000000 		.4byte	0
 881 001d 00000000 		.4byte	0
 882              	.LLST1:
 883 0021 00000000 		.4byte	.LVL2
 884 0025 04000000 		.4byte	.LVL3
 885 0029 0100     		.2byte	0x1
 886 002b 50       		.byte	0x50
ARM GAS  C:\Users\IYANG~1.DES\AppData\Local\Temp\ccDDWlxf.s 			page 36


 887 002c 04000000 		.4byte	.LVL3
 888 0030 1C000000 		.4byte	.LFE1
 889 0034 0400     		.2byte	0x4
 890 0036 F3       		.byte	0xf3
 891 0037 01       		.uleb128 0x1
 892 0038 50       		.byte	0x50
 893 0039 9F       		.byte	0x9f
 894 003a 00000000 		.4byte	0
 895 003e 00000000 		.4byte	0
 896              	.LLST2:
 897 0042 00000000 		.4byte	.LVL4
 898 0046 08000000 		.4byte	.LVL7
 899 004a 0100     		.2byte	0x1
 900 004c 50       		.byte	0x50
 901 004d 08000000 		.4byte	.LVL7
 902 0051 14000000 		.4byte	.LFE4
 903 0055 0400     		.2byte	0x4
 904 0057 F3       		.byte	0xf3
 905 0058 01       		.uleb128 0x1
 906 0059 50       		.byte	0x50
 907 005a 9F       		.byte	0x9f
 908 005b 00000000 		.4byte	0
 909 005f 00000000 		.4byte	0
 910              	.LLST3:
 911 0063 04000000 		.4byte	.LVL5
 912 0067 06000000 		.4byte	.LVL6
 913 006b 0B00     		.2byte	0xb
 914 006d 70       		.byte	0x70
 915 006e 00       		.sleb128 0
 916 006f 0A       		.byte	0xa
 917 0070 FFFF     		.2byte	0xffff
 918 0072 1A       		.byte	0x1a
 919 0073 20       		.byte	0x20
 920 0074 73       		.byte	0x73
 921 0075 00       		.sleb128 0
 922 0076 1A       		.byte	0x1a
 923 0077 9F       		.byte	0x9f
 924 0078 00000000 		.4byte	0
 925 007c 00000000 		.4byte	0
 926              	.LLST4:
 927 0080 08000000 		.4byte	.LVL8
 928 0084 0C000000 		.4byte	.LVL9
 929 0088 0100     		.2byte	0x1
 930 008a 50       		.byte	0x50
 931 008b 0C000000 		.4byte	.LVL9
 932 008f 14000000 		.4byte	.LFE5
 933 0093 0400     		.2byte	0x4
 934 0095 72       		.byte	0x72
 935 0096 00       		.sleb128 0
 936 0097 06       		.byte	0x6
 937 0098 9F       		.byte	0x9f
 938 0099 00000000 		.4byte	0
 939 009d 00000000 		.4byte	0
 940              		.section	.debug_aranges,"",%progbits
 941 0000 44000000 		.4byte	0x44
 942 0004 0200     		.2byte	0x2
 943 0006 00000000 		.4byte	.Ldebug_info0
ARM GAS  C:\Users\IYANG~1.DES\AppData\Local\Temp\ccDDWlxf.s 			page 37


 944 000a 04       		.byte	0x4
 945 000b 00       		.byte	0
 946 000c 0000     		.2byte	0
 947 000e 0000     		.2byte	0
 948 0010 00000000 		.4byte	.LFB0
 949 0014 18000000 		.4byte	.LFE0-.LFB0
 950 0018 00000000 		.4byte	.LFB1
 951 001c 1C000000 		.4byte	.LFE1-.LFB1
 952 0020 00000000 		.4byte	.LFB2
 953 0024 10000000 		.4byte	.LFE2-.LFB2
 954 0028 00000000 		.4byte	.LFB3
 955 002c 10000000 		.4byte	.LFE3-.LFB3
 956 0030 00000000 		.4byte	.LFB4
 957 0034 14000000 		.4byte	.LFE4-.LFB4
 958 0038 00000000 		.4byte	.LFB5
 959 003c 14000000 		.4byte	.LFE5-.LFB5
 960 0040 00000000 		.4byte	0
 961 0044 00000000 		.4byte	0
 962              		.section	.debug_ranges,"",%progbits
 963              	.Ldebug_ranges0:
 964 0000 00000000 		.4byte	.LFB0
 965 0004 18000000 		.4byte	.LFE0
 966 0008 00000000 		.4byte	.LFB1
 967 000c 1C000000 		.4byte	.LFE1
 968 0010 00000000 		.4byte	.LFB2
 969 0014 10000000 		.4byte	.LFE2
 970 0018 00000000 		.4byte	.LFB3
 971 001c 10000000 		.4byte	.LFE3
 972 0020 00000000 		.4byte	.LFB4
 973 0024 14000000 		.4byte	.LFE4
 974 0028 00000000 		.4byte	.LFB5
 975 002c 14000000 		.4byte	.LFE5
 976 0030 00000000 		.4byte	0
 977 0034 00000000 		.4byte	0
 978              		.section	.debug_line,"",%progbits
 979              	.Ldebug_line0:
 980 0000 D0000000 		.section	.debug_str,"MS",%progbits,1
 980      02004C00 
 980      00000201 
 980      FB0E0D00 
 980      01010101 
 981              	.LASF15:
 982 0000 72656733 		.ascii	"reg32\000"
 982      3200
 983              	.LASF22:
 984 0006 41647665 		.ascii	"Advertising_LED_SetInterruptMode\000"
 984      72746973 
 984      696E675F 
 984      4C45445F 
 984      53657449 
 985              	.LASF19:
 986 0027 76616C75 		.ascii	"value\000"
 986      6500
 987              	.LASF29:
 988 002d 443A5C44 		.ascii	"D:\\Dropbox\\blog\\UV sensor\\SW\\UVSensorCypress\\"
 988      726F7062 
 988      6F785C62 
ARM GAS  C:\Users\IYANG~1.DES\AppData\Local\Temp\ccDDWlxf.s 			page 38


 988      6C6F675C 
 988      55562073 
 989 005a 55562053 		.ascii	"UV Sensor.cydsn\000"
 989      656E736F 
 989      722E6379 
 989      64736E00 
 990              	.LASF17:
 991 006a 41647665 		.ascii	"Advertising_LED_Write\000"
 991      72746973 
 991      696E675F 
 991      4C45445F 
 991      57726974 
 992              	.LASF12:
 993 0080 666C6F61 		.ascii	"float\000"
 993      7400
 994              	.LASF1:
 995 0086 756E7369 		.ascii	"unsigned char\000"
 995      676E6564 
 995      20636861 
 995      7200
 996              	.LASF30:
 997 0094 64725661 		.ascii	"drVal\000"
 997      6C00
 998              	.LASF5:
 999 009a 6C6F6E67 		.ascii	"long unsigned int\000"
 999      20756E73 
 999      69676E65 
 999      6420696E 
 999      7400
 1000              	.LASF3:
 1001 00ac 73686F72 		.ascii	"short unsigned int\000"
 1001      7420756E 
 1001      7369676E 
 1001      65642069 
 1001      6E7400
 1002              	.LASF13:
 1003 00bf 646F7562 		.ascii	"double\000"
 1003      6C6500
 1004              	.LASF10:
 1005 00c6 75696E74 		.ascii	"uint16\000"
 1005      313600
 1006              	.LASF21:
 1007 00cd 41647665 		.ascii	"Advertising_LED_ReadDataReg\000"
 1007      72746973 
 1007      696E675F 
 1007      4C45445F 
 1007      52656164 
 1008              	.LASF23:
 1009 00e9 706F7369 		.ascii	"position\000"
 1009      74696F6E 
 1009      00
 1010              	.LASF11:
 1011 00f2 75696E74 		.ascii	"uint32\000"
 1011      333200
 1012              	.LASF25:
 1013 00f9 696E7472 		.ascii	"intrCfg\000"
 1013      43666700 
ARM GAS  C:\Users\IYANG~1.DES\AppData\Local\Temp\ccDDWlxf.s 			page 39


 1014              	.LASF8:
 1015 0101 756E7369 		.ascii	"unsigned int\000"
 1015      676E6564 
 1015      20696E74 
 1015      00
 1016              	.LASF7:
 1017 010e 6C6F6E67 		.ascii	"long long unsigned int\000"
 1017      206C6F6E 
 1017      6720756E 
 1017      7369676E 
 1017      65642069 
 1018              	.LASF18:
 1019 0125 6D6F6465 		.ascii	"mode\000"
 1019      00
 1020              	.LASF6:
 1021 012a 6C6F6E67 		.ascii	"long long int\000"
 1021      206C6F6E 
 1021      6720696E 
 1021      7400
 1022              	.LASF26:
 1023 0138 6D61736B 		.ascii	"maskedStatus\000"
 1023      65645374 
 1023      61747573 
 1023      00
 1024              	.LASF14:
 1025 0145 63686172 		.ascii	"char\000"
 1025      00
 1026              	.LASF2:
 1027 014a 73686F72 		.ascii	"short int\000"
 1027      7420696E 
 1027      7400
 1028              	.LASF27:
 1029 0154 474E5520 		.ascii	"GNU C 4.9.3 20150303 (release) [ARM/embedded-4_9-br"
 1029      4320342E 
 1029      392E3320 
 1029      32303135 
 1029      30333033 
 1030 0187 616E6368 		.ascii	"anch revision 221220] -mcpu=cortex-m0 -mthumb -g -O"
 1030      20726576 
 1030      6973696F 
 1030      6E203232 
 1030      31323230 
 1031 01ba 33202D66 		.ascii	"3 -ffunction-sections -finline-functions -flto -ffa"
 1031      66756E63 
 1031      74696F6E 
 1031      2D736563 
 1031      74696F6E 
 1032 01ed 742D6C74 		.ascii	"t-lto-objects\000"
 1032      6F2D6F62 
 1032      6A656374 
 1032      7300
 1033              	.LASF9:
 1034 01fb 75696E74 		.ascii	"uint8\000"
 1034      3800
 1035              	.LASF4:
 1036 0201 6C6F6E67 		.ascii	"long int\000"
 1036      20696E74 
ARM GAS  C:\Users\IYANG~1.DES\AppData\Local\Temp\ccDDWlxf.s 			page 40


 1036      00
 1037              	.LASF24:
 1038 020a 41647665 		.ascii	"Advertising_LED_ClearInterrupt\000"
 1038      72746973 
 1038      696E675F 
 1038      4C45445F 
 1038      436C6561 
 1039              	.LASF0:
 1040 0229 7369676E 		.ascii	"signed char\000"
 1040      65642063 
 1040      68617200 
 1041              	.LASF16:
 1042 0235 41647665 		.ascii	"Advertising_LED_SetDriveMode\000"
 1042      72746973 
 1042      696E675F 
 1042      4C45445F 
 1042      53657444 
 1043              	.LASF20:
 1044 0252 41647665 		.ascii	"Advertising_LED_Read\000"
 1044      72746973 
 1044      696E675F 
 1044      4C45445F 
 1044      52656164 
 1045              	.LASF28:
 1046 0267 47656E65 		.ascii	"Generated_Source\\PSoC4\\Advertising_LED.c\000"
 1046      72617465 
 1046      645F536F 
 1046      75726365 
 1046      5C50536F 
 1047              		.comm	__gnu_lto_v1,1,1
 1048              		.ident	"GCC: (GNU Tools for ARM Embedded Processors) 4.9.3 20150303 (release) [ARM/embedded-4_9-br
