ARM GAS  C:\Users\IYANG~1.DES\AppData\Local\Temp\cc7ACX6b.s 			page 1


   1              		.cpu cortex-m0
   2              		.fpu softvfp
   3              		.eabi_attribute 20, 1
   4              		.eabi_attribute 21, 1
   5              		.eabi_attribute 23, 3
   6              		.eabi_attribute 24, 1
   7              		.eabi_attribute 25, 1
   8              		.eabi_attribute 26, 1
   9              		.eabi_attribute 30, 2
  10              		.eabi_attribute 34, 0
  11              		.eabi_attribute 18, 4
  12              		.code	16
  13              		.file	"BLE_HAL_INT.c"
  14              		.text
  15              	.Ltext0:
  16              		.section	.gnu.lto_.profile.18706ecf,"",%progbits
  17 0000 789C6366 		.ascii	"x\234cf```a\200\000F\006\036&\000\000\216\000\027"
  17      60606061 
  17      80004606 
  17      1E260000 
  17      8E0017
  18              		.text
  19              		.section	.gnu.lto_.jmpfuncs.18706ecf,"",%progbits
  20 0000 789C6366 		.ascii	"x\234cf\300\016\330\2404#\230\004\000\000\362\000\013"
  20      C00ED8A0 
  20      34239804 
  20      0000F200 
  20      0B
  21              		.text
  22              		.section	.gnu.lto_.inline.18706ecf,"",%progbits
  23 0000 789C6366 		.ascii	"x\234cf\300\016$\2414#\003\003\013\017#\003\023\220"
  23      C00E24A1 
  23      34230303 
  23      0B0F2303 
  23      1390
  24 0012 C9B6409E 		.ascii	"\311\266@\236\011,\304\005\"\001\017\370\001\003"
  24      092CC405 
  24      22010FF8 
  24      0103
  25              		.text
  26              		.section	.gnu.lto_.pureconst.18706ecf,"",%progbits
  27 0000 789C6366 		.ascii	"x\234cf```f\200\000F\006\011\000\000x\000 "
  27      60606066 
  27      80004606 
  27      09000078 
  27      0020
  28              		.text
  29              		.section	.gnu.lto_CyBLE_Bless_Interrupt.18706ecf,"",%progbits
  30 0000 789C6366 		.ascii	"x\234cf\300\004R@\274\020\210\325\201\230\221\231\201"
  30      C0045240 
  30      BC1088D5 
  30      81989199 
  30      81
  31 0011 9169C239 		.ascii	"\221i\3029\006\206F\016&FF\020\203\201\221\241\236\211"
  31      0686460E 
  31      26464610 
  31      838191A1 
ARM GAS  C:\Users\IYANG~1.DES\AppData\Local\Temp\cc7ACX6b.s 			page 2


  31      9E89
  32 0023 B19EF125 		.ascii	"\261\236\361%\323G&\306\011\007V\317\340V_\332\320\320"
  32      D34726C6 
  32      090756CF 
  32      E0565FDA 
  32      D0D0
  33 0035 F0E1D1F2 		.ascii	"\360\341\321\362\206\200\003\214?\231\030\030>3A\314"
  33      8680038C 
  33      3F991818 
  33      3E3341CC 
  34 0045 615CCEA8 		.ascii	"a\\\316\250\316\000T\364\261\345\357un\266\026\240\""
  34      CE0054F4 
  34      B1E5EF75 
  34      6EB616A0 
  34      22
  35 0056 01881CE3 		.ascii	"\001\210\034\343\012F6F \275^\350@\303\377\377\227\347"
  35      0A463646 
  35      20BD5EE8 
  35      40C3FFFF 
  35      97E7
  36 0068 7FE16466 		.ascii	"\177\341df`x\002\224\001\231\377\224\211\011D3\337a"
  36      60780294 
  36      0199FF94 
  36      89094433 
  36      DF61
  37 007a 6C3E305B 		.ascii	"l>0[\024\244\024d\306\274\313}\353\230j\1777t4p\374"
  37      14A41464 
  37      C6BCCB7D 
  37      EB986A7F 
  37      37743470 
  38 008f 6462FCCC 		.ascii	"db\374\314\004\324\316\270\222\261\226\341'P\365=\306"
  38      04D4CEB8 
  38      92B196E1 
  38      2750F53D 
  38      C6
  39 00a0 C603F359 		.ascii	"\306\003\363Y\301*\031@\3460\202\364\003MSuO\315K-J"
  39      C12A1940 
  39      E63082F4 
  39      034D5375 
  39      4FCD4B2D 
  40 00b5 2C494D89 		.ascii	",IM\211\017\316/-JN\215\011\010\316w6\211q\362q\215"
  40      0FCE2F2D 
  40      4A4E8D09 
  40      08CE7736 
  40      8971F271 
  41 00ca F770F489 		.ascii	"\367p\364\211\367\364\013\321Kf\000\000XjFw"
  41      F7F40BD1 
  41      4B660000 
  41      586A4677 
  42              		.text
  43              		.section	.gnu.lto_.symbol_nodes.18706ecf,"",%progbits
  44 0000 789C6366 		.ascii	"x\234cf``\320d\200\002&\246z\006\206\011\347\030\030"
  44      6060D064 
  44      800226A6 
  44      7A068609 
  44      E71818
  45 0013 EAEB19E6 		.ascii	"\352\353\031\346-\340``d\256g\204\360\031\032\0328\030"
ARM GAS  C:\Users\IYANG~1.DES\AppData\Local\Temp\cc7ACX6b.s 			page 3


  45      2DE06060 
  45      64AE6784 
  45      F0191A1A 
  45      3818
  46 0025 98191819 		.ascii	"\230\031\030\031\226<\370\307\310\000\000\317\017\012"
  46      963CF8C7 
  46      C80000CF 
  46      0F0A
  47 0033 42       		.ascii	"B"
  48              		.text
  49              		.section	.gnu.lto_.refs.18706ecf,"",%progbits
  50 0000 789C6366 		.ascii	"x\234cf```d\200\002\000\000=\000\005"
  50      60606064 
  50      80020000 
  50      3D0005
  51              		.text
  52              		.section	.gnu.lto_.decls.18706ecf,"",%progbits
  53 0000 789C6366 		.ascii	"x\234cf``H\000\342\377@ \303\310\300\320\001d3\001q"
  53      60604800 
  53      E2FF4020 
  53      C3C8C0D0 
  53      01643301 
  54 0015 00030280 		.ascii	"\000\003\002\200\370k\200x\035\003&\000\2113C\325\257"
  54      F86B8078 
  54      1D032600 
  54      893343D5 
  54      AF
  55 0026 07E29544 		.ascii	"\007\342\225D\350\371\310\304\270s\335\227\263\334/"
  55      E8F9C8C4 
  55      B873DD97 
  55      B3DC2F
  56 0035 9818F9B8 		.ascii	"\230\030\371\270\024@\334]\223N\314`\003ry\270X@\334"
  56      1440DC5D 
  56      934ECC60 
  56      037279B8 
  56      5840DC
  57 0048 DDBF1F5D 		.ascii	"\335\277\037]a\021\237\332\000\004\023\232\033\004X"
  57      61119FDA 
  57      0004139A 
  57      1B0458
  58 0057 1803C418 		.ascii	"\030\003\304\030\2273J1\256`\224b``\\\311(\016$\243"
  58      97334A31 
  58      AE609462 
  58      60605CC9 
  58      280E24A3 
  59 006b 5920264D 		.ascii	"Y &M\376\376\363\012\0233\023#\210\275x\306\303+\\:"
  59      FEFEF30A 
  59      13331323 
  59      88BD78C6 
  59      C32B5C3A 
  60 007f AB80DA3A 		.ascii	"\253\200\332:\032\016\034`FXw\374\327\375%L\012\363"
  60      1A0E1C60 
  60      465877FC 
  60      D7FD254C 
  60      0AF3
  61 0091 1A166CF8 		.ascii	"\032\026l\370\260\377\317\021\236\206\023\015\007\376"
  61      B0FFCF11 
ARM GAS  C:\Users\IYANG~1.DES\AppData\Local\Temp\cc7ACX6b.s 			page 4


  61      9E86130D 
  61      07FE
  62 009f FFB7071B 		.ascii	"\377\267\007\033\305\270\212\221\231q5\243\016H%\210"
  62      C5B88A91 
  62      997135A3 
  62      0E482588 
  63 00af 0DD6C2B8 		.ascii	"\015\326\302\270\206Q\001\250\255\367\354\366\303\214"
  63      865101A8 
  63      ADF7ECF6 
  63      C38C
  64 00bd CCAE60B3 		.ascii	"\314\256`\263\277Ly\263\225\023h\304\203\206\017'\037"
  64      BF4C79B3 
  64      951368C4 
  64      83860F27 
  64      1F
  65 00ce 7FCA98D8 		.ascii	"\177\312\230\330<aI\303\203\377\377\345!\206\254E2d"
  65      3C6149C3 
  65      83FFFFE5 
  65      2186AC45 
  65      3264
  66 00e0 2DCC9075 		.ascii	"-\314\220u`C\356\3158\320\305\302\323\325\320\320\004"
  66      6043EECD 
  66      38D0C5C2 
  66      D3D5D0D0 
  66      04
  67 00f1 F20CE709 		.ascii	"\362\014\347\011>\260\006\204w\3263\362@\265\202\230"
  67      3EB00684 
  67      77D633F2 
  67      40B58298 
  68 0101 0CA2CE95 		.ascii	"\014\242\316\225N>\256\361N9\251\305\305\361\236y%\251"
  68      4E3EAEF1 
  68      4E39A9C5 
  68      C5F19E79 
  68      25A9
  69 0113 4545A505 		.ascii	"EE\245\005%l\356~\241\012\316\014\252\356\251y\251E"
  69      256CEE7E 
  69      A10ACE0C 
  69      AAEEA979 
  69      A945
  70 0125 8925A929 		.ascii	"\211%\251)\361\301\371\245E\311\2511\001\301\371\316"
  70      F1C1F9A5 
  70      45C9A931 
  70      01C1F9CE 
  71 0135 2631201D 		.ascii	"&1 \035\036\216>\361\236~!z\311\014\322@#rRAF\004\007"
  71      1E8E3EF1 
  71      9E7E217A 
  71      C90CD240 
  71      23725241 
  72 014c C34DF048 		.ascii	"\303M\360H\314K\311I-R\307cBp\210\243\263w|@X\210^\006"
  72      CC4BC949 
  72      2D52C763 
  72      427088A3 
  72      B3777C40 
  73 0164 0300794B 		.ascii	"\003\000yK\223\336"
  73      93DE
  74              		.text
  75              		.section	.gnu.lto_.symtab.18706ecf,"",%progbits
ARM GAS  C:\Users\IYANG~1.DES\AppData\Local\Temp\cc7ACX6b.s 			page 5


  76 0000 4379424C 		.ascii	"CyBLE_Bless_Interrupt\000\000\000\000\000\000\000\000"
  76      455F426C 
  76      6573735F 
  76      496E7465 
  76      72727570 
  77 001d 00000000 		.ascii	"\000\000\000\000\254\000\000\000CyBle_BleSSInterrup"
  77      AC000000 
  77      4379426C 
  77      655F426C 
  77      65535349 
  78 0038 7448616E 		.ascii	"tHandler\000\000\002\000\000\000\000\000\000\000\000"
  78      646C6572 
  78      00000200 
  78      00000000 
  78      000000
  79 004b 00AE0000 		.ascii	"\000\256\000\000\000"
  79      00
  80              		.text
  81              		.section	.gnu.lto_.opts,"",%progbits
  82 0000 272D666E 		.ascii	"'-fno-trapv' '-mcpu=cortex-m0' '-mthumb' '-g' '-O3'"
  82      6F2D7472 
  82      61707627 
  82      20272D6D 
  82      6370753D 
  83 0033 20272D66 		.ascii	" '-ffunction-sections' '-finline-functions' '-flto'"
  83      66756E63 
  83      74696F6E 
  83      2D736563 
  83      74696F6E 
  84 0066 20272D66 		.ascii	" '-ffat-lto-objects'\000"
  84      6661742D 
  84      6C746F2D 
  84      6F626A65 
  84      63747327 
  85              		.text
  86              		.cfi_sections	.debug_frame
  87              		.section	.text.CyBLE_Bless_Interrupt,"ax",%progbits
  88              		.align	2
  89              		.global	CyBLE_Bless_Interrupt
  90              		.code	16
  91              		.thumb_func
  92              		.type	CyBLE_Bless_Interrupt, %function
  93              	CyBLE_Bless_Interrupt:
  94              	.LFB2:
  95              		.file 1 "Generated_Source\\PSoC4\\BLE_HAL_INT.c"
   1:Generated_Source\PSoC4/BLE_HAL_INT.c **** /***************************************************************************//**
   2:Generated_Source\PSoC4/BLE_HAL_INT.c **** * \file BLE_HAL_INT.c
   3:Generated_Source\PSoC4/BLE_HAL_INT.c **** * \version 3.10
   4:Generated_Source\PSoC4/BLE_HAL_INT.c **** *
   5:Generated_Source\PSoC4/BLE_HAL_INT.c **** * \brief
   6:Generated_Source\PSoC4/BLE_HAL_INT.c **** *  This file contains the source code for the Interrupt Service Routine for the
   7:Generated_Source\PSoC4/BLE_HAL_INT.c **** *  HAL section of the BLE component
   8:Generated_Source\PSoC4/BLE_HAL_INT.c **** *
   9:Generated_Source\PSoC4/BLE_HAL_INT.c **** ********************************************************************************
  10:Generated_Source\PSoC4/BLE_HAL_INT.c **** * \copyright
  11:Generated_Source\PSoC4/BLE_HAL_INT.c **** * Copyright 2014-2016, Cypress Semiconductor Corporation.  All rights reserved.
  12:Generated_Source\PSoC4/BLE_HAL_INT.c **** * You may use this file only in accordance with the license, terms, conditions,
ARM GAS  C:\Users\IYANG~1.DES\AppData\Local\Temp\cc7ACX6b.s 			page 6


  13:Generated_Source\PSoC4/BLE_HAL_INT.c **** * disclaimers, and limitations in the end user license agreement accompanying
  14:Generated_Source\PSoC4/BLE_HAL_INT.c **** * the software package with which this file was provided.
  15:Generated_Source\PSoC4/BLE_HAL_INT.c **** *******************************************************************************/
  16:Generated_Source\PSoC4/BLE_HAL_INT.c **** 
  17:Generated_Source\PSoC4/BLE_HAL_INT.c **** #include "BLE_HAL_PVT.h"
  18:Generated_Source\PSoC4/BLE_HAL_INT.c **** 
  19:Generated_Source\PSoC4/BLE_HAL_INT.c **** 
  20:Generated_Source\PSoC4/BLE_HAL_INT.c **** /*******************************************************************************
  21:Generated_Source\PSoC4/BLE_HAL_INT.c **** * Function Name: CyBLE_Bless_Interrupt
  22:Generated_Source\PSoC4/BLE_HAL_INT.c **** ****************************************************************************//**
  23:Generated_Source\PSoC4/BLE_HAL_INT.c **** *
  24:Generated_Source\PSoC4/BLE_HAL_INT.c **** *  Handles the Interrupt Service Routine for the BLE sub-system.
  25:Generated_Source\PSoC4/BLE_HAL_INT.c **** *
  26:Generated_Source\PSoC4/BLE_HAL_INT.c **** * \return
  27:Generated_Source\PSoC4/BLE_HAL_INT.c **** *  None
  28:Generated_Source\PSoC4/BLE_HAL_INT.c **** *
  29:Generated_Source\PSoC4/BLE_HAL_INT.c **** *******************************************************************************/
  30:Generated_Source\PSoC4/BLE_HAL_INT.c **** CY_ISR(CyBLE_Bless_Interrupt)
  31:Generated_Source\PSoC4/BLE_HAL_INT.c **** {
  96              		.loc 1 31 0
  97              		.cfi_startproc
  98 0000 08B5     		push	{r3, lr}
  99              		.cfi_def_cfa_offset 8
 100              		.cfi_offset 3, -8
 101              		.cfi_offset 14, -4
  32:Generated_Source\PSoC4/BLE_HAL_INT.c ****     #if(CYBLE_STACK_MODE_DEBUG)
  33:Generated_Source\PSoC4/BLE_HAL_INT.c ****         CyBle_ApplCallback(CYBLE_DEBUG_EVT_BLESS_INT, NULL);
  34:Generated_Source\PSoC4/BLE_HAL_INT.c ****     #endif /* CYBLE_STACK_MODE_DEBUG */
  35:Generated_Source\PSoC4/BLE_HAL_INT.c **** 
  36:Generated_Source\PSoC4/BLE_HAL_INT.c ****     /* Call stack manager bless function handler */
  37:Generated_Source\PSoC4/BLE_HAL_INT.c ****     CyBLE_pf_bless_event_hdlr();
 102              		.loc 1 37 0
 103 0002 FFF7FEFF 		bl	CyBle_BleSSInterruptHandler
 104              	.LVL0:
  38:Generated_Source\PSoC4/BLE_HAL_INT.c ****     /* Host stack takes care of clearing interrupts */
  39:Generated_Source\PSoC4/BLE_HAL_INT.c **** }
 105              		.loc 1 39 0
 106              		@ sp needed
 107 0006 08BD     		pop	{r3, pc}
 108              		.cfi_endproc
 109              	.LFE2:
 110              		.size	CyBLE_Bless_Interrupt, .-CyBLE_Bless_Interrupt
 111              		.text
 112              	.Letext0:
 113              		.file 2 "Generated_Source\\PSoC4\\BLE_STACK_PVT.h"
 114              		.section	.debug_info,"",%progbits
 115              	.Ldebug_info0:
 116 0000 AA000000 		.4byte	0xaa
 117 0004 0400     		.2byte	0x4
 118 0006 00000000 		.4byte	.Ldebug_abbrev0
 119 000a 04       		.byte	0x4
 120 000b 01       		.uleb128 0x1
 121 000c 1B000000 		.4byte	.LASF13
 122 0010 01       		.byte	0x1
 123 0011 EB000000 		.4byte	.LASF14
 124 0015 84010000 		.4byte	.LASF15
 125 0019 00000000 		.4byte	.Ldebug_ranges0+0
ARM GAS  C:\Users\IYANG~1.DES\AppData\Local\Temp\cc7ACX6b.s 			page 7


 126 001d 00000000 		.4byte	0
 127 0021 00000000 		.4byte	.Ldebug_line0
 128 0025 02       		.uleb128 0x2
 129 0026 01       		.byte	0x1
 130 0027 06       		.byte	0x6
 131 0028 78010000 		.4byte	.LASF0
 132 002c 02       		.uleb128 0x2
 133 002d 01       		.byte	0x1
 134 002e 08       		.byte	0x8
 135 002f 10010000 		.4byte	.LASF1
 136 0033 02       		.uleb128 0x2
 137 0034 02       		.byte	0x2
 138 0035 05       		.byte	0x5
 139 0036 C7010000 		.4byte	.LASF2
 140 003a 02       		.uleb128 0x2
 141 003b 02       		.byte	0x2
 142 003c 07       		.byte	0x7
 143 003d 65010000 		.4byte	.LASF3
 144 0041 02       		.uleb128 0x2
 145 0042 04       		.byte	0x4
 146 0043 05       		.byte	0x5
 147 0044 23010000 		.4byte	.LASF4
 148 0048 02       		.uleb128 0x2
 149 0049 04       		.byte	0x4
 150 004a 07       		.byte	0x7
 151 004b C2000000 		.4byte	.LASF5
 152 004f 02       		.uleb128 0x2
 153 0050 08       		.byte	0x8
 154 0051 05       		.byte	0x5
 155 0052 00000000 		.4byte	.LASF6
 156 0056 02       		.uleb128 0x2
 157 0057 08       		.byte	0x8
 158 0058 07       		.byte	0x7
 159 0059 D4000000 		.4byte	.LASF7
 160 005d 03       		.uleb128 0x3
 161 005e 04       		.byte	0x4
 162 005f 05       		.byte	0x5
 163 0060 696E7400 		.ascii	"int\000"
 164 0064 02       		.uleb128 0x2
 165 0065 04       		.byte	0x4
 166 0066 07       		.byte	0x7
 167 0067 0E000000 		.4byte	.LASF8
 168 006b 02       		.uleb128 0x2
 169 006c 04       		.byte	0x4
 170 006d 04       		.byte	0x4
 171 006e C1010000 		.4byte	.LASF9
 172 0072 02       		.uleb128 0x2
 173 0073 08       		.byte	0x8
 174 0074 04       		.byte	0x4
 175 0075 42010000 		.4byte	.LASF10
 176 0079 02       		.uleb128 0x2
 177 007a 01       		.byte	0x1
 178 007b 08       		.byte	0x8
 179 007c 1E010000 		.4byte	.LASF11
 180 0080 02       		.uleb128 0x2
 181 0081 04       		.byte	0x4
 182 0082 07       		.byte	0x7
ARM GAS  C:\Users\IYANG~1.DES\AppData\Local\Temp\cc7ACX6b.s 			page 8


 183 0083 D1010000 		.4byte	.LASF12
 184 0087 04       		.uleb128 0x4
 185 0088 2C010000 		.4byte	.LASF16
 186 008c 01       		.byte	0x1
 187 008d 1E       		.byte	0x1e
 188 008e 00000000 		.4byte	.LFB2
 189 0092 08000000 		.4byte	.LFE2-.LFB2
 190 0096 01       		.uleb128 0x1
 191 0097 9C       		.byte	0x9c
 192 0098 A6000000 		.4byte	0xa6
 193 009c 05       		.uleb128 0x5
 194 009d 06000000 		.4byte	.LVL0
 195 00a1 A6000000 		.4byte	0xa6
 196 00a5 00       		.byte	0
 197 00a6 06       		.uleb128 0x6
 198 00a7 49010000 		.4byte	.LASF17
 199 00ab 02       		.byte	0x2
 200 00ac 63       		.byte	0x63
 201 00ad 00       		.byte	0
 202              		.section	.debug_abbrev,"",%progbits
 203              	.Ldebug_abbrev0:
 204 0000 01       		.uleb128 0x1
 205 0001 11       		.uleb128 0x11
 206 0002 01       		.byte	0x1
 207 0003 25       		.uleb128 0x25
 208 0004 0E       		.uleb128 0xe
 209 0005 13       		.uleb128 0x13
 210 0006 0B       		.uleb128 0xb
 211 0007 03       		.uleb128 0x3
 212 0008 0E       		.uleb128 0xe
 213 0009 1B       		.uleb128 0x1b
 214 000a 0E       		.uleb128 0xe
 215 000b 55       		.uleb128 0x55
 216 000c 17       		.uleb128 0x17
 217 000d 11       		.uleb128 0x11
 218 000e 01       		.uleb128 0x1
 219 000f 10       		.uleb128 0x10
 220 0010 17       		.uleb128 0x17
 221 0011 00       		.byte	0
 222 0012 00       		.byte	0
 223 0013 02       		.uleb128 0x2
 224 0014 24       		.uleb128 0x24
 225 0015 00       		.byte	0
 226 0016 0B       		.uleb128 0xb
 227 0017 0B       		.uleb128 0xb
 228 0018 3E       		.uleb128 0x3e
 229 0019 0B       		.uleb128 0xb
 230 001a 03       		.uleb128 0x3
 231 001b 0E       		.uleb128 0xe
 232 001c 00       		.byte	0
 233 001d 00       		.byte	0
 234 001e 03       		.uleb128 0x3
 235 001f 24       		.uleb128 0x24
 236 0020 00       		.byte	0
 237 0021 0B       		.uleb128 0xb
 238 0022 0B       		.uleb128 0xb
 239 0023 3E       		.uleb128 0x3e
ARM GAS  C:\Users\IYANG~1.DES\AppData\Local\Temp\cc7ACX6b.s 			page 9


 240 0024 0B       		.uleb128 0xb
 241 0025 03       		.uleb128 0x3
 242 0026 08       		.uleb128 0x8
 243 0027 00       		.byte	0
 244 0028 00       		.byte	0
 245 0029 04       		.uleb128 0x4
 246 002a 2E       		.uleb128 0x2e
 247 002b 01       		.byte	0x1
 248 002c 3F       		.uleb128 0x3f
 249 002d 19       		.uleb128 0x19
 250 002e 03       		.uleb128 0x3
 251 002f 0E       		.uleb128 0xe
 252 0030 3A       		.uleb128 0x3a
 253 0031 0B       		.uleb128 0xb
 254 0032 3B       		.uleb128 0x3b
 255 0033 0B       		.uleb128 0xb
 256 0034 27       		.uleb128 0x27
 257 0035 19       		.uleb128 0x19
 258 0036 11       		.uleb128 0x11
 259 0037 01       		.uleb128 0x1
 260 0038 12       		.uleb128 0x12
 261 0039 06       		.uleb128 0x6
 262 003a 40       		.uleb128 0x40
 263 003b 18       		.uleb128 0x18
 264 003c 9742     		.uleb128 0x2117
 265 003e 19       		.uleb128 0x19
 266 003f 01       		.uleb128 0x1
 267 0040 13       		.uleb128 0x13
 268 0041 00       		.byte	0
 269 0042 00       		.byte	0
 270 0043 05       		.uleb128 0x5
 271 0044 898201   		.uleb128 0x4109
 272 0047 00       		.byte	0
 273 0048 11       		.uleb128 0x11
 274 0049 01       		.uleb128 0x1
 275 004a 31       		.uleb128 0x31
 276 004b 13       		.uleb128 0x13
 277 004c 00       		.byte	0
 278 004d 00       		.byte	0
 279 004e 06       		.uleb128 0x6
 280 004f 2E       		.uleb128 0x2e
 281 0050 00       		.byte	0
 282 0051 3F       		.uleb128 0x3f
 283 0052 19       		.uleb128 0x19
 284 0053 03       		.uleb128 0x3
 285 0054 0E       		.uleb128 0xe
 286 0055 3A       		.uleb128 0x3a
 287 0056 0B       		.uleb128 0xb
 288 0057 3B       		.uleb128 0x3b
 289 0058 0B       		.uleb128 0xb
 290 0059 27       		.uleb128 0x27
 291 005a 19       		.uleb128 0x19
 292 005b 3C       		.uleb128 0x3c
 293 005c 19       		.uleb128 0x19
 294 005d 00       		.byte	0
 295 005e 00       		.byte	0
 296 005f 00       		.byte	0
ARM GAS  C:\Users\IYANG~1.DES\AppData\Local\Temp\cc7ACX6b.s 			page 10


 297              		.section	.debug_aranges,"",%progbits
 298 0000 1C000000 		.4byte	0x1c
 299 0004 0200     		.2byte	0x2
 300 0006 00000000 		.4byte	.Ldebug_info0
 301 000a 04       		.byte	0x4
 302 000b 00       		.byte	0
 303 000c 0000     		.2byte	0
 304 000e 0000     		.2byte	0
 305 0010 00000000 		.4byte	.LFB2
 306 0014 08000000 		.4byte	.LFE2-.LFB2
 307 0018 00000000 		.4byte	0
 308 001c 00000000 		.4byte	0
 309              		.section	.debug_ranges,"",%progbits
 310              	.Ldebug_ranges0:
 311 0000 00000000 		.4byte	.LFB2
 312 0004 08000000 		.4byte	.LFE2
 313 0008 00000000 		.4byte	0
 314 000c 00000000 		.4byte	0
 315              		.section	.debug_line,"",%progbits
 316              	.Ldebug_line0:
 317 0000 65000000 		.section	.debug_str,"MS",%progbits,1
 317      02004E00 
 317      00000201 
 317      FB0E0D00 
 317      01010101 
 318              	.LASF6:
 319 0000 6C6F6E67 		.ascii	"long long int\000"
 319      206C6F6E 
 319      6720696E 
 319      7400
 320              	.LASF8:
 321 000e 756E7369 		.ascii	"unsigned int\000"
 321      676E6564 
 321      20696E74 
 321      00
 322              	.LASF13:
 323 001b 474E5520 		.ascii	"GNU C 4.9.3 20150303 (release) [ARM/embedded-4_9-br"
 323      4320342E 
 323      392E3320 
 323      32303135 
 323      30333033 
 324 004e 616E6368 		.ascii	"anch revision 221220] -mcpu=cortex-m0 -mthumb -g -O"
 324      20726576 
 324      6973696F 
 324      6E203232 
 324      31323230 
 325 0081 33202D66 		.ascii	"3 -ffunction-sections -finline-functions -flto -ffa"
 325      66756E63 
 325      74696F6E 
 325      2D736563 
 325      74696F6E 
 326 00b4 742D6C74 		.ascii	"t-lto-objects\000"
 326      6F2D6F62 
 326      6A656374 
 326      7300
 327              	.LASF5:
 328 00c2 6C6F6E67 		.ascii	"long unsigned int\000"
ARM GAS  C:\Users\IYANG~1.DES\AppData\Local\Temp\cc7ACX6b.s 			page 11


 328      20756E73 
 328      69676E65 
 328      6420696E 
 328      7400
 329              	.LASF7:
 330 00d4 6C6F6E67 		.ascii	"long long unsigned int\000"
 330      206C6F6E 
 330      6720756E 
 330      7369676E 
 330      65642069 
 331              	.LASF14:
 332 00eb 47656E65 		.ascii	"Generated_Source\\PSoC4\\BLE_HAL_INT.c\000"
 332      72617465 
 332      645F536F 
 332      75726365 
 332      5C50536F 
 333              	.LASF1:
 334 0110 756E7369 		.ascii	"unsigned char\000"
 334      676E6564 
 334      20636861 
 334      7200
 335              	.LASF11:
 336 011e 63686172 		.ascii	"char\000"
 336      00
 337              	.LASF4:
 338 0123 6C6F6E67 		.ascii	"long int\000"
 338      20696E74 
 338      00
 339              	.LASF16:
 340 012c 4379424C 		.ascii	"CyBLE_Bless_Interrupt\000"
 340      455F426C 
 340      6573735F 
 340      496E7465 
 340      72727570 
 341              	.LASF10:
 342 0142 646F7562 		.ascii	"double\000"
 342      6C6500
 343              	.LASF17:
 344 0149 4379426C 		.ascii	"CyBle_BleSSInterruptHandler\000"
 344      655F426C 
 344      65535349 
 344      6E746572 
 344      72757074 
 345              	.LASF3:
 346 0165 73686F72 		.ascii	"short unsigned int\000"
 346      7420756E 
 346      7369676E 
 346      65642069 
 346      6E7400
 347              	.LASF0:
 348 0178 7369676E 		.ascii	"signed char\000"
 348      65642063 
 348      68617200 
 349              	.LASF15:
 350 0184 443A5C44 		.ascii	"D:\\Dropbox\\blog\\UV sensor\\SW\\UVSensorCypress\\"
 350      726F7062 
 350      6F785C62 
ARM GAS  C:\Users\IYANG~1.DES\AppData\Local\Temp\cc7ACX6b.s 			page 12


 350      6C6F675C 
 350      55562073 
 351 01b1 55562053 		.ascii	"UV Sensor.cydsn\000"
 351      656E736F 
 351      722E6379 
 351      64736E00 
 352              	.LASF9:
 353 01c1 666C6F61 		.ascii	"float\000"
 353      7400
 354              	.LASF2:
 355 01c7 73686F72 		.ascii	"short int\000"
 355      7420696E 
 355      7400
 356              	.LASF12:
 357 01d1 73697A65 		.ascii	"sizetype\000"
 357      74797065 
 357      00
 358              		.comm	__gnu_lto_v1,1,1
 359              		.ident	"GCC: (GNU Tools for ARM Embedded Processors) 4.9.3 20150303 (release) [ARM/embedded-4_9-br
