ARM GAS  C:\Users\IYANG~1.DES\AppData\Local\Temp\cclAWP3r.s 			page 1


   1              		.cpu cortex-m0
   2              		.fpu softvfp
   3              		.eabi_attribute 20, 1
   4              		.eabi_attribute 21, 1
   5              		.eabi_attribute 23, 3
   6              		.eabi_attribute 24, 1
   7              		.eabi_attribute 25, 1
   8              		.eabi_attribute 26, 1
   9              		.eabi_attribute 30, 2
  10              		.eabi_attribute 34, 0
  11              		.eabi_attribute 18, 4
  12              		.code	16
  13              		.file	"cymetadata.c"
  14              		.text
  15              	.Ltext0:
  16              		.section	.gnu.lto_.profile.1813adb9,"",%progbits
  17 0000 789C6366 		.ascii	"x\234cf```d\200\002\000\000=\000\005"
  17      60606064 
  17      80020000 
  17      3D0005
  18              		.text
  19              		.section	.gnu.lto_.inline.1813adb9,"",%progbits
  20 0000 789C6366 		.ascii	"x\234cf\300\016\230\340,\000\000\234\000\006"
  20      C00E98E0 
  20      2C00009C 
  20      0006
  21              		.text
  22              		.section	.gnu.lto_.pureconst.1813adb9,"",%progbits
  23 0000 789C6366 		.ascii	"x\234cf```d\200\002\000\000=\000\005"
  23      60606064 
  23      80020000 
  23      3D0005
  24              		.text
  25              		.section	.gnu.lto_.symbol_nodes.1813adb9,"",%progbits
  26 0000 789C6366 		.ascii	"x\234cf``\020g\200\002V&\206\305L\365\014\254\214\214"
  26      60601067 
  26      80025626 
  26      86C54CF5 
  26      0CAC8C8C 
  27 0014 608A8109 		.ascii	"`\212\201\011D1\000\000*\227\003\234"
  27      44310000 
  27      2A97039C 
  28              		.text
  29              		.section	.gnu.lto_.refs.1813adb9,"",%progbits
  30 0000 789C6366 		.ascii	"x\234cf```d\200\002\000\000=\000\005"
  30      60606064 
  30      80020000 
  30      3D0005
  31              		.text
  32              		.section	.gnu.lto_.decls.1813adb9,"",%progbits
  33 0000 789C8597 		.ascii	"x\234\205\227\011XT\327\025\307\347\316\214,\003\016"
  33      095854D7 
  33      15C7E7CE 
  33      8C2C030E 
  34 0010 D6A4D6D0 		.ascii	"\326\244\326\320\244\230\230X\223X\233\264\211M\323"
  34      A4989858 
  34      93589BB4 
ARM GAS  C:\Users\IYANG~1.DES\AppData\Local\Temp\cclAWP3r.s 			page 2


  34      894DD3
  35 001f C5A436B5 		.ascii	"\305\2446\265M[kk\223.\261%\024I\260M\324*\266\265\353"
  35      4D5B6B6B 
  35      932EB125 
  35      1449B04D 
  35      D42AB6B5 
  36 0034 0B421C95 		.ascii	"\013B\034\225\000\"\"\250l\2128\002\002\003\212l\316"
  36      002222A8 
  36      6C8A3802 
  36      02038A6C 
  36      CE
  37 0045 B04B1836 		.ascii	"\260K\0306\331a@\226\221E\020\031D\005D\234\334{\316"
  37      D9614096 
  37      91451019 
  37      4405449C 
  37      DC7BCE
  38 0058 79E9E857 		.ascii	"y\351\350W\032>\237\277\367\177\367\274{\317=\367\234"
  38      1A3E9FBF 
  38      F77FF7BC 
  38      7BCF3DF7 
  38      9C
  39 0069 FBEEA814 		.ascii	"\373\356\250\024\012\305s\374\262\363?\313B\205\242"
  39      0AC573FC 
  39      B2F33FCB 
  39      4285A2
  40 0078 8ADF337E 		.ascii	"\212\3373~\255W\334\377\247\342W\005\277\006\370\365"
  40      AD57DCFF 
  40      A7E25705 
  40      BF06F8F5 
  41 0088 2EBBBF6D 		.ascii	".\273\277m\\\311ND\3676iV\244H\222\244\223\212\026\374"
  41      5CC94E44 
  41      F7366956 
  41      A44892A4 
  41      938A16FC 
  42 009c F7F907C9 		.ascii	"\367\371\007\311\005!\316CJ\266H\0032\324|\244X\005"
  42      0521CE43 
  42      4AB64803 
  42      32D47CA4 
  42      5805
  43 00ae D2CE846E 		.ascii	"\322\316\204n1\355\331\343\242r\025\367\312\366\366"
  43      31EDD9E3 
  43      A27215F7 
  43      CAF6F6
  44 00bd C86915D3 		.ascii	"\310i\025\323,\323IR\240d\213\220T\213\025l\205'{\332"
  44      2CD34952 
  44      A0648B90 
  44      548B156C 
  44      85277BDA 
  45 00d1 53C1D2D8 		.ascii	"S\301\322\3302\376\012;\305V(\230\236y\262\323\314S"
  45      32FE0A3B 
  45      C5562898 
  45      9E79B2D3 
  45      CC53
  46 00e3 91C4C7B2 		.ascii	"\221\304\307\262\305\333:\036\225$5Ke\032\226\302T`"
  46      C5DB3A1E 
  46      9524354B 
  46      651A96C2 
ARM GAS  C:\Users\IYANG~1.DES\AppData\Local\Temp\cclAWP3r.s 			page 3


  46      5460
  47 00f5 C1FD17A3 		.ascii	"\301\375\027\243\221\003\265Gt75\032\352S\367\031}r"
  47      9103B547 
  47      7437351A 
  47      EA53F719 
  47      7D72
  48 0107 FBBCF49B 		.ascii	"\373\274\364\2335n\334C\255f\211\220\371\021\225\321"
  48      356EDC43 
  48      AD668990 
  48      F91195D1 
  49 0117 4E5CBA6B 		.ascii	"N\\\272k\324B\356\333o\260;\213\336$)|\267\344Z\251"
  49      D442EEDB 
  49      6FB03B8B 
  49      DE24297C 
  49      B7E45AA9 
  50 012b E50D2C9D 		.ascii	"\345\015,\235\277\235\301\337V\260L\306\007f\313=\371"
  50      BF9DC1DF 
  50      56B04CC6 
  50      0766CB3D 
  50      F9
  51 013c 3F61DD57 		.ascii	"?a\335W\320\375\362\302pal\013\224\2260\360\022GW0\003"
  51      D0FDF2C2 
  51      70616C0B 
  51      949630F0 
  51      12475730 
  52 0151 5B28BF20 		.ascii	"[(\277 L\343tA\345\363\035m\317\314mkm\314\263\273\252"
  52      4CE37441 
  52      E5F31D6D 
  52      CFCC6D6B 
  52      6DCCB3BB 
  53 0166 9E8700DE 		.ascii	"\236\207\000\336M\221\3064\252\327\340\336h\011?\256"
  53      4D91C634 
  53      AAD7E0DE 
  53      68093FAE 
  54 0176 55BD0EF7 		.ascii	"U\275\016\367\225\251\261o\253\336\024\267j\353\261"
  54      95A9B16F 
  54      ABDE14B7 
  54      6AEBB1
  55 0185 CC1C0FB6 		.ascii	"\314\034\017\266\314\323S\223\004\313\363\012\313\347"
  55      CCD35393 
  55      04CBF30A 
  55      CBE7
  56 0193 7DE73095 		.ascii	"}\3470\225\303\012F\363\347S\253E\003\277u\001\376\217"
  56      C30A46F3 
  56      E753AB45 
  56      03BF7501 
  56      FE8F
  57 01a5 6538CF43 		.ascii	"e8\317C&\336\205\230\345\361Y\347b\314\014\315C\255"
  57      26DE8598 
  57      E5F159E7 
  57      62CC0CCD 
  57      43AD
  58 01b7 1A88D9DF 		.ascii	"\032\210\331\337\204l\353\011\254r\203\230y@k\242eR"
  58      846CEB09 
  58      AC728398 
  58      79406BA2 
  58      6552
ARM GAS  C:\Users\IYANG~1.DES\AppData\Local\Temp\cclAWP3r.s 			page 4


  59 01c9 05522B64 		.ascii	"\005R+d\366\255\223\011\312\271Ch\224Cx\001\3736\307"
  59      F6AD9309 
  59      CAB94368 
  59      94437801 
  59      FB36C7
  60 01dc E70F6830 		.ascii	"\347\017h00\374?\036\030\341@\0017/\004s\023\204\306"
  60      30FC3F1E 
  60      18E14001 
  60      372F0473 
  60      1384C6
  61 01ef 28876677 		.ascii	"(\207fw\341\345Jw\257\267b\245\350%\320\304\037E\215"
  61      E1E54A77 
  61      AFB762A5 
  61      E825D0C4 
  61      1F458D
  62 0202 744E39AB 		.ascii	"tN9\253\225\334\252\210y\201QBk[\224\033\177\302\316"
  62      95DCAA88 
  62      79815142 
  62      6B5B941B 
  62      7FC2CE
  63 0215 F18C2966 		.ascii	"\361\214)fjxX\227\036\331\255\026\017\317\362\300\260"
  63      6A785897 
  63      1ED9AD16 
  63      0FCFF2C0 
  63      B0
  64 0226 1206CB7D 		.ascii	"\022\006\313}1v(K\015\351\012A\275\324\225\373\310\252"
  64      3176284B 
  64      0DE90A41 
  64      BDD495FB 
  64      C8AA
  65 0238 B3922EC1 		.ascii	"\263\222.\301\205e\261\205\354\031OV\206N6\204\015\037"
  65      8565B185 
  65      EC194F56 
  65      864E3684 
  65      0D1F
  66 024a 705E9A28 		.ascii	"p^\232(e&\330,\326\001\377\361@\035\017\265\315\276"
  66      6526D82C 
  66      D601FFF1 
  66      401D0FB5 
  66      CDBE
  67 025c DA0BECB2 		.ascii	"\332\013\354\262111\212\254\224w\015\217\204;\254\234"
  67      3131318A 
  67      AC94770D 
  67      8F843BAC 
  67      9C
  68 026d AD52B00A 		.ascii	"\255R\260\012\266\224w\222iJ\335\353\012Q|[\3649\031"
  68      B6947792 
  68      694ADDEB 
  68      0A517C5B 
  68      F43919
  69 0280 6CDBAB81 		.ascii	"l\333\253\201\260\271\0139\030\256\317p\007\351\006"
  69      B0B90B39 
  69      18AECF70 
  69      07E906
  70 028f 79391E17 		.ascii	"y9\036\0275\177\356(V\311Q\374\030\035\274\022\022Z"
  70      357FEE28 
  70      56C951FC 
ARM GAS  C:\Users\IYANG~1.DES\AppData\Local\Temp\cclAWP3r.s 			page 5


  70      181DBC12 
  70      125A
  71 02a1 EBE41845 		.ascii	"\353\344\030E\221\212\027\271y%\230\233!\212Ur\024{"
  71      918A17B9 
  71      7925989B 
  71      218A5572 
  71      147B
  72 02b3 82ABEF28 		.ascii	"\202\253\357(\035\255\317\374?\353\266\2440\213\213"
  72      1DADCFFC 
  72      3FEBB6A4 
  72      308B8B
  73 02c2 2A9C4188 		.ascii	"*\234A\210\262N\234\314\301I\274\"d\322\241\250\264"
  73      B24E9CCC 
  73      C149BC22 
  73      64D2A1A8 
  73      B4
  74 02d3 79E0B50B 		.ascii	"y\340\265\013\314\351D\317\010\003\351\014\343\334\013"
  74      CCE944CF 
  74      0803E90C 
  74      E3DC0B
  75 02e2 973CE69E 		.ascii	"\227<\346\236\304%y\022\3658\211\310C\021\243*r+AN\205"
  75      C4257912 
  75      F53889C8 
  75      4311A32A 
  75      722B414E 
  76 02f7 5A6E5E07 		.ascii	"Zn^\007\346\015\340\326%\331\255\333\231\226P'\257c"
  76      E60DE0D6 
  76      25D9ADDB 
  76      99965027 
  76      AF63
  77 0309 0C72A101 		.ascii	"\014r\241\001s\241b*\242\333\025r\241\221r\241\245\275"
  77      73A1622A 
  77      A2DB1572 
  77      A19172A1 
  77      A5BD
  78 031b ACC959CE 		.ascii	"\254\311Y\316\205&\312\205\375\023\011\251\252Os\241"
  78      8526CA85 
  78      FD1309A9 
  78      AA4F73A1 
  79 032b 1973E148 		.ascii	"\031s\341Hk\377M\334\272\224\216R\213RN\362E\230\344"
  79      6BFF4DDC 
  79      BA948E52 
  79      8B524EF2 
  79      4598E4
  80 033e A1E94913 		.ascii	"\241\351I\023\036\320\252\022\322\236\323\332\313\240"
  80      1ED0AA12 
  80      D29ED3DA 
  80      CBA0
  81 034c F505C74D 		.ascii	"\365\005\307ME\213\233\312T\337\215\032|\367sB^k<\232"
  81      458B9BCA 
  81      54DF8D1A 
  81      7CF77342 
  81      5E6B3C9A 
  82 0360 EF0EADF3 		.ascii	"\357\016\255\363\204\214m2\324\272Ak\034D8\"87W\013"
  82      848C6D32 
  82      D4BA416B 
  82      1C443822 
ARM GAS  C:\Users\IYANG~1.DES\AppData\Local\Temp\cclAWP3r.s 			page 6


  82      3837570B 
  83 0374 CD4E8E21 		.ascii	"\315N\216!\325bH\333*\017\277\010\312U\250\217\356\214"
  83      D56248DB 
  83      2A0FBF08 
  83      CA55A88F 
  83      EE8C
  84 0386 D7A0ADC6 		.ascii	"\327\240\255\3061\207\264\230C\267\222\363\022\235!"
  84      3187B498 
  84      43B792F3 
  84      129D21
  85 0395 9F7B18AB 		.ascii	"\237{\030\253\306\204\026;\341\263\236\254\225\243\215"
  85      C684163B 
  85      E1B39EAC 
  85      95A38D
  86 03a4 5FEDFCEA 		.ascii	"_\355\374\352\340\227\205_\235\374\352\342\327e~u\363"
  86      E097855F 
  86      9DFCEAE2 
  86      D7657E75 
  86      F3
  87 03b5 AB87A179 		.ascii	"\253\207\241y/\203:\020\351-d\037=\266\022\257 \241"
  87      2F833A10 
  87      E92D641F 
  87      3DB612AF 
  87      20A1
  88 03c7 4CCE1E4F 		.ascii	"L\316\036Ot\2012I\270\033(\275\032$I\367\354v\034\272"
  88      74813249 
  88      B81B28BD 
  88      1A2449F7 
  88      EC761CBA 
  89 03db 866A84B2 		.ascii	"\206j\204\262\214\265\210*\021\017\305B\261~Q%\003P"
  89      8CB5882A 
  89      110FC542 
  89      B17E5125 
  89      0350
  90 03ed 256673DA 		.ascii	"%fs\332b\230\202\004\031u\250\360X\204+d\224\004\321"
  90      62988204 
  90      1975A8F0 
  90      58842B64 
  90      9404D1
  91 0400 69BC575B 		.ascii	"i\274W[\212\031\366\037\330\036\263M\015\356sg\330\260"
  91      8A19F61F 
  91      D81EB34D 
  91      0DEE7367 
  91      D8B0
  92 0412 9C6157D1 		.ascii	"\234aW\321\301\352\304\261(\217\007\313d\220\233\017"
  92      C1EAC4B1 
  92      288F07CB 
  92      64909B0F 
  93 0422 81F90864 		.ascii	"\201\371\010d\330\260\234a\207\263\033\017:=X&sZ\027"
  93      D8B09C61 
  93      87B31B0F 
  93      3A3D5826 
  93      735A17
  94 0435 941BFBD5 		.ascii	"\224\033\373\325\252\223X&\262\333Zr\333\33475\201\325"
  94      AA935826 
  94      B2DB5A72 
  94      DBDC3735 
ARM GAS  C:\Users\IYANG~1.DES\AppData\Local\Temp\cclAWP3r.s 			page 7


  94      81D5
  95 0447 BD40C8AE 		.ascii	"\275@\310\256\266\300x\247\271\335\266\311n\027\242"
  95      B6C078A7 
  95      B9DDB6C9 
  95      6E17A2
  96 0456 DBA5D90D 		.ascii	"\333\245\331\015\327]\036\334#\257s\36310\037\007Gl"
  96      D75D1EDC 
  96      23AF73F3 
  96      31301F07 
  96      476C
  97 0468 B2234365 		.ascii	"\262#Ce\351!\363\275\362\2610\306\2610B\247ft*(\214"
  97      E921F3BD 
  97      F2B130C6 
  97      B13042A7 
  97      66742A28 
  98 047d 1B541837 		.ascii	"\033T\0307tW\207]\345\302\230\240\302hl\034\233\320"
  98      7457875D 
  98      E5C298A0 
  98      C2686C1C 
  98      9BD0
  99 048f 7E5A1837 		.ascii	"~Z\0307\2610\344\215J\213\033\325\265\254\204\012\027"
  99      B130E48D 
  99      4A8B1BD5 
  99      B5AC840A 
  99      17
 100 04a0 90F31D0B 		.ascii	"\220\363\035\013C\213\205!\177\033\264\370m\220\347"
 100      438B8521 
 100      7F1BB4F8 
 100      6D90E7
 101 04af ADC579CB 		.ascii	"\255\305y\313\225\240\305J\320\215\306\204\24118\031"
 101      95A0C54A 
 101      D08DC684 
 101      A1313819 
 102 04bf 633E4CD9 		.ascii	"c>L\331\374\020\304\320\234\333\205\343>,\244)f,\036"
 102      FC10C4D0 
 102      9CDB85E3 
 102      3E2CA429 
 102      662C1E
 103 04d2 BBFA3C84 		.ascii	"\273\372<\204\260\270\264\303\031\344\"!;\353\233S\361"
 103      B0B8B4C3 
 103      19E42221 
 103      3BEB9B53 
 103      F1
 104 04e3 DD2F4057 		.ascii	"\335/@W\223\325\025X\237\213a{<}\300\216\343>\"\344"
 104      93D51558 
 104      9F8B617B 
 104      3C7DC08E 
 104      E33E22E4 
 105 04f7 3D836912 		.ascii	"=\203i\022\273\202\360VM[\007\347\201\374\"lq\205C\267"
 105      BB82F056 
 105      4D5B07E7 
 105      81FC226C 
 105      718543B7 
 106 050b F0DD4785 		.ascii	"\360\335G\205<\032\337z}>\310\307\204\014;8\233\255"
 106      3C1ADF7A 
 106      7D3EC8C7 
 106      840C3B38 
ARM GAS  C:\Users\IYANG~1.DES\AppData\Local\Temp\cclAWP3r.s 			page 8


 106      9BAD
 107 051d 04F92521 		.ascii	"\004\371%!\013\303\302\312\321\015/\250\200\211H=\316"
 107      0BC3C2CA 
 107      D10D2FA8 
 107      8089483D 
 107      CE
 108 052e E87170B2 		.ascii	"\350qp\262\"\277R\015\362\011!\307\365\315O\201Z*T\242"
 108      22BF520D 
 108      F20921C7 
 108      F5CD4F81 
 108      5A2A54A2 
 109 0542 B5CA8CB6 		.ascii	"\265\312\214\266O\302\262\3312rp\323x\012\016\001A'"
 109      4FC2B2D9 
 109      327270D3 
 109      780A0E01 
 109      4127
 110 0554 F763062D 		.ascii	"\367c\006-\203\257jQ\252\204\303~YH}_m\004:\265\034"
 110      83AF6A51 
 110      AA84C37E 
 110      59487D5F 
 110      6D043AB5 
 111 0569 16D3D4DA 		.ascii	"\026\323\324\332\211\343<-\344\315\326\263qh\374\014"
 111      89E33C2D 
 111      E4CDD6B3 
 111      7168FC0C 
 112 0579 0C54506B 		.ascii	"\014TPk\302\025{V\310\216:C/\206j\005|-\255\203\315"
 112      C2157B56 
 112      C88E3A43 
 112      2F866A05 
 112      7C2DAD83 
 113 058e 38DDAFC0 		.ascii	"8\335\257\300\206\331\231\241C7V\012\331~\365\274\025"
 113      86D999A1 
 113      4337560A 
 113      D97EF5BC 
 113      15
 114 059f BBFAAA90 		.ascii	"\273\372\252\220\335\223\335%8\335\347 6\351\005F|\367"
 114      DD93DD25 
 114      38DDE720 
 114      36E90546 
 114      7CF7
 115 05b1 79214F9D 		.ascii	"y!O\235\277\322\202{\325\327`\377\261d[0\314_w\334$"
 115      BFD2827B 
 115      D5D760FF 
 115      B1645B30 
 115      CC5F77DC 
 116 05c6 B5B84986 		.ascii	"\265\270I\206\316\216\006\241W/B\371\014\3176\343j\257"
 116      CE8E06A1 
 116      572F42F9 
 116      0CCF36E3 
 116      6AAF
 117 05d8 1252BA13 		.ascii	"\022R\272\023E\037\313o\3001\263\350L#\216\373\222\220"
 117      451FCB6F 
 117      C031B3E8 
 117      4C238EFB 
 117      9290
 118 05ea 0369C366 		.ascii	"\003i\303f\354\352\233p\246Kn/\300\351\277,d\177\314"
 118      ECEA9B70 
ARM GAS  C:\Users\IYANG~1.DES\AppData\Local\Temp\cclAWP3r.s 			page 9


 118      A64B6E2F 
 118      C0E9BF2C 
 118      647FCC
 119 05fd AD565CED 		.ascii	"\255V\\\355oA\322IS\2258\320\267\301\015CI\027\276\373"
 119      6F41D249 
 119      539538D0 
 119      B7C10D43 
 119      4917BEFB 
 120 0611 1D480DEB 		.ascii	"\035H\015\353\215h\234\302wA\3265\033q\240\325\360}"
 120      8D689CC2 
 120      7741D635 
 120      1B71A0D5 
 120      F07D
 121 0623 9B484A43 		.ascii	"\233HJC7^\205\256\242\014\2718\243\357A\036\225\025"
 121      375E85AE 
 121      A20CB938 
 121      A3EF411E 
 121      9515
 122 0635 56E00AAE 		.ascii	"V\340\012\256\0212%w\337\014\016\364}H\215XC1\246\325"
 122      11322577 
 122      DF0C0EF4 
 122      7D488D58 
 122      4331A6D5 
 123 0649 6B10F691 		.ascii	"k\020\366\221\3306\224?\200\275:h\337utr-L\301\020>"
 123      D836943F 
 123      80BD3A68 
 123      DF757472 
 123      2D4CC110 
 124 065e 8D8BF243 		.ascii	"\215\213\362CH\206\031\323\023\240~\004\331\3344\024"
 124      488619D3 
 124      13A07E04 
 124      D9DC3414 
 125 066e 8AB6AF43 		.ascii	"\212\266\257Cc\361\356`\\\242\037Ca\004\037\250\307"
 125      63F1EE60 
 125      5CA21F43 
 125      61041FA8 
 125      C7
 126 067f D9FF44C8 		.ascii	"\331\377D\310\246\226\376nt\352\247pF\255\232\255C\271"
 126      A696FE6E 
 126      74EAA770 
 126      46AD9AAD 
 126      43B9
 127 0691 4EC892F0 		.ascii	"N\310\222\360\3368|\367g\340\205\361\032\245\325z!\317"
 127      DE387CF7 
 127      67E085F1 
 127      1AA5D57A 
 127      21CF
 128 06a3 55971B31 		.ascii	"U\227\03316?\20759\261'\013g\377\013\3702\351\213n\243"
 128      363F8735 
 128      39B1270B 
 128      67FF0BF8 
 128      32E98B6E 
 129 06b8 F106488D 		.ascii	"\361\006H\215\3203\203\270b\277\024\362\300\330\235"
 129      D03383B8 
 129      62BF14F2 
 129      C0D89D
 130 06c7 121CE80D 		.ascii	"\022\034\350\015\370<\237\036\357\304\351\276\011;K"
ARM GAS  C:\Users\IYANG~1.DES\AppData\Local\Temp\cclAWP3r.s 			page 10


 130      F83C9F1E 
 130      EFC4E9BE 
 130      093B4B
 131 06d6 5E6E22BE 		.ascii	"^n\"\276\373+\250\374\302\310d\354\371\327\260&\203"
 131      FB2BA8FC 
 131      C2C864EC 
 131      F9D7B026 
 131      83
 132 06e7 09269CFD 		.ascii	"\011&\234\375o\204\214\316\317\330\207\213\360[\330"
 132      6F848CCE 
 132      CFD8878B 
 132      F05BD8
 133 06f6 714EB7DC 		.ascii	"qN\267\334\305\011\276\005\333r\344\260\025\007\332"
 133      C509BE05 
 133      DB72E4B0 
 133      1507DA
 134 0705 081FF3D9 		.ascii	"\010\037\363\331\244.\\\300\337\0119sc\266\014{\376"
 134      A42E5CC0 
 134      DF093973 
 134      63B60C7B 
 134      FE
 135 0716 3D1C41AC 		.ascii	"=\034A\254&;\032{\203\317\306\351:\\\"\037h\3551\216"
 135      263B1A7B 
 135      83CFC6E9 
 135      3A5C221F 
 135      68ED318E 
 136 072a 62EB1FA0 		.ascii	"b\353\037\240\347\262\226\"\234\276/\224`\371\2416\354"
 136      E7B29622 
 136      9CBE2F94 
 136      60F9A136 
 136      EC
 137 073b 79139C08 		.ascii	"y\023\234\010\312g\262\361]?!?\234IM\302Ey\007\246_"
 137      CA67B2F1 
 137      5D3F213F 
 137      9C494DC2 
 137      457907A6 
 138 0750 5F425378 		.ascii	"_BSx\027*#\274!\0063\305\037\352\325X:\203\306\233!"
 138      172A23BC 
 138      210633C5 
 138      1FEAD558 
 138      3A83C69B 
 139 0765 EC7BF7E7 		.ascii	"\354{\367\347cW\177\204E\271\320\353\015\352OB\355\231"
 139      63577F84 
 139      45B9D0EB 
 139      0DEA4F42 
 139      ED99
 140 0777 D6F7A317 		.ascii	"\326\367\243\027\357\0119:\035\031\202^\274\017\237"
 140      EF09393A 
 140      1D19825E 
 140      BC0F9F
 141 0786 FCB8D60E 		.ascii	"\374\270\326\016\214\372\026!\233\307\243(\271\267\012"
 141      8CFA1621 
 141      9BC7A328 
 141      B9B70A
 142 0795 191F9A35 		.ascii	"\031\037\2325\215\313\273M\310\324~\333\020\276\373"
 142      8DCBBB4D 
 142      C8D47EDB 
ARM GAS  C:\Users\IYANG~1.DES\AppData\Local\Temp\cclAWP3r.s 			page 11


 142      10BEFB
 143 07a4 6708D5B1 		.ascii	"g\010\325\261\244\"tj;\014\0241\032\213\263\337!d\360"
 143      A422746A 
 143      3B0C1431 
 143      1A8BB3DF 
 143      2164F0
 144 07b7 70CD08B6 		.ascii	"p\315\010\266\006\300\266\337|\3411P;\301\305\333\345"
 144      06C0B6DF 
 144      7CE13150 
 144      3BC1C5DB 
 144      E5
 145 07c8 E7B0E3BF 		.ascii	"\347\260\343\277@y\232\354"
 145      40799AEC 
 146 07d0 39389FBF 		.ascii	"98\237\277\302\012%\237\272\202\257\356\202\002\314"
 146      C20A259F 
 146      BA82AFEE 
 146      8202CC
 147 07df B26461EB 		.ascii	"\262da\353\337!\2163u\264`\377\000\227\307\332\2148"
 147      DF218E33 
 147      75B460FF 
 147      0097C7DA 
 147      8C38
 148 07f1 837FC266 		.ascii	"\203\177\302f\325p|\035\250\177\011u\276>\177\020\347"
 148      D5707C1D 
 148      A87F0975 
 148      BE3E7F10 
 148      E7
 149 0802 F36FC7CF 		.ascii	"\363o\307\317\275\026?\367#u\243!\036p\242)Z\316\256"
 149      BD163FF7 
 149      2375A321 
 149      1E70A229 
 149      5ACEAE
 150 0815 DD77A2D1 		.ascii	"\335w\242\321\323\211FO'\032=\235h\364t\242\321?p\242"
 150      D389464F 
 150      271A3D9D 
 150      68F474A2 
 150      D13F70A2 
 151 0829 D17FE689 		.ascii	"\321\177\346\211\206\335&N\022\247\210\323\304;\304"
 151      86DD264E 
 151      12A788D3 
 151      C43BC4
 152 0838 19E25DE2 		.ascii	"\031\342]\342,\361\036\321N\224\224\310\017\210\201"
 152      2CF11ED1 
 152      4E9494C8 
 152      0F8881
 153 0847 C4DDC420 		.ascii	"\304\335\304 b0\361C\342\036\242\216\270\227\230N\375"
 153      6230F143 
 153      E21EA28E 
 153      B897984E 
 153      FD
 154 0858 EE23BD9F 		.ascii	"\356#\275\237\030B\374\210\030J\014#\206\023\017\020"
 154      1842FC88 
 154      184A0C23 
 154      86130F10 
 155 0868 23880789 		.ascii	"#\210\007\211\221\304C\304(\342ab41\206x\204x\224x\214"
 155      91C443C4 
 155      28E26162 
ARM GAS  C:\Users\IYANG~1.DES\AppData\Local\Temp\cclAWP3r.s 			page 12


 155      34318678 
 155      84789478 
 156 087d 184B8C23 		.ascii	"\030K\214#\306\023\023\210\211\304\343\304\023\304$"
 156      C6131388 
 156      89C4E3C4 
 156      13C424
 157 088c E2496232 		.ascii	"\342Ib2\361\024QO\254\245\371\237&\235BL%\246\021\317"
 157      F114514F 
 157      ACA5F99F 
 157      269D424C 
 157      25A611CF 
 158 08a0 C8F12266 		.ascii	"\310\361\"f\0203\211\006b\0261\233x\226x\216\230C<O"
 158      10338906 
 158      6216319B 
 158      7896788E 
 158      98433C4F 
 159 08b4 CC25E611 		.ascii	"\314%\346\021\363\211\005\304B\342\005\242\221h\"\026"
 159      F38905C4 
 159      42E205A2 
 159      91682216 
 160 08c4 118B8925 		.ascii	"\021\213\211%\304Rb\031\261\234XA\274(\223\346_I\372"
 160      C4526219 
 160      B19C5841 
 160      BC2893E6 
 160      5F49FA
 161 08d7 636215D1 		.ascii	"cb\025\321L\254&\326\310q#\326\021\353\211\227\210\015"
 161      4CAC26D6 
 161      C87123D6 
 161      11EB8997 
 161      880D
 162 08e9 C4466213 		.ascii	"\304Fb\023\261\231\330Bl%\266\021\333\211\035D\013\261"
 162      B199D842 
 162      6C25B611 
 162      DB891D44 
 162      0BB1
 163 08fb 93D845BC 		.ascii	"\223\330E\274,\307\211\374\357&\335C\354%\366\021\255"
 163      2CC789FC 
 163      EF26DD43 
 163      EC25F611 
 163      AD
 164 090c C42BC47E 		.ascii	"\304+\304~$\354\311)\305\247\350\027\207\311\341\027"
 164      24ECC929 
 164      C5A7E817 
 164      87C9E117 
 165 091c 87D81A46 		.ascii	"\207\330\032F\351\027\007\035\330\331-\361\213C<\024"
 165      E917071D 
 165      D8D92DF1 
 165      8B433C14 
 166 092c 276036A0 		.ascii	"'`6\240\344\2778\006\225K\025Nk\327\275\261d\215b\336"
 166      E4BF3806 
 166      954B154E 
 166      6BD7BDB1 
 166      648D62DE 
 167 0940 CECD5B02 		.ascii	"\316\315[\002^z|\255\337\026\277\355>\001~\233\2747"
 167      5E7A7CAD 
 167      DF16BFED 
 167      3E017E9B 
ARM GAS  C:\Users\IYANG~1.DES\AppData\Local\Temp\cclAWP3r.s 			page 13


 167      BC37
 168 0952 6CDDB9DD 		.ascii	"l\335\271\335\327o\343\372\015[\327\274\260\321wW\300"
 168      D76FE3FA 
 168      0D5BD7BC 
 168      B0D17757 
 168      C0
 169 0963 AE6D7E3B 		.ascii	"\256m~;V\372+\036\362\335\345\375\276_\200\217\267\257"
 169      56FA2B1E 
 169      F2DDE5FD 
 169      BE5F808F 
 169      B7AF
 170 0975 FFE66DDB 		.ascii	"\377\346m\333\266o\015\360\363\015P\357\334\341\267"
 170      B66F0DF0 
 170      F30D50EF 
 170      DCE1B7
 171 0984 C9CDDB7B 		.ascii	"\311\315\333{\007\277\337\274u\213\267\267\332\327\337"
 171      07BFDFBC 
 171      758BB7B7 
 171      DAD7DF
 172 0993 67BBC74A 		.ascii	"g\273\307J\337]\016F\212'\347\354[\364\267\311'\300"
 172      DF5D0E46 
 172      8A27E7EC 
 172      5BF4B7C9 
 172      27C0
 173 09a5 67A5AFC2 		.ascii	"g\245\257\302\215\272\027\322e%6)\036\226\307|\347="
 173      8DBA17D2 
 173      65253629 
 173      1E96C77C 
 173      E73D
 174 09b7 9F1DFED4 		.ascii	"\237\035\376\324\337\002\336\352\250\025\237\000f\243"
 174      DF02DEEA 
 174      A8159F00 
 174      66A3
 175 09c5 EFC6     		.ascii	"\357\306"
 176              		.text
 177              		.section	.gnu.lto_.symtab.1813adb9,"",%progbits
 178 0000 63795F6D 		.ascii	"cy_meta_chipprotect\000\000\000\000\000\000\000\000"
 178      6574615F 
 178      63686970 
 178      70726F74 
 178      65637400 
 179 001b 00000000 		.ascii	"\000\000\000\000\306\000\000\000cy_metadata\000\000"
 179      C6000000 
 179      63795F6D 
 179      65746164 
 179      61746100 
 180 0030 00000000 		.ascii	"\000\000\000\000\000\000\000\000\000\000\346\000\000"
 180      00000000 
 180      0000E600 
 180      00
 181 003d 0063795F 		.ascii	"\000cy_meta_flashprotect\000\000\000\000\000\000\000"
 181      6D657461 
 181      5F666C61 
 181      73687072 
 181      6F746563 
 182 0059 00000000 		.ascii	"\000\000\000\000\000g\001\000\000"
 182      00670100 
ARM GAS  C:\Users\IYANG~1.DES\AppData\Local\Temp\cclAWP3r.s 			page 14


 182      00
 183              		.text
 184              		.section	.gnu.lto_.opts,"",%progbits
 185 0000 272D666E 		.ascii	"'-fno-trapv' '-mcpu=cortex-m0' '-mthumb' '-g' '-O3'"
 185      6F2D7472 
 185      61707627 
 185      20272D6D 
 185      6370753D 
 186 0033 20272D66 		.ascii	" '-ffunction-sections' '-finline-functions' '-flto'"
 186      66756E63 
 186      74696F6E 
 186      2D736563 
 186      74696F6E 
 187 0066 20272D66 		.ascii	" '-ffat-lto-objects'\000"
 187      6661742D 
 187      6C746F2D 
 187      6F626A65 
 187      63747327 
 188              		.text
 189              		.cfi_sections	.debug_frame
 190              		.global	cy_meta_chipprotect
 191              		.global	cy_metadata
 192              		.global	cy_meta_flashprotect
 193              		.section	.cychipprotect,"a",%progbits
 194              		.align	2
 195              		.type	cy_meta_chipprotect, %object
 196              		.size	cy_meta_chipprotect, 1
 197              	cy_meta_chipprotect:
 198 0000 01       		.byte	1
 199 0001 000000   		.section	.cymeta,"a",%progbits
 200              		.align	2
 201              		.type	cy_metadata, %object
 202              		.size	cy_metadata, 12
 203              	cy_metadata:
 204 0000 00       		.byte	0
 205 0001 02       		.byte	2
 206 0002 0E       		.byte	14
 207 0003 34       		.byte	52
 208 0004 11       		.byte	17
 209 0005 9E       		.byte	-98
 210 0006 00       		.byte	0
 211 0007 01       		.byte	1
 212 0008 00       		.byte	0
 213 0009 00       		.byte	0
 214 000a 00       		.byte	0
 215 000b 00       		.byte	0
 216              		.section	.cyflashprotect,"a",%progbits
 217              		.align	2
 218              		.type	cy_meta_flashprotect, %object
 219              		.size	cy_meta_flashprotect, 128
 220              	cy_meta_flashprotect:
 221 0000 00000000 		.space	128
 221      00000000 
 221      00000000 
 221      00000000 
 221      00000000 
 222              		.text
ARM GAS  C:\Users\IYANG~1.DES\AppData\Local\Temp\cclAWP3r.s 			page 15


 223              	.Letext0:
 224              		.file 1 "Generated_Source\\PSoC4\\cymetadata.c"
 225              		.file 2 "Generated_Source\\PSoC4\\cytypes.h"
 226              		.section	.debug_info,"",%progbits
 227              	.Ldebug_info0:
 228 0000 FA000000 		.4byte	0xfa
 229 0004 0400     		.2byte	0x4
 230 0006 00000000 		.4byte	.Ldebug_abbrev0
 231 000a 04       		.byte	0x4
 232 000b 01       		.uleb128 0x1
 233 000c 20010000 		.4byte	.LASF16
 234 0010 01       		.byte	0x1
 235 0011 71000000 		.4byte	.LASF17
 236 0015 14000000 		.4byte	.LASF18
 237 0019 00000000 		.4byte	.Ldebug_line0
 238 001d 02       		.uleb128 0x2
 239 001e 01       		.byte	0x1
 240 001f 06       		.byte	0x6
 241 0020 D6010000 		.4byte	.LASF0
 242 0024 02       		.uleb128 0x2
 243 0025 01       		.byte	0x1
 244 0026 08       		.byte	0x8
 245 0027 63000000 		.4byte	.LASF1
 246 002b 02       		.uleb128 0x2
 247 002c 02       		.byte	0x2
 248 002d 05       		.byte	0x5
 249 002e 16010000 		.4byte	.LASF2
 250 0032 02       		.uleb128 0x2
 251 0033 02       		.byte	0x2
 252 0034 07       		.byte	0x7
 253 0035 A7000000 		.4byte	.LASF3
 254 0039 02       		.uleb128 0x2
 255 003a 04       		.byte	0x4
 256 003b 05       		.byte	0x5
 257 003c CD010000 		.4byte	.LASF4
 258 0040 02       		.uleb128 0x2
 259 0041 04       		.byte	0x4
 260 0042 07       		.byte	0x7
 261 0043 95000000 		.4byte	.LASF5
 262 0047 02       		.uleb128 0x2
 263 0048 08       		.byte	0x8
 264 0049 05       		.byte	0x5
 265 004a 03010000 		.4byte	.LASF6
 266 004e 02       		.uleb128 0x2
 267 004f 08       		.byte	0x8
 268 0050 07       		.byte	0x7
 269 0051 CE000000 		.4byte	.LASF7
 270 0055 03       		.uleb128 0x3
 271 0056 04       		.byte	0x4
 272 0057 05       		.byte	0x5
 273 0058 696E7400 		.ascii	"int\000"
 274 005c 02       		.uleb128 0x2
 275 005d 04       		.byte	0x4
 276 005e 07       		.byte	0x7
 277 005f C1000000 		.4byte	.LASF8
 278 0063 04       		.uleb128 0x4
 279 0064 C7010000 		.4byte	.LASF19
ARM GAS  C:\Users\IYANG~1.DES\AppData\Local\Temp\cclAWP3r.s 			page 16


 280 0068 02       		.byte	0x2
 281 0069 9801     		.2byte	0x198
 282 006b 24000000 		.4byte	0x24
 283 006f 02       		.uleb128 0x2
 284 0070 04       		.byte	0x4
 285 0071 04       		.byte	0x4
 286 0072 5D000000 		.4byte	.LASF9
 287 0076 02       		.uleb128 0x2
 288 0077 08       		.byte	0x8
 289 0078 04       		.byte	0x4
 290 0079 BA000000 		.4byte	.LASF10
 291 007d 02       		.uleb128 0x2
 292 007e 01       		.byte	0x1
 293 007f 08       		.byte	0x8
 294 0080 11010000 		.4byte	.LASF11
 295 0084 05       		.uleb128 0x5
 296 0085 63000000 		.4byte	0x63
 297 0089 94000000 		.4byte	0x94
 298 008d 06       		.uleb128 0x6
 299 008e 94000000 		.4byte	0x94
 300 0092 7F       		.byte	0x7f
 301 0093 00       		.byte	0
 302 0094 02       		.uleb128 0x2
 303 0095 04       		.byte	0x4
 304 0096 07       		.byte	0x7
 305 0097 FA000000 		.4byte	.LASF12
 306 009b 07       		.uleb128 0x7
 307 009c E5000000 		.4byte	.LASF13
 308 00a0 01       		.byte	0x1
 309 00a1 1F       		.byte	0x1f
 310 00a2 AC000000 		.4byte	0xac
 311 00a6 05       		.uleb128 0x5
 312 00a7 03       		.byte	0x3
 313 00a8 00000000 		.4byte	cy_meta_flashprotect
 314 00ac 08       		.uleb128 0x8
 315 00ad 84000000 		.4byte	0x84
 316 00b1 05       		.uleb128 0x5
 317 00b2 63000000 		.4byte	0x63
 318 00b6 C1000000 		.4byte	0xc1
 319 00ba 06       		.uleb128 0x6
 320 00bb 94000000 		.4byte	0x94
 321 00bf 0B       		.byte	0xb
 322 00c0 00       		.byte	0
 323 00c1 07       		.uleb128 0x7
 324 00c2 51000000 		.4byte	.LASF14
 325 00c6 01       		.byte	0x1
 326 00c7 3C       		.byte	0x3c
 327 00c8 D2000000 		.4byte	0xd2
 328 00cc 05       		.uleb128 0x5
 329 00cd 03       		.byte	0x3
 330 00ce 00000000 		.4byte	cy_metadata
 331 00d2 08       		.uleb128 0x8
 332 00d3 B1000000 		.4byte	0xb1
 333 00d7 05       		.uleb128 0x5
 334 00d8 63000000 		.4byte	0x63
 335 00dc E7000000 		.4byte	0xe7
 336 00e0 06       		.uleb128 0x6
ARM GAS  C:\Users\IYANG~1.DES\AppData\Local\Temp\cclAWP3r.s 			page 17


 337 00e1 94000000 		.4byte	0x94
 338 00e5 00       		.byte	0
 339 00e6 00       		.byte	0
 340 00e7 07       		.uleb128 0x7
 341 00e8 00000000 		.4byte	.LASF15
 342 00ec 01       		.byte	0x1
 343 00ed 4B       		.byte	0x4b
 344 00ee F8000000 		.4byte	0xf8
 345 00f2 05       		.uleb128 0x5
 346 00f3 03       		.byte	0x3
 347 00f4 00000000 		.4byte	cy_meta_chipprotect
 348 00f8 08       		.uleb128 0x8
 349 00f9 D7000000 		.4byte	0xd7
 350 00fd 00       		.byte	0
 351              		.section	.debug_abbrev,"",%progbits
 352              	.Ldebug_abbrev0:
 353 0000 01       		.uleb128 0x1
 354 0001 11       		.uleb128 0x11
 355 0002 01       		.byte	0x1
 356 0003 25       		.uleb128 0x25
 357 0004 0E       		.uleb128 0xe
 358 0005 13       		.uleb128 0x13
 359 0006 0B       		.uleb128 0xb
 360 0007 03       		.uleb128 0x3
 361 0008 0E       		.uleb128 0xe
 362 0009 1B       		.uleb128 0x1b
 363 000a 0E       		.uleb128 0xe
 364 000b 10       		.uleb128 0x10
 365 000c 17       		.uleb128 0x17
 366 000d 00       		.byte	0
 367 000e 00       		.byte	0
 368 000f 02       		.uleb128 0x2
 369 0010 24       		.uleb128 0x24
 370 0011 00       		.byte	0
 371 0012 0B       		.uleb128 0xb
 372 0013 0B       		.uleb128 0xb
 373 0014 3E       		.uleb128 0x3e
 374 0015 0B       		.uleb128 0xb
 375 0016 03       		.uleb128 0x3
 376 0017 0E       		.uleb128 0xe
 377 0018 00       		.byte	0
 378 0019 00       		.byte	0
 379 001a 03       		.uleb128 0x3
 380 001b 24       		.uleb128 0x24
 381 001c 00       		.byte	0
 382 001d 0B       		.uleb128 0xb
 383 001e 0B       		.uleb128 0xb
 384 001f 3E       		.uleb128 0x3e
 385 0020 0B       		.uleb128 0xb
 386 0021 03       		.uleb128 0x3
 387 0022 08       		.uleb128 0x8
 388 0023 00       		.byte	0
 389 0024 00       		.byte	0
 390 0025 04       		.uleb128 0x4
 391 0026 16       		.uleb128 0x16
 392 0027 00       		.byte	0
 393 0028 03       		.uleb128 0x3
ARM GAS  C:\Users\IYANG~1.DES\AppData\Local\Temp\cclAWP3r.s 			page 18


 394 0029 0E       		.uleb128 0xe
 395 002a 3A       		.uleb128 0x3a
 396 002b 0B       		.uleb128 0xb
 397 002c 3B       		.uleb128 0x3b
 398 002d 05       		.uleb128 0x5
 399 002e 49       		.uleb128 0x49
 400 002f 13       		.uleb128 0x13
 401 0030 00       		.byte	0
 402 0031 00       		.byte	0
 403 0032 05       		.uleb128 0x5
 404 0033 01       		.uleb128 0x1
 405 0034 01       		.byte	0x1
 406 0035 49       		.uleb128 0x49
 407 0036 13       		.uleb128 0x13
 408 0037 01       		.uleb128 0x1
 409 0038 13       		.uleb128 0x13
 410 0039 00       		.byte	0
 411 003a 00       		.byte	0
 412 003b 06       		.uleb128 0x6
 413 003c 21       		.uleb128 0x21
 414 003d 00       		.byte	0
 415 003e 49       		.uleb128 0x49
 416 003f 13       		.uleb128 0x13
 417 0040 2F       		.uleb128 0x2f
 418 0041 0B       		.uleb128 0xb
 419 0042 00       		.byte	0
 420 0043 00       		.byte	0
 421 0044 07       		.uleb128 0x7
 422 0045 34       		.uleb128 0x34
 423 0046 00       		.byte	0
 424 0047 03       		.uleb128 0x3
 425 0048 0E       		.uleb128 0xe
 426 0049 3A       		.uleb128 0x3a
 427 004a 0B       		.uleb128 0xb
 428 004b 3B       		.uleb128 0x3b
 429 004c 0B       		.uleb128 0xb
 430 004d 49       		.uleb128 0x49
 431 004e 13       		.uleb128 0x13
 432 004f 3F       		.uleb128 0x3f
 433 0050 19       		.uleb128 0x19
 434 0051 02       		.uleb128 0x2
 435 0052 18       		.uleb128 0x18
 436 0053 00       		.byte	0
 437 0054 00       		.byte	0
 438 0055 08       		.uleb128 0x8
 439 0056 26       		.uleb128 0x26
 440 0057 00       		.byte	0
 441 0058 49       		.uleb128 0x49
 442 0059 13       		.uleb128 0x13
 443 005a 00       		.byte	0
 444 005b 00       		.byte	0
 445 005c 00       		.byte	0
 446              		.section	.debug_aranges,"",%progbits
 447 0000 14000000 		.4byte	0x14
 448 0004 0200     		.2byte	0x2
 449 0006 00000000 		.4byte	.Ldebug_info0
 450 000a 04       		.byte	0x4
ARM GAS  C:\Users\IYANG~1.DES\AppData\Local\Temp\cclAWP3r.s 			page 19


 451 000b 00       		.byte	0
 452 000c 0000     		.2byte	0
 453 000e 0000     		.2byte	0
 454 0010 00000000 		.4byte	0
 455 0014 00000000 		.4byte	0
 456              		.section	.debug_line,"",%progbits
 457              	.Ldebug_line0:
 458 0000 4D000000 		.section	.debug_str,"MS",%progbits,1
 458      02004700 
 458      00000201 
 458      FB0E0D00 
 458      01010101 
 459              	.LASF15:
 460 0000 63795F6D 		.ascii	"cy_meta_chipprotect\000"
 460      6574615F 
 460      63686970 
 460      70726F74 
 460      65637400 
 461              	.LASF18:
 462 0014 443A5C44 		.ascii	"D:\\Dropbox\\blog\\UV sensor\\SW\\UVSensorCypress\\"
 462      726F7062 
 462      6F785C62 
 462      6C6F675C 
 462      55562073 
 463 0041 55562053 		.ascii	"UV Sensor.cydsn\000"
 463      656E736F 
 463      722E6379 
 463      64736E00 
 464              	.LASF14:
 465 0051 63795F6D 		.ascii	"cy_metadata\000"
 465      65746164 
 465      61746100 
 466              	.LASF9:
 467 005d 666C6F61 		.ascii	"float\000"
 467      7400
 468              	.LASF1:
 469 0063 756E7369 		.ascii	"unsigned char\000"
 469      676E6564 
 469      20636861 
 469      7200
 470              	.LASF17:
 471 0071 47656E65 		.ascii	"Generated_Source\\PSoC4\\cymetadata.c\000"
 471      72617465 
 471      645F536F 
 471      75726365 
 471      5C50536F 
 472              	.LASF5:
 473 0095 6C6F6E67 		.ascii	"long unsigned int\000"
 473      20756E73 
 473      69676E65 
 473      6420696E 
 473      7400
 474              	.LASF3:
 475 00a7 73686F72 		.ascii	"short unsigned int\000"
 475      7420756E 
 475      7369676E 
 475      65642069 
ARM GAS  C:\Users\IYANG~1.DES\AppData\Local\Temp\cclAWP3r.s 			page 20


 475      6E7400
 476              	.LASF10:
 477 00ba 646F7562 		.ascii	"double\000"
 477      6C6500
 478              	.LASF8:
 479 00c1 756E7369 		.ascii	"unsigned int\000"
 479      676E6564 
 479      20696E74 
 479      00
 480              	.LASF7:
 481 00ce 6C6F6E67 		.ascii	"long long unsigned int\000"
 481      206C6F6E 
 481      6720756E 
 481      7369676E 
 481      65642069 
 482              	.LASF13:
 483 00e5 63795F6D 		.ascii	"cy_meta_flashprotect\000"
 483      6574615F 
 483      666C6173 
 483      6870726F 
 483      74656374 
 484              	.LASF12:
 485 00fa 73697A65 		.ascii	"sizetype\000"
 485      74797065 
 485      00
 486              	.LASF6:
 487 0103 6C6F6E67 		.ascii	"long long int\000"
 487      206C6F6E 
 487      6720696E 
 487      7400
 488              	.LASF11:
 489 0111 63686172 		.ascii	"char\000"
 489      00
 490              	.LASF2:
 491 0116 73686F72 		.ascii	"short int\000"
 491      7420696E 
 491      7400
 492              	.LASF16:
 493 0120 474E5520 		.ascii	"GNU C 4.9.3 20150303 (release) [ARM/embedded-4_9-br"
 493      4320342E 
 493      392E3320 
 493      32303135 
 493      30333033 
 494 0153 616E6368 		.ascii	"anch revision 221220] -mcpu=cortex-m0 -mthumb -g -O"
 494      20726576 
 494      6973696F 
 494      6E203232 
 494      31323230 
 495 0186 33202D66 		.ascii	"3 -ffunction-sections -finline-functions -flto -ffa"
 495      66756E63 
 495      74696F6E 
 495      2D736563 
 495      74696F6E 
 496 01b9 742D6C74 		.ascii	"t-lto-objects\000"
 496      6F2D6F62 
 496      6A656374 
 496      7300
ARM GAS  C:\Users\IYANG~1.DES\AppData\Local\Temp\cclAWP3r.s 			page 21


 497              	.LASF19:
 498 01c7 75696E74 		.ascii	"uint8\000"
 498      3800
 499              	.LASF4:
 500 01cd 6C6F6E67 		.ascii	"long int\000"
 500      20696E74 
 500      00
 501              	.LASF0:
 502 01d6 7369676E 		.ascii	"signed char\000"
 502      65642063 
 502      68617200 
 503              		.comm	__gnu_lto_v1,1,1
 504              		.ident	"GCC: (GNU Tools for ARM Embedded Processors) 4.9.3 20150303 (release) [ARM/embedded-4_9-br
