ARM GAS  C:\Users\IYANG~1.DES\AppData\Local\Temp\cczoKuId.s 			page 1


   1              		.cpu cortex-m0
   2              		.fpu softvfp
   3              		.eabi_attribute 20, 1
   4              		.eabi_attribute 21, 1
   5              		.eabi_attribute 23, 3
   6              		.eabi_attribute 24, 1
   7              		.eabi_attribute 25, 1
   8              		.eabi_attribute 26, 1
   9              		.eabi_attribute 30, 2
  10              		.eabi_attribute 34, 0
  11              		.eabi_attribute 18, 4
  12              		.code	16
  13              		.file	"Hibernate_LED_PM.c"
  14              		.text
  15              	.Ltext0:
  16              		.section	.gnu.lto_.profile.18138092,"",%progbits
  17 0000 789C6366 		.ascii	"x\234cf```a\200\000F\006\0166\000\000\212\000\027"
  17      60606061 
  17      80004606 
  17      0E360000 
  17      8A0017
  18              		.text
  19              		.section	.gnu.lto_.jmpfuncs.18138092,"",%progbits
  20 0000 789C6366 		.ascii	"x\234cf\300\0168\2404\023\024\003\000\0018\000\020"
  20      C00E38A0 
  20      34131403 
  20      00013800 
  20      10
  21              		.text
  22              		.section	.gnu.lto_.inline.18138092,"",%progbits
  23 0000 789C6366 		.ascii	"x\234cf\300\0164\2404\023\003\003+\013#\003\023\313"
  23      C00E34A0 
  23      34130303 
  23      2B0B2303 
  23      13CB
  24 0012 027906B6 		.ascii	"\002y\006\266\005\362L\0201\014!\006\000G\026\003\\"
  24      05F24C10 
  24      310C2106 
  24      00471603 
  24      5C
  25              		.text
  26              		.section	.gnu.lto_.pureconst.18138092,"",%progbits
  27 0000 789C6366 		.ascii	"x\234cf```e\200\000&\006)&)\000\000\373\000A"
  27      60606065 
  27      80002606 
  27      29262900 
  27      00FB0041 
  28              		.text
  29              		.section	.gnu.lto_Hibernate_LED_Sleep.18138092,"",%progbits
  30 0000 789C654F 		.ascii	"x\234eO1KBa\024\275\347\372\024C\210h\364\017\010\221"
  30      314B4261 
  30      14BDE7FA 
  30      14438868 
  30      F40F0891 
  31 0014 4DADD150 		.ascii	"M\255\321PQC\201\340*H\331\033Z\024\244F\361\275x\201"
  31      514381E0 
  31      2A48D91B 
ARM GAS  C:\Users\IYANG~1.DES\AppData\Local\Temp\cczoKuId.s 			page 2


  31      5A14A446 
  31      F1BD7881 
  32 0028 34943444 		.ascii	"4\2244DP\006\015\221\245)4\325\366\222\266\240\210\206"
  32      50060D91 
  32      A52934D5 
  32      F692B6A0 
  32      8886
  33 003a 40B01683 		.ascii	"@\260\026\203\3322\241x\211\332\375t\011\372\340\343"
  33      DA32A178 
  33      89DAFD74 
  33      09FAE0E3 
  34 004a 7EF7DCF3 		.ascii	"~\367\334\363\235s\217\213\376\037\277\334I\020\215"
  34      9D738F8B 
  34      FE1FBFDC 
  34      49108D
  35 0059 4A858BC0 		.ascii	"J\205\213\300\331;\"\323\313\200z\020(\315H\343\235"
  35      D93B22D3 
  35      CB807A10 
  35      28CD48E3 
  35      9D
  36 006a 1B8CAC5D 		.ascii	"\033\214\254]\330\363\005\216\015\303\370\250\334\232"
  36      D8F3058E 
  36      0DC3F8A8 
  36      DC9A
  37 0078 211B0E13 		.ascii	"!\033\016\0235\271\257\203\023\004HH\015\253\375\344"
  37      35B9AF83 
  37      13044848 
  37      0DABFDE4 
  38 0088 F358421A 		.ascii	"\363XB\032\352\317\220\207G\364\251<l\033\335n\263t"
  38      EACF9087 
  38      47F4A93C 
  38      6C1BDD6E 
  38      B374
  39 009a FD038DC9 		.ascii	"\375\003\215\311a\301\3522W.\257\314\252\272\252\250"
  39      61C1EA32 
  39      572EAFCC 
  39      AABAAAA8 
  40 00aa 7C6D7636 		.ascii	"|mv6|\352\3137+\313\332M\355r\360\215\035\346\214\225"
  40      7CEACB37 
  40      2BCBDA4D 
  40      ED72F08D 
  40      1DE68C95 
  41 00be 353465F0 		.ascii	"54e\360R\277\177\360\366 R\355Us\327\036\310a\337\264"
  41      52BF7FF0 
  41      F62052ED 
  41      5573D71E 
  41      C861DFB4 
  42 00d2 641D174E 		.ascii	"d\035\027N\341\307\031$\024\012\310\201\252X\3379\012"
  42      E1C71924 
  42      140AC881 
  42      AA58DF39 
  42      0A
  43 00e3 283DA11E 		.ascii	"(=\241\036>n\2258\32522\206\327a\255\255\226\373\253"
  43      3E6E9538 
  43      D5323286 
  43      D761ADAD 
  43      96FBAB
ARM GAS  C:\Users\IYANG~1.DES\AppData\Local\Temp\cczoKuId.s 			page 3


  44 00f6 A7F5DABC 		.ascii	"\247\365\332\274i\035@\351\031\212\345F\021)\234+A\231"
  44      691D40E9 
  44      198AE546 
  44      11299C2B 
  44      4199
  45 0108 758ADB17 		.ascii	"u\212\333\027\236`A\262\331\023\016{P\022\342g/?\312"
  45      9E6041B2 
  45      D9130E7B 
  45      5012E267 
  45      2F3FCA
  46 011b 08CAC6F4 		.ascii	"\010\312\306\364\014\323n\271\225\237B\353\022Rr\011"
  46      0CD36EB9 
  46      959F42EB 
  46      12527209 
  47 012b 6364568F 		.ascii	"cdV\217\353\311\305U}9\032N\254%cz$\024NL\215G\346V"
  47      EBC9C555 
  47      7D391A4E 
  47      AC25637A 
  47      24144E4C 
  48 0143 96F4645C 		.ascii	"\226\364d\\\360\350\374\314t4\2640\026\243_\324[\203"
  48      F0E8FCCC 
  48      7434B430 
  48      16A35FD4 
  48      5B83
  49 0155 2C       		.ascii	","
  50              		.text
  51              		.section	.gnu.lto_Hibernate_LED_Wakeup.18138092,"",%progbits
  52 0000 789C658F 		.ascii	"x\234e\217?HBQ\024\306\3179O\037\206\024\321dB\263P"
  52      3F484251 
  52      14C6CF39 
  52      4F1F8614 
  52      D16442B3 
  53 0015 594B635B 		.ascii	"YKc[\177\207\002\301U\220\2627\264(H\215\342}\362\002"
  53      7F8702C1 
  53      5590B237 
  53      B428488D 
  53      E27DF202 
  54 0029 A7B20609 		.ascii	"\247\262\006\011\372\003\015\221\245)\004Em\217h.\242"
  54      FA030D91 
  54      A5290445 
  54      6D8F682E 
  54      A2
  55 003a 2210ACC5 		.ascii	"\"\020\254\305\300\266^\016\361\010\263s\237St\341r"
  55      C0B65E0E 
  55      F108B373 
  55      9F5374E1 
  55      72
  56 004b EFFDCE77 		.ascii	"\357\375\316w\277\3379\012\374_~\336\343\0100\314'*"
  56      BFDF390A 
  56      FC5F7EDE 
  56      E30830CC 
  56      272A
  57 005d 8094BB05 		.ascii	"\200\224\273\005\320=\204(/\200\220&L\343;Y\2049\263"
  57      D03D8428 
  57      2F809026 
  57      4CE33B59 
  57      8439B3
ARM GAS  C:\Users\IYANG~1.DES\AppData\Local\Temp\cczoKuId.s 			page 4


  58 0070 B8ED0D1C 		.ascii	"\270\355\015\034\012!>2\347\2765\237M\000M\352\304\340"
  58      0A213E32 
  58      E7BE359F 
  58      4D004DEA 
  58      C4E0
  59 0082 1106803D 		.ascii	"\021\006\200=\226\321z\366\252\006{z;5,\240\312\361"
  59      96D17AF6 
  59      AA067B7A 
  59      3B352CA0 
  59      CAF1
  60 0094 50E93345 		.ascii	"P\3513E\273\335|\334l\214\242\213\300&\026\353l\220"
  60      BBDD7CDC 
  60      6C8CA28B 
  60      C02616EB 
  60      6C90
  61 00a6 94372279 		.ascii	"\2247\"y*U\314\\XOz\267\374\363E\022\271\377\260^\246"
  61      2A55CC5C 
  61      584F7AB7 
  61      FCF34512 
  61      B9FFB05E 
  62 00bb D4B7C80A 		.ascii	"\324\267\310\012\217M\324\222\201\254\276\326\357\356"
  62      8F4DD492 
  62      81ACBED6 
  62      EFEE
  63 00c9 3D0D62C5 		.ascii	"=\015b\305y\026tc\027\367pG\027\322\245\3401\246\360"
  63      79167463 
  63      17F77047 
  63      17D2A5E0 
  63      31A6F0
  64 00dc 04FD4EED 		.ascii	"\004\375N\355\247\264q\246\006\207lra\221=\237N\273"
  64      A7B471A6 
  64      06876C72 
  64      61913D9F 
  64      4EBB
  65 00ee 58C22054 		.ascii	"X\302 T\361z\353`@\242\330V\273\251]\366\310Dw\326\310"
  65      F17AEB60 
  65      40A2D856 
  65      BBA95DF6 
  65      C84477D6 
  66 0103 09D71F88 		.ascii	"\011\327\037\210\333\011\272j\346\315.\0111t\263\337"
  66      DB09BA6A 
  66      E6CD2E09 
  66      3174B3DF 
  67 0113 26154FD1 		.ascii	"&\025O\321\217eI\301\012\007s\273\360\202\272\331\236"
  67      8F6549C1 
  67      0A0773BB 
  67      F082BAD9 
  67      9E
  68 0124 96891252 		.ascii	"\226\211\022R\347\011y(\006\016\316hq-\271\260\242-"
  68      E7097928 
  68      060ECE68 
  68      712DB9B0 
  68      A22D
  69 0136 45C389D5 		.ascii	"E\303\211\325dL\213\204\302\211\211\261\310\354\362"
  69      644C8B84 
  69      C28989B1 
  69      C8ECF2
ARM GAS  C:\Users\IYANG~1.DES\AppData\Local\Temp\cczoKuId.s 			page 5


  70 0145 A2968CB3 		.ascii	"\242\226\214\263\036\235\233\232\214\206\346Gb\360\013"
  70      1E9D9B9A 
  70      8C86E647 
  70      62F00B
  71 0154 D281809D 		.ascii	"\322\201\200\235"
  72              		.text
  73              		.section	.gnu.lto_.symbol_nodes.18138092,"",%progbits
  74 0000 789C6366 		.ascii	"x\234cf``\320d\200\002&\306z\006\206\011\347\030\030"
  74      6060D064 
  74      800226C6 
  74      7A068609 
  74      E71818
  75 0013 EAEB19E6 		.ascii	"\352\353\031\346-\340``e`X\300T\317\314\304T\317\210"
  75      2DE06060 
  75      656058C0 
  75      54CFCCC4 
  75      54CF88
  76 0026 2CCC0000 		.ascii	",\314\000\000\310\"\011\240"
  76      C82209A0 
  77              		.text
  78              		.section	.gnu.lto_.refs.18138092,"",%progbits
  79 0000 789C6366 		.ascii	"x\234cf``\340f\200\000F\006FF&F& \311\000\000\001l\000"
  79      6060E066 
  79      80004606 
  79      46462646 
  79      2620C900 
  80 0018 19       		.ascii	"\031"
  81              		.text
  82              		.section	.gnu.lto_.decls.18138092,"",%progbits
  83 0000 789C8D54 		.ascii	"x\234\215ToHSQ\024\177\347\275m\316\327\322\300\250"
  83      6F485351 
  83      147FE7BD 
  83      6DCED7D2 
  83      C0A8
  84 0012 A82F3A61 		.ascii	"\250/:a\205H\0374\372\232\265\242\350\037\243%}\250"
  84      85481F34 
  84      FA9AB5A2 
  84      E81FA325 
  84      7DA8
  85 0024 58BA1E25 		.ascii	"X\272\036%\206\016\335>\370%\256\2311+\242\006\366\027"
  85      860EDD3E 
  85      F825AE99 
  85      312BA206 
  85      F617
  86 0036 6CA595A9 		.ascii	"l\245\225\251-\315e\352\234M\233\271I\005\375##\260"
  86      2DCD65EA 
  86      9C4D9BB9 
  86      4905FD23 
  86      23B0
  87 0048 D48220A2 		.ascii	"\324\202 \242\015\372\237d\347\336\267\271M4\274p\336"
  87      0DFA9F64 
  87      E7DEB7B9 
  87      4D34BC70 
  87      DE
  88 0059 3DF7BEDF 		.ascii	"=\367\276\337\357w\316\275\347\274'p\034\347C\233\304"
  88      EF77CEBD 
  88      E7BC2770 
ARM GAS  C:\Users\IYANG~1.DES\AppData\Local\Temp\cczoKuId.s 			page 6


  88      1CE7439B 
  88      C4
  89 006a 7158C171 		.ascii	"qX\301q\177\321\027\320\014\\l\360h-h.4@\363s\211\203"
  89      7FD117D0 
  89      0C5C6CF0 
  89      682D682E 
  89      3440F373 
  90 0080 BE4B8A70 		.ascii	"\276K\212p2\320\202h\203hC\021\355\216\010\317\023\231"
  90      32D08268 
  90      83684311 
  90      ED8E08CF 
  90      1399
  91 0092 5B66D171 		.ascii	"[f\321qM\323\211\347G5\343uf\313'\314C\227\353\353\343"
  91      4DD389E7 
  91      4735E375 
  91      66CB27CC 
  91      4397EBEB 
  92 00a7 791F7948 		.ascii	"y\037yH\021\323\351\262\333\0218\257\302\245FT\320\245"
  92      11D3E9B2 
  92      DB1138AF 
  92      C2A54654 
  92      D0A5
  93 00b9 E7CFD80B 		.ascii	"\347\317\330\013\305\342Z\202\343t\025Y\240\000\303"
  93      C5E25A82 
  93      E3741559 
  93      A000C3
  94 00c8 22B8014B 		.ascii	"\"\270\001K\241\021\226\242\342MX\214\317\335\012Y\311"
  94      A11196A2 
  94      E24D588C 
  94      CFDD0A59 
  94      C9
  95 00d9 57FDF9A2 		.ascii	"W\375\371\242F\340\201\372\365\347G_\210\331MH\263\023"
  95      46E081FA 
  95      F5E7475F 
  95      88D94D48 
  95      B313
  96 00eb 5F888F85 		.ascii	"_\210\217\205s\373\353\372\324\351u\304\331\032\362"
  96      73FBEBFA 
  96      D4E975C4 
  96      D91AF2
  97 00fa 76BED690 		.ascii	"v\276\326\220\000\361MN\256aR\320\004\0024C6ER\237Q"
  97      00F14D4E 
  97      AE6152D0 
  97      04023443 
  97      3645529F 
  98 010f A005D291 		.ascii	"\240\005\322\221\366\255jd4U\330\304\264\337~\3713."
  98      F6AD6A64 
  98      3455D8C4 
  98      B4DF7EF9 
  98      332E
  99 0121 30096763 		.ascii	"0\011gc\275J\026`\374[q\374[Q\276\213\361[\3577\327"
  99      BD4A1660 
  99      FC5B71FC 
  99      5B51BE8B 
  99      F15BEF37 
 100 0136 24B353EE 		.ascii	"$\263S\356\243\022?\252C5\";\245\206.\177\177\277\326"
 100      A3123FAA 
ARM GAS  C:\Users\IYANG~1.DES\AppData\Local\Temp\cczoKuId.s 			page 7


 100      4335223B 
 100      A5862E7F 
 100      7FBFD6
 101 0149 3C4FD8CB 		.ascii	"<O\330\313\324G\207_\365$\011\025\314\257\274\3569\231"
 101      D447875F 
 101      F5240915 
 101      CCAFBCEE 
 101      3999
 102 015b 84B00C91 		.ascii	"\204\260\014\221\345\376\366\322\257\206d\266\244=\220"
 102      E5FEF6D2 
 102      AF8664B6 
 102      A43D90
 103 016a 8A5BBCA7 		.ascii	"\212[\274\247\337\361T\004\235\330\200'\015\331\007"
 103      DFF15404 
 103      9DD88027 
 103      0DD907
 104 0179 5C5BAA48 		.ascii	"\\[\252H\036t\200\010w\246ral:\354\204\034\241\267\230"
 104      1E748008 
 104      77A67261 
 104      6C3AEC84 
 104      1CA1B798 
 105 018d 1C48E1A6 		.ascii	"\034H\341\246.\021\356\202\016\021\014\013\355\270\351"
 105      2E11EE82 
 105      0E110C0B 
 105      EDB8E9
 106 019c C64D8CD5 		.ascii	"\306M\214\325tf\300\253\024\256\002\313\343\313\010"
 106      7466C0AB 
 106      14AE02CB 
 106      E3CB08
 107 01ab D92C34C9 		.ascii	"\331,4\311\376\367G\341\032\020\332\345EC\355\331\026"
 107      FEF747E1 
 107      1A10DAE5 
 107      4543EDD9 
 107      16
 108 01bc 253B871A 		.ascii	"%;\207\032\227\312\241\011\377Y\015h\323\264Z\235\023"
 108      97CAA109 
 108      FF590D68 
 108      D3B45A9D 
 108      13
 109 01cd 8385263E 		.ascii	"\203\205&>8R.\020g?\260\224\356aJ=\220\026\013\275\202"
 109      38522E10 
 109      673FB094 
 109      EE614A3D 
 109      90160BBD 
 110 01e2 D6300B1F 		.ascii	"\3260\013\037\334\031V`B\362\254\034\334\306\327\255"
 110      DC195660 
 110      42F2AC1C 
 110      DCC6D7AD 
 111 01f2 ACBC148C 		.ascii	"\254\274\024\214y\301}L\321\003Z\360\242\365\202\226"
 111      79C17D4C 
 111      D1035AF0 
 111      A2F58296 
 112 0202 1D86EA3B 		.ascii	"\035\206\352;\037\335!yG\005&\3369\243\370\015\252#"
 112      1FDD2179 
 112      470526DE 
 112      39A3F80D 
 112      AA23
ARM GAS  C:\Users\IYANG~1.DES\AppData\Local\Temp\cczoKuId.s 			page 8


 113 0214 631FC7B0 		.ascii	"c\037\307\260]\323\261\3350\225\011\275\310w\301\034"
 113      5DD3B1DD 
 113      309509BD 
 113      C877C11C 
 114 0224 350570D1 		.ascii	"5\005p\321jF\273\207\177\372\374\3343\025\244\351f\312"
 114      6A46BB87 
 114      7FFAFCDC 
 114      3315A4E9 
 114      66CA
 115 0236 17FA30CD 		.ascii	"\027\3720\315\377\245\314\244\237\250\000|\010j\213"
 115      FFA5CCA4 
 115      9FA8007C 
 115      086A8B
 116 0245 D587468A 		.ascii	"\325\207F\212\266\347\360\313\227\247D\341\275|\273"
 116      B6E7F0CB 
 116      97A744E1 
 116      BD7CBB
 117 0254 9E9F639F 		.ascii	"\236\237c\237\347\257v\023\273s\011\343PAZ\"od\356\225"
 117      E7AF7613 
 117      BB7309E3 
 117      50415A22 
 117      6F64EE95 
 118 0268 670A3DE6 		.ascii	"g\012=\3469>\256\310\274B\2103\344\035v\363\225\304"
 118      393EAEC8 
 118      BC428833 
 118      E41D76F3 
 118      95C4
 119 027a 798410DA 		.ascii	"y\204\020\332\227\214\330/\007\213\273\332~\332\236"
 119      978CD82F 
 119      078BBBDA 
 119      7EDA9E
 120 0289 F0005673 		.ascii	"\360\000Vs\340\207L\024\260;:>)\205_r\340g\265\341\313"
 120      E0874C14 
 120      B03B3A3E 
 120      29855F72 
 120      E067B5E1 
 121 029e 6A11FBA5 		.ascii	"j\021\373\245j\256\375\302\237\370\3711\234\002\242"
 121      6AAEFDC2 
 121      9FF8F931 
 121      9C02A2
 122 02ad 6E665260 		.ascii	"nfR`\006\222\334\262\325\343\232 !j\030\304\272\014"
 122      0692DCB2 
 122      D5E39A20 
 122      216A18C4 
 122      BA0C
 123 02bf C4EEE421 		.ascii	"\304\356\344!\210Sw\322\031l\033\3435\307c\335\313\300"
 123      885377D2 
 123      196C1BE3 
 123      35C763DD 
 123      CBC0
 124 02d1 B1BF4010 		.ascii	"\261\277@\0204\354K\303\231\376\005F\332\337(\022\320"
 124      34EC4BC3 
 124      99FE0546 
 124      DADF2812 
 124      D0
 125 02e2 BEB85273 		.ascii	"\276\270Rs0\024A\3239mSQ\241TVR`\225L[7\2547\031\017"
 125      301441D3 
ARM GAS  C:\Users\IYANG~1.DES\AppData\Local\Temp\cczoKuId.s 			page 9


 125      396D5351 
 125      A1545652 
 125      60954C5B 
 126 02fb 499245B5 		.ascii	"I\222E\265q{~\272\236\313\332(\225He\370f\277\311Xj"
 126      717B7EBA 
 126      9ECBDA28 
 126      954865F8 
 126      66BFC958 
 127 0310 2B334B7B 		.ascii	"+3K{\014\306R\375\252=\211\014\303\266\225fna\342\336"
 127      0CC652FD 
 127      AA3D890C 
 127      C3B69566 
 127      6E61E2DE 
 128 0324 AE8262C9 		.ascii	"\256\202b\311fY\226\270\271n\255~K\276\301d\334\271"
 128      665996B8 
 128      B96EAD7E 
 128      4BBEC164 
 128      DCB9
 129 0336 235FBF53 		.ascii	"#_\277Se+*\261\346\346d\314\022\302\\a\255\260H\345"
 129      652B2AB1 
 129      E6E664CC 
 129      12C25C61 
 129      ADB048E5 
 130 034a 2B0F7249 		.ascii	"+\017rI\026\263\321\212\000uyQ\251\354\330\312\013\231"
 130      16B3D18A 
 130      00757951 
 130      A9ECD8CA 
 130      0B99
 131 035c B37C2EE9 		.ascii	"\263|.\351\241\302\264\334\012\013\314\3056\213\262"
 131      A1C2B4DC 
 131      0A0BCCC5 
 131      368BB2
 132 036b 4C3A909B 		.ascii	"L:\220\233\363\017\230\307\300Y"
 132      F30F98C7 
 132      C059
 133              		.text
 134              		.section	.gnu.lto_.symtab.18138092,"",%progbits
 135 0000 48696265 		.ascii	"Hibernate_LED_Sleep\000\000\000\000\000\000\000\000"
 135      726E6174 
 135      655F4C45 
 135      445F536C 
 135      65657000 
 136 001b 00000000 		.ascii	"\000\000\000\000\254\000\000\000Hibernate_LED_Wakeu"
 136      AC000000 
 136      48696265 
 136      726E6174 
 136      655F4C45 
 137 0036 70000000 		.ascii	"p\000\000\000\000\000\000\000\000\000\000\000\000\256"
 137      00000000 
 137      00000000 
 137      00AE
 138 0044 000000   		.ascii	"\000\000\000"
 139              		.text
 140              		.section	.gnu.lto_.opts,"",%progbits
 141 0000 272D666E 		.ascii	"'-fno-trapv' '-mcpu=cortex-m0' '-mthumb' '-g' '-O3'"
 141      6F2D7472 
 141      61707627 
ARM GAS  C:\Users\IYANG~1.DES\AppData\Local\Temp\cczoKuId.s 			page 10


 141      20272D6D 
 141      6370753D 
 142 0033 20272D66 		.ascii	" '-ffunction-sections' '-finline-functions' '-flto'"
 142      66756E63 
 142      74696F6E 
 142      2D736563 
 142      74696F6E 
 143 0066 20272D66 		.ascii	" '-ffat-lto-objects'\000"
 143      6661742D 
 143      6C746F2D 
 143      6F626A65 
 143      63747327 
 144              		.text
 145              		.cfi_sections	.debug_frame
 146              		.section	.text.Hibernate_LED_Sleep,"ax",%progbits
 147              		.align	2
 148              		.global	Hibernate_LED_Sleep
 149              		.code	16
 150              		.thumb_func
 151              		.type	Hibernate_LED_Sleep, %function
 152              	Hibernate_LED_Sleep:
 153              	.LFB0:
 154              		.file 1 "Generated_Source\\PSoC4\\Hibernate_LED_PM.c"
   1:Generated_Source\PSoC4/Hibernate_LED_PM.c **** /*******************************************************************************
   2:Generated_Source\PSoC4/Hibernate_LED_PM.c **** * File Name: Hibernate_LED.c  
   3:Generated_Source\PSoC4/Hibernate_LED_PM.c **** * Version 2.20
   4:Generated_Source\PSoC4/Hibernate_LED_PM.c **** *
   5:Generated_Source\PSoC4/Hibernate_LED_PM.c **** * Description:
   6:Generated_Source\PSoC4/Hibernate_LED_PM.c **** *  This file contains APIs to set up the Pins component for low power modes.
   7:Generated_Source\PSoC4/Hibernate_LED_PM.c **** *
   8:Generated_Source\PSoC4/Hibernate_LED_PM.c **** * Note:
   9:Generated_Source\PSoC4/Hibernate_LED_PM.c **** *
  10:Generated_Source\PSoC4/Hibernate_LED_PM.c **** ********************************************************************************
  11:Generated_Source\PSoC4/Hibernate_LED_PM.c **** * Copyright 2015, Cypress Semiconductor Corporation.  All rights reserved.
  12:Generated_Source\PSoC4/Hibernate_LED_PM.c **** * You may use this file only in accordance with the license, terms, conditions, 
  13:Generated_Source\PSoC4/Hibernate_LED_PM.c **** * disclaimers, and limitations in the end user license agreement accompanying 
  14:Generated_Source\PSoC4/Hibernate_LED_PM.c **** * the software package with which this file was provided.
  15:Generated_Source\PSoC4/Hibernate_LED_PM.c **** *******************************************************************************/
  16:Generated_Source\PSoC4/Hibernate_LED_PM.c **** 
  17:Generated_Source\PSoC4/Hibernate_LED_PM.c **** #include "cytypes.h"
  18:Generated_Source\PSoC4/Hibernate_LED_PM.c **** #include "Hibernate_LED.h"
  19:Generated_Source\PSoC4/Hibernate_LED_PM.c **** 
  20:Generated_Source\PSoC4/Hibernate_LED_PM.c **** static Hibernate_LED_BACKUP_STRUCT  Hibernate_LED_backup = {0u, 0u, 0u};
  21:Generated_Source\PSoC4/Hibernate_LED_PM.c **** 
  22:Generated_Source\PSoC4/Hibernate_LED_PM.c **** 
  23:Generated_Source\PSoC4/Hibernate_LED_PM.c **** /*******************************************************************************
  24:Generated_Source\PSoC4/Hibernate_LED_PM.c **** * Function Name: Hibernate_LED_Sleep
  25:Generated_Source\PSoC4/Hibernate_LED_PM.c **** ****************************************************************************//**
  26:Generated_Source\PSoC4/Hibernate_LED_PM.c **** *
  27:Generated_Source\PSoC4/Hibernate_LED_PM.c **** * \brief Stores the pin configuration and prepares the pin for entering chip 
  28:Generated_Source\PSoC4/Hibernate_LED_PM.c **** *  deep-sleep/hibernate modes. This function must be called for SIO and USBIO
  29:Generated_Source\PSoC4/Hibernate_LED_PM.c **** *  pins. It is not essential if using GPIO or GPIO_OVT pins.
  30:Generated_Source\PSoC4/Hibernate_LED_PM.c **** *
  31:Generated_Source\PSoC4/Hibernate_LED_PM.c **** * <b>Note</b> This function is available in PSoC 4 only.
  32:Generated_Source\PSoC4/Hibernate_LED_PM.c **** *
  33:Generated_Source\PSoC4/Hibernate_LED_PM.c **** * \return 
  34:Generated_Source\PSoC4/Hibernate_LED_PM.c **** *  None 
ARM GAS  C:\Users\IYANG~1.DES\AppData\Local\Temp\cczoKuId.s 			page 11


  35:Generated_Source\PSoC4/Hibernate_LED_PM.c **** *  
  36:Generated_Source\PSoC4/Hibernate_LED_PM.c **** * \sideeffect
  37:Generated_Source\PSoC4/Hibernate_LED_PM.c **** *  For SIO pins, this function configures the pin input threshold to CMOS and
  38:Generated_Source\PSoC4/Hibernate_LED_PM.c **** *  drive level to Vddio. This is needed for SIO pins when in device 
  39:Generated_Source\PSoC4/Hibernate_LED_PM.c **** *  deep-sleep/hibernate modes.
  40:Generated_Source\PSoC4/Hibernate_LED_PM.c **** *
  41:Generated_Source\PSoC4/Hibernate_LED_PM.c **** * \funcusage
  42:Generated_Source\PSoC4/Hibernate_LED_PM.c **** *  \snippet Hibernate_LED_SUT.c usage_Hibernate_LED_Sleep_Wakeup
  43:Generated_Source\PSoC4/Hibernate_LED_PM.c **** *******************************************************************************/
  44:Generated_Source\PSoC4/Hibernate_LED_PM.c **** void Hibernate_LED_Sleep(void)
  45:Generated_Source\PSoC4/Hibernate_LED_PM.c **** {
 155              		.loc 1 45 0
 156              		.cfi_startproc
  46:Generated_Source\PSoC4/Hibernate_LED_PM.c ****     #if defined(Hibernate_LED__PC)
  47:Generated_Source\PSoC4/Hibernate_LED_PM.c ****         Hibernate_LED_backup.pcState = Hibernate_LED_PC;
 157              		.loc 1 47 0
 158 0000 024B     		ldr	r3, .L2
  48:Generated_Source\PSoC4/Hibernate_LED_PM.c ****     #else
  49:Generated_Source\PSoC4/Hibernate_LED_PM.c ****         #if (CY_PSOC4_4200L)
  50:Generated_Source\PSoC4/Hibernate_LED_PM.c ****             /* Save the regulator state and put the PHY into suspend mode */
  51:Generated_Source\PSoC4/Hibernate_LED_PM.c ****             Hibernate_LED_backup.usbState = Hibernate_LED_CR1_REG;
  52:Generated_Source\PSoC4/Hibernate_LED_PM.c ****             Hibernate_LED_USB_POWER_REG |= Hibernate_LED_USBIO_ENTER_SLEEP;
  53:Generated_Source\PSoC4/Hibernate_LED_PM.c ****             Hibernate_LED_CR1_REG &= Hibernate_LED_USBIO_CR1_OFF;
  54:Generated_Source\PSoC4/Hibernate_LED_PM.c ****         #endif
  55:Generated_Source\PSoC4/Hibernate_LED_PM.c ****     #endif
  56:Generated_Source\PSoC4/Hibernate_LED_PM.c ****     #if defined(CYIPBLOCK_m0s8ioss_VERSION) && defined(Hibernate_LED__SIO)
  57:Generated_Source\PSoC4/Hibernate_LED_PM.c ****         Hibernate_LED_backup.sioState = Hibernate_LED_SIO_REG;
  58:Generated_Source\PSoC4/Hibernate_LED_PM.c ****         /* SIO requires unregulated output buffer and single ended input buffer */
  59:Generated_Source\PSoC4/Hibernate_LED_PM.c ****         Hibernate_LED_SIO_REG &= (uint32)(~Hibernate_LED_SIO_LPM_MASK);
  60:Generated_Source\PSoC4/Hibernate_LED_PM.c ****     #endif  
  61:Generated_Source\PSoC4/Hibernate_LED_PM.c **** }
 159              		.loc 1 61 0
 160              		@ sp needed
  47:Generated_Source\PSoC4/Hibernate_LED_PM.c ****     #else
 161              		.loc 1 47 0
 162 0002 1A68     		ldr	r2, [r3]
 163 0004 024B     		ldr	r3, .L2+4
 164 0006 1A60     		str	r2, [r3]
 165              		.loc 1 61 0
 166 0008 7047     		bx	lr
 167              	.L3:
 168 000a C046     		.align	2
 169              	.L2:
 170 000c 08020440 		.word	1074004488
 171 0010 00000000 		.word	.LANCHOR0
 172              		.cfi_endproc
 173              	.LFE0:
 174              		.size	Hibernate_LED_Sleep, .-Hibernate_LED_Sleep
 175              		.section	.text.Hibernate_LED_Wakeup,"ax",%progbits
 176              		.align	2
 177              		.global	Hibernate_LED_Wakeup
 178              		.code	16
 179              		.thumb_func
 180              		.type	Hibernate_LED_Wakeup, %function
 181              	Hibernate_LED_Wakeup:
 182              	.LFB1:
  62:Generated_Source\PSoC4/Hibernate_LED_PM.c **** 
ARM GAS  C:\Users\IYANG~1.DES\AppData\Local\Temp\cczoKuId.s 			page 12


  63:Generated_Source\PSoC4/Hibernate_LED_PM.c **** 
  64:Generated_Source\PSoC4/Hibernate_LED_PM.c **** /*******************************************************************************
  65:Generated_Source\PSoC4/Hibernate_LED_PM.c **** * Function Name: Hibernate_LED_Wakeup
  66:Generated_Source\PSoC4/Hibernate_LED_PM.c **** ****************************************************************************//**
  67:Generated_Source\PSoC4/Hibernate_LED_PM.c **** *
  68:Generated_Source\PSoC4/Hibernate_LED_PM.c **** * \brief Restores the pin configuration that was saved during Pin_Sleep().
  69:Generated_Source\PSoC4/Hibernate_LED_PM.c **** *
  70:Generated_Source\PSoC4/Hibernate_LED_PM.c **** * For USBIO pins, the wakeup is only triggered for falling edge interrupts.
  71:Generated_Source\PSoC4/Hibernate_LED_PM.c **** *
  72:Generated_Source\PSoC4/Hibernate_LED_PM.c **** * <b>Note</b> This function is available in PSoC 4 only.
  73:Generated_Source\PSoC4/Hibernate_LED_PM.c **** *
  74:Generated_Source\PSoC4/Hibernate_LED_PM.c **** * \return 
  75:Generated_Source\PSoC4/Hibernate_LED_PM.c **** *  None
  76:Generated_Source\PSoC4/Hibernate_LED_PM.c **** *  
  77:Generated_Source\PSoC4/Hibernate_LED_PM.c **** * \funcusage
  78:Generated_Source\PSoC4/Hibernate_LED_PM.c **** *  Refer to Hibernate_LED_Sleep() for an example usage.
  79:Generated_Source\PSoC4/Hibernate_LED_PM.c **** *******************************************************************************/
  80:Generated_Source\PSoC4/Hibernate_LED_PM.c **** void Hibernate_LED_Wakeup(void)
  81:Generated_Source\PSoC4/Hibernate_LED_PM.c **** {
 183              		.loc 1 81 0
 184              		.cfi_startproc
  82:Generated_Source\PSoC4/Hibernate_LED_PM.c ****     #if defined(Hibernate_LED__PC)
  83:Generated_Source\PSoC4/Hibernate_LED_PM.c ****         Hibernate_LED_PC = Hibernate_LED_backup.pcState;
 185              		.loc 1 83 0
 186 0000 024B     		ldr	r3, .L5
  84:Generated_Source\PSoC4/Hibernate_LED_PM.c ****     #else
  85:Generated_Source\PSoC4/Hibernate_LED_PM.c ****         #if (CY_PSOC4_4200L)
  86:Generated_Source\PSoC4/Hibernate_LED_PM.c ****             /* Restore the regulator state and come out of suspend mode */
  87:Generated_Source\PSoC4/Hibernate_LED_PM.c ****             Hibernate_LED_USB_POWER_REG &= Hibernate_LED_USBIO_EXIT_SLEEP_PH1;
  88:Generated_Source\PSoC4/Hibernate_LED_PM.c ****             Hibernate_LED_CR1_REG = Hibernate_LED_backup.usbState;
  89:Generated_Source\PSoC4/Hibernate_LED_PM.c ****             Hibernate_LED_USB_POWER_REG &= Hibernate_LED_USBIO_EXIT_SLEEP_PH2;
  90:Generated_Source\PSoC4/Hibernate_LED_PM.c ****         #endif
  91:Generated_Source\PSoC4/Hibernate_LED_PM.c ****     #endif
  92:Generated_Source\PSoC4/Hibernate_LED_PM.c ****     #if defined(CYIPBLOCK_m0s8ioss_VERSION) && defined(Hibernate_LED__SIO)
  93:Generated_Source\PSoC4/Hibernate_LED_PM.c ****         Hibernate_LED_SIO_REG = Hibernate_LED_backup.sioState;
  94:Generated_Source\PSoC4/Hibernate_LED_PM.c ****     #endif
  95:Generated_Source\PSoC4/Hibernate_LED_PM.c **** }
 187              		.loc 1 95 0
 188              		@ sp needed
  83:Generated_Source\PSoC4/Hibernate_LED_PM.c ****     #else
 189              		.loc 1 83 0
 190 0002 1A68     		ldr	r2, [r3]
 191 0004 024B     		ldr	r3, .L5+4
 192 0006 1A60     		str	r2, [r3]
 193              		.loc 1 95 0
 194 0008 7047     		bx	lr
 195              	.L6:
 196 000a C046     		.align	2
 197              	.L5:
 198 000c 00000000 		.word	.LANCHOR0
 199 0010 08020440 		.word	1074004488
 200              		.cfi_endproc
 201              	.LFE1:
 202              		.size	Hibernate_LED_Wakeup, .-Hibernate_LED_Wakeup
 203              		.bss
 204              		.align	2
 205              		.set	.LANCHOR0,. + 0
ARM GAS  C:\Users\IYANG~1.DES\AppData\Local\Temp\cczoKuId.s 			page 13


 206              		.type	Hibernate_LED_backup, %object
 207              		.size	Hibernate_LED_backup, 12
 208              	Hibernate_LED_backup:
 209 0000 00000000 		.space	12
 209      00000000 
 209      00000000 
 210              		.text
 211              	.Letext0:
 212              		.file 2 "Generated_Source\\PSoC4\\cytypes.h"
 213              		.file 3 "Generated_Source\\PSoC4\\Hibernate_LED.h"
 214              		.section	.debug_info,"",%progbits
 215              	.Ldebug_info0:
 216 0000 05010000 		.4byte	0x105
 217 0004 0400     		.2byte	0x4
 218 0006 00000000 		.4byte	.Ldebug_abbrev0
 219 000a 04       		.byte	0x4
 220 000b 01       		.uleb128 0x1
 221 000c 1B010000 		.4byte	.LASF20
 222 0010 01       		.byte	0x1
 223 0011 FB010000 		.4byte	.LASF21
 224 0015 24000000 		.4byte	.LASF22
 225 0019 00000000 		.4byte	.Ldebug_ranges0+0
 226 001d 00000000 		.4byte	0
 227 0021 00000000 		.4byte	.Ldebug_line0
 228 0025 02       		.uleb128 0x2
 229 0026 01       		.byte	0x1
 230 0027 06       		.byte	0x6
 231 0028 EF010000 		.4byte	.LASF0
 232 002c 02       		.uleb128 0x2
 233 002d 01       		.byte	0x1
 234 002e 08       		.byte	0x8
 235 002f 67000000 		.4byte	.LASF1
 236 0033 02       		.uleb128 0x2
 237 0034 02       		.byte	0x2
 238 0035 05       		.byte	0x5
 239 0036 11010000 		.4byte	.LASF2
 240 003a 02       		.uleb128 0x2
 241 003b 02       		.byte	0x2
 242 003c 07       		.byte	0x7
 243 003d 87000000 		.4byte	.LASF3
 244 0041 02       		.uleb128 0x2
 245 0042 04       		.byte	0x4
 246 0043 05       		.byte	0x5
 247 0044 E6010000 		.4byte	.LASF4
 248 0048 02       		.uleb128 0x2
 249 0049 04       		.byte	0x4
 250 004a 07       		.byte	0x7
 251 004b 75000000 		.4byte	.LASF5
 252 004f 02       		.uleb128 0x2
 253 0050 08       		.byte	0x8
 254 0051 05       		.byte	0x5
 255 0052 FE000000 		.4byte	.LASF6
 256 0056 02       		.uleb128 0x2
 257 0057 08       		.byte	0x8
 258 0058 07       		.byte	0x7
 259 0059 C9000000 		.4byte	.LASF7
 260 005d 03       		.uleb128 0x3
ARM GAS  C:\Users\IYANG~1.DES\AppData\Local\Temp\cczoKuId.s 			page 14


 261 005e 04       		.byte	0x4
 262 005f 05       		.byte	0x5
 263 0060 696E7400 		.ascii	"int\000"
 264 0064 02       		.uleb128 0x2
 265 0065 04       		.byte	0x4
 266 0066 07       		.byte	0x7
 267 0067 BC000000 		.4byte	.LASF8
 268 006b 04       		.uleb128 0x4
 269 006c B5000000 		.4byte	.LASF12
 270 0070 02       		.byte	0x2
 271 0071 9A01     		.2byte	0x19a
 272 0073 48000000 		.4byte	0x48
 273 0077 02       		.uleb128 0x2
 274 0078 04       		.byte	0x4
 275 0079 04       		.byte	0x4
 276 007a 61000000 		.4byte	.LASF9
 277 007e 02       		.uleb128 0x2
 278 007f 08       		.byte	0x8
 279 0080 04       		.byte	0x4
 280 0081 9A000000 		.4byte	.LASF10
 281 0085 02       		.uleb128 0x2
 282 0086 01       		.byte	0x1
 283 0087 08       		.byte	0x8
 284 0088 0C010000 		.4byte	.LASF11
 285 008c 04       		.uleb128 0x4
 286 008d 00000000 		.4byte	.LASF13
 287 0091 02       		.byte	0x2
 288 0092 4402     		.2byte	0x244
 289 0094 98000000 		.4byte	0x98
 290 0098 05       		.uleb128 0x5
 291 0099 6B000000 		.4byte	0x6b
 292 009d 06       		.uleb128 0x6
 293 009e 0C       		.byte	0xc
 294 009f 03       		.byte	0x3
 295 00a0 21       		.byte	0x21
 296 00a1 CA000000 		.4byte	0xca
 297 00a5 07       		.uleb128 0x7
 298 00a6 C2010000 		.4byte	.LASF14
 299 00aa 03       		.byte	0x3
 300 00ab 23       		.byte	0x23
 301 00ac 6B000000 		.4byte	0x6b
 302 00b0 00       		.byte	0
 303 00b1 07       		.uleb128 0x7
 304 00b2 F5000000 		.4byte	.LASF15
 305 00b6 03       		.byte	0x3
 306 00b7 24       		.byte	0x24
 307 00b8 6B000000 		.4byte	0x6b
 308 00bc 04       		.byte	0x4
 309 00bd 07       		.uleb128 0x7
 310 00be 06000000 		.4byte	.LASF16
 311 00c2 03       		.byte	0x3
 312 00c3 25       		.byte	0x25
 313 00c4 6B000000 		.4byte	0x6b
 314 00c8 08       		.byte	0x8
 315 00c9 00       		.byte	0
 316 00ca 08       		.uleb128 0x8
 317 00cb CA010000 		.4byte	.LASF17
ARM GAS  C:\Users\IYANG~1.DES\AppData\Local\Temp\cczoKuId.s 			page 15


 318 00cf 03       		.byte	0x3
 319 00d0 26       		.byte	0x26
 320 00d1 9D000000 		.4byte	0x9d
 321 00d5 09       		.uleb128 0x9
 322 00d6 A1000000 		.4byte	.LASF18
 323 00da 01       		.byte	0x1
 324 00db 2C       		.byte	0x2c
 325 00dc 00000000 		.4byte	.LFB0
 326 00e0 14000000 		.4byte	.LFE0-.LFB0
 327 00e4 01       		.uleb128 0x1
 328 00e5 9C       		.byte	0x9c
 329 00e6 09       		.uleb128 0x9
 330 00e7 E0000000 		.4byte	.LASF19
 331 00eb 01       		.byte	0x1
 332 00ec 50       		.byte	0x50
 333 00ed 00000000 		.4byte	.LFB1
 334 00f1 14000000 		.4byte	.LFE1-.LFB1
 335 00f5 01       		.uleb128 0x1
 336 00f6 9C       		.byte	0x9c
 337 00f7 0A       		.uleb128 0xa
 338 00f8 0F000000 		.4byte	.LASF23
 339 00fc 01       		.byte	0x1
 340 00fd 14       		.byte	0x14
 341 00fe CA000000 		.4byte	0xca
 342 0102 05       		.uleb128 0x5
 343 0103 03       		.byte	0x3
 344 0104 00000000 		.4byte	Hibernate_LED_backup
 345 0108 00       		.byte	0
 346              		.section	.debug_abbrev,"",%progbits
 347              	.Ldebug_abbrev0:
 348 0000 01       		.uleb128 0x1
 349 0001 11       		.uleb128 0x11
 350 0002 01       		.byte	0x1
 351 0003 25       		.uleb128 0x25
 352 0004 0E       		.uleb128 0xe
 353 0005 13       		.uleb128 0x13
 354 0006 0B       		.uleb128 0xb
 355 0007 03       		.uleb128 0x3
 356 0008 0E       		.uleb128 0xe
 357 0009 1B       		.uleb128 0x1b
 358 000a 0E       		.uleb128 0xe
 359 000b 55       		.uleb128 0x55
 360 000c 17       		.uleb128 0x17
 361 000d 11       		.uleb128 0x11
 362 000e 01       		.uleb128 0x1
 363 000f 10       		.uleb128 0x10
 364 0010 17       		.uleb128 0x17
 365 0011 00       		.byte	0
 366 0012 00       		.byte	0
 367 0013 02       		.uleb128 0x2
 368 0014 24       		.uleb128 0x24
 369 0015 00       		.byte	0
 370 0016 0B       		.uleb128 0xb
 371 0017 0B       		.uleb128 0xb
 372 0018 3E       		.uleb128 0x3e
 373 0019 0B       		.uleb128 0xb
 374 001a 03       		.uleb128 0x3
ARM GAS  C:\Users\IYANG~1.DES\AppData\Local\Temp\cczoKuId.s 			page 16


 375 001b 0E       		.uleb128 0xe
 376 001c 00       		.byte	0
 377 001d 00       		.byte	0
 378 001e 03       		.uleb128 0x3
 379 001f 24       		.uleb128 0x24
 380 0020 00       		.byte	0
 381 0021 0B       		.uleb128 0xb
 382 0022 0B       		.uleb128 0xb
 383 0023 3E       		.uleb128 0x3e
 384 0024 0B       		.uleb128 0xb
 385 0025 03       		.uleb128 0x3
 386 0026 08       		.uleb128 0x8
 387 0027 00       		.byte	0
 388 0028 00       		.byte	0
 389 0029 04       		.uleb128 0x4
 390 002a 16       		.uleb128 0x16
 391 002b 00       		.byte	0
 392 002c 03       		.uleb128 0x3
 393 002d 0E       		.uleb128 0xe
 394 002e 3A       		.uleb128 0x3a
 395 002f 0B       		.uleb128 0xb
 396 0030 3B       		.uleb128 0x3b
 397 0031 05       		.uleb128 0x5
 398 0032 49       		.uleb128 0x49
 399 0033 13       		.uleb128 0x13
 400 0034 00       		.byte	0
 401 0035 00       		.byte	0
 402 0036 05       		.uleb128 0x5
 403 0037 35       		.uleb128 0x35
 404 0038 00       		.byte	0
 405 0039 49       		.uleb128 0x49
 406 003a 13       		.uleb128 0x13
 407 003b 00       		.byte	0
 408 003c 00       		.byte	0
 409 003d 06       		.uleb128 0x6
 410 003e 13       		.uleb128 0x13
 411 003f 01       		.byte	0x1
 412 0040 0B       		.uleb128 0xb
 413 0041 0B       		.uleb128 0xb
 414 0042 3A       		.uleb128 0x3a
 415 0043 0B       		.uleb128 0xb
 416 0044 3B       		.uleb128 0x3b
 417 0045 0B       		.uleb128 0xb
 418 0046 01       		.uleb128 0x1
 419 0047 13       		.uleb128 0x13
 420 0048 00       		.byte	0
 421 0049 00       		.byte	0
 422 004a 07       		.uleb128 0x7
 423 004b 0D       		.uleb128 0xd
 424 004c 00       		.byte	0
 425 004d 03       		.uleb128 0x3
 426 004e 0E       		.uleb128 0xe
 427 004f 3A       		.uleb128 0x3a
 428 0050 0B       		.uleb128 0xb
 429 0051 3B       		.uleb128 0x3b
 430 0052 0B       		.uleb128 0xb
 431 0053 49       		.uleb128 0x49
ARM GAS  C:\Users\IYANG~1.DES\AppData\Local\Temp\cczoKuId.s 			page 17


 432 0054 13       		.uleb128 0x13
 433 0055 38       		.uleb128 0x38
 434 0056 0B       		.uleb128 0xb
 435 0057 00       		.byte	0
 436 0058 00       		.byte	0
 437 0059 08       		.uleb128 0x8
 438 005a 16       		.uleb128 0x16
 439 005b 00       		.byte	0
 440 005c 03       		.uleb128 0x3
 441 005d 0E       		.uleb128 0xe
 442 005e 3A       		.uleb128 0x3a
 443 005f 0B       		.uleb128 0xb
 444 0060 3B       		.uleb128 0x3b
 445 0061 0B       		.uleb128 0xb
 446 0062 49       		.uleb128 0x49
 447 0063 13       		.uleb128 0x13
 448 0064 00       		.byte	0
 449 0065 00       		.byte	0
 450 0066 09       		.uleb128 0x9
 451 0067 2E       		.uleb128 0x2e
 452 0068 00       		.byte	0
 453 0069 3F       		.uleb128 0x3f
 454 006a 19       		.uleb128 0x19
 455 006b 03       		.uleb128 0x3
 456 006c 0E       		.uleb128 0xe
 457 006d 3A       		.uleb128 0x3a
 458 006e 0B       		.uleb128 0xb
 459 006f 3B       		.uleb128 0x3b
 460 0070 0B       		.uleb128 0xb
 461 0071 27       		.uleb128 0x27
 462 0072 19       		.uleb128 0x19
 463 0073 11       		.uleb128 0x11
 464 0074 01       		.uleb128 0x1
 465 0075 12       		.uleb128 0x12
 466 0076 06       		.uleb128 0x6
 467 0077 40       		.uleb128 0x40
 468 0078 18       		.uleb128 0x18
 469 0079 9742     		.uleb128 0x2117
 470 007b 19       		.uleb128 0x19
 471 007c 00       		.byte	0
 472 007d 00       		.byte	0
 473 007e 0A       		.uleb128 0xa
 474 007f 34       		.uleb128 0x34
 475 0080 00       		.byte	0
 476 0081 03       		.uleb128 0x3
 477 0082 0E       		.uleb128 0xe
 478 0083 3A       		.uleb128 0x3a
 479 0084 0B       		.uleb128 0xb
 480 0085 3B       		.uleb128 0x3b
 481 0086 0B       		.uleb128 0xb
 482 0087 49       		.uleb128 0x49
 483 0088 13       		.uleb128 0x13
 484 0089 02       		.uleb128 0x2
 485 008a 18       		.uleb128 0x18
 486 008b 00       		.byte	0
 487 008c 00       		.byte	0
 488 008d 00       		.byte	0
ARM GAS  C:\Users\IYANG~1.DES\AppData\Local\Temp\cczoKuId.s 			page 18


 489              		.section	.debug_aranges,"",%progbits
 490 0000 24000000 		.4byte	0x24
 491 0004 0200     		.2byte	0x2
 492 0006 00000000 		.4byte	.Ldebug_info0
 493 000a 04       		.byte	0x4
 494 000b 00       		.byte	0
 495 000c 0000     		.2byte	0
 496 000e 0000     		.2byte	0
 497 0010 00000000 		.4byte	.LFB0
 498 0014 14000000 		.4byte	.LFE0-.LFB0
 499 0018 00000000 		.4byte	.LFB1
 500 001c 14000000 		.4byte	.LFE1-.LFB1
 501 0020 00000000 		.4byte	0
 502 0024 00000000 		.4byte	0
 503              		.section	.debug_ranges,"",%progbits
 504              	.Ldebug_ranges0:
 505 0000 00000000 		.4byte	.LFB0
 506 0004 14000000 		.4byte	.LFE0
 507 0008 00000000 		.4byte	.LFB1
 508 000c 14000000 		.4byte	.LFE1
 509 0010 00000000 		.4byte	0
 510 0014 00000000 		.4byte	0
 511              		.section	.debug_line,"",%progbits
 512              	.Ldebug_line0:
 513 0000 99000000 		.section	.debug_str,"MS",%progbits,1
 513      02006000 
 513      00000201 
 513      FB0E0D00 
 513      01010101 
 514              	.LASF13:
 515 0000 72656733 		.ascii	"reg32\000"
 515      3200
 516              	.LASF16:
 517 0006 75736253 		.ascii	"usbState\000"
 517      74617465 
 517      00
 518              	.LASF23:
 519 000f 48696265 		.ascii	"Hibernate_LED_backup\000"
 519      726E6174 
 519      655F4C45 
 519      445F6261 
 519      636B7570 
 520              	.LASF22:
 521 0024 443A5C44 		.ascii	"D:\\Dropbox\\blog\\UV sensor\\SW\\UVSensorCypress\\"
 521      726F7062 
 521      6F785C62 
 521      6C6F675C 
 521      55562073 
 522 0051 55562053 		.ascii	"UV Sensor.cydsn\000"
 522      656E736F 
 522      722E6379 
 522      64736E00 
 523              	.LASF9:
 524 0061 666C6F61 		.ascii	"float\000"
 524      7400
 525              	.LASF1:
 526 0067 756E7369 		.ascii	"unsigned char\000"
ARM GAS  C:\Users\IYANG~1.DES\AppData\Local\Temp\cczoKuId.s 			page 19


 526      676E6564 
 526      20636861 
 526      7200
 527              	.LASF5:
 528 0075 6C6F6E67 		.ascii	"long unsigned int\000"
 528      20756E73 
 528      69676E65 
 528      6420696E 
 528      7400
 529              	.LASF3:
 530 0087 73686F72 		.ascii	"short unsigned int\000"
 530      7420756E 
 530      7369676E 
 530      65642069 
 530      6E7400
 531              	.LASF10:
 532 009a 646F7562 		.ascii	"double\000"
 532      6C6500
 533              	.LASF18:
 534 00a1 48696265 		.ascii	"Hibernate_LED_Sleep\000"
 534      726E6174 
 534      655F4C45 
 534      445F536C 
 534      65657000 
 535              	.LASF12:
 536 00b5 75696E74 		.ascii	"uint32\000"
 536      333200
 537              	.LASF8:
 538 00bc 756E7369 		.ascii	"unsigned int\000"
 538      676E6564 
 538      20696E74 
 538      00
 539              	.LASF7:
 540 00c9 6C6F6E67 		.ascii	"long long unsigned int\000"
 540      206C6F6E 
 540      6720756E 
 540      7369676E 
 540      65642069 
 541              	.LASF19:
 542 00e0 48696265 		.ascii	"Hibernate_LED_Wakeup\000"
 542      726E6174 
 542      655F4C45 
 542      445F5761 
 542      6B657570 
 543              	.LASF15:
 544 00f5 73696F53 		.ascii	"sioState\000"
 544      74617465 
 544      00
 545              	.LASF6:
 546 00fe 6C6F6E67 		.ascii	"long long int\000"
 546      206C6F6E 
 546      6720696E 
 546      7400
 547              	.LASF11:
 548 010c 63686172 		.ascii	"char\000"
 548      00
 549              	.LASF2:
ARM GAS  C:\Users\IYANG~1.DES\AppData\Local\Temp\cczoKuId.s 			page 20


 550 0111 73686F72 		.ascii	"short int\000"
 550      7420696E 
 550      7400
 551              	.LASF20:
 552 011b 474E5520 		.ascii	"GNU C 4.9.3 20150303 (release) [ARM/embedded-4_9-br"
 552      4320342E 
 552      392E3320 
 552      32303135 
 552      30333033 
 553 014e 616E6368 		.ascii	"anch revision 221220] -mcpu=cortex-m0 -mthumb -g -O"
 553      20726576 
 553      6973696F 
 553      6E203232 
 553      31323230 
 554 0181 33202D66 		.ascii	"3 -ffunction-sections -finline-functions -flto -ffa"
 554      66756E63 
 554      74696F6E 
 554      2D736563 
 554      74696F6E 
 555 01b4 742D6C74 		.ascii	"t-lto-objects\000"
 555      6F2D6F62 
 555      6A656374 
 555      7300
 556              	.LASF14:
 557 01c2 70635374 		.ascii	"pcState\000"
 557      61746500 
 558              	.LASF17:
 559 01ca 48696265 		.ascii	"Hibernate_LED_BACKUP_STRUCT\000"
 559      726E6174 
 559      655F4C45 
 559      445F4241 
 559      434B5550 
 560              	.LASF4:
 561 01e6 6C6F6E67 		.ascii	"long int\000"
 561      20696E74 
 561      00
 562              	.LASF0:
 563 01ef 7369676E 		.ascii	"signed char\000"
 563      65642063 
 563      68617200 
 564              	.LASF21:
 565 01fb 47656E65 		.ascii	"Generated_Source\\PSoC4\\Hibernate_LED_PM.c\000"
 565      72617465 
 565      645F536F 
 565      75726365 
 565      5C50536F 
 566              		.comm	__gnu_lto_v1,1,1
 567              		.ident	"GCC: (GNU Tools for ARM Embedded Processors) 4.9.3 20150303 (release) [ARM/embedded-4_9-br
