ARM GAS  C:\Users\IYANG~1.DES\AppData\Local\Temp\ccEjDzG7.s 			page 1


   1              		.cpu cortex-m0
   2              		.fpu softvfp
   3              		.eabi_attribute 20, 1
   4              		.eabi_attribute 21, 1
   5              		.eabi_attribute 23, 3
   6              		.eabi_attribute 24, 1
   7              		.eabi_attribute 25, 1
   8              		.eabi_attribute 26, 1
   9              		.eabi_attribute 30, 2
  10              		.eabi_attribute 34, 0
  11              		.eabi_attribute 18, 4
  12              		.code	16
  13              		.file	"Hibernate_LED.c"
  14              		.text
  15              	.Ltext0:
  16              		.section	.gnu.lto_.profile.183f1b2c,"",%progbits
  17 0000 789C6366 		.ascii	"x\234cf```a\200\000F\006uE\000\000\343\000Q"
  17      60606061 
  17      80004606 
  17      75450000 
  17      E30051
  18              		.text
  19              		.section	.gnu.lto_.jmpfuncs.183f1b2c,"",%progbits
  20 0000 789C6366 		.ascii	"x\234cf\300\016d\2404\033\003##c=#\210`b``f``abdd\256"
  20      C00E64A0 
  20      341B0323 
  20      23633D23 
  20      88606260 
  21 001d AF6705CA 		.ascii	"\257g\005\312\001\000 \267\002>"
  21      010020B7 
  21      023E
  22              		.text
  23              		.section	.gnu.lto_.inline.183f1b2c,"",%progbits
  24 0000 789C6366 		.ascii	"x\234cf\300\016f@i6\006\006\016vFF\006F\006\006f\216"
  24      C00E6640 
  24      69360606 
  24      0E764646 
  24      06460606 
  25 0016 03760C6C 		.ascii	"\003v\014l\013\344\231\030\230.\360\263\200$\031\031"
  25      0BE49918 
  25      982EF0B3 
  25      80241919 
  26 0026 3839D0E5 		.ascii	"89\320\345X\026\310\203\345\230\030\330X\031\031\230"
  26      5816C883 
  26      E59818D8 
  26      58191998 
  27 0036 D83EE841 		.ascii	"\330>\350A\304\201\200\031S\210\005d\002\023\310\004"
  27      C4818019 
  27      53880564 
  27      0213C804 
  28 0046 A0390C2C 		.ascii	"\2409\014,\2506\000\011\036\220\"V\006v6\240>\270$\010"
  28      A8360009 
  28      1E902256 
  28      067636A0 
  28      3EB82408 
  29 005a 0000BE90 		.ascii	"\000\000\276\220\017\254"
  29      0FAC
ARM GAS  C:\Users\IYANG~1.DES\AppData\Local\Temp\ccEjDzG7.s 			page 2


  30              		.text
  31              		.section	.gnu.lto_.pureconst.183f1b2c,"",%progbits
  32 0000 789C6366 		.ascii	"x\234cf``\340e\200\0006\006)F)&)f)\026)V)\000\005\261"
  32      6060E065 
  32      80003606 
  32      29462926 
  32      29662916 
  33 001a 00C2     		.ascii	"\000\302"
  34              		.text
  35              		.section	.gnu.lto_Hibernate_LED_SetDriveMode.183f1b2c,"",%progbits
  36 0000 789C7D51 		.ascii	"x\234}QM+DQ\030~\237s\357\334\241\311G\226\263g\"Y\371"
  36      4D2B4451 
  36      187E9F73 
  36      EFDCA1C9 
  36      4796B367 
  37 0017 010AB1B0 		.ascii	"\001\012\261\260P\266S>o\261`jb\355\314\230\205l\014"
  37      50B6533E 
  37      6FB1606A 
  37      62EDCC98 
  37      856C0C
  38 002a 49242B69 		.ascii	"I$+i|S\026X\250\233d\345#\026d|mFX(\032a\026\272\336"
  38      7C531658 
  38      A89B64E5 
  38      2316647C 
  38      6D465828 
  39 0043 776676CA 		.ascii	"wfv\312\251\363\236\367<=\317s\237\373\036\203\376."
  39      A9F39EF7 
  39      3C3DCF73 
  39      9FFB1E83 
  39      FE2E
  40 0055 3FEF7D10 		.ascii	"?\357}\020\325\360\011\203\240\342\247D\221\002\005"
  40      D5F00983 
  40      A0E2A744 
  40      910205
  41 0064 4843A061 		.ascii	"HC\240a\205a\274\250w\205\270\263:\343\013,j\255\337"
  41      8561BCA8 
  41      7785B8B3 
  41      3AE30B2C 
  41      6AADDF
  42 0077 A2DBBD7A 		.ascii	"\242\333\275z\252#\243\210\322*\347\203\004\002\314"
  42      AA23A388 
  42      D22AE783 
  42      0402CC
  43 0086 79CABC24 		.ascii	"y\312\274$\212\214*\020\367?\023W\027\252|A\353\250"
  43      8A8C2A10 
  43      F73F1357 
  43      17AA7C41 
  43      EBA8
  44 0098 73B3A1EB 		.ascii	"s\263\241\353\220a\323%\030\254@\265\037\225~b\200\260"
  44      9061D325 
  44      18AC40B5 
  44      1F957E62 
  44      80B0
  45 00aa 8C7221BF 		.ascii	"\214r!\277\307~\256|V\214\315Ks\236X\201\305\271h\263"
  45      C77EAE7C 
  45      568CCD4B 
  45      739E5881 
ARM GAS  C:\Users\IYANG~1.DES\AppData\Local\Temp\ccEjDzG7.s 			page 3


  45      C5B968B3 
  46 00be CCD1AE9B 		.ascii	"\314\321\256\233>>\177\256@\241b\2152\244\230\020\245"
  46      3E3E7FAE 
  46      40A1628D 
  46      32A49810 
  46      A5
  47 00cf 475A4B8A 		.ascii	"GZK\212W\012Q\212\267\004\177\344\013\237F\022\007\237"
  47      570A518A 
  47      B7047FE4 
  47      0B9F4612 
  47      079F
  48 00e1 6397B396 		.ascii	"c\227\263\226\270})\371\213\273\303\273\335\342g\225"
  48      B87D29F9 
  48      8BBBC3BB 
  48      DDE26795 
  49 00f1 51C6682C 		.ascii	"Q\306h,\256M\371\366C\352\354\274 \013\221\\\367\322"
  49      AE4DF9F6 
  49      43EAECBC 
  49      200B915C 
  49      F7D2
  50 0103 D34EE13C 		.ascii	"\323N\341<\346\"1\216lb\025~\254\201\347\204u\314\203"
  50      E622318E 
  50      6C62157E 
  50      AC81E784 
  50      75CC83
  51 0116 9218F9CE 		.ascii	"\222\030\371\316\333\0319\307\223\344\307\265)r\345"
  51      DB1939C7 
  51      93E4C7B5 
  51      2972E5
  52 0125 BAE36E09 		.ascii	"\272\343n\011a\203\331ID\357\2759\232\347K\231\"\273"
  52      6183D949 
  52      44EFBD39 
  52      9AE74B99 
  52      22BB
  53 0137 CDCB0462 		.ascii	"\315\313\004b\331\350\353\354\270Od\2362\302fV2\362"
  53      D9E8EBEC 
  53      B84F649E 
  53      32C26656 
  53      32F2
  54 0149 91A778B3 		.ascii	"\221\247x\263\346\026C\007\223\020\350\277X[\034\213"
  54      E6164307 
  54      9310E8BF 
  54      585B1C8B 
  55 0159 25748F88 		.ascii	"%t\217\210\263s\244\204./\222\342\351\362\010x \201"
  55      B373A484 
  55      2E2F92E2 
  55      E9F20878 
  55      2081
  56 016b 267BC00E 		.ascii	"&{\300\016w\016\332=\355m\241\241p\267\035lm\013\325"
  56      770EDA3D 
  56      ED6DA1A1 
  56      70B71D6C 
  56      6D0BD5
  57 017e D7069BFB 		.ascii	"\327\006\233\373\272\354\360\000\343\355-\215\0155\335"
  57      BAECF000 
  57      E3ED2D8D 
  57      0D35DD
ARM GAS  C:\Users\IYANG~1.DES\AppData\Local\Temp\ccEjDzG7.s 			page 4


  58 018d 64F6877A 		.ascii	"d\366\207z\354_U\256\251W"
  58      EC5F55AE 
  58      A957
  59              		.text
  60              		.section	.gnu.lto_Hibernate_LED_Write.183f1b2c,"",%progbits
  61 0000 789C6552 		.ascii	"x\234eROH\024Q\034~\337{3\263c[\021]\222\275t\020Y\212"
  61      4F481451 
  61      1C7EDF7B 
  61      33B3635B 
  61      115D92BD 
  62 0018 880E75EA 		.ascii	"\210\016u\352\"X\330\241C t\222d\3239\010\242\261\244"
  62      2258D8A1 
  62      43207492 
  62      64D33908 
  62      A2B1A4
  63 002b 57DFEAE8 		.ascii	"W\337\352\350j\247U\"\204p\305\"\372\263\245[\036\022"
  63      6AA75522 
  63      8470C522 
  63      FAB3A55B 
  63      1E12
  64 003d 3A347988 		.ascii	":4y\210.\031^4e\331\014WH\010\312U\254\015j\373\375"
  64      2E195E34 
  64      65D90C57 
  64      4808CA55 
  64      AC0D6AFB 
  65 0052 E65D5A7A 		.ascii	"\346]Zz\314\3733\337|\337\367\276\367{\243\304\377-"
  65      CCFB33DF 
  65      7CDFF7BE 
  65      F77BA3C4 
  65      FF2D
  66 0064 46BD4B0A 		.ascii	"F\275K\012q\216f(\001\231Y\022\"\345J\200\027\002b@"
  66      718E6628 
  66      01995912 
  66      22E54A80 
  66      17026240 
  67 0078 6200DB72 		.ascii	"b\000\333rG\"\023\344&\243\361\007Z\353\357\345W\365"
  67      472213E4 
  67      26A3F107 
  67      5AEBEFE5 
  67      57F5
  68 008a C3F51592 		.ascii	"\303\365\025\222\355Jc\203\207\210\023e7\247o+u\022"
  68      ED4A6383 
  68      87881365 
  68      37A76F2B 
  68      7512
  69 009c 82D6F9E5 		.ascii	"\202\326\371\345\367\177\"\215\367\265\036\014\336\315"
  69      F77F228D 
  69      F7B51E0C 
  69      DECD
  70 00aa EA2654C8 		.ascii	"\352&T\310\363\021\024)p*\206\0231A\200\300c42\271|"
  70      F3111429 
  70      702A8613 
  70      314180C0 
  70      633432B9 
  71 00bf 27B72FD5 		.ascii	"'\267/\325\231P\370\371\336\346t\244a\206\204\033\333"
  71      9950F8F9 
  71      DEE674A4 
ARM GAS  C:\Users\IYANG~1.DES\AppData\Local\Temp\ccEjDzG7.s 			page 5


  71      6186841B 
  71      DB
  72 00d0 9B6FA37A 		.ascii	"\233o\243zR\373\033\325\352q\326?\371Wo\032\011v\374"
  72      52FB1BD5 
  72      EA71D63F 
  72      F9576F1A 
  72      0976FC
  73 00e3 DFAB51C7 		.ascii	"\337\253Q\307\247`G\220C\203\011\205\247p@\023#sG\003"
  73      A7604790 
  73      43830985 
  73      A7704013 
  73      23734703 
  74 00f7 5DADCEEF 		.ascii	"]\255\316\357\215\217\236GT\322\306R\321\240,\301\037"
  74      8D8F9E47 
  74      54D2C652 
  74      D1A02CC1 
  74      1F
  75 0108 6D700887 		.ascii	"mp\010\207\201\010\017n\210\3261K\210\022u.\304\026"
  75      81080F6E 
  75      88D6314B 
  75      8812752E 
  75      C416
  76 011a BDD0ACD6 		.ascii	"\275\320\254\326\261\270\177k)\333\317\356?$W%=\366"
  76      B1B87F6B 
  76      29DBCFEE 
  76      3F245725 
  76      3DF6
  77 012c 72EDE017 		.ascii	"r\355\340\027Y\221\226\3663\332\342<\237J\037\226\335"
  77      599196F6 
  77      33DAE23C 
  77      9F4A1F96 
  77      DD
  78 013d 100AE36D 		.ascii	"\020\012\343m}\255\224\017L\341n\312\247\032\330x\206"
  78      7DAD940F 
  78      4CE16ECA 
  78      A71AD878 
  78      86
  79 014e 186641F1 		.ascii	"\030fA\3611\207)\210u\014~L\027\2441T\344I\310\320\317"
  79      31872988 
  79      750C7E4C 
  79      17A43154 
  79      E449C8D0 
  80 0163 91020C62 		.ascii	"\221\002\014b\021H\036o\306\277\345\017\261\245zME\313"
  80      11481E6F 
  80      C6BFE50F 
  80      B1A57A4D 
  80      45CB
  81 0175 937C05A1 		.ascii	"\223|\005\241\206\263\022\213E\205\221\225\3545\243"
  81      86B3128B 
  81      45859195 
  81      EC35A3
  82 0184 A2C726D5 		.ascii	"\242\307&\325\304\360\302\302\341P\345\010<'Q\215u\204"
  82      C4F0C2C2 
  82      E150E508 
  82      3C27518D 
  82      7584
  83 0196 78449A5E 		.ascii	"xD\232^\035\373\025\222\320$\360\302\220\366\034CqC"
ARM GAS  C:\Users\IYANG~1.DES\AppData\Local\Temp\ccEjDzG7.s 			page 6


  83      1DFB1592 
  83      D024F0C2 
  83      90F61C43 
  83      7143
  84 01a8 9655BB99 		.ascii	"\226U\273\231\313\231\213\351b\366\206!\325\031hqb\346"
  84      CB998BE9 
  84      62F68621 
  84      D5196871 
  84      62E6
  85 01ba 18033527 		.ascii	"\030\0035'N\005v\355\231\347\351\314$\021E\244\202\265"
  85      4E0576ED 
  85      99E7E9CC 
  85      241145A4 
  85      82B5
  86 01cc 16E6F325 		.ascii	"\026\346\363%\226\350W\240\362R\261\343-^\217\227L\334"
  86      96E857A0 
  86      F252B1E3 
  86      2D5E8F97 
  86      4CDC
  87 01de F43ADB5B 		.ascii	"\364:\333[{\373\222\035^\333\225\326\336\346\263m\227"
  87      7BFB921D 
  87      5EDB95D6 
  87      DEE6B36D 
  87      97
  88 01ef BAAE7BC9 		.ascii	"\272\256{\311\036\302\333/_\274p\272C\330\375\211\356"
  88      1EC2DB2F 
  88      5FBC70BA 
  88      43D8FD89 
  88      EE
  89 0200 3ECFEE4C 		.ascii	">\317\356L^Mt\377\005u\266\3432"
  89      5E4D74FF 
  89      0575B6E3 
  89      32
  90              		.text
  91              		.section	.gnu.lto_Hibernate_LED_Read.183f1b2c,"",%progbits
  92 0000 789C658F 		.ascii	"x\234e\217\277KBQ\024\307\317\367\274\347\313\020\""
  92      BF4B4251 
  92      14C7CFF7 
  92      BCE7CB10 
  92      22
  93 0011 9AC23F20 		.ascii	"\232\302? \021\244\2515\010*jh\010\334B\220\2627\264"
  93      11A4A935 
  93      082A6A68 
  93      08DC4290 
  93      B237B4
  94 0024 2848CD3E 		.ascii	"(H\315>\355i\020\015\342\322\020N!e?\020\032\304\266"
  94      ED69100D 
  94      E2D2104E 
  94      21653F10 
  94      1AC4B6
  95 0037 68967E20 		.ascii	"h\226~ \024H\330b`[bTo(;\327\327\326\205{\316=\367|"
  95      1448D862 
  95      605B6254 
  95      6F283BD7 
  95      D7D6857B 
  96 004f F87ECFD1 		.ascii	"\370~\317\321\350\377\361\313\235\006QP24\002\347o\210"
  96      E8FFF1CB 
ARM GAS  C:\Users\IYANG~1.DES\AppData\Local\Temp\ccEjDzG7.s 			page 7


  96      9D065150 
  96      323402E7 
  96      6F88
  97 0061 D25E06D4 		.ascii	"\322^\006\324\203@)F\012\257\334e\324/\177\032\010\224"
  97      83402946 
  97      0AAFDC65 
  97      D42F7F1A 
  97      0894
  98 0073 2C2BF396 		.ascii	",+\363\226i<\371\262\343\016\023\365\230\020\362#\250"
  98      693CF9B2 
  98      E30E13F5 
  98      9810F223 
  98      A8
  99 0084 74708400 		.ascii	"tp\204\000\011\330\265\277\037}\206mY\326\250\352K\343"
  99      09D8B5BF 
  99      1F7D866D 
  99      59D6A8EA 
  99      4BE3
 100 0096 18867850 		.ascii	"\030\206xPe\354\312\352\367{\365Bg\202\015&\207\305"
 100      65ECCAEA 
 100      F77BF542 
 100      67820D26 
 100      87C5
 101 00a8 5182AE82 		.ascii	"Q\202\256\202\207\224\034\265%(\347\027f\225\265&\256"
 101      87941CB5 
 101      2528E717 
 101      6695B526 
 101      AE
 102 00b9 3F761FCA 		.ascii	"?v\037\312+J\342\223\325\030\305jy_\353\260\303l\333"
 102      2B4AE293 
 102      D518C56A 
 102      795FEBB0 
 102      C36CDB
 103 00cc 794B5786 		.ascii	"yKW\206\317\355\333{\357\340\213TY\271\333\353x\213"
 103      CFEDDB7B 
 103      EFE08B54 
 103      59B9DBEB 
 103      788B
 104 00de 3848DB70 		.ascii	"8H\333pXC\031~\234@\006\304)\212\240&\266\277r\357\272"
 104      5843197E 
 104      9C4006C4 
 104      298AA026 
 104      B6BF72EF 
 105 00f3 2BA8B99A 		.ascii	"+\250\271\232\027\207\245\352\260\022\300\014\341LX"
 105      1787A5EA 
 105      B012C00C 
 105      E14C58
 106 0102 815AB9F6 		.ascii	"\201Z\271\366\220\013\351\302\011T\310\326j#\012\322"
 106      900BE9C2 
 106      0954C8D6 
 106      6A230AD2 
 107 0112 0DC2F900 		.ascii	"\015\302\371\000\312\264vB.\343\021\214Z\300_5\330\004"
 107      CAB47642 
 107      2EE3118C 
 107      5AC05F35 
 107      D804
 108 0124 6A031929 		.ascii	"j\003\031)\260`\306\315\344\352\246\271\036\015'\266"
ARM GAS  C:\Users\IYANG~1.DES\AppData\Local\Temp\ccEjDzG7.s 			page 8


 108      B060C6CD 
 108      E4EAA6B9 
 108      1E0D27B6 
 109 0134 923133B2 		.ascii	"\22213\262\034N\314NE\0267\326\314d\\\376\243K\363s"
 109      1C4ECC4E 
 109      451637D6 
 109      CC645CFE 
 109      A34BF373 
 110 0148 9331FA05 		.ascii	"\2231\372\005\302)|\030"
 110      C2297C18 
 111              		.text
 112              		.section	.gnu.lto_Hibernate_LED_ReadDataReg.183f1b2c,"",%progbits
 113 0000 789C658F 		.ascii	"x\234e\217\277KBQ\024\307\317\367\274\347\3132\"\232"
 113      BF4B4251 
 113      14C7CFF7 
 113      BCE7CB32 
 113      229A
 114 0012 C27F4004 		.ascii	"\302\177@\004i\2515\010*jh\010\334B\220\2627\264(H\315"
 114      69A93508 
 114      2A6A6808 
 114      DC4290B2 
 114      37B42848 
 115 0027 5EEDA9D4 		.ascii	"^\355\251\324$\256\321\024\322/#h(\333\3029\212h\010"
 115      24AED114 
 115      D22F2368 
 115      28DBC239 
 115      8A6808
 116 003a 256CD130 		.ascii	"%l\3210h\310\014\353\015e\367\372\332\272p\317\271\347"
 116      68C80CEB 
 116      0D65F7FA 
 116      DABA70CF 
 116      B9E7
 117 004c 9E0FDFEF 		.ascii	"\236\017\337\3579\032\375?^y'A\344\227\031\032\201s"
 117      391AFD3F 
 117      5E792741 
 117      E497191A 
 117      8173
 118 005e 37444937 		.ascii	"7DI7\003\352A\240\004#\201\027n1\256/\177\356\341+\010"
 118      03EA41A0 
 118      04238117 
 118      6E31AE2F 
 118      7FEEE12B 
 119 0073 917A2B57 		.ascii	"\221z+W\036=\351Q\233\211\332L\010x\341W:\330\207\217"
 119      1E3DE951 
 119      9B89DA4C 
 119      0878E157 
 119      3AD8878F 
 120 0087 24D8B2BE 		.ascii	"$\330\262\276\037<\206%\204\030V}\3318\200!=\350t\344"
 120      1F3C8625 
 120      8418567D 
 120      D9388021 
 120      3DE874E4 
 121 009b 4A74BBED 		.ascii	"Jt\273\355\347|s\234\015&\233\245\243\014\272\012.R"
 121      E77C739C 
 121      0D269BA5 
 121      A30CBA0A 
 121      2E52
ARM GAS  C:\Users\IYANG~1.DES\AppData\Local\Temp\ccEjDzG7.s 			page 9


 122 00ad 72549741 		.ascii	"rT\227A97\230U\326\252(w\266;\305%%\361\311j\214\354"
 122      39379855 
 122      D6AA2877 
 122      B63BC525 
 122      25F1C96A 
 123 00c3 D64565B0 		.ascii	"\326Ee\260\3116\263\260rBW\206O\365\333;w\357\213T\331"
 123      C936B3B0 
 123      72425786 
 123      4FF5DB3B 
 123      77EF8B54 
 124 00d8 78B5DF07 		.ascii	"x\265\337\007v\261\223\264`\263\206Cxq\0049 \216\261"
 124      76B193B4 
 124      60B38643 
 124      78710439 
 124      208EB1
 125 00eb 0BAA62F3 		.ascii	"\013\252b\363+\363\241;\202\232\243y\266W8\357W\002"
 125      2BF3A13B 
 125      829AA379 
 125      B65738EF 
 125      5702
 126 00fd 98221425 		.ascii	"\230\"\024%+\241Z\246\336\347@\272\344$\224O\227JC\012"
 126      2BA15AA6 
 126      DEE740BA 
 126      E424944F 
 126      974A430A 
 127 0111 D20DC249 		.ascii	"\322\015\302I\017J\325\262\001\207qI\214j\300_\325\333"
 127      0F4AD5B2 
 127      01877149 
 127      8C6AC05F 
 127      D5DB
 128 0123 046A0339 		.ascii	"\004j\0039\222o\316\214\232\361\345us5\034\214m\304"
 128      926FCE8C 
 128      9AF1E575 
 128      73351C8C 
 128      6DC4
 129 0135 23666831 		.ascii	"#fh1\030\233\236\010\315\257\255\230\361\250\374\017"
 129      189B9E08 
 129      CDAFAD98 
 129      F1A8FC0F 
 130 0145 2FCCCE8C 		.ascii	"/\314\316\214E\350\027\011G}\205"
 130      45E81709 
 130      477D85
 131              		.text
 132              		.section	.gnu.lto_Hibernate_LED_SetInterruptMode.183f1b2c,"",%progbits
 133 0000 789C6D91 		.ascii	"x\234m\221Oh\023Q\020\306\337\367v\263\3316\021\213"
 133      4F681351 
 133      10C6DFF7 
 133      76B3D936 
 133      118B
 134 0012 A7121085 		.ascii	"\247\022\020\205\022\002\012^\364\340M\241\212\036D"
 134      12020A5E 
 134      F4E04DA1 
 134      8A1E44
 135 0021 0ABD168A 		.ascii	"\012\275\026\212\266\253\344`\"1\236<tS\323\024\304"
 135      B6ABE460 
 135      22319E3C 
 135      7453D314 
ARM GAS  C:\Users\IYANG~1.DES\AppData\Local\Temp\ccEjDzG7.s 			page 10


 135      C4
 136 0032 43A8458A 		.ascii	"C\250E\212\241hPik4\215VEs\012Q\264\340\177\020\013"
 136      A1685069 
 136      6B348D56 
 136      45730A51 
 136      B4E07F10 
 137 0047 5562A989 		.ascii	"Ub\251\211ZPiL4\215X\342\314n<\024]\330\367\336\374"
 137      5A50694C 
 137      348D58E2 
 137      CC6E3C14 
 137      5DD8F7DE 
 138 005c 98F9DE37 		.ascii	"\230\371\3367\363\024\361\357\347\241\377\212\024b\027"
 138      F314F1EF 
 138      E7A1FF8A 
 138      146217
 139 006b ED500464 		.ascii	"\355P\004d\374\271\020\021]\002|\020\020\003\022\003"
 139      FCB91011 
 139      5D027C10 
 139      10031203 
 140 007b 58926589 		.ascii	"X\222e\211x.5\346\362]5Ms\371{\245}\250\275Ne\025i\313"
 140      782E35E6 
 140      F25D354D 
 140      73F97BA5 
 140      7DA8BD4E 
 141 0093 60023E4A 		.ascii	"`\002>J)\335K\236R\266@\320\361\311\342J\305\375Y\326"
 141      29DD4B9E 
 141      52B640D0 
 141      F1C9E24A 
 141      C5FD59D6 
 142 00a7 25DA38BC 		.ascii	"%\3328\2740W\252*\034J\311a\352\341h\306\351\275l\232"
 142      3057AA2A 
 142      1C4AC961 
 142      EAE168C6 
 142      E9BD6C9A 
 143 00bb 83B97719 		.ascii	"\203\271w\031s7q\005\223PH\016S\360\340\032<\202\220"
 143      73377105 
 143      9350480E 
 143      53F0E01A 
 143      3C8290
 144 00ce 400A5ECA 		.ascii	"@\012^\312\376T_\232X\247l\267t\027#\027\177\270\354"
 144      FE545F9A 
 144      58A76CB7 
 144      74172317 
 144      7FB8EC
 145 00e1 CAD5BF95 		.ascii	"\312\325\277\225\327\377Sy\003^N\177\371`\364\203C\331"
 145      D7FF5379 
 145      035E4E7F 
 145      F960F483 
 145      43D9
 146 00f3 6995DE4F 		.ascii	"i\225\336OW\237\271,K\2339\314\216\314\216i\226%\225"
 146      579FB92C 
 146      4B9B39CC 
 146      8ECC8E69 
 146      962595
 147 0106 C3AFE7F3 		.ascii	"\303\257\347\363\011\331\221$\341\205\251\341\307ns"
 147      09D99124 
 147      E185A9E1 
ARM GAS  C:\Users\IYANG~1.DES\AppData\Local\Temp\ccEjDzG7.s 			page 11


 147      C76E73
 148 0115 D68C2E34 		.ascii	"\326\214.4\032\233\352RE\332\326\237&\375\014<\315\311"
 148      1A9BEA52 
 148      45DAD69F 
 148      26FD0C3C 
 148      CDC9
 149 0127 514939BA 		.ascii	"QI9\272:\347\322\2424\2216\334D\207=\015\334\202\006"
 149      3AE7D2A2 
 149      349136DC 
 149      44873D0D 
 149      DC8206
 150 013a DA984C6F 		.ascii	"\332\230Lo\310\231\215\306\314\353s\223[\025\267$c\016"
 150      C8998DC6 
 150      CCEB7393 
 150      5B15B724 
 150      630E
 151 014c 05DC93CA 		.ascii	"\005\334\223\312G\007/\232\340<'\330\257N@ka\332\312"
 151      47072F9A 
 151      E03C27D8 
 151      AF4E406B 
 151      61DACA
 152 015f 8B1045D2 		.ascii	"\213\020E\322\343g(\321\320hW\346\221\377y\246\220\355"
 152      E36728D1 
 152      D06857E6 
 152      91FF79A6 
 152      90ED
 153 0171 E22B6A92 		.ascii	"\342+j\222\337$\375m(\255s\017\316\263\321\270i\365"
 153      DF24FD6D 
 153      28AD730F 
 153      CEB3D1B8 
 153      69F5
 154 0183 F1BEF8E2 		.ascii	"\361\276\370\342\225\215,\217\227\022\217\312\353\307"
 154      958D2C8F 
 154      97128FCA 
 154      EBC7
 155 0191 91884451 		.ascii	"\221\210DQ\227:f\250\207\333\334\003\356`\034b\036\203"
 155      973A66A8 
 155      87DBDC03 
 155      EE601C62 
 155      1E83
 156 01a3 85E1A79A 		.ascii	"\205\341\247\232-\250\326hpD~\305~\2536q\020$rz%\366"
 156      2DA8D668 
 156      70447EC5 
 156      7EAB3671 
 156      1024727A 
 157 01b9 0536E17B 		.ascii	"\0056\341{\211\2137\220V\243d\236\240\235\3631\273\334"
 157      898B3790 
 157      56A3649E 
 157      A09DF331 
 157      BBDC
 158 01cb CCD249A9 		.ascii	"\314\322I\251F\006X\336i\243\026\242\234V\215\025\233"
 158      460658DE 
 158      69A316A2 
 158      9C568D15 
 158      9B
 159 01dc E2AD16E4 		.ascii	"\342\255\026\344\332\374Hr#\2635v#9\307Z\303w\3110U"
 159      DAFC4872 
ARM GAS  C:\Users\IYANG~1.DES\AppData\Local\Temp\ccEjDzG7.s 			page 12


 159      23B33576 
 159      2339C75A 
 159      C377C930 
 160 01f1 890222B9 		.ascii	"\211\002\"\271\267\0079\237\237\241(\301\263\241I\371"
 160      B707399F 
 160      9FA128C1 
 160      B3A149F9 
 161 0201 F6190123 		.ascii	"\366\031\001#t(l\364\367v\007O\206\372\214\236\256\356"
 161      74286CF4 
 161      F776074F 
 161      86FA8C9E 
 161      AEEE
 162 0213 60E78E9E 		.ascii	"`\347\216\236\375\376\303F(@\274\367\300\336=\333\372"
 162      FDFEC346 
 162      2840BCF7 
 162      C0DE3DDB 
 162      FA
 163 0224 847E3C78 		.ascii	"\204~<x\302\037\366\007\003\352\261`\277\341\364\007"
 163      C21FF607 
 163      03EAB160 
 163      BFE1F407 
 164 0234 C2A1CE23 		.ascii	"\302\241\316#G\377\000\272]\377z"
 164      47FF00BA 
 164      5DFF7A
 165              		.text
 166              		.section	.gnu.lto_Hibernate_LED_ClearInterrupt.183f1b2c,"",%progbits
 167 0000 789C6590 		.ascii	"x\234e\220OHTQ\024\306\317w\356\374\263\211\210V1\233"
 167      4F485451 
 167      14C6CF77 
 167      EEFCB389 
 167      8856319B 
 168 0014 162E0623 		.ascii	"\026.\006#ZE\213VAI-Z\010\263\025d\322\267\220Hc\034"
 168      5A458B56 
 168      41492D5A 
 168      08B31564 
 168      D2B79048 
 169 002a B779479F 		.ascii	"\267yG\237\016\346f0\002A\\HHf\245\342B\0242\206!\\"
 169      0EE66630 
 169      02415C48 
 169      4866A5E2 
 169      42143286 
 170 0040 4521428A 		.ascii	"E!B\212\305$dd\033I\264\251g\345\353\234\367Z$]x\357"
 170      C5246464 
 170      1B49B4A9 
 170      67E5EB9C 
 170      F75A245D 
 171 0056 DEF7BDF3 		.ascii	"\336\367\275\363\375\316w\217\241\377WJ\236w \272(;"
 171      FDCE778F 
 171      A1FF574A 
 171      9E7720BA 
 171      283B
 172 0068 0C814BAF 		.ascii	"\014\201K\257\211\012\011\006\364@\240\036F\017\276"
 172      890A0906 
 172      F440A01E 
 172      460FBE
 173 0077 F02EE3D5 		.ascii	"\360.\343\325\342\341*\322\023\326\366~\255\374|\237"
 173      E2E12AD2 
ARM GAS  C:\Users\IYANG~1.DES\AppData\Local\Temp\ccEjDzG7.s 			page 13


 173      13D6F67E 
 173      ADFC7C9F 
 174 0087 EC3FED31 		.ascii	"\354?\3551\321\036\023\316\245\320\240\034<B\232\244"
 174      D11E13CE 
 174      A5D0A01C 
 174      3C429AA4 
 175 0097 F0C1C7C1 		.ascii	"\360\301\307\301\035\230\263\320s\315\037\232J\324\217"
 175      1D98B3D0 
 175      73CD1F9A 
 175      4AD48F
 176 00a6 8B69B35A 		.ascii	"\213i\263Z\\N\332\021\353n\372\376\031\261b\022\346"
 176      5C4EDA11 
 176      EB6EFAFE 
 176      19B16212 
 176      E6
 177 00b7 5FB72E31 		.ascii	"_\267.1\354\272\277\327\2221\327Z{\022\217Q\257\015"
 177      ECBABFD7 
 177      9231D75A 
 177      7B128F51 
 177      AF0D
 178 00c9 843C8598 		.ascii	"\204<\205\230\204\204*3\247\312\326\367\367v\356O^2"
 178      84842A33 
 178      A7CAD6F7 
 178      F776EE4F 
 178      5E32
 179 00db 09268F25 		.ascii	"\011&\217%\266\307\034!\375\031\325\3578i2\332\222\227"
 179      B6C71C21 
 179      FD19D5EF 
 179      386932DA 
 179      9297
 180 00ed 5EE213B3 		.ascii	"^\342\023\263\356f\003\225\332\275\332\322]\205}g\275"
 180      EE660395 
 180      DABDDAD2 
 180      5D857D67 
 180      BD
 181 00fe D1F3FD6F 		.ascii	"\321\363\375oC\274\315\036\233\222[\262\021m\377a\353"
 181      43BCCD1E 
 181      9B925BB2 
 181      116DFF61 
 181      EB
 182 010f CD4A2290 		.ascii	"\315J\"\220\2024\237\267\313\007f\014\243\005\027\036"
 182      82349FB7 
 182      CB07660C 
 182      A305171E 
 183 011f 47F00429 		.ascii	"G\360\004)<\205\244\3053\214\2016\320\273^\374\305!"
 183      3C85A4C5 
 183      338C8136 
 183      D0BB5EFC 
 183      C521
 184 0131 D0085394 		.ascii	"\320\010S\224\276\037\003/\021*\021\021\2051\367pb\276"
 184      BE1F032F 
 184      112A1111 
 184      8531F770 
 184      62BE
 185 0143 4E917C99 		.ascii	"N\221|\2310-\356\267\010,\232W\212\224R-\036.\335\011"
 185      302DEEB7 
 185      082C9A57 
ARM GAS  C:\Users\IYANG~1.DES\AppData\Local\Temp\ccEjDzG7.s 			page 14


 185      8A94522D 
 185      1E2EDD09 
 186 0157 4DD150AA 		.ascii	"M\321P\252\014\007\220#\021\012e>\032bFB\210C\273V\007"
 186      0C079023 
 186      110A653E 
 186      1A624642 
 186      8843BB56 
 187 016c 965F1C0B 		.ascii	"\226_\034\013\011q!\210o\270\177a\341\204\266\215\306"
 187      09712188 
 187      6FB87F61 
 187      E184B68D 
 187      C6
 188 017d 08B3525F 		.ascii	"\010\263R_\305\337\\\361`8\320\241\310\210\322\327\234"
 188      C5DF5CF1 
 188      6038D0A1 
 188      C888D2D7 
 188      9C
 189 018e 0E2797CD 		.ascii	"\016'\227\315;m-\231\316\356\\\253\323\334\224\351\274"
 189      3B6D2D99 
 189      CEEE5CAB 
 189      D3DC94E9 
 189      BC
 190 019f 72A1F97A 		.ascii	"r\241\371z\373M'\327!z\313\215\306\253\347[\351\370"
 190      FB4D27D7 
 190      217ACB8D 
 190      C6ABE75B 
 190      E9F8
 191 01b1 ED6CD72D 		.ascii	"\355l\327-\247-\223\317\346\273\273\376\000\351\034"
 191      A72D93CF 
 191      E6BBBBFE 
 191      00E91C
 192 01c0 B80D     		.ascii	"\270\015"
 193              		.text
 194              		.section	.gnu.lto_.symbol_nodes.183f1b2c,"",%progbits
 195 0000 789C55C7 		.ascii	"x\234U\307;\015\000 \020D\301w\037\022tbd-\240\200\240"
 195      3B0D0020 
 195      1044C177 
 195      1F127462 
 195      642DA080 
 196 0015 084D3414 		.ascii	"\010M4\024\334t\023\300\340q\004\363\200\304\332\035"
 196      DC7413C0 
 196      E07104F3 
 196      80C4DA1D 
 197 0025 3759B9CB 		.ascii	"7Y\271\313\313CQ\236\312\362\246\366\237\013\351b\031"
 197      CB43519E 
 197      CAF2A6F6 
 197      9F0BE962 
 197      19
 198 0036 56       		.ascii	"V"
 199              		.text
 200              		.section	.gnu.lto_.refs.183f1b2c,"",%progbits
 201 0000 789C6366 		.ascii	"x\234cf```d\200\002\000\000=\000\005"
 201      60606064 
 201      80020000 
 201      3D0005
 202              		.text
 203              		.section	.gnu.lto_.decls.183f1b2c,"",%progbits
ARM GAS  C:\Users\IYANG~1.DES\AppData\Local\Temp\ccEjDzG7.s 			page 15


 204 0000 789C8D54 		.ascii	"x\234\215TaL\033e\030\376\336\273\266\224\243aD\023"
 204      614C1B65 
 204      18FEDEBB 
 204      B694A361 
 204      4413
 205 0012 A6CDA2ED 		.ascii	"\246\315\242\355\037\214\011Y\302f\214\377\374\001f"
 205      1F8C0959 
 205      C2668CFF 
 205      FC0166
 206 0021 6AD49011 		.ascii	"j\324\220\021\343\217-!\025.\033\211\201\245\036&\373"
 206      E38F2D21 
 206      152E1B89 
 206      81A51E26 
 206      FB
 207 0032 F7495956 		.ascii	"\367IYVu1\254\221\0147u$v\202\233C\006\035P\350\240"
 207      7531AC91 
 207      0C377524 
 207      76829B43 
 207      061D50E8 
 208 0047 0C1820E0 		.ascii	"\014\030 \340D\315\0205\003\266\260\241KH\331\272\244"
 208      44CD1035 
 208      03B6B0A1 
 208      4B48D9BA 
 208      A4
 209 0058 CBE6CEF7 		.ascii	"\313\346\316\367\373\356\256w\225[\334%/\334\367\366"
 209      FBEEAE77 
 209      955BDC25 
 209      2FDCF7F6 
 210 0068 7D9EF7F9 		.ascii	"}\236\367\371\236\367\315\211\204\220N D\305Gp\022\342"
 210      9EF7CD89 
 210      84904E20 
 210      44C54770 
 210      12E2
 211 007a C0F73CCC 		.ascii	"\300\367<\314U\022\363qa\364`\3040\3721\342\030\023"
 211      5512F371 
 211      61F460C4 
 211      30FA31E2 
 211      1813
 212 008c 189364F3 		.ascii	"\030\223d\363\323\243\3273\374Y\014?\306<\306e\214\327"
 212      D3A3D733 
 212      FC590C3F 
 212      C63CC665 
 212      8CD7
 213 009e F51AD0EB 		.ascii	"\365\032\320\353\376\373\304l\260\305\026\274\201\215"
 213      FEFBC46C 
 213      B0C516BC 
 213      818D
 214 00ac D960992E 		.ascii	"\331`\231.\347\377\364\354\267\301\305\037\003\027\267"
 214      E7FFF4EC 
 214      B7C1C51F 
 214      0317B7
 215 00bb C1B1FBE7 		.ascii	"\301\261\373\347\353Z\0131<\030I\2149\235\307g\243{"
 215      EB5A0B31 
 215      3C18498C 
 215      399DC767 
 215      A37B
 216 00cd C2866752 		.ascii	"\302\206gR\277\263\335}\255\032\354\274\336\020 \336"
ARM GAS  C:\Users\IYANG~1.DES\AppData\Local\Temp\ccEjDzG7.s 			page 16


 216      BFB3DD7D 
 216      AD1AECBC 
 216      DE1020DE 
 217 00dd 959E2B58 		.ascii	"\225\236+X\023\240P\362\261\343`d\252\315\205G\217\344"
 217      13A050F2 
 217      B1E36064 
 217      AACD8547 
 217      8FE4
 218 00ef 60C72B23 		.ascii	"`\307+#\207\017\273E\001\330\373\327m+\277J\245\247"
 218      870FBB45 
 218      01D8FBD7 
 218      6D2BBF4A 
 218      A5A7
 219 0101 29A5619A 		.ascii	")\245a\232L\202I\361\3417CG\362\020S,\361\343\2473\307"
 219      4C8249F1 
 219      E1374347 
 219      F210532C 
 219      F1E3A733 
 220 0116 47457E54 		.ascii	"GE~T\031NX\\\374\354\236\010RI\230\322&\232\212P\361"
 220      194E585C 
 220      FCEC9E08 
 220      524998D2 
 220      269A8A50 
 221 012b 2902A55E 		.ascii	")\002\245^x\336K\240\013J\260\014NC)\2013\340\205\357"
 221      78DE4BA0 
 221      0B4AB00C 
 221      4E432981 
 221      33E085EF 
 222 013f C04BA2D8 		.ascii	"\300K\242\330 u2\365\3736J\035p\026$\370\026D^\201\327"
 222      207532F5 
 222      FB364A1D 
 222      701624F8 
 222      16445E81 
 223 0154 601DF4A6 		.ascii	"`\035\364\246-\207F[\034\016\001\223\254f\017W{W]9%"
 223      2D87465B 
 223      1C0E0193 
 223      AC660F57 
 223      7B575D39 
 224 0169 6C6D4502 		.ascii	"lmE\002\332\022\242E\016\250,\206\016\244\355DZ\002"
 224      DA12A245 
 224      0EA82C86 
 224      0EA4ED44 
 224      5A02
 225 017b DDB015FF 		.ascii	"\335\260\025\377~\017\016\215\240\377\314\241UA,\343"
 225      7E0F0E8D 
 225      A0FFCCA1 
 225      55412CE3 
 226 018b 57CBCC8D 		.ascii	"W\313\314\215\024\371\276\242\355\335\251/B7*\217\206"
 226      14F9BEA2 
 226      EDDDA92F 
 226      42372A8F 
 226      86
 227 019c 68942EAB 		.ascii	"h\224.\253\352\263\034\003\347\262\375\011{\327\014"
 227      EAB31C03 
 227      E7B2FD09 
 227      7BD70C
 228 01ab ED011FE2 		.ascii	"\355\001\037\342&\227\222\277\200\250p\216\216\360\235"
ARM GAS  C:\Users\IYANG~1.DES\AppData\Local\Temp\ccEjDzG7.s 			page 17


 228      269792BF 
 228      80A8708E 
 228      8EF09D
 229 01ba 848B932C 		.ascii	"\204\213\223,/\215\311\311f\372@UE\215\241\327\302\320"
 229      2F8DC9C9 
 229      66FA4055 
 229      458DA1D7 
 229      C2D0
 230 01cc 6B30C438 		.ascii	"k0\3048\303G\315\335\242U1\273\214)\371<\227\274GW\374"
 230      C347CDDD 
 230      A25531BB 
 230      8C29F93C 
 230      97BC4757 
 231 01e1 E0D8E05F 		.ascii	"\340\330\340_n1\014\274]\363\370\330\332\026\255]\333"
 231      6E310CBC 
 231      5DF3F8D8 
 231      DA16AD5D 
 231      DB
 232 01f2 AAD90E11 		.ascii	"\252\331\016\021\320gi\327g\264\353\347\355\306S\027"
 232      D06769D7 
 232      67B4EBE7 
 232      EDC65317 
 233 0202 EE3BC513 		.ascii	"\356;\305\023\032E\272k}\330\303)\332gO\271\246hRU_"
 233      1A45BA6B 
 233      7DD8C329 
 233      DA674FB9 
 233      A6685255 
 234 0217 E6040316 		.ascii	"\346\004\003\026\202\001\203 \316\011f\256e\356x\370"
 234      82018320 
 234      CE0966AE 
 234      65EE78F8 
 235 0227 BA14318A 		.ascii	"\272\0241\212\343\013\253i\221\257\213\300\216_\336"
 235      E30BAB69 
 235      91AF8BC0 
 235      8E5FDE
 236 0236 5E4FE48B 		.ascii	"^O\344\213\3475zc-|\332Z\034\273\225\211\271\371\221"
 236      E7357A63 
 236      2D7CDA5A 
 236      1CBB9589 
 236      B9F991
 237 0249 09C5BDB8 		.ascii	"\011\305\275\270\177\275\253\303\005%\2226\360\333\332"
 237      7FBDABC3 
 237      05259236 
 237      F0DBDA
 238 0258 C09378FF 		.ascii	"\300\223x\377\2049p\237>p\276;4D\235\235\205\004\006"
 238      8439709F 
 238      3E70BE3B 
 238      34449D9D 
 238      850406
 239 026b D19F21F4 		.ascii	"\321\237!\364\007Fp}|\372\372\\\300\3440&\261S\"\372"
 239      0746707D 
 239      7CFAFA5C 
 239      C0E43026 
 239      B15322FA 
 240 027f F77A015F 		.ascii	"\367z\001_\215dv5BW\207\256\272\263\271Q\340\311\331"
 240      8D647635 
 240      425787AE 
ARM GAS  C:\Users\IYANG~1.DES\AppData\Local\Temp\ccEjDzG7.s 			page 18


 240      BAB3B951 
 240      E0C9D9
 241 0292 7464C1F1 		.ascii	"td\301\361\310}\031\343\346_4\366e\261\251Uu\212\011"
 241      C87D19E3 
 241      E65F34F6 
 241      65B1A955 
 241      758A09
 242 02a5 ED6ED36B 		.ascii	"\355n\323k\377\334\225\364\215\271~\263\354s\332\336"
 242      FFDC95F4 
 242      8DB97EB3 
 242      EC73DADE 
 243 02b5 441FAAB8 		.ascii	"D\037\252\270\357\014\005\343\026\377\306\015\377&\270"
 243      EF0C05E3 
 243      16FFC60D 
 243      FF26B8
 244 02c4 7F375257 		.ascii	"\1777RW\216\026\210\177h,\311\326\341\225\002m\206\177"
 244      8E16887F 
 244      682CC9D6 
 244      E195026D 
 244      867F
 245 02d6 DECC9DE1 		.ascii	"\336\314\235\341%\013\305%\203b\222S\204#}\267\234b"
 245      250BC525 
 245      83629253 
 245      84237DB7 
 245      9C62
 246 02e8 26D764BF 		.ascii	"&\327d\277f\362\322\211{\321|~d\237\343-,\265\362\333"
 246      66F2D289 
 246      7BD17C7E 
 246      649FE32D 
 246      2CB5F2DB 
 247 02fc 42224F7C 		.ascii	"B\"O|\310\313\205\241\213\221y)\353yZ\363|\016\035\231"
 247      C8CB85A1 
 247      8B917929 
 247      EB795AF3 
 247      7C0E1D99 
 248 0310 313DF75B 		.ascii	"1=\367[=G_\362\247\320s\303\026\230E\317\375\272\347"
 248      3D475FF2 
 248      A7D073C3 
 248      169845CF 
 248      FDBAE7
 249 0323 D398FC41 		.ascii	"\323\230\374A\363\374\347\326\215\223n)\314f\364\230"
 249      F3FCE7D6 
 249      8D936E29 
 249      CC66F498 
 250 0333 10E193CC 		.ascii	"\020\341\223\314\332F\241\366]\260\001\375d\003b\252"
 250      DA46A1F6 
 250      5DB001FD 
 250      640362AA 
 251 0343 978FF446 		.ascii	"\227\217\364F\005\246\3722\252\2362U\377\010\346\267"
 251      05A6FA32 
 251      AA9E3255 
 251      FF08E6B7 
 252 0353 6160FADC 		.ascii	"a`\372\3345\301\363\261\251\237\027\233\223\235\007"
 252      35C1F3B1 
 252      A99F179B 
 252      939D07
 253 0362 0FF793FD 		.ascii	"\017\367\223\375w6\326\325+/\271v\275\365\266\257\234"
ARM GAS  C:\Users\IYANG~1.DES\AppData\Local\Temp\ccEjDzG7.s 			page 19


 253      7736D6D5 
 253      2B2FB976 
 253      BDF5B6AF 
 253      9C
 254 0373 F877C9F5 		.ascii	"\370w\311\365r0\240\310\265\325U\015\215\301\032yoe"
 254      7230A0C8 
 254      B5D5550D 
 254      8DC11A79 
 254      6F65
 255 0385 5543F90B 		.ascii	"UC\371\013{k\016*\007\017\310\357o\337O\274\257\326"
 255      7B6B0E2A 
 255      070FC8EF 
 255      6FDF4FBC 
 255      AFD6
 256 0397 BD2B07EB 		.ascii	"\275+\007\353\261\244\372\215W*\252\253d\245\"X\367"
 256      B1A4FA8D 
 256      572AAAAB 
 256      64A52258 
 256      F7
 257 03a8 81FC6643 		.ascii	"\201\374fC\255\374\334#\3009\210\3555\344\311\\\212"
 257      ADFCDC23 
 257      C03988ED 
 257      35E4C95C 
 257      8A
 258 03b9 7782758A 		.ascii	"w\202u\212\374Dnn\267\034\250}zs\252\"\240\004v\313"
 258      FC446E6E 
 258      B71CA87D 
 258      7A73AA22 
 258      A00476CB 
 259 03cd FB5C4C72 		.ascii	"\373\\Lr\331\213\317l\222\362Z\275\"\007\203\215\007"
 259      D98BCF6C 
 259      92F25ABD 
 259      2207838D 
 259      07
 260 03de 1426675B 		.ascii	"\024&g[\356\317\345\357\311\201`\266\300\031\224\367"
 260      EECFE5EF 
 260      C98160B6 
 260      C01994F7 
 261 03ee EDDCC189 		.ascii	"\355\334\301\211v\356\370\027#(\012E"
 261      76EEF817 
 261      23280A45 
 262              		.text
 263              		.section	.gnu.lto_.symtab.183f1b2c,"",%progbits
 264 0000 48696265 		.ascii	"Hibernate_LED_SetDriveMode\000\000\000\000\000\000\000"
 264      726E6174 
 264      655F4C45 
 264      445F5365 
 264      74447269 
 265 0021 00000000 		.ascii	"\000\000\000\000\000\262\000\000\000Hibernate_LED_W"
 265      00B20000 
 265      00486962 
 265      65726E61 
 265      74655F4C 
 266 0039 72697465 		.ascii	"rite\000\000\000\000\000\000\000\000\000\000\000\000"
 266      00000000 
 266      00000000 
 266      00000000 
ARM GAS  C:\Users\IYANG~1.DES\AppData\Local\Temp\ccEjDzG7.s 			page 20


 267 0049 B4000000 		.ascii	"\264\000\000\000Hibernate_LED_Read\000\000\000\000\000"
 267      48696265 
 267      726E6174 
 267      655F4C45 
 267      445F5265 
 268 0064 00000000 		.ascii	"\000\000\000\000\000\000\000\267\000\000\000Hiberna"
 268      000000B7 
 268      00000048 
 268      69626572 
 268      6E61
 269 0076 74655F4C 		.ascii	"te_LED_ReadDataReg\000\000\000\000\000\000\000\000\000"
 269      45445F52 
 269      65616444 
 269      61746152 
 269      65670000 
 270 0091 000000B9 		.ascii	"\000\000\000\271\000\000\000Hibernate_LED_SetInterr"
 270      00000048 
 270      69626572 
 270      6E617465 
 270      5F4C4544 
 271 00af 7570744D 		.ascii	"uptMode\000\000\000\000\000\000\000\000\000\000\000"
 271      6F646500 
 271      00000000 
 271      00000000 
 271      0000
 272 00c1 00C50000 		.ascii	"\000\305\000\000\000Hibernate_LED_ClearInterrupt\000"
 272      00486962 
 272      65726E61 
 272      74655F4C 
 272      45445F43 
 273 00e3 00000000 		.ascii	"\000\000\000\000\000\000\000\000\000\000\000\307\000"
 273      00000000 
 273      000000C7 
 273      00
 274 00f0 0000     		.ascii	"\000\000"
 275              		.text
 276              		.section	.gnu.lto_.opts,"",%progbits
 277 0000 272D666E 		.ascii	"'-fno-trapv' '-mcpu=cortex-m0' '-mthumb' '-g' '-O3'"
 277      6F2D7472 
 277      61707627 
 277      20272D6D 
 277      6370753D 
 278 0033 20272D66 		.ascii	" '-ffunction-sections' '-finline-functions' '-flto'"
 278      66756E63 
 278      74696F6E 
 278      2D736563 
 278      74696F6E 
 279 0066 20272D66 		.ascii	" '-ffat-lto-objects'\000"
 279      6661742D 
 279      6C746F2D 
 279      6F626A65 
 279      63747327 
 280              		.text
 281              		.cfi_sections	.debug_frame
 282              		.section	.text.Hibernate_LED_SetDriveMode,"ax",%progbits
 283              		.align	2
 284              		.global	Hibernate_LED_SetDriveMode
ARM GAS  C:\Users\IYANG~1.DES\AppData\Local\Temp\ccEjDzG7.s 			page 21


 285              		.code	16
 286              		.thumb_func
 287              		.type	Hibernate_LED_SetDriveMode, %function
 288              	Hibernate_LED_SetDriveMode:
 289              	.LFB0:
 290              		.file 1 "Generated_Source\\PSoC4\\Hibernate_LED.c"
   1:Generated_Source\PSoC4/Hibernate_LED.c **** /*******************************************************************************
   2:Generated_Source\PSoC4/Hibernate_LED.c **** * File Name: Hibernate_LED.c  
   3:Generated_Source\PSoC4/Hibernate_LED.c **** * Version 2.20
   4:Generated_Source\PSoC4/Hibernate_LED.c **** *
   5:Generated_Source\PSoC4/Hibernate_LED.c **** * Description:
   6:Generated_Source\PSoC4/Hibernate_LED.c **** *  This file contains API to enable firmware control of a Pins component.
   7:Generated_Source\PSoC4/Hibernate_LED.c **** *
   8:Generated_Source\PSoC4/Hibernate_LED.c **** ********************************************************************************
   9:Generated_Source\PSoC4/Hibernate_LED.c **** * Copyright 2008-2015, Cypress Semiconductor Corporation.  All rights reserved.
  10:Generated_Source\PSoC4/Hibernate_LED.c **** * You may use this file only in accordance with the license, terms, conditions, 
  11:Generated_Source\PSoC4/Hibernate_LED.c **** * disclaimers, and limitations in the end user license agreement accompanying 
  12:Generated_Source\PSoC4/Hibernate_LED.c **** * the software package with which this file was provided.
  13:Generated_Source\PSoC4/Hibernate_LED.c **** *******************************************************************************/
  14:Generated_Source\PSoC4/Hibernate_LED.c **** 
  15:Generated_Source\PSoC4/Hibernate_LED.c **** #include "cytypes.h"
  16:Generated_Source\PSoC4/Hibernate_LED.c **** #include "Hibernate_LED.h"
  17:Generated_Source\PSoC4/Hibernate_LED.c **** 
  18:Generated_Source\PSoC4/Hibernate_LED.c **** 
  19:Generated_Source\PSoC4/Hibernate_LED.c **** #if defined(Hibernate_LED__PC)
  20:Generated_Source\PSoC4/Hibernate_LED.c ****     #define Hibernate_LED_SetP4PinDriveMode(shift, mode)  \
  21:Generated_Source\PSoC4/Hibernate_LED.c ****     do { \
  22:Generated_Source\PSoC4/Hibernate_LED.c ****         Hibernate_LED_PC =   (Hibernate_LED_PC & \
  23:Generated_Source\PSoC4/Hibernate_LED.c ****                                 (uint32)(~(uint32)(Hibernate_LED_DRIVE_MODE_IND_MASK << \
  24:Generated_Source\PSoC4/Hibernate_LED.c ****                                 (Hibernate_LED_DRIVE_MODE_BITS * (shift))))) | \
  25:Generated_Source\PSoC4/Hibernate_LED.c ****                                 (uint32)((uint32)(mode) << \
  26:Generated_Source\PSoC4/Hibernate_LED.c ****                                 (Hibernate_LED_DRIVE_MODE_BITS * (shift))); \
  27:Generated_Source\PSoC4/Hibernate_LED.c ****     } while (0)
  28:Generated_Source\PSoC4/Hibernate_LED.c **** #else
  29:Generated_Source\PSoC4/Hibernate_LED.c ****     #if (CY_PSOC4_4200L)
  30:Generated_Source\PSoC4/Hibernate_LED.c ****         #define Hibernate_LED_SetP4PinDriveMode(shift, mode)  \
  31:Generated_Source\PSoC4/Hibernate_LED.c ****         do { \
  32:Generated_Source\PSoC4/Hibernate_LED.c ****             Hibernate_LED_USBIO_CTRL_REG = (Hibernate_LED_USBIO_CTRL_REG & \
  33:Generated_Source\PSoC4/Hibernate_LED.c ****                                     (uint32)(~(uint32)(Hibernate_LED_DRIVE_MODE_IND_MASK << \
  34:Generated_Source\PSoC4/Hibernate_LED.c ****                                     (Hibernate_LED_DRIVE_MODE_BITS * (shift))))) | \
  35:Generated_Source\PSoC4/Hibernate_LED.c ****                                     (uint32)((uint32)(mode) << \
  36:Generated_Source\PSoC4/Hibernate_LED.c ****                                     (Hibernate_LED_DRIVE_MODE_BITS * (shift))); \
  37:Generated_Source\PSoC4/Hibernate_LED.c ****         } while (0)
  38:Generated_Source\PSoC4/Hibernate_LED.c ****     #endif
  39:Generated_Source\PSoC4/Hibernate_LED.c **** #endif
  40:Generated_Source\PSoC4/Hibernate_LED.c ****   
  41:Generated_Source\PSoC4/Hibernate_LED.c **** 
  42:Generated_Source\PSoC4/Hibernate_LED.c **** #if defined(Hibernate_LED__PC) || (CY_PSOC4_4200L) 
  43:Generated_Source\PSoC4/Hibernate_LED.c ****     /*******************************************************************************
  44:Generated_Source\PSoC4/Hibernate_LED.c ****     * Function Name: Hibernate_LED_SetDriveMode
  45:Generated_Source\PSoC4/Hibernate_LED.c ****     ****************************************************************************//**
  46:Generated_Source\PSoC4/Hibernate_LED.c ****     *
  47:Generated_Source\PSoC4/Hibernate_LED.c ****     * \brief Sets the drive mode for each of the Pins component's pins.
  48:Generated_Source\PSoC4/Hibernate_LED.c ****     * 
  49:Generated_Source\PSoC4/Hibernate_LED.c ****     * <b>Note</b> This affects all pins in the Pins component instance. Use the
  50:Generated_Source\PSoC4/Hibernate_LED.c ****     * Per-Pin APIs if you wish to control individual pin's drive modes.
  51:Generated_Source\PSoC4/Hibernate_LED.c ****     *
ARM GAS  C:\Users\IYANG~1.DES\AppData\Local\Temp\ccEjDzG7.s 			page 22


  52:Generated_Source\PSoC4/Hibernate_LED.c ****     * <b>Note</b> USBIOs have limited drive functionality. Refer to the Drive Mode
  53:Generated_Source\PSoC4/Hibernate_LED.c ****     * parameter for more information.
  54:Generated_Source\PSoC4/Hibernate_LED.c ****     *
  55:Generated_Source\PSoC4/Hibernate_LED.c ****     * \param mode
  56:Generated_Source\PSoC4/Hibernate_LED.c ****     *  Mode for the selected signals. Valid options are documented in 
  57:Generated_Source\PSoC4/Hibernate_LED.c ****     *  \ref driveMode.
  58:Generated_Source\PSoC4/Hibernate_LED.c ****     *
  59:Generated_Source\PSoC4/Hibernate_LED.c ****     * \return
  60:Generated_Source\PSoC4/Hibernate_LED.c ****     *  None
  61:Generated_Source\PSoC4/Hibernate_LED.c ****     *
  62:Generated_Source\PSoC4/Hibernate_LED.c ****     * \sideeffect
  63:Generated_Source\PSoC4/Hibernate_LED.c ****     *  If you use read-modify-write operations that are not atomic, the ISR can
  64:Generated_Source\PSoC4/Hibernate_LED.c ****     *  cause corruption of this function. An ISR that interrupts this function 
  65:Generated_Source\PSoC4/Hibernate_LED.c ****     *  and performs writes to the Pins component Drive Mode registers can cause 
  66:Generated_Source\PSoC4/Hibernate_LED.c ****     *  corrupted port data. To avoid this issue, you should either use the Per-Pin
  67:Generated_Source\PSoC4/Hibernate_LED.c ****     *  APIs (primary method) or disable interrupts around this function.
  68:Generated_Source\PSoC4/Hibernate_LED.c ****     *
  69:Generated_Source\PSoC4/Hibernate_LED.c ****     * \funcusage
  70:Generated_Source\PSoC4/Hibernate_LED.c ****     *  \snippet Hibernate_LED_SUT.c usage_Hibernate_LED_SetDriveMode
  71:Generated_Source\PSoC4/Hibernate_LED.c ****     *******************************************************************************/
  72:Generated_Source\PSoC4/Hibernate_LED.c ****     void Hibernate_LED_SetDriveMode(uint8 mode)
  73:Generated_Source\PSoC4/Hibernate_LED.c ****     {
 291              		.loc 1 73 0
 292              		.cfi_startproc
 293              	.LVL0:
  74:Generated_Source\PSoC4/Hibernate_LED.c **** 		Hibernate_LED_SetP4PinDriveMode(Hibernate_LED__0__SHIFT, mode);
 294              		.loc 1 74 0
 295 0000 034A     		ldr	r2, .L2
 296 0002 044B     		ldr	r3, .L2+4
 297 0004 1168     		ldr	r1, [r2]
 298 0006 8004     		lsl	r0, r0, #18
 299              	.LVL1:
 300 0008 0B40     		and	r3, r1
 301 000a 1843     		orr	r0, r3
 302 000c 1060     		str	r0, [r2]
  75:Generated_Source\PSoC4/Hibernate_LED.c ****     }
 303              		.loc 1 75 0
 304              		@ sp needed
 305 000e 7047     		bx	lr
 306              	.L3:
 307              		.align	2
 308              	.L2:
 309 0010 08020440 		.word	1074004488
 310 0014 FFFFE3FF 		.word	-1835009
 311              		.cfi_endproc
 312              	.LFE0:
 313              		.size	Hibernate_LED_SetDriveMode, .-Hibernate_LED_SetDriveMode
 314              		.section	.text.Hibernate_LED_Write,"ax",%progbits
 315              		.align	2
 316              		.global	Hibernate_LED_Write
 317              		.code	16
 318              		.thumb_func
 319              		.type	Hibernate_LED_Write, %function
 320              	Hibernate_LED_Write:
 321              	.LFB1:
  76:Generated_Source\PSoC4/Hibernate_LED.c **** #endif
  77:Generated_Source\PSoC4/Hibernate_LED.c **** 
ARM GAS  C:\Users\IYANG~1.DES\AppData\Local\Temp\ccEjDzG7.s 			page 23


  78:Generated_Source\PSoC4/Hibernate_LED.c **** 
  79:Generated_Source\PSoC4/Hibernate_LED.c **** /*******************************************************************************
  80:Generated_Source\PSoC4/Hibernate_LED.c **** * Function Name: Hibernate_LED_Write
  81:Generated_Source\PSoC4/Hibernate_LED.c **** ****************************************************************************//**
  82:Generated_Source\PSoC4/Hibernate_LED.c **** *
  83:Generated_Source\PSoC4/Hibernate_LED.c **** * \brief Writes the value to the physical port (data output register), masking
  84:Generated_Source\PSoC4/Hibernate_LED.c **** *  and shifting the bits appropriately. 
  85:Generated_Source\PSoC4/Hibernate_LED.c **** *
  86:Generated_Source\PSoC4/Hibernate_LED.c **** * The data output register controls the signal applied to the physical pin in 
  87:Generated_Source\PSoC4/Hibernate_LED.c **** * conjunction with the drive mode parameter. This function avoids changing 
  88:Generated_Source\PSoC4/Hibernate_LED.c **** * other bits in the port by using the appropriate method (read-modify-write or
  89:Generated_Source\PSoC4/Hibernate_LED.c **** * bit banding).
  90:Generated_Source\PSoC4/Hibernate_LED.c **** *
  91:Generated_Source\PSoC4/Hibernate_LED.c **** * <b>Note</b> This function should not be used on a hardware digital output pin 
  92:Generated_Source\PSoC4/Hibernate_LED.c **** * as it is driven by the hardware signal attached to it.
  93:Generated_Source\PSoC4/Hibernate_LED.c **** *
  94:Generated_Source\PSoC4/Hibernate_LED.c **** * \param value
  95:Generated_Source\PSoC4/Hibernate_LED.c **** *  Value to write to the component instance.
  96:Generated_Source\PSoC4/Hibernate_LED.c **** *
  97:Generated_Source\PSoC4/Hibernate_LED.c **** * \return 
  98:Generated_Source\PSoC4/Hibernate_LED.c **** *  None 
  99:Generated_Source\PSoC4/Hibernate_LED.c **** *
 100:Generated_Source\PSoC4/Hibernate_LED.c **** * \sideeffect
 101:Generated_Source\PSoC4/Hibernate_LED.c **** *  If you use read-modify-write operations that are not atomic; the Interrupt 
 102:Generated_Source\PSoC4/Hibernate_LED.c **** *  Service Routines (ISR) can cause corruption of this function. An ISR that 
 103:Generated_Source\PSoC4/Hibernate_LED.c **** *  interrupts this function and performs writes to the Pins component data 
 104:Generated_Source\PSoC4/Hibernate_LED.c **** *  register can cause corrupted port data. To avoid this issue, you should 
 105:Generated_Source\PSoC4/Hibernate_LED.c **** *  either use the Per-Pin APIs (primary method) or disable interrupts around 
 106:Generated_Source\PSoC4/Hibernate_LED.c **** *  this function.
 107:Generated_Source\PSoC4/Hibernate_LED.c **** *
 108:Generated_Source\PSoC4/Hibernate_LED.c **** * \funcusage
 109:Generated_Source\PSoC4/Hibernate_LED.c **** *  \snippet Hibernate_LED_SUT.c usage_Hibernate_LED_Write
 110:Generated_Source\PSoC4/Hibernate_LED.c **** *******************************************************************************/
 111:Generated_Source\PSoC4/Hibernate_LED.c **** void Hibernate_LED_Write(uint8 value)
 112:Generated_Source\PSoC4/Hibernate_LED.c **** {
 322              		.loc 1 112 0
 323              		.cfi_startproc
 324              	.LVL2:
 325              		.loc 1 112 0
 326 0000 031C     		mov	r3, r0
 113:Generated_Source\PSoC4/Hibernate_LED.c ****     uint8 drVal = (uint8)(Hibernate_LED_DR & (uint8)(~Hibernate_LED_MASK));
 327              		.loc 1 113 0
 328 0002 4020     		mov	r0, #64
 329              	.LVL3:
 330 0004 0449     		ldr	r1, .L5
 114:Generated_Source\PSoC4/Hibernate_LED.c ****     drVal = (drVal | ((uint8)(value << Hibernate_LED_SHIFT) & Hibernate_LED_MASK));
 331              		.loc 1 114 0
 332 0006 9B01     		lsl	r3, r3, #6
 113:Generated_Source\PSoC4/Hibernate_LED.c ****     uint8 drVal = (uint8)(Hibernate_LED_DR & (uint8)(~Hibernate_LED_MASK));
 333              		.loc 1 113 0
 334 0008 0A68     		ldr	r2, [r1]
 115:Generated_Source\PSoC4/Hibernate_LED.c ****     Hibernate_LED_DR = (uint32)drVal;
 116:Generated_Source\PSoC4/Hibernate_LED.c **** }
 335              		.loc 1 116 0
 336              		@ sp needed
 113:Generated_Source\PSoC4/Hibernate_LED.c ****     drVal = (drVal | ((uint8)(value << Hibernate_LED_SHIFT) & Hibernate_LED_MASK));
 337              		.loc 1 113 0
ARM GAS  C:\Users\IYANG~1.DES\AppData\Local\Temp\ccEjDzG7.s 			page 24


 338 000a 8243     		bic	r2, r0
 339 000c D2B2     		uxtb	r2, r2
 114:Generated_Source\PSoC4/Hibernate_LED.c ****     drVal = (drVal | ((uint8)(value << Hibernate_LED_SHIFT) & Hibernate_LED_MASK));
 340              		.loc 1 114 0
 341 000e 1840     		and	r0, r3
 115:Generated_Source\PSoC4/Hibernate_LED.c ****     Hibernate_LED_DR = (uint32)drVal;
 342              		.loc 1 115 0
 343 0010 1043     		orr	r0, r2
 344 0012 0860     		str	r0, [r1]
 345              		.loc 1 116 0
 346 0014 7047     		bx	lr
 347              	.L6:
 348 0016 C046     		.align	2
 349              	.L5:
 350 0018 00020440 		.word	1074004480
 351              		.cfi_endproc
 352              	.LFE1:
 353              		.size	Hibernate_LED_Write, .-Hibernate_LED_Write
 354              		.section	.text.Hibernate_LED_Read,"ax",%progbits
 355              		.align	2
 356              		.global	Hibernate_LED_Read
 357              		.code	16
 358              		.thumb_func
 359              		.type	Hibernate_LED_Read, %function
 360              	Hibernate_LED_Read:
 361              	.LFB2:
 117:Generated_Source\PSoC4/Hibernate_LED.c **** 
 118:Generated_Source\PSoC4/Hibernate_LED.c **** 
 119:Generated_Source\PSoC4/Hibernate_LED.c **** /*******************************************************************************
 120:Generated_Source\PSoC4/Hibernate_LED.c **** * Function Name: Hibernate_LED_Read
 121:Generated_Source\PSoC4/Hibernate_LED.c **** ****************************************************************************//**
 122:Generated_Source\PSoC4/Hibernate_LED.c **** *
 123:Generated_Source\PSoC4/Hibernate_LED.c **** * \brief Reads the associated physical port (pin status register) and masks 
 124:Generated_Source\PSoC4/Hibernate_LED.c **** *  the required bits according to the width and bit position of the component
 125:Generated_Source\PSoC4/Hibernate_LED.c **** *  instance. 
 126:Generated_Source\PSoC4/Hibernate_LED.c **** *
 127:Generated_Source\PSoC4/Hibernate_LED.c **** * The pin's status register returns the current logic level present on the 
 128:Generated_Source\PSoC4/Hibernate_LED.c **** * physical pin.
 129:Generated_Source\PSoC4/Hibernate_LED.c **** *
 130:Generated_Source\PSoC4/Hibernate_LED.c **** * \return 
 131:Generated_Source\PSoC4/Hibernate_LED.c **** *  The current value for the pins in the component as a right justified number.
 132:Generated_Source\PSoC4/Hibernate_LED.c **** *
 133:Generated_Source\PSoC4/Hibernate_LED.c **** * \funcusage
 134:Generated_Source\PSoC4/Hibernate_LED.c **** *  \snippet Hibernate_LED_SUT.c usage_Hibernate_LED_Read  
 135:Generated_Source\PSoC4/Hibernate_LED.c **** *******************************************************************************/
 136:Generated_Source\PSoC4/Hibernate_LED.c **** uint8 Hibernate_LED_Read(void)
 137:Generated_Source\PSoC4/Hibernate_LED.c **** {
 362              		.loc 1 137 0
 363              		.cfi_startproc
 138:Generated_Source\PSoC4/Hibernate_LED.c ****     return (uint8)((Hibernate_LED_PS & Hibernate_LED_MASK) >> Hibernate_LED_SHIFT);
 364              		.loc 1 138 0
 365 0000 024B     		ldr	r3, .L8
 139:Generated_Source\PSoC4/Hibernate_LED.c **** }
 366              		.loc 1 139 0
 367              		@ sp needed
 138:Generated_Source\PSoC4/Hibernate_LED.c ****     return (uint8)((Hibernate_LED_PS & Hibernate_LED_MASK) >> Hibernate_LED_SHIFT);
 368              		.loc 1 138 0
ARM GAS  C:\Users\IYANG~1.DES\AppData\Local\Temp\ccEjDzG7.s 			page 25


 369 0002 1868     		ldr	r0, [r3]
 370 0004 4006     		lsl	r0, r0, #25
 371 0006 C00F     		lsr	r0, r0, #31
 372              		.loc 1 139 0
 373 0008 7047     		bx	lr
 374              	.L9:
 375 000a C046     		.align	2
 376              	.L8:
 377 000c 04020440 		.word	1074004484
 378              		.cfi_endproc
 379              	.LFE2:
 380              		.size	Hibernate_LED_Read, .-Hibernate_LED_Read
 381              		.section	.text.Hibernate_LED_ReadDataReg,"ax",%progbits
 382              		.align	2
 383              		.global	Hibernate_LED_ReadDataReg
 384              		.code	16
 385              		.thumb_func
 386              		.type	Hibernate_LED_ReadDataReg, %function
 387              	Hibernate_LED_ReadDataReg:
 388              	.LFB3:
 140:Generated_Source\PSoC4/Hibernate_LED.c **** 
 141:Generated_Source\PSoC4/Hibernate_LED.c **** 
 142:Generated_Source\PSoC4/Hibernate_LED.c **** /*******************************************************************************
 143:Generated_Source\PSoC4/Hibernate_LED.c **** * Function Name: Hibernate_LED_ReadDataReg
 144:Generated_Source\PSoC4/Hibernate_LED.c **** ****************************************************************************//**
 145:Generated_Source\PSoC4/Hibernate_LED.c **** *
 146:Generated_Source\PSoC4/Hibernate_LED.c **** * \brief Reads the associated physical port's data output register and masks 
 147:Generated_Source\PSoC4/Hibernate_LED.c **** *  the correct bits according to the width and bit position of the component 
 148:Generated_Source\PSoC4/Hibernate_LED.c **** *  instance. 
 149:Generated_Source\PSoC4/Hibernate_LED.c **** *
 150:Generated_Source\PSoC4/Hibernate_LED.c **** * The data output register controls the signal applied to the physical pin in 
 151:Generated_Source\PSoC4/Hibernate_LED.c **** * conjunction with the drive mode parameter. This is not the same as the 
 152:Generated_Source\PSoC4/Hibernate_LED.c **** * preferred Hibernate_LED_Read() API because the 
 153:Generated_Source\PSoC4/Hibernate_LED.c **** * Hibernate_LED_ReadDataReg() reads the data register instead of the status 
 154:Generated_Source\PSoC4/Hibernate_LED.c **** * register. For output pins this is a useful function to determine the value 
 155:Generated_Source\PSoC4/Hibernate_LED.c **** * just written to the pin.
 156:Generated_Source\PSoC4/Hibernate_LED.c **** *
 157:Generated_Source\PSoC4/Hibernate_LED.c **** * \return 
 158:Generated_Source\PSoC4/Hibernate_LED.c **** *  The current value of the data register masked and shifted into a right 
 159:Generated_Source\PSoC4/Hibernate_LED.c **** *  justified number for the component instance.
 160:Generated_Source\PSoC4/Hibernate_LED.c **** *
 161:Generated_Source\PSoC4/Hibernate_LED.c **** * \funcusage
 162:Generated_Source\PSoC4/Hibernate_LED.c **** *  \snippet Hibernate_LED_SUT.c usage_Hibernate_LED_ReadDataReg 
 163:Generated_Source\PSoC4/Hibernate_LED.c **** *******************************************************************************/
 164:Generated_Source\PSoC4/Hibernate_LED.c **** uint8 Hibernate_LED_ReadDataReg(void)
 165:Generated_Source\PSoC4/Hibernate_LED.c **** {
 389              		.loc 1 165 0
 390              		.cfi_startproc
 166:Generated_Source\PSoC4/Hibernate_LED.c ****     return (uint8)((Hibernate_LED_DR & Hibernate_LED_MASK) >> Hibernate_LED_SHIFT);
 391              		.loc 1 166 0
 392 0000 024B     		ldr	r3, .L11
 167:Generated_Source\PSoC4/Hibernate_LED.c **** }
 393              		.loc 1 167 0
 394              		@ sp needed
 166:Generated_Source\PSoC4/Hibernate_LED.c ****     return (uint8)((Hibernate_LED_DR & Hibernate_LED_MASK) >> Hibernate_LED_SHIFT);
 395              		.loc 1 166 0
 396 0002 1868     		ldr	r0, [r3]
ARM GAS  C:\Users\IYANG~1.DES\AppData\Local\Temp\ccEjDzG7.s 			page 26


 397 0004 4006     		lsl	r0, r0, #25
 398 0006 C00F     		lsr	r0, r0, #31
 399              		.loc 1 167 0
 400 0008 7047     		bx	lr
 401              	.L12:
 402 000a C046     		.align	2
 403              	.L11:
 404 000c 00020440 		.word	1074004480
 405              		.cfi_endproc
 406              	.LFE3:
 407              		.size	Hibernate_LED_ReadDataReg, .-Hibernate_LED_ReadDataReg
 408              		.section	.text.Hibernate_LED_SetInterruptMode,"ax",%progbits
 409              		.align	2
 410              		.global	Hibernate_LED_SetInterruptMode
 411              		.code	16
 412              		.thumb_func
 413              		.type	Hibernate_LED_SetInterruptMode, %function
 414              	Hibernate_LED_SetInterruptMode:
 415              	.LFB4:
 168:Generated_Source\PSoC4/Hibernate_LED.c **** 
 169:Generated_Source\PSoC4/Hibernate_LED.c **** 
 170:Generated_Source\PSoC4/Hibernate_LED.c **** /*******************************************************************************
 171:Generated_Source\PSoC4/Hibernate_LED.c **** * Function Name: Hibernate_LED_SetInterruptMode
 172:Generated_Source\PSoC4/Hibernate_LED.c **** ****************************************************************************//**
 173:Generated_Source\PSoC4/Hibernate_LED.c **** *
 174:Generated_Source\PSoC4/Hibernate_LED.c **** * \brief Configures the interrupt mode for each of the Pins component's
 175:Generated_Source\PSoC4/Hibernate_LED.c **** *  pins. Alternatively you may set the interrupt mode for all the pins
 176:Generated_Source\PSoC4/Hibernate_LED.c **** *  specified in the Pins component.
 177:Generated_Source\PSoC4/Hibernate_LED.c **** *
 178:Generated_Source\PSoC4/Hibernate_LED.c **** *  <b>Note</b> The interrupt is port-wide and therefore any enabled pin
 179:Generated_Source\PSoC4/Hibernate_LED.c **** *  interrupt may trigger it.
 180:Generated_Source\PSoC4/Hibernate_LED.c **** *
 181:Generated_Source\PSoC4/Hibernate_LED.c **** * \param position
 182:Generated_Source\PSoC4/Hibernate_LED.c **** *  The pin position as listed in the Pins component. You may OR these to be 
 183:Generated_Source\PSoC4/Hibernate_LED.c **** *  able to configure the interrupt mode of multiple pins within a Pins 
 184:Generated_Source\PSoC4/Hibernate_LED.c **** *  component. Or you may use Hibernate_LED_INTR_ALL to configure the
 185:Generated_Source\PSoC4/Hibernate_LED.c **** *  interrupt mode of all the pins in the Pins component.       
 186:Generated_Source\PSoC4/Hibernate_LED.c **** *  - Hibernate_LED_0_INTR       (First pin in the list)
 187:Generated_Source\PSoC4/Hibernate_LED.c **** *  - Hibernate_LED_1_INTR       (Second pin in the list)
 188:Generated_Source\PSoC4/Hibernate_LED.c **** *  - ...
 189:Generated_Source\PSoC4/Hibernate_LED.c **** *  - Hibernate_LED_INTR_ALL     (All pins in Pins component)
 190:Generated_Source\PSoC4/Hibernate_LED.c **** *
 191:Generated_Source\PSoC4/Hibernate_LED.c **** * \param mode
 192:Generated_Source\PSoC4/Hibernate_LED.c **** *  Interrupt mode for the selected pins. Valid options are documented in
 193:Generated_Source\PSoC4/Hibernate_LED.c **** *  \ref intrMode.
 194:Generated_Source\PSoC4/Hibernate_LED.c **** *
 195:Generated_Source\PSoC4/Hibernate_LED.c **** * \return 
 196:Generated_Source\PSoC4/Hibernate_LED.c **** *  None
 197:Generated_Source\PSoC4/Hibernate_LED.c **** *  
 198:Generated_Source\PSoC4/Hibernate_LED.c **** * \sideeffect
 199:Generated_Source\PSoC4/Hibernate_LED.c **** *  It is recommended that the interrupt be disabled before calling this 
 200:Generated_Source\PSoC4/Hibernate_LED.c **** *  function to avoid unintended interrupt requests. Note that the interrupt
 201:Generated_Source\PSoC4/Hibernate_LED.c **** *  type is port wide, and therefore will trigger for any enabled pin on the 
 202:Generated_Source\PSoC4/Hibernate_LED.c **** *  port.
 203:Generated_Source\PSoC4/Hibernate_LED.c **** *
 204:Generated_Source\PSoC4/Hibernate_LED.c **** * \funcusage
 205:Generated_Source\PSoC4/Hibernate_LED.c **** *  \snippet Hibernate_LED_SUT.c usage_Hibernate_LED_SetInterruptMode
ARM GAS  C:\Users\IYANG~1.DES\AppData\Local\Temp\ccEjDzG7.s 			page 27


 206:Generated_Source\PSoC4/Hibernate_LED.c **** *******************************************************************************/
 207:Generated_Source\PSoC4/Hibernate_LED.c **** void Hibernate_LED_SetInterruptMode(uint16 position, uint16 mode)
 208:Generated_Source\PSoC4/Hibernate_LED.c **** {
 416              		.loc 1 208 0
 417              		.cfi_startproc
 418              	.LVL4:
 209:Generated_Source\PSoC4/Hibernate_LED.c ****     uint32 intrCfg;
 210:Generated_Source\PSoC4/Hibernate_LED.c ****     
 211:Generated_Source\PSoC4/Hibernate_LED.c ****     intrCfg =  Hibernate_LED_INTCFG & (uint32)(~(uint32)position);
 419              		.loc 1 211 0
 420 0000 034A     		ldr	r2, .L14
 212:Generated_Source\PSoC4/Hibernate_LED.c ****     Hibernate_LED_INTCFG = intrCfg | ((uint32)position & (uint32)mode);
 213:Generated_Source\PSoC4/Hibernate_LED.c **** }
 421              		.loc 1 213 0
 422              		@ sp needed
 211:Generated_Source\PSoC4/Hibernate_LED.c ****     Hibernate_LED_INTCFG = intrCfg | ((uint32)position & (uint32)mode);
 423              		.loc 1 211 0
 424 0002 1368     		ldr	r3, [r2]
 425              	.LVL5:
 426 0004 8343     		bic	r3, r0
 427              	.LVL6:
 212:Generated_Source\PSoC4/Hibernate_LED.c ****     Hibernate_LED_INTCFG = intrCfg | ((uint32)position & (uint32)mode);
 428              		.loc 1 212 0
 429 0006 0840     		and	r0, r1
 430              	.LVL7:
 431 0008 1843     		orr	r0, r3
 432 000a 1060     		str	r0, [r2]
 433              		.loc 1 213 0
 434 000c 7047     		bx	lr
 435              	.L15:
 436 000e C046     		.align	2
 437              	.L14:
 438 0010 0C020440 		.word	1074004492
 439              		.cfi_endproc
 440              	.LFE4:
 441              		.size	Hibernate_LED_SetInterruptMode, .-Hibernate_LED_SetInterruptMode
 442              		.section	.text.Hibernate_LED_ClearInterrupt,"ax",%progbits
 443              		.align	2
 444              		.global	Hibernate_LED_ClearInterrupt
 445              		.code	16
 446              		.thumb_func
 447              		.type	Hibernate_LED_ClearInterrupt, %function
 448              	Hibernate_LED_ClearInterrupt:
 449              	.LFB5:
 214:Generated_Source\PSoC4/Hibernate_LED.c **** 
 215:Generated_Source\PSoC4/Hibernate_LED.c **** 
 216:Generated_Source\PSoC4/Hibernate_LED.c **** /*******************************************************************************
 217:Generated_Source\PSoC4/Hibernate_LED.c **** * Function Name: Hibernate_LED_ClearInterrupt
 218:Generated_Source\PSoC4/Hibernate_LED.c **** ****************************************************************************//**
 219:Generated_Source\PSoC4/Hibernate_LED.c **** *
 220:Generated_Source\PSoC4/Hibernate_LED.c **** * \brief Clears any active interrupts attached with the component and returns 
 221:Generated_Source\PSoC4/Hibernate_LED.c **** *  the value of the interrupt status register allowing determination of which
 222:Generated_Source\PSoC4/Hibernate_LED.c **** *  pins generated an interrupt event.
 223:Generated_Source\PSoC4/Hibernate_LED.c **** *
 224:Generated_Source\PSoC4/Hibernate_LED.c **** * \return 
 225:Generated_Source\PSoC4/Hibernate_LED.c **** *  The right-shifted current value of the interrupt status register. Each pin 
 226:Generated_Source\PSoC4/Hibernate_LED.c **** *  has one bit set if it generated an interrupt event. For example, bit 0 is 
ARM GAS  C:\Users\IYANG~1.DES\AppData\Local\Temp\ccEjDzG7.s 			page 28


 227:Generated_Source\PSoC4/Hibernate_LED.c **** *  for pin 0 and bit 1 is for pin 1 of the Pins component.
 228:Generated_Source\PSoC4/Hibernate_LED.c **** *  
 229:Generated_Source\PSoC4/Hibernate_LED.c **** * \sideeffect
 230:Generated_Source\PSoC4/Hibernate_LED.c **** *  Clears all bits of the physical port's interrupt status register, not just
 231:Generated_Source\PSoC4/Hibernate_LED.c **** *  those associated with the Pins component.
 232:Generated_Source\PSoC4/Hibernate_LED.c **** *
 233:Generated_Source\PSoC4/Hibernate_LED.c **** * \funcusage
 234:Generated_Source\PSoC4/Hibernate_LED.c **** *  \snippet Hibernate_LED_SUT.c usage_Hibernate_LED_ClearInterrupt
 235:Generated_Source\PSoC4/Hibernate_LED.c **** *******************************************************************************/
 236:Generated_Source\PSoC4/Hibernate_LED.c **** uint8 Hibernate_LED_ClearInterrupt(void)
 237:Generated_Source\PSoC4/Hibernate_LED.c **** {
 450              		.loc 1 237 0
 451              		.cfi_startproc
 238:Generated_Source\PSoC4/Hibernate_LED.c **** 	uint8 maskedStatus = (uint8)(Hibernate_LED_INTSTAT & Hibernate_LED_MASK);
 452              		.loc 1 238 0
 453 0000 4020     		mov	r0, #64
 454 0002 034A     		ldr	r2, .L17
 239:Generated_Source\PSoC4/Hibernate_LED.c **** 	Hibernate_LED_INTSTAT = maskedStatus;
 240:Generated_Source\PSoC4/Hibernate_LED.c ****     return maskedStatus >> Hibernate_LED_SHIFT;
 241:Generated_Source\PSoC4/Hibernate_LED.c **** }
 455              		.loc 1 241 0
 456              		@ sp needed
 238:Generated_Source\PSoC4/Hibernate_LED.c **** 	uint8 maskedStatus = (uint8)(Hibernate_LED_INTSTAT & Hibernate_LED_MASK);
 457              		.loc 1 238 0
 458 0004 1368     		ldr	r3, [r2]
 459 0006 1840     		and	r0, r3
 460              	.LVL8:
 239:Generated_Source\PSoC4/Hibernate_LED.c **** 	Hibernate_LED_INTSTAT = maskedStatus;
 461              		.loc 1 239 0
 462 0008 1060     		str	r0, [r2]
 240:Generated_Source\PSoC4/Hibernate_LED.c **** }
 463              		.loc 1 240 0
 464 000a 8009     		lsr	r0, r0, #6
 465              	.LVL9:
 466 000c C0B2     		uxtb	r0, r0
 467              		.loc 1 241 0
 468 000e 7047     		bx	lr
 469              	.L18:
 470              		.align	2
 471              	.L17:
 472 0010 10020440 		.word	1074004496
 473              		.cfi_endproc
 474              	.LFE5:
 475              		.size	Hibernate_LED_ClearInterrupt, .-Hibernate_LED_ClearInterrupt
 476              		.text
 477              	.Letext0:
 478              		.file 2 "Generated_Source\\PSoC4\\cytypes.h"
 479              		.section	.debug_info,"",%progbits
 480              	.Ldebug_info0:
 481 0000 97010000 		.4byte	0x197
 482 0004 0400     		.2byte	0x4
 483 0006 00000000 		.4byte	.Ldebug_abbrev0
 484 000a 04       		.byte	0x4
 485 000b 01       		.uleb128 0x1
 486 000c 8F010000 		.4byte	.LASF27
 487 0010 01       		.byte	0x1
 488 0011 1F010000 		.4byte	.LASF28
ARM GAS  C:\Users\IYANG~1.DES\AppData\Local\Temp\ccEjDzG7.s 			page 29


 489 0015 1F000000 		.4byte	.LASF29
 490 0019 00000000 		.4byte	.Ldebug_ranges0+0
 491 001d 00000000 		.4byte	0
 492 0021 00000000 		.4byte	.Ldebug_line0
 493 0025 02       		.uleb128 0x2
 494 0026 01       		.byte	0x1
 495 0027 06       		.byte	0x6
 496 0028 45020000 		.4byte	.LASF0
 497 002c 02       		.uleb128 0x2
 498 002d 01       		.byte	0x1
 499 002e 08       		.byte	0x8
 500 002f 62000000 		.4byte	.LASF1
 501 0033 02       		.uleb128 0x2
 502 0034 02       		.byte	0x2
 503 0035 05       		.byte	0x5
 504 0036 85010000 		.4byte	.LASF2
 505 003a 02       		.uleb128 0x2
 506 003b 02       		.byte	0x2
 507 003c 07       		.byte	0x7
 508 003d 88000000 		.4byte	.LASF3
 509 0041 02       		.uleb128 0x2
 510 0042 04       		.byte	0x4
 511 0043 05       		.byte	0x5
 512 0044 3C020000 		.4byte	.LASF4
 513 0048 02       		.uleb128 0x2
 514 0049 04       		.byte	0x4
 515 004a 07       		.byte	0x7
 516 004b 76000000 		.4byte	.LASF5
 517 004f 02       		.uleb128 0x2
 518 0050 08       		.byte	0x8
 519 0051 05       		.byte	0x5
 520 0052 4B010000 		.4byte	.LASF6
 521 0056 02       		.uleb128 0x2
 522 0057 08       		.byte	0x8
 523 0058 07       		.byte	0x7
 524 0059 08010000 		.4byte	.LASF7
 525 005d 03       		.uleb128 0x3
 526 005e 04       		.byte	0x4
 527 005f 05       		.byte	0x5
 528 0060 696E7400 		.ascii	"int\000"
 529 0064 02       		.uleb128 0x2
 530 0065 04       		.byte	0x4
 531 0066 07       		.byte	0x7
 532 0067 DC000000 		.4byte	.LASF8
 533 006b 04       		.uleb128 0x4
 534 006c 36020000 		.4byte	.LASF9
 535 0070 02       		.byte	0x2
 536 0071 9801     		.2byte	0x198
 537 0073 2C000000 		.4byte	0x2c
 538 0077 04       		.uleb128 0x4
 539 0078 BD000000 		.4byte	.LASF10
 540 007c 02       		.byte	0x2
 541 007d 9901     		.2byte	0x199
 542 007f 3A000000 		.4byte	0x3a
 543 0083 04       		.uleb128 0x4
 544 0084 CD000000 		.4byte	.LASF11
 545 0088 02       		.byte	0x2
ARM GAS  C:\Users\IYANG~1.DES\AppData\Local\Temp\ccEjDzG7.s 			page 30


 546 0089 9A01     		.2byte	0x19a
 547 008b 48000000 		.4byte	0x48
 548 008f 02       		.uleb128 0x2
 549 0090 04       		.byte	0x4
 550 0091 04       		.byte	0x4
 551 0092 5C000000 		.4byte	.LASF12
 552 0096 02       		.uleb128 0x2
 553 0097 08       		.byte	0x8
 554 0098 04       		.byte	0x4
 555 0099 B6000000 		.4byte	.LASF13
 556 009d 02       		.uleb128 0x2
 557 009e 01       		.byte	0x1
 558 009f 08       		.byte	0x8
 559 00a0 66010000 		.4byte	.LASF14
 560 00a4 04       		.uleb128 0x4
 561 00a5 13000000 		.4byte	.LASF15
 562 00a9 02       		.byte	0x2
 563 00aa 4402     		.2byte	0x244
 564 00ac B0000000 		.4byte	0xb0
 565 00b0 05       		.uleb128 0x5
 566 00b1 83000000 		.4byte	0x83
 567 00b5 06       		.uleb128 0x6
 568 00b6 9B000000 		.4byte	.LASF16
 569 00ba 01       		.byte	0x1
 570 00bb 48       		.byte	0x48
 571 00bc 00000000 		.4byte	.LFB0
 572 00c0 18000000 		.4byte	.LFE0-.LFB0
 573 00c4 01       		.uleb128 0x1
 574 00c5 9C       		.byte	0x9c
 575 00c6 DA000000 		.4byte	0xda
 576 00ca 07       		.uleb128 0x7
 577 00cb 46010000 		.4byte	.LASF18
 578 00cf 01       		.byte	0x1
 579 00d0 48       		.byte	0x48
 580 00d1 6B000000 		.4byte	0x6b
 581 00d5 00000000 		.4byte	.LLST0
 582 00d9 00       		.byte	0
 583 00da 06       		.uleb128 0x6
 584 00db 51020000 		.4byte	.LASF17
 585 00df 01       		.byte	0x1
 586 00e0 6F       		.byte	0x6f
 587 00e1 00000000 		.4byte	.LFB1
 588 00e5 1C000000 		.4byte	.LFE1-.LFB1
 589 00e9 01       		.uleb128 0x1
 590 00ea 9C       		.byte	0x9c
 591 00eb 0A010000 		.4byte	0x10a
 592 00ef 07       		.uleb128 0x7
 593 00f0 19000000 		.4byte	.LASF19
 594 00f4 01       		.byte	0x1
 595 00f5 6F       		.byte	0x6f
 596 00f6 6B000000 		.4byte	0x6b
 597 00fa 21000000 		.4byte	.LLST1
 598 00fe 08       		.uleb128 0x8
 599 00ff 70000000 		.4byte	.LASF30
 600 0103 01       		.byte	0x1
 601 0104 71       		.byte	0x71
 602 0105 6B000000 		.4byte	0x6b
ARM GAS  C:\Users\IYANG~1.DES\AppData\Local\Temp\ccEjDzG7.s 			page 31


 603 0109 00       		.byte	0
 604 010a 09       		.uleb128 0x9
 605 010b 00000000 		.4byte	.LASF20
 606 010f 01       		.byte	0x1
 607 0110 88       		.byte	0x88
 608 0111 6B000000 		.4byte	0x6b
 609 0115 00000000 		.4byte	.LFB2
 610 0119 10000000 		.4byte	.LFE2-.LFB2
 611 011d 01       		.uleb128 0x1
 612 011e 9C       		.byte	0x9c
 613 011f 09       		.uleb128 0x9
 614 0120 6B010000 		.4byte	.LASF21
 615 0124 01       		.byte	0x1
 616 0125 A4       		.byte	0xa4
 617 0126 6B000000 		.4byte	0x6b
 618 012a 00000000 		.4byte	.LFB3
 619 012e 10000000 		.4byte	.LFE3-.LFB3
 620 0132 01       		.uleb128 0x1
 621 0133 9C       		.byte	0x9c
 622 0134 06       		.uleb128 0x6
 623 0135 E9000000 		.4byte	.LASF22
 624 0139 01       		.byte	0x1
 625 013a CF       		.byte	0xcf
 626 013b 00000000 		.4byte	.LFB4
 627 013f 14000000 		.4byte	.LFE4-.LFB4
 628 0143 01       		.uleb128 0x1
 629 0144 9C       		.byte	0x9c
 630 0145 75010000 		.4byte	0x175
 631 0149 07       		.uleb128 0x7
 632 014a C4000000 		.4byte	.LASF23
 633 014e 01       		.byte	0x1
 634 014f CF       		.byte	0xcf
 635 0150 77000000 		.4byte	0x77
 636 0154 42000000 		.4byte	.LLST2
 637 0158 0A       		.uleb128 0xa
 638 0159 46010000 		.4byte	.LASF18
 639 015d 01       		.byte	0x1
 640 015e CF       		.byte	0xcf
 641 015f 77000000 		.4byte	0x77
 642 0163 01       		.uleb128 0x1
 643 0164 51       		.byte	0x51
 644 0165 0B       		.uleb128 0xb
 645 0166 D4000000 		.4byte	.LASF25
 646 016a 01       		.byte	0x1
 647 016b D1       		.byte	0xd1
 648 016c 83000000 		.4byte	0x83
 649 0170 63000000 		.4byte	.LLST3
 650 0174 00       		.byte	0
 651 0175 0C       		.uleb128 0xc
 652 0176 65020000 		.4byte	.LASF24
 653 017a 01       		.byte	0x1
 654 017b EC       		.byte	0xec
 655 017c 6B000000 		.4byte	0x6b
 656 0180 00000000 		.4byte	.LFB5
 657 0184 14000000 		.4byte	.LFE5-.LFB5
 658 0188 01       		.uleb128 0x1
 659 0189 9C       		.byte	0x9c
ARM GAS  C:\Users\IYANG~1.DES\AppData\Local\Temp\ccEjDzG7.s 			page 32


 660 018a 0B       		.uleb128 0xb
 661 018b 59010000 		.4byte	.LASF26
 662 018f 01       		.byte	0x1
 663 0190 EE       		.byte	0xee
 664 0191 6B000000 		.4byte	0x6b
 665 0195 80000000 		.4byte	.LLST4
 666 0199 00       		.byte	0
 667 019a 00       		.byte	0
 668              		.section	.debug_abbrev,"",%progbits
 669              	.Ldebug_abbrev0:
 670 0000 01       		.uleb128 0x1
 671 0001 11       		.uleb128 0x11
 672 0002 01       		.byte	0x1
 673 0003 25       		.uleb128 0x25
 674 0004 0E       		.uleb128 0xe
 675 0005 13       		.uleb128 0x13
 676 0006 0B       		.uleb128 0xb
 677 0007 03       		.uleb128 0x3
 678 0008 0E       		.uleb128 0xe
 679 0009 1B       		.uleb128 0x1b
 680 000a 0E       		.uleb128 0xe
 681 000b 55       		.uleb128 0x55
 682 000c 17       		.uleb128 0x17
 683 000d 11       		.uleb128 0x11
 684 000e 01       		.uleb128 0x1
 685 000f 10       		.uleb128 0x10
 686 0010 17       		.uleb128 0x17
 687 0011 00       		.byte	0
 688 0012 00       		.byte	0
 689 0013 02       		.uleb128 0x2
 690 0014 24       		.uleb128 0x24
 691 0015 00       		.byte	0
 692 0016 0B       		.uleb128 0xb
 693 0017 0B       		.uleb128 0xb
 694 0018 3E       		.uleb128 0x3e
 695 0019 0B       		.uleb128 0xb
 696 001a 03       		.uleb128 0x3
 697 001b 0E       		.uleb128 0xe
 698 001c 00       		.byte	0
 699 001d 00       		.byte	0
 700 001e 03       		.uleb128 0x3
 701 001f 24       		.uleb128 0x24
 702 0020 00       		.byte	0
 703 0021 0B       		.uleb128 0xb
 704 0022 0B       		.uleb128 0xb
 705 0023 3E       		.uleb128 0x3e
 706 0024 0B       		.uleb128 0xb
 707 0025 03       		.uleb128 0x3
 708 0026 08       		.uleb128 0x8
 709 0027 00       		.byte	0
 710 0028 00       		.byte	0
 711 0029 04       		.uleb128 0x4
 712 002a 16       		.uleb128 0x16
 713 002b 00       		.byte	0
 714 002c 03       		.uleb128 0x3
 715 002d 0E       		.uleb128 0xe
 716 002e 3A       		.uleb128 0x3a
ARM GAS  C:\Users\IYANG~1.DES\AppData\Local\Temp\ccEjDzG7.s 			page 33


 717 002f 0B       		.uleb128 0xb
 718 0030 3B       		.uleb128 0x3b
 719 0031 05       		.uleb128 0x5
 720 0032 49       		.uleb128 0x49
 721 0033 13       		.uleb128 0x13
 722 0034 00       		.byte	0
 723 0035 00       		.byte	0
 724 0036 05       		.uleb128 0x5
 725 0037 35       		.uleb128 0x35
 726 0038 00       		.byte	0
 727 0039 49       		.uleb128 0x49
 728 003a 13       		.uleb128 0x13
 729 003b 00       		.byte	0
 730 003c 00       		.byte	0
 731 003d 06       		.uleb128 0x6
 732 003e 2E       		.uleb128 0x2e
 733 003f 01       		.byte	0x1
 734 0040 3F       		.uleb128 0x3f
 735 0041 19       		.uleb128 0x19
 736 0042 03       		.uleb128 0x3
 737 0043 0E       		.uleb128 0xe
 738 0044 3A       		.uleb128 0x3a
 739 0045 0B       		.uleb128 0xb
 740 0046 3B       		.uleb128 0x3b
 741 0047 0B       		.uleb128 0xb
 742 0048 27       		.uleb128 0x27
 743 0049 19       		.uleb128 0x19
 744 004a 11       		.uleb128 0x11
 745 004b 01       		.uleb128 0x1
 746 004c 12       		.uleb128 0x12
 747 004d 06       		.uleb128 0x6
 748 004e 40       		.uleb128 0x40
 749 004f 18       		.uleb128 0x18
 750 0050 9742     		.uleb128 0x2117
 751 0052 19       		.uleb128 0x19
 752 0053 01       		.uleb128 0x1
 753 0054 13       		.uleb128 0x13
 754 0055 00       		.byte	0
 755 0056 00       		.byte	0
 756 0057 07       		.uleb128 0x7
 757 0058 05       		.uleb128 0x5
 758 0059 00       		.byte	0
 759 005a 03       		.uleb128 0x3
 760 005b 0E       		.uleb128 0xe
 761 005c 3A       		.uleb128 0x3a
 762 005d 0B       		.uleb128 0xb
 763 005e 3B       		.uleb128 0x3b
 764 005f 0B       		.uleb128 0xb
 765 0060 49       		.uleb128 0x49
 766 0061 13       		.uleb128 0x13
 767 0062 02       		.uleb128 0x2
 768 0063 17       		.uleb128 0x17
 769 0064 00       		.byte	0
 770 0065 00       		.byte	0
 771 0066 08       		.uleb128 0x8
 772 0067 34       		.uleb128 0x34
 773 0068 00       		.byte	0
ARM GAS  C:\Users\IYANG~1.DES\AppData\Local\Temp\ccEjDzG7.s 			page 34


 774 0069 03       		.uleb128 0x3
 775 006a 0E       		.uleb128 0xe
 776 006b 3A       		.uleb128 0x3a
 777 006c 0B       		.uleb128 0xb
 778 006d 3B       		.uleb128 0x3b
 779 006e 0B       		.uleb128 0xb
 780 006f 49       		.uleb128 0x49
 781 0070 13       		.uleb128 0x13
 782 0071 00       		.byte	0
 783 0072 00       		.byte	0
 784 0073 09       		.uleb128 0x9
 785 0074 2E       		.uleb128 0x2e
 786 0075 00       		.byte	0
 787 0076 3F       		.uleb128 0x3f
 788 0077 19       		.uleb128 0x19
 789 0078 03       		.uleb128 0x3
 790 0079 0E       		.uleb128 0xe
 791 007a 3A       		.uleb128 0x3a
 792 007b 0B       		.uleb128 0xb
 793 007c 3B       		.uleb128 0x3b
 794 007d 0B       		.uleb128 0xb
 795 007e 27       		.uleb128 0x27
 796 007f 19       		.uleb128 0x19
 797 0080 49       		.uleb128 0x49
 798 0081 13       		.uleb128 0x13
 799 0082 11       		.uleb128 0x11
 800 0083 01       		.uleb128 0x1
 801 0084 12       		.uleb128 0x12
 802 0085 06       		.uleb128 0x6
 803 0086 40       		.uleb128 0x40
 804 0087 18       		.uleb128 0x18
 805 0088 9742     		.uleb128 0x2117
 806 008a 19       		.uleb128 0x19
 807 008b 00       		.byte	0
 808 008c 00       		.byte	0
 809 008d 0A       		.uleb128 0xa
 810 008e 05       		.uleb128 0x5
 811 008f 00       		.byte	0
 812 0090 03       		.uleb128 0x3
 813 0091 0E       		.uleb128 0xe
 814 0092 3A       		.uleb128 0x3a
 815 0093 0B       		.uleb128 0xb
 816 0094 3B       		.uleb128 0x3b
 817 0095 0B       		.uleb128 0xb
 818 0096 49       		.uleb128 0x49
 819 0097 13       		.uleb128 0x13
 820 0098 02       		.uleb128 0x2
 821 0099 18       		.uleb128 0x18
 822 009a 00       		.byte	0
 823 009b 00       		.byte	0
 824 009c 0B       		.uleb128 0xb
 825 009d 34       		.uleb128 0x34
 826 009e 00       		.byte	0
 827 009f 03       		.uleb128 0x3
 828 00a0 0E       		.uleb128 0xe
 829 00a1 3A       		.uleb128 0x3a
 830 00a2 0B       		.uleb128 0xb
ARM GAS  C:\Users\IYANG~1.DES\AppData\Local\Temp\ccEjDzG7.s 			page 35


 831 00a3 3B       		.uleb128 0x3b
 832 00a4 0B       		.uleb128 0xb
 833 00a5 49       		.uleb128 0x49
 834 00a6 13       		.uleb128 0x13
 835 00a7 02       		.uleb128 0x2
 836 00a8 17       		.uleb128 0x17
 837 00a9 00       		.byte	0
 838 00aa 00       		.byte	0
 839 00ab 0C       		.uleb128 0xc
 840 00ac 2E       		.uleb128 0x2e
 841 00ad 01       		.byte	0x1
 842 00ae 3F       		.uleb128 0x3f
 843 00af 19       		.uleb128 0x19
 844 00b0 03       		.uleb128 0x3
 845 00b1 0E       		.uleb128 0xe
 846 00b2 3A       		.uleb128 0x3a
 847 00b3 0B       		.uleb128 0xb
 848 00b4 3B       		.uleb128 0x3b
 849 00b5 0B       		.uleb128 0xb
 850 00b6 27       		.uleb128 0x27
 851 00b7 19       		.uleb128 0x19
 852 00b8 49       		.uleb128 0x49
 853 00b9 13       		.uleb128 0x13
 854 00ba 11       		.uleb128 0x11
 855 00bb 01       		.uleb128 0x1
 856 00bc 12       		.uleb128 0x12
 857 00bd 06       		.uleb128 0x6
 858 00be 40       		.uleb128 0x40
 859 00bf 18       		.uleb128 0x18
 860 00c0 9742     		.uleb128 0x2117
 861 00c2 19       		.uleb128 0x19
 862 00c3 00       		.byte	0
 863 00c4 00       		.byte	0
 864 00c5 00       		.byte	0
 865              		.section	.debug_loc,"",%progbits
 866              	.Ldebug_loc0:
 867              	.LLST0:
 868 0000 00000000 		.4byte	.LVL0
 869 0004 08000000 		.4byte	.LVL1
 870 0008 0100     		.2byte	0x1
 871 000a 50       		.byte	0x50
 872 000b 08000000 		.4byte	.LVL1
 873 000f 18000000 		.4byte	.LFE0
 874 0013 0400     		.2byte	0x4
 875 0015 F3       		.byte	0xf3
 876 0016 01       		.uleb128 0x1
 877 0017 50       		.byte	0x50
 878 0018 9F       		.byte	0x9f
 879 0019 00000000 		.4byte	0
 880 001d 00000000 		.4byte	0
 881              	.LLST1:
 882 0021 00000000 		.4byte	.LVL2
 883 0025 04000000 		.4byte	.LVL3
 884 0029 0100     		.2byte	0x1
 885 002b 50       		.byte	0x50
 886 002c 04000000 		.4byte	.LVL3
 887 0030 1C000000 		.4byte	.LFE1
ARM GAS  C:\Users\IYANG~1.DES\AppData\Local\Temp\ccEjDzG7.s 			page 36


 888 0034 0400     		.2byte	0x4
 889 0036 F3       		.byte	0xf3
 890 0037 01       		.uleb128 0x1
 891 0038 50       		.byte	0x50
 892 0039 9F       		.byte	0x9f
 893 003a 00000000 		.4byte	0
 894 003e 00000000 		.4byte	0
 895              	.LLST2:
 896 0042 00000000 		.4byte	.LVL4
 897 0046 08000000 		.4byte	.LVL7
 898 004a 0100     		.2byte	0x1
 899 004c 50       		.byte	0x50
 900 004d 08000000 		.4byte	.LVL7
 901 0051 14000000 		.4byte	.LFE4
 902 0055 0400     		.2byte	0x4
 903 0057 F3       		.byte	0xf3
 904 0058 01       		.uleb128 0x1
 905 0059 50       		.byte	0x50
 906 005a 9F       		.byte	0x9f
 907 005b 00000000 		.4byte	0
 908 005f 00000000 		.4byte	0
 909              	.LLST3:
 910 0063 04000000 		.4byte	.LVL5
 911 0067 06000000 		.4byte	.LVL6
 912 006b 0B00     		.2byte	0xb
 913 006d 70       		.byte	0x70
 914 006e 00       		.sleb128 0
 915 006f 0A       		.byte	0xa
 916 0070 FFFF     		.2byte	0xffff
 917 0072 1A       		.byte	0x1a
 918 0073 20       		.byte	0x20
 919 0074 73       		.byte	0x73
 920 0075 00       		.sleb128 0
 921 0076 1A       		.byte	0x1a
 922 0077 9F       		.byte	0x9f
 923 0078 00000000 		.4byte	0
 924 007c 00000000 		.4byte	0
 925              	.LLST4:
 926 0080 08000000 		.4byte	.LVL8
 927 0084 0C000000 		.4byte	.LVL9
 928 0088 0100     		.2byte	0x1
 929 008a 50       		.byte	0x50
 930 008b 0C000000 		.4byte	.LVL9
 931 008f 14000000 		.4byte	.LFE5
 932 0093 0400     		.2byte	0x4
 933 0095 72       		.byte	0x72
 934 0096 00       		.sleb128 0
 935 0097 06       		.byte	0x6
 936 0098 9F       		.byte	0x9f
 937 0099 00000000 		.4byte	0
 938 009d 00000000 		.4byte	0
 939              		.section	.debug_aranges,"",%progbits
 940 0000 44000000 		.4byte	0x44
 941 0004 0200     		.2byte	0x2
 942 0006 00000000 		.4byte	.Ldebug_info0
 943 000a 04       		.byte	0x4
 944 000b 00       		.byte	0
ARM GAS  C:\Users\IYANG~1.DES\AppData\Local\Temp\ccEjDzG7.s 			page 37


 945 000c 0000     		.2byte	0
 946 000e 0000     		.2byte	0
 947 0010 00000000 		.4byte	.LFB0
 948 0014 18000000 		.4byte	.LFE0-.LFB0
 949 0018 00000000 		.4byte	.LFB1
 950 001c 1C000000 		.4byte	.LFE1-.LFB1
 951 0020 00000000 		.4byte	.LFB2
 952 0024 10000000 		.4byte	.LFE2-.LFB2
 953 0028 00000000 		.4byte	.LFB3
 954 002c 10000000 		.4byte	.LFE3-.LFB3
 955 0030 00000000 		.4byte	.LFB4
 956 0034 14000000 		.4byte	.LFE4-.LFB4
 957 0038 00000000 		.4byte	.LFB5
 958 003c 14000000 		.4byte	.LFE5-.LFB5
 959 0040 00000000 		.4byte	0
 960 0044 00000000 		.4byte	0
 961              		.section	.debug_ranges,"",%progbits
 962              	.Ldebug_ranges0:
 963 0000 00000000 		.4byte	.LFB0
 964 0004 18000000 		.4byte	.LFE0
 965 0008 00000000 		.4byte	.LFB1
 966 000c 1C000000 		.4byte	.LFE1
 967 0010 00000000 		.4byte	.LFB2
 968 0014 10000000 		.4byte	.LFE2
 969 0018 00000000 		.4byte	.LFB3
 970 001c 10000000 		.4byte	.LFE3
 971 0020 00000000 		.4byte	.LFB4
 972 0024 14000000 		.4byte	.LFE4
 973 0028 00000000 		.4byte	.LFB5
 974 002c 14000000 		.4byte	.LFE5
 975 0030 00000000 		.4byte	0
 976 0034 00000000 		.4byte	0
 977              		.section	.debug_line,"",%progbits
 978              	.Ldebug_line0:
 979 0000 CE000000 		.section	.debug_str,"MS",%progbits,1
 979      02004A00 
 979      00000201 
 979      FB0E0D00 
 979      01010101 
 980              	.LASF20:
 981 0000 48696265 		.ascii	"Hibernate_LED_Read\000"
 981      726E6174 
 981      655F4C45 
 981      445F5265 
 981      616400
 982              	.LASF15:
 983 0013 72656733 		.ascii	"reg32\000"
 983      3200
 984              	.LASF19:
 985 0019 76616C75 		.ascii	"value\000"
 985      6500
 986              	.LASF29:
 987 001f 443A5C44 		.ascii	"D:\\Dropbox\\blog\\UV sensor\\SW\\UVSensorCypress\\"
 987      726F7062 
 987      6F785C62 
 987      6C6F675C 
 987      55562073 
ARM GAS  C:\Users\IYANG~1.DES\AppData\Local\Temp\ccEjDzG7.s 			page 38


 988 004c 55562053 		.ascii	"UV Sensor.cydsn\000"
 988      656E736F 
 988      722E6379 
 988      64736E00 
 989              	.LASF12:
 990 005c 666C6F61 		.ascii	"float\000"
 990      7400
 991              	.LASF1:
 992 0062 756E7369 		.ascii	"unsigned char\000"
 992      676E6564 
 992      20636861 
 992      7200
 993              	.LASF30:
 994 0070 64725661 		.ascii	"drVal\000"
 994      6C00
 995              	.LASF5:
 996 0076 6C6F6E67 		.ascii	"long unsigned int\000"
 996      20756E73 
 996      69676E65 
 996      6420696E 
 996      7400
 997              	.LASF3:
 998 0088 73686F72 		.ascii	"short unsigned int\000"
 998      7420756E 
 998      7369676E 
 998      65642069 
 998      6E7400
 999              	.LASF16:
 1000 009b 48696265 		.ascii	"Hibernate_LED_SetDriveMode\000"
 1000      726E6174 
 1000      655F4C45 
 1000      445F5365 
 1000      74447269 
 1001              	.LASF13:
 1002 00b6 646F7562 		.ascii	"double\000"
 1002      6C6500
 1003              	.LASF10:
 1004 00bd 75696E74 		.ascii	"uint16\000"
 1004      313600
 1005              	.LASF23:
 1006 00c4 706F7369 		.ascii	"position\000"
 1006      74696F6E 
 1006      00
 1007              	.LASF11:
 1008 00cd 75696E74 		.ascii	"uint32\000"
 1008      333200
 1009              	.LASF25:
 1010 00d4 696E7472 		.ascii	"intrCfg\000"
 1010      43666700 
 1011              	.LASF8:
 1012 00dc 756E7369 		.ascii	"unsigned int\000"
 1012      676E6564 
 1012      20696E74 
 1012      00
 1013              	.LASF22:
 1014 00e9 48696265 		.ascii	"Hibernate_LED_SetInterruptMode\000"
 1014      726E6174 
ARM GAS  C:\Users\IYANG~1.DES\AppData\Local\Temp\ccEjDzG7.s 			page 39


 1014      655F4C45 
 1014      445F5365 
 1014      74496E74 
 1015              	.LASF7:
 1016 0108 6C6F6E67 		.ascii	"long long unsigned int\000"
 1016      206C6F6E 
 1016      6720756E 
 1016      7369676E 
 1016      65642069 
 1017              	.LASF28:
 1018 011f 47656E65 		.ascii	"Generated_Source\\PSoC4\\Hibernate_LED.c\000"
 1018      72617465 
 1018      645F536F 
 1018      75726365 
 1018      5C50536F 
 1019              	.LASF18:
 1020 0146 6D6F6465 		.ascii	"mode\000"
 1020      00
 1021              	.LASF6:
 1022 014b 6C6F6E67 		.ascii	"long long int\000"
 1022      206C6F6E 
 1022      6720696E 
 1022      7400
 1023              	.LASF26:
 1024 0159 6D61736B 		.ascii	"maskedStatus\000"
 1024      65645374 
 1024      61747573 
 1024      00
 1025              	.LASF14:
 1026 0166 63686172 		.ascii	"char\000"
 1026      00
 1027              	.LASF21:
 1028 016b 48696265 		.ascii	"Hibernate_LED_ReadDataReg\000"
 1028      726E6174 
 1028      655F4C45 
 1028      445F5265 
 1028      61644461 
 1029              	.LASF2:
 1030 0185 73686F72 		.ascii	"short int\000"
 1030      7420696E 
 1030      7400
 1031              	.LASF27:
 1032 018f 474E5520 		.ascii	"GNU C 4.9.3 20150303 (release) [ARM/embedded-4_9-br"
 1032      4320342E 
 1032      392E3320 
 1032      32303135 
 1032      30333033 
 1033 01c2 616E6368 		.ascii	"anch revision 221220] -mcpu=cortex-m0 -mthumb -g -O"
 1033      20726576 
 1033      6973696F 
 1033      6E203232 
 1033      31323230 
 1034 01f5 33202D66 		.ascii	"3 -ffunction-sections -finline-functions -flto -ffa"
 1034      66756E63 
 1034      74696F6E 
 1034      2D736563 
 1034      74696F6E 
ARM GAS  C:\Users\IYANG~1.DES\AppData\Local\Temp\ccEjDzG7.s 			page 40


 1035 0228 742D6C74 		.ascii	"t-lto-objects\000"
 1035      6F2D6F62 
 1035      6A656374 
 1035      7300
 1036              	.LASF9:
 1037 0236 75696E74 		.ascii	"uint8\000"
 1037      3800
 1038              	.LASF4:
 1039 023c 6C6F6E67 		.ascii	"long int\000"
 1039      20696E74 
 1039      00
 1040              	.LASF0:
 1041 0245 7369676E 		.ascii	"signed char\000"
 1041      65642063 
 1041      68617200 
 1042              	.LASF17:
 1043 0251 48696265 		.ascii	"Hibernate_LED_Write\000"
 1043      726E6174 
 1043      655F4C45 
 1043      445F5772 
 1043      69746500 
 1044              	.LASF24:
 1045 0265 48696265 		.ascii	"Hibernate_LED_ClearInterrupt\000"
 1045      726E6174 
 1045      655F4C45 
 1045      445F436C 
 1045      65617249 
 1046              		.comm	__gnu_lto_v1,1,1
 1047              		.ident	"GCC: (GNU Tools for ARM Embedded Processors) 4.9.3 20150303 (release) [ARM/embedded-4_9-br
