ARM GAS  C:\Users\IYANG~1.DES\AppData\Local\Temp\ccJXQzdE.s 			page 1


   1              		.cpu cortex-m0
   2              		.fpu softvfp
   3              		.eabi_attribute 20, 1
   4              		.eabi_attribute 21, 1
   5              		.eabi_attribute 23, 3
   6              		.eabi_attribute 24, 1
   7              		.eabi_attribute 25, 1
   8              		.eabi_attribute 26, 1
   9              		.eabi_attribute 30, 2
  10              		.eabi_attribute 34, 0
  11              		.eabi_attribute 18, 4
  12              		.code	16
  13              		.file	"UART_1_SCBCLK.c"
  14              		.text
  15              	.Ltext0:
  16              		.section	.gnu.lto_.profile.183f0efa,"",%progbits
  17 0000 789C6366 		.ascii	"x\234cf```a\200\000F\0069I\000\000\311\000@"
  17      60606061 
  17      80004606 
  17      39490000 
  17      C90040
  18              		.text
  19              		.section	.gnu.lto_.jmpfuncs.183f0efa,"",%progbits
  20 0000 789C6366 		.ascii	"x\234cf\300\016\304\2414+\003##c=#\003\003\023\023#"
  20      C00EC4A1 
  20      342B0323 
  20      23633D23 
  20      03031313 
  21 0015 23737D3D 		.ascii	"#s}=3\003\003\013P\030\000\026R\001\261"
  21      3303030B 
  21      50180016 
  21      5201B1
  22              		.text
  23              		.section	.gnu.lto_.inline.183f0efa,"",%progbits
  24 0000 789C6D8B 		.ascii	"x\234m\213\273\025\2000\014\003eG\201\020\012FH\303"
  24      BB158030 
  24      0C036547 
  24      81100A46 
  24      48C3
  25 0012 631C3662 		.ascii	"c\0346b\007J\312\314\301\024\214\204\375\3705\250\261"
  25      074ACACC 
  25      C1148C84 
  25      FDF835A8 
  25      B1
  26 0023 ADF305FC 		.ascii	"\255\363\005\374g\271g\004\272I\004\002\204\264oDS\213"
  26      67B96704 
  26      BA490402 
  26      84B46F44 
  26      538B
  27 0035 82B5D0A9 		.ascii	"\202\265\320\251\240\035\005\372\001\213\242\317\242"
  27      A01D05FA 
  27      018BA2CF 
  27      A2
  28 0042 2E9806E6 		.ascii	".\230\006\346u\276\220\036\003]L\376\024\020i\242\235"
  28      75BE901E 
  28      035D4CFE 
  28      141069A2 
ARM GAS  C:\Users\IYANG~1.DES\AppData\Local\Temp\ccJXQzdE.s 			page 2


  28      9D
  29 0053 AF4704B5 		.ascii	"\257G\004\265\312\266\247\301\011M\203\013\347"
  29      CAB6A7C1 
  29      094D830B 
  29      E7
  30              		.text
  31              		.section	.gnu.lto_.pureconst.183f0efa,"",%progbits
  32 0000 789C6366 		.ascii	"x\234cf``\340f\200\000V\006)F)&)f)\026\006\000\003\374"
  32      6060E066 
  32      80005606 
  32      29462926 
  32      29662916 
  33 0018 0086     		.ascii	"\000\206"
  34              		.text
  35              		.section	.gnu.lto_UART_1_SCBCLK_StartEx.183f0efa,"",%progbits
  36 0000 789C6551 		.ascii	"x\234eQ=hSQ\024>\337\275\357\276<L\005q\222N.%\340 "
  36      3D685351 
  36      143EDFBD 
  36      EFBE3C4C 
  36      0571924E 
  37 0018 083AB958 		.ascii	"\010:\271XSp\320\241\030\335\012\241\324 \325\322BQ"
  37      5370D0A1 
  37      18DD0AA1 
  37      D420D5D2 
  37      4251
  38 002a 0717EF6B 		.ascii	"\007\027\357k\037QJ\207R\250T\244\223\212?\211\211\266"
  38      1F514A87 
  38      52A854A4 
  38      938A3F89 
  38      89B6
  39 003c 9382F052 		.ascii	"\223\202\360R(Z\254\021\007[\010\241.\251\350\"F\213"
  39      285AAC11 
  39      075B08A1 
  39      2EA9E822 
  39      468B
  40 004e 25A2D473 		.ascii	"%\242\324sr\035*>\270\367\334s\370\276\357|\347<M\377"
  40      721D2A3E 
  40      B8F7DC73 
  40      F8BEEF7C 
  40      E73C4DFF 
  41 0062 7F3D7C8C 		.ascii	"\177=|\214\":\302\021>AMU\211\302@A\273\207Vf\362%\221"
  41      223AC211 
  41      3E414D55 
  41      89C24041 
  41      BB875666 
  42 0079 DDE54509 		.ascii	"\335\345E\011\262\035\306\325\273=@\"\201\256)m<\360"
  42      B21DC6D5 
  42      BB3D4022 
  42      81AE296D 
  42      3CF0
  43 008b EDF43EAB 		.ascii	"\355\364>\253\246\302T\\\230M\246\356Yk\277~[\016{c"
  43      A6C2545C 
  43      984DA6EE 
  43      596BBF7E 
  43      5B0E7B63 
  44 009f B4B8C377 		.ascii	"\264\270\303w\345\020\270\217\024c\226~}\211w\353\003"
  44      E510B88F 
ARM GAS  C:\Users\IYANG~1.DES\AppData\Local\Temp\ccJXQzdE.s 			page 3


  44      1463967E 
  44      7D8977EB 
  44      03
  45 00b0 207E3F2B 		.ascii	" ~?+m\276I~R-\205\375\222>\237~5\353K\252<I\227\363"
  45      6DBE497E 
  45      522D85FD 
  45      923E9F7E 
  45      35EB4BAA 
  46 00c8 A55B7ED7 		.ascii	"\245[~\327\035k\307\342\327\363\366\230\327R\032\017"
  46      1D6BC7E2 
  46      D7F3F698 
  46      D7521A0F 
  47 00d8 A0590F0F 		.ascii	"\240Y\017\017\321\211G\350$.\021\012\350\022x3\372\275"
  47      D18947E8 
  47      242E110A 
  47      E8127833 
  47      FABD
  48 00ea 96F4236E 		.ascii	"\226\364#n\276\307\365D\021>8\226\367\306v{{\241XYE"
  48      BEC7F544 
  48      113E3896 
  48      F7C6767B 
  48      7BA15859 
  49 00ff A098E269 		.ascii	"\240\230\342i\276\330\273\020\215\344\276\\D\015&\361"
  49      BED8BB10 
  49      8DE4BE5C 
  49      440D26F1 
  50 010f B00DA538 		.ascii	"\260\015\2458\350\015\226\346Qu\015\213?&V\227\264\250"
  50      E80D96E6 
  50      51750D8B 
  50      3F265697 
  50      B4A8
  51 0121 6D299972 		.ascii	"m)\231r\246^\250v\210M\337\332\310\266\255~h\274}\027"
  51      A65EA876 
  51      884DDFDA 
  51      C8B6AD7E 
  51      68BC7D17 
  52 0135 B44B2469 		.ascii	"\264K$i\345\305\304\3259\334\016#^@\002\217\331l\211"
  52      E5C5C4D5 
  52      39DC0E23 
  52      5E40028F 
  52      D96C89
  53 0148 CD12CA98 		.ascii	"\315\022\312\230\003\3250\266~\275\276\317\351i\226"
  53      03D530B6 
  53      7EBDBECF 
  53      E96996
  54 0157 A4F78856 		.ascii	"\244\367\210V\306/\374-\354T3\314y\"L\022w\206\370\217"
  54      C62FFC2D 
  54      EC5433CC 
  54      79224C12 
  54      7786F88F 
  55 016b 6083ADB2 		.ascii	"`\203\255\262\275\032\306\353\371\352G\343XfKyL\274"
  55      BD1AC6EB 
  55      F9EA47E3 
  55      58664B79 
  55      4CBC
  56 017d 3B73B368 		.ascii	";s\263h\204\030\004\204\247Ld\324f~%\341@\202cP\361"
  56      84180484 
ARM GAS  C:\Users\IYANG~1.DES\AppData\Local\Temp\ccJXQzdE.s 			page 4


  56      A74C64D4 
  56      667E25E1 
  56      40826350 
  57 0192 C6CFC984 		.ascii	"\306\317\311\204\200\274\012\357\212\201\363m\340\342"
  57      80BC0AEF 
  57      8A81F36D 
  57      E0E2
  58 01a0 74B37C54 		.ascii	"t\263|T\200;\375\207\261\371w\202\005\236\200\225h\035"
  58      803BFD87 
  58      B1F97782 
  58      059E8095 
  58      681D
  59 01b2 61BCD66E 		.ascii	"a\274\326n\356\274\201=\361\372R'r\303\271\321\376K"
  59      EEBC813D 
  59      F1FA5227 
  59      72C3B9D1 
  59      FE4B
  60 01c4 B973D9CC 		.ascii	"\271s\331\314\310\345\321\201\\_of$}\270\357l\367\351"
  60      C8E5D181 
  60      5C5F6F66 
  60      247DB8EF 
  60      6CF7E9
  61 01d7 33D943D9 		.ascii	"3\331C\331L\372x\372\324\311\203\003\224\354\037\032"
  61      4CFA78FA 
  61      D4C98303 
  61      94EC1F1A 
  62 01e7 3C3F9C1E 		.ascii	"<?\234\036\272\3303x\345\017\012.\311p"
  62      BAD83378 
  62      E50F0A2E 
  62      C970
  63              		.text
  64              		.section	.gnu.lto_UART_1_SCBCLK_Stop.183f0efa,"",%progbits
  65 0000 789C6590 		.ascii	"x\234e\220\275KBQ\030\306\337\367\234{U\322!\232\304"
  65      BD4B4251 
  65      18C6DFF7 
  65      9C7B55D2 
  65      219AC4
  66 0013 7F405A82 		.ascii	"\177@Z\202\240!\332\314\300\241\206\310\332\004\011"
  66      A021DACC 
  66      C0A186C8 
  66      DA0409
  67 0022 BB4B4382 		.ascii	"\273KC\202\324\322\322\271u#\220\006\033\202 \035\243"
  67      D4D2D2B9 
  67      75239006 
  67      1B82201D 
  67      A3
  68 0033 8FDB07D1 		.ascii	"\217\333\007\321PKpmi\011\243!\004\021\033\272\206E"
  68      504B706D 
  68      6909A321 
  68      04111BBA 
  68      8645
  69 0045 83161477 		.ascii	"\203\026\024w\010{O\267\301\350\300\371z\317\363>\317"
  69      087B4FB7 
  69      C1E8C0F9 
  69      7ACFF33E 
  69      CF
  70 0056 8FC3E1FF 		.ascii	"\217\303\341\377\030\241\231B\200^\332\321\003\310r"
ARM GAS  C:\Users\IYANG~1.DES\AppData\Local\Temp\ccJXQzdE.s 			page 5


  70      18A19942 
  70      805EDAD1 
  70      03C872
  71 0065 2500DDC7 		.ascii	"%\000\335\307\220\273\007\316\324\365k\000\321\245\030"
  71      90BB07CE 
  71      D4F56B00 
  71      D1A518
  72 0074 5E1001D5 		.ascii	"^\020\001\325\255G\024D\271\003\302\022\343\252\202"
  72      AD471444 
  72      B903C212 
  72      E3AA82
  73 0083 B4BA7ECF 		.ascii	"\264\272~\317\254\3050g\231[\376\360\216\020\242\371"
  73      ACC53067 
  73      995BFEF0 
  73      8E10A2F9 
  74 0093 761E5C0D 		.ascii	"v\036\\\015:\014\340\235\271\002\334\3050\220\246e|"
  74      3A0CE09D 
  74      B902DCC5 
  74      3090A665 
  74      7C
  75 00a4 95FD1E83 		.ascii	"\225\375\036\2034\335\356\033\356\241\207@\340\244\307"
  75      34DDEE1B 
  75      EEA18740 
  75      E0A4C7
  76 00b3 12EDF699 		.ascii	"\022\355\366\231\275\321\030B\225\201C(\264\220\302"
  76      BDD11842 
  76      95814328 
  76      B490C2
  77 00c2 A6491036 		.ascii	"\246I\0206\235\015/\257S\"!\360\012^}d\237\362\203\262"
  77      9D0D2FAF 
  77      532221F0 
  77      0A5E7D64 
  77      9FF283B2 
  78 00d6 FD93C9F4 		.ascii	"\375\223\311\364\315\252Y\0124\230\303\270\020\206P"
  78      CDAA590A 
  78      3498C3B8 
  78      108650
  79 00e5 64D8837D 		.ascii	"d\330\203}{\347\373)\201\274\026/\263\213\005\334\326"
  79      7BE7FB29 
  79      81BC162F 
  79      B38B05DC 
  79      D6
  80 00f6 0D749882 		.ascii	"\015t\230\202\373\030\302\003\014\021\201\211\005\204"
  80      FB18C203 
  80      0C118189 
  80      0584
  81 0104 0A2ED7D6 		.ascii	"\012.\327\326\252A\327\217\223%\334\243q\2632\373[\350"
  81      AA41D78F 
  81      9325DCA3 
  81      71B332FB 
  81      5BE8
  82 0116 7423203C 		.ascii	"t# <\224\235 \351T\240\237\302:S$\036a5\233\257\247"
  82      949D20E9 
  82      54A09FC2 
  82      3A53241E 
  82      61359BAF 
  83 012b 5ED9D599 		.ascii	"^\331\325\231\250[\352\337\314#\312$\301\305\313\243"
ARM GAS  C:\Users\IYANG~1.DES\AppData\Local\Temp\ccJXQzdE.s 			page 6


  83      A85BEADF 
  83      CC23CA24 
  83      C1C5CBA3 
  84 013b C9A42716 		.ascii	"\311\244'\026\351K\024\300cz\255\241n\225c\322\302M"
  84      E94B14C0 
  84      637AADA1 
  84      6E9563D2 
  84      C24D
  85 014d 4072A6CC 		.ascii	"@r\246\314pL\233\3232\323\363\332L2\236^\310\244\264"
  85      704C9BD3 
  85      32D3F3DA 
  85      4C329E5E 
  85      C8A4B4
  86 0160 C4783C1D 		.ascii	"\304x<\035\035HLE&&\223\375\311xt8:6\332\227\202o\303"
  86      1D484C45 
  86      262693FD 
  86      C9787438 
  86      3A36DA97 
  87 0177 1D8F95   		.ascii	"\035\217\225"
  88              		.text
  89              		.section	.gnu.lto_UART_1_SCBCLK_SetFractionalDividerRegister.183f0efa,"",%progbits
  90 0000 789C7552 		.ascii	"x\234uR_HSQ\030?\337\271\333\335\335\037Cz\262\275\024"
  90      5F485351 
  90      183FDFB9 
  90      DBDDDD1F 
  90      437AB2BD 
  91 0015 C890228A 		.ascii	"\310\220\"\212\240\240\247\250\026\005\331C\265\362"
  91      A0A0A7A8 
  91      1605D943 
  91      B5F2
  92 0023 49903147 		.ascii	"I\2201G\210KaY\257\336\331\\ \022\262\260\326B*Lt\323"
  92      884B6159 
  92      AFDED95C 
  92      2012B2B0 
  92      D6422A4C 
  93 0039 D4B43F6A 		.ascii	"\324\264?j/\313\027\005S\221DIb\232\177\242H(Q\334\006"
  93      2FCB1705 
  93      53914449 
  93      629A7FA2 
  93      482851DC 
  94 004e CAFABE73 		.ascii	"\312\372\276s\264\222\350\302=\347|\277\373\375~\347"
  94      B492E8C2 
  94      3DE77CBF 
  94      FBFD7EE7 
  95 005e FB7EDF55 		.ascii	"\373~\337U\330\277\217\035\337R\205\261K\270\203\302"
  95      D8BF8F1D 
  95      DF5285B1 
  95      4BB883C2 
  96 006e 80378C31 		.ascii	"\2007\2141\026\3208\000\035\030\260j\016\325\360\215"
  96      16D03800 
  96      1D18B06A 
  96      0ED5F08D 
  97 007e AF706848 		.ascii	"\257phH\264G\254\005-\272\256\377\234\237\310\253\315"
  97      B447AC05 
  97      2DBAAEFF 
  97      9C9FC8AB 
  97      CD
ARM GAS  C:\Users\IYANG~1.DES\AppData\Local\Temp\ccJXQzdE.s 			page 7


  98 008f CB70C656 		.ascii	"\313p\306V\271\224\201V(\300\224\364\227\231\007f\345"
  98      B9948156 
  98      28C094F4 
  98      97990766 
  98      E5
  99 00a0 00303C8F 		.ascii	"\0000<\217\314\247Wm_y\206C.\205\321\351\2455\205B\316"
  99      CCA7576D 
  99      5F798643 
  99      2E85D1E9 
  99      A5358542 
 100 00b5 296C6CFB 		.ascii	")ll\373\360\231;\232u\275&\221\356\326O\"\256@\033("
 100      F0993B9A 
 100      75BD2691 
 100      EED64F22 
 100      AE401B28 
 101 00c9 A80731B0 		.ascii	"\250\0071\260C\034\354\014!\006\355\340 \255\372\016"
 101      431CEC0C 
 101      2106EDE0 
 101      20ADFA0E 
 102 00d9 B3724CC8 		.ascii	"\263rL\310n|lx\254Ibt\301\210E\030\240C\362\016\332"
 102      6E7C6C78 
 102      AC496274 
 102      C1884518 
 102      A043F20E 
 103 00ee 613FB10C 		.ascii	"a?\261\014\014\236\203\203r\247\247\302u\006\305)x\375"
 103      0C9E8383 
 103      72A7A7C2 
 103      7506C529 
 103      78FD
 104 0100 9D6BA356 		.ascii	"\235k\243VQ\316>\012\007\302\303\021U\224c\24006;\372"
 104      51CE3E0A 
 104      07C2C311 
 104      559463A0 
 104      30363BFA 
 105 0114 C390FF14 		.ascii	"\303\220\377\024U\347\"\265C6}X\017\316e\263{3\334\010"
 105      55E722B5 
 105      43367D58 
 105      0FCE65B3 
 105      7B33DC08 
 106 0128 9D52BD0B 		.ascii	"\235R\275\013\253\352\006\373\226mH\251\357Y\352\263"
 106      ABEA06FB 
 106      966D48A9 
 106      EF59EAB3 
 107 0138 2885423C 		.ascii	"(\205B<\321]\277\300\005\375\311\303\026\365/r\317\177"
 107      D15DBFC0 
 107      05FDC9C3 
 107      16F52F72 
 107      CF7F
 108 014a C82BC1CD 		.ascii	"\310+\301\315i\253\032D/s\341\005\344C/\344K/\341%\250"
 108      69AB1A44 
 108      2F73E105 
 108      E4432FE4 
 108      4B2FE125 
 109 015f C018DF46 		.ascii	"\300\030\337F\273v'\364lvu(<|\230\357\342\330\235\212"
 109      BB7627F4 
 109      6C767528 
 109      3C7C98EF 
ARM GAS  C:\Users\IYANG~1.DES\AppData\Local\Temp\ccJXQzdE.s 			page 8


 109      E2D89D8A 
 110 0173 A6E03703 		.ascii	"\246\3407\003\2205F\002TZL\264h@\235\233\351h\241\305"
 110      90354602 
 110      545A4CB4 
 110      68409D9B 
 110      E968A1C5 
 111 0187 4A8B8D09 		.ascii	"J\213\215\011u\266\210\3624\323%\034\000\356\312\014"
 111      75B688F2 
 111      34D3251C 
 111      00EECA0C 
 112 0197 0CAED7AD 		.ascii	"\014\256\327\255\307N\320\215)N\003\276\027{\277\220"
 112      C74ED08D 
 112      294E03BE 
 112      177BBF90 
 113 01a7 439E9882 		.ascii	"C\236\230\202\241\240.|\231]\034\237\320\004$\312n]"
 113      A1A02E7C 
 113      995D1C9F 
 113      D00424CA 
 113      6E5D
 114 01b9 6ED26D4D 		.ascii	"n\322mM\360(\020\204\014\327\340\025\266\365\232\332"
 114      F0281084 
 114      0CD7E015 
 114      B6F59ADA 
 115 01c9 8237D004 		.ascii	"\2027\320\004l\006n\247C\313 \005\025\251\231j\236\373"
 115      6C066EA7 
 115      43CB2005 
 115      15A9996A 
 115      9EFB
 116 01db 0E248015 		.ascii	"\016$\200\025B\037\346N\001\027=b\017\230\204\234\232"
 116      421FE64E 
 116      01173D62 
 116      0F98849C 
 116      9A
 117 01ec E49DA978 		.ascii	"\344\235\251x\221$\031S8\016\224\371\024\332\310\223"
 117      91241953 
 117      380E94F9 
 117      14DAC893 
 118 01fc 088128F3 		.ascii	"\010\201(\363\254\361~\207\221d\314\032\203~\224\301"
 118      ACF17E87 
 118      9164CC1A 
 118      837E94C1 
 119 020c A4B5D058 		.ascii	"\244\265\320X\274Xf\231D\342\226Zr[\315\234\342\232"
 119      BC586699 
 119      44E2965A 
 119      725BCD9C 
 119      E29A
 120 021e 549BDC2A 		.ascii	"T\233\334*\312\202 8\354\262\322\311=\022\264\"\216"
 120      CA822038 
 120      ECB2D2C9 
 120      3D12B422 
 120      8E
 121 022f 57DC1D89 		.ascii	"W\334\035\211\276\023?\250\232\005\006\003\177\3568"
 121      BE133FA8 
 121      9A050603 
 121      7FEE38
 122 023e 2ED36CE2 		.ascii	".\323l\342\032\353\357\006z\251\001\033&\015\206W\222"
 122      1AEBEF06 
ARM GAS  C:\Users\IYANG~1.DES\AppData\Local\Temp\ccJXQzdE.s 			page 9


 122      7AA9011B 
 122      260D8657 
 122      92
 123 024f 3D26C276 		.ascii	"=&\302v8\024H\030wz\364\026=\"F\022\002\211\315\363"
 123      38144818 
 123      777AF416 
 123      3D224612 
 123      0289CDF3 
 124 0263 944F3FC3 		.ascii	"\224O?\303\"\007\032\007\016\247\340\234\267\302\353"
 124      22071A07 
 124      0EA7E09C 
 124      B7C2EB
 125 0272 7757794B 		.ascii	"wWyKK\\\2257\375\036o\361EW\245\363h\361\325S\227\257"
 125      4B5C9537 
 125      FD1E6FF1 
 125      4557A5F3 
 125      68F1D553 
 126 0288 941C2971 		.ascii	"\224\034)q9O;/\024\036\3620\213\307W~\246\354VY\251"
 126      394F3B2F 
 126      141EF230 
 126      8BC7577E 
 126      A6EC5659 
 127 029d D79F83C7 		.ascii	"\327\237\203\307\263~\267\247\252\254\262\302\3553]"
 127      B37EB7A7 
 127      AAACB2C2 
 127      ED335D
 128 02ac 77DF282F 		.ascii	"w\337(/r\373T\277\367\032n\277\000\300ME-"
 128      72FB54BF 
 128      F71A6EBF 
 128      00C04D45 
 128      2D
 129              		.text
 130              		.section	.gnu.lto_UART_1_SCBCLK_GetDividerRegister.183f0efa,"",%progbits
 131 0000 789C658E 		.ascii	"x\234e\216\277KBQ\024\307\317\367\276\347C\312@\032"
 131      BF4B4251 
 131      14C7CFF7 
 131      BEE743CA 
 131      401A
 132 0012 FD07A425 		.ascii	"\375\007\244%(\202\206\246rh\250!\2626\301\302\336\232"
 132      288286A6 
 132      7268A821 
 132      B236C1C2 
 132      DE9A
 133 0024 20357BB5 		.ascii	" 5{\265\207ES\364\2130\204\206\302,{\375\001-\321Z\030"
 133      874553F4 
 133      8B308486 
 133      C22C7BFD 
 133      012DD15A 
 134 0039 2D0A422F 		.ascii	"-\012B/0\205\202\206\344I\345\020vO\266u\341\334s\277"
 134      30858286 
 134      E449E510 
 134      764FB675 
 134      E1DC73BF 
 135 004d F77EEFF7 		.ascii	"\367~\357\367|4\372\277\002\252FA4\240:4\202\330*\021"
 135      7C34FABF 
 135      02AA4641 
 135      34A03A34 
ARM GAS  C:\Users\IYANG~1.DES\AppData\Local\Temp\ccJXQzdE.s 			page 10


 135      82D82A11 
 136 0061 A5BC02E0 		.ascii	"\245\274\002\340\003\201\222\002I\274\212\246\300m\355"
 136      03819202 
 136      49BC8AA6 
 136      C06DED
 137 0070 CBF5BD88 		.ascii	"\313\365\275\210\266 ?)\231\2554Z\032K\010\226Wn\251"
 137      B6203F29 
 137      99AD345A 
 137      1A4B0896 
 137      576EA9
 138 0083 66044FA4 		.ascii	"f\004O\244L\277\247\037\027\016v\217\320\026\202\\A"
 138      4CBFA71F 
 138      170E768F 
 138      D016825C 
 138      41
 139 0094 C8238053 		.ascii	"\310#\200S\360 \024\020do\323\372\256\364\032\226\224"
 139      F0201410 
 139      646FD3FA 
 139      AEF41A96 
 139      94
 140 00a5 D2CF0EF5 		.ascii	"\322\317\016\365p\006CA\320e\377\265\354t\334\326\366"
 140      70064341 
 140      D065FFB5 
 140      EC74DCD6 
 140      F6
 141 00b6 C698F008 		.ascii	"\306\230\360\010j\013M\343M'\316\242\272*\246j(\241"
 141      6A0B4DE3 
 141      4D27CEA2 
 141      BA2AA66A 
 141      28A1
 142 00c8 BA56C5CD 		.ascii	"\272V\305\315\307f\331\216\360\357O\301\210;\205\273"
 142      C766D98E 
 142      F0EF4FC1 
 142      883B85BB 
 143 00d8 E73E66D2 		.ascii	"\347>f\322\255\214%u\236\365T\277\177\360\376^\021\313"
 143      AD8C2575 
 143      9EF554BF 
 143      7FF0FE5E 
 143      11CB
 144 00ea FC5B4EFA 		.ascii	"\374[N\372r8LY\212\317\203s\305Vd6\\ \007\252b\315\311"
 144      72384C59 
 144      8ACF8373 
 144      C5566436 
 144      5C2007AA 
 145 0101 38F67037 		.ascii	"8\366p7Q\353\206\036\357\355\027=\234`x\011\2662W\221"
 145      51EB861E 
 145      EFED173D 
 145      9C607809 
 145      B6325791 
 146 0115 76D6CB76 		.ascii	"v\326\313vO\327\245+#9\300\237\"\346\004\363)\332\340"
 146      4FD7A52B 
 146      2339C09F 
 146      22E604F3 
 146      29DAE0
 147 0128 A4B96C26 		.ascii	"\244\271l&\026W\314\245h8\276\232\210\231\221\231p<"
 147      1657CCA5 
 147      6838BE9A 
ARM GAS  C:\Users\IYANG~1.DES\AppData\Local\Temp\ccJXQzdE.s 			page 11


 147      88999199 
 147      703C
 148 013a 3412991F 		.ascii	"4\022\231\037\237\235\213\016E\303\241\211\320\364\324"
 148      9F9D8B0E 
 148      45C3A189 
 148      D0F4D4
 149 0149 608C7E00 		.ascii	"`\214~\000\302\313}\300"
 149      C2CB7DC0 
 150              		.text
 151              		.section	.gnu.lto_UART_1_SCBCLK_GetFractionalDividerRegister.183f0efa,"",%progbits
 152 0000 789C6366 		.ascii	"x\234cf\300\004R@<\001\2105\201\230\221\231\201\221"
 152      C0045240 
 152      3C018835 
 152      81989199 
 152      8191
 153 0012 69C23906 		.ascii	"i\3029\006\206F\016&FF\020\203\201\221\241\236\211\261"
 153      86460E26 
 153      46461083 
 153      8191A19E 
 153      89B1
 154 0024 9EF125D3 		.ascii	"\236\361%\323G&\3063;\377]fT_\332\320\320\364\341\321"
 154      4726C633 
 154      3BFF5D66 
 154      545FDAD0 
 154      D0F4E1D1 
 155 0038 C73BDCAD 		.ascii	"\307;\334\255\022?\231\030\030>310\352H1j\202\314a\\"
 155      123F9918 
 155      183E3331 
 155      30EA4831 
 155      6A82CC61 
 156 004d CEA8CE00 		.ascii	"\316\250\316\000T\370\261\345\357un\266\226\206\206"
 156      54F8B1E5 
 156      EF756EB6 
 156      968686
 157 005c 0601903C 		.ascii	"\006\001\220<Pb\005#\033#\220^/t\240\341\377\377\317"
 157      50620523 
 157      1B23905E 
 157      2F74A0E1 
 157      FFFFCF
 158 006f C727BF50 		.ascii	"\307'\277Pg\006\212?\001b\220-O\231\230@4\363=\306\306"
 158      67068A3F 
 158      0162902D 
 158      4F999840 
 158      34F33DC6 
 159 0084 03BBCF31 		.ascii	"\003\273\3171\201T\003M\271\377\344\374E\216\027L?\301"
 159      8154034D 
 159      B9FFE4FC 
 159      458E174C 
 159      3FC1
 160 0096 06AC6404 		.ascii	"\006\254d\004Y\360\204\211\021\244\020(\242\356\236"
 160      59F08489 
 160      11A41028 
 160      A2EE9E
 161 00a5 9A975A94 		.ascii	"\232\227Z\224X\222\232\022\037\234_Z\224\234\032\023"
 161      58929A12 
 161      1F9C5F5A 
 161      949C1A13 
ARM GAS  C:\Users\IYANG~1.DES\AppData\Local\Temp\ccJXQzdE.s 			page 12


 162 00b5 109CEF6C 		.ascii	"\020\234\357l\022\023\352\030\024\022o\030\037\354\354"
 162      1213EA18 
 162      14126F18 
 162      1FECEC
 163 00c4 E4ECE3AD 		.ascii	"\344\354\343\255\227\314\000\000\314\232C\026"
 163      97CC0000 
 163      CC9A4316 
 164              		.text
 165              		.section	.gnu.lto_.symbol_nodes.183f0efa,"",%progbits
 166 0000 789C55C7 		.ascii	"x\234U\3071\021\000 \014\004\301\313\207\002}\030z\013"
 166      31110020 
 166      0C04C1CB 
 166      87027D18 
 166      7A0B
 167 0012 28605084 		.ascii	"(`P\204&\032\012\262\335&0x\204a\036\260Y\273\243p\224"
 167      261A0AB2 
 167      DD263078 
 167      84611EB0 
 167      59BBA370 
 168 0027 CB2A4F67 		.ascii	"\313*Ogys\373\317\005lA\025\031"
 168      7973FBCF 
 168      056C4115 
 168      19
 169              		.text
 170              		.section	.gnu.lto_.refs.183f0efa,"",%progbits
 171 0000 789C6366 		.ascii	"x\234cf```d\200\002\000\000=\000\005"
 171      60606064 
 171      80020000 
 171      3D0005
 172              		.text
 173              		.section	.gnu.lto_.decls.183f0efa,"",%progbits
 174 0000 789C8D54 		.ascii	"x\234\215T]LTG\024\236\263\263\177\334\256[\323\244"
 174      5D4C5447 
 174      149EB3B3 
 174      7FDCAE5B 
 174      D3A4
 175 0012 D86CFAB0 		.ascii	"\330l\372\260\274\320\324\240\015hL\337\372\203-M\333"
 175      BCD0D4A0 
 175      0D684CDF 
 175      FA832D4D 
 175      DB
 176 0023 3444EA93 		.ascii	"4D\352\223&\204\340\215\335\304\000\256\253\251O\235"
 176      2684E08D 
 176      DDC400AE 
 176      ABA94F9D 
 177 0033 0A94AD18 		.ascii	"\012\224\255\030\273\335V\273jk7\305\010b\305U\301\""
 177      BBDD56BB 
 177      6A6B37C5 
 177      0862C555 
 177      C122
 178 0045 BBCA4504 		.ascii	"\273\312E\004\227\002\376\340V\213!U0mIhZP\036\226\332"
 178      9702FEE0 
 178      568B2155 
 178      306D4968 
 178      5A501E96 
 179 005a 7A7B66EE 		.ascii	"z{f\356\376\334]\226\244\223\234{\357\2319\337\371\316"
 179      FEDC5D96 
ARM GAS  C:\Users\IYANG~1.DES\AppData\Local\Temp\ccJXQzdE.s 			page 13


 179      A4939C7B 
 179      EF9939DF 
 179      F9CE
 180 006c CC77EE50 		.ascii	"\314w\356PB\3106 D\305\261\335D\210\015\277\3158WN\322"
 180      42C83620 
 180      44C5B1DD 
 180      44880DBF 
 180      CD38574E 
 181 0081 03A7C959 		.ascii	"\003\247\311Y\264.\264A\264!\264\021\262x\360\230\274"
 181      B42EB441 
 181      B421B411 
 181      B278F098 
 181      BC
 182 0092 04D68E66 		.ascii	"\004\326\216fC\353@+@\273\206\026C\033C{;\021\017\011"
 182      43EB402B 
 182      40BB8616 
 182      431B437B 
 182      3B110F09 
 183 00a6 4CF6E84A 		.ascii	"L\366\350Jp\226\347\300&q]9p\2746)\213?\202\246\350"
 183      7096E7C0 
 183      26715D39 
 183      70BC3629 
 183      8B3F82A6 
 184 00bb EAC855C3 		.ascii	"\352\310U\303`\216\\|\217\226\254<K\341\207r\340G\022"
 184      608E5C7C 
 184      8F96AC3C 
 184      4BE18772 
 184      E04712
 185 00ce 6B8A2E2E 		.ascii	"k\212..\327\231\315\031\340B\307\374\350S\323\006\260"
 185      D799CD19 
 185      E042C7FC 
 185      E853D306 
 185      B0
 186 00df 4B4EEEF6 		.ascii	"KN\356\366\370\243\0013\2726\311\310\335\311\237\357"
 186      F8A30133 
 186      BA36C9C8 
 186      DDC99FEF 
 187 00ef 442CD400 		.ascii	"D,\324\000\374\273%0\031\223\212\332\031c^\246D!\235"
 187      FCBB2530 
 187      19938ADA 
 187      19635EA6 
 187      44219D
 188 0102 E2E3E3E1 		.ascii	"\342\343\343\341}\026\304\024H\302\275wd\341X\236p\271"
 188      7D16C414 
 188      48C2BD77 
 188      64E1589E 
 188      70B9
 189 0114 AC4FE394 		.ascii	"\254O\343\224!|\331\177S\202B\351\030\202g\333\346\357"
 189      217CD97F 
 189      538242E9 
 189      188267DB 
 189      E6EF
 190 0126 3ECF9811 		.ascii	">\317\230\021:@\202\023@\241\035\212x\211\034\315\207"
 190      3A408213 
 190      40A11D8A 
 190      78891CCD 
 190      87
ARM GAS  C:\Users\IYANG~1.DES\AppData\Local\Temp\ccJXQzdE.s 			page 14


 191 0137 97B13DCC 		.ascii	"\227\261=\314W\317\362\242v\002\255\340\2006p\0208\005"
 191      57CFF2A2 
 191      7602ADE0 
 191      80367010 
 191      3805
 192 0149 85182162 		.ascii	"\205\030!b\341$N~\217\223\310u\370\3208\003\243\001"
 192      E1244E7E 
 192      8F93C875 
 192      F8D03803 
 192      A301
 193 015b E13CDB26 		.ascii	"\341<\333&Q\363\364\215\310\252\025\007\220\211gYn\204"
 193      51F3F48D 
 193      C8AA1507 
 193      90896759 
 193      6E84
 194 016d F2FC541A 		.ascii	"\362\374T\032\002!X\201\317\323`\324J?x\372\326\204"
 194      02215881 
 194      CFD360D4 
 194      4A3F78FA 
 194      D684
 195 017f 9D9688FD 		.ascii	"\235\226\210\375=\371\343b\263\325y\224\005C\263\201"
 195      3DF9E362 
 195      B3D57994 
 195      0543B381 
 196 018f 075FD043 		.ascii	"\007_\320C,\270\207=QU\020 8\223\252\224\360o\355X\317"
 196      2CB8873D 
 196      51551020 
 196      3893AA94 
 196      F06FED58 
 197 01a4 821381E1 		.ascii	"\202\023\201\341\307S1\343\222\214\347\004\343\246\004"
 197      C75331E3 
 197      928CE704 
 197      E3A604
 198 01b3 E184EFD4 		.ascii	"\341\204\357\324>\211\326\011\302\310\361\230\"\011"
 198      3E89D609 
 198      C2C8F198 
 198      2209
 199 01c1 C2606F8B 		.ascii	"\302`o\2139\312\024U}\205\207C\247\216\2533\311\325"
 199      39CA1455 
 199      7D858743 
 199      A78EAB33 
 199      C9D5
 200 01d3 25B886A7 		.ascii	"%\270\206\247\342\217lB\256\345b\377w~\235\247B.\003"
 200      E28F6C42 
 200      AEE562FF 
 200      777E9DA7 
 200      422E03
 201 01e6 77BF79F8 		.ascii	"w\277y\370g$\217\326\003\350eqj\262|5\023\357\264\012"
 201      67248FD6 
 201      03E86571 
 201      6AB27C35 
 201      13EFB40A 
 202 01fa 57552917 		.ascii	"WU)\027\345\361\203\216VsJ\224\207\232(\021<\306\356"
 202      E5F1838E 
 202      56734A94 
 202      879A2811 
 202      3CC6EE
ARM GAS  C:\Users\IYANG~1.DES\AppData\Local\Temp\ccJXQzdE.s 			page 15


 203 020d B4284EBD 		.ascii	"\264(N\275(\254\236\231\332P\224\363\270\267\037\270"
 203      28AC9E99 
 203      DA5094F3 
 203      B8B71FB8 
 204 021d 286114C5 		.ascii	"(a\024\305\231\020\345\002N\366h\242\334\356mj\262\322"
 204      9910E502 
 204      4EF668A2 
 204      DCEE6D6A 
 204      B2D2
 205 022f BD9955E4 		.ascii	"\275\231U\344kU\354\037>\334G\205\253\362e\303\370\370"
 205      6B55EC1F 
 205      3EDC4785 
 205      ABF265C3 
 205      F8F8
 206 0241 970B14A4 		.ascii	"\227\013\024\244BA0\353g\3649\002E\016x\021\263\367"
 206      424130EB 
 206      67F43902 
 206      450E7811 
 206      B3F7
 207 0253 61F6FC44 		.ascii	"a\366\374D\366K\230\275\027\263\363Z\203\335\313\000"
 207      F64B98BD 
 207      17B3F35A 
 207      83DDCB00 
 208 0263 14ACF362 		.ascii	"\024\254\363b\272\316|)\325\215\276\306>\237Q\264\204"
 208      BACE7C29 
 208      D58DBEC6 
 208      3E9F51B4 
 208      84
 209 0274 926A89A3 		.ascii	"\222j\211\243\003\177_2\2139\276\277\313 &\233\374_"
 209      037F5F32 
 209      8B39BEBF 
 209      CB20269B 
 209      FC5F
 210 0286 5FB52F29 		.ascii	"_\265/)\333\025![\177\262Q\332'\333~\262S\237\266\247"
 210      DB15215B 
 210      7FB251DA 
 210      27DB7EB2 
 210      539FB6A7 
 211 029a 47272333 		.ascii	"G'#3\313\022\235\322\337R\254\353\024D\301\200N\275"
 211      CB129DD2 
 211      DF52ACEB 
 211      1444C180 
 211      4EBD
 212 02ac 81A47A83 		.ascii	"\201\244z\203B\275\205\306\321{TO\311\313Is^\315h\225"
 212      42BD85C6 
 212      D17B544F 
 212      C9CB4973 
 212      5ECD6895 
 213 02c0 23776F37 		.ascii	"#wo7\233iX\243<w\342\257_\264^\271?\3358hcZ\267\010"
 213      9B6958A3 
 213      3C77E2AF 
 213      5FB45EB9 
 213      3FDD3868 
 214 02d8 08447584 		.ascii	"\010Du\204\321$\341\220 \374\264!\224\301\247d\360\375"
 214      D124E190 
 214      20FCB421 
 214      94C1A764 
ARM GAS  C:\Users\IYANG~1.DES\AppData\Local\Temp\ccJXQzdE.s 			page 16


 214      F0FD
 215 02ea 98C1A746 		.ascii	"\230\301\247F#\255V:\241\361\005\343\237\034\264 _("
 215      23AD563A 
 215      A1F105E3 
 215      9F1CB420 
 215      5F28
 216 02fc 747FFFEF 		.ascii	"t\177\377\357\262\322\300\376\341]\303\0210\254\243"
 216      B2D2C0FE 
 216      E15DC311 
 216      30ACA3
 217 030b 1B4ED28D 		.ascii	"\033N\322\215p:\332\327\337\0236\202Cr\004\360\216\210"
 217      703ADAD7 
 217      DF133682 
 217      437204F0 
 217      8E88
 218 031d E3DFFF91 		.ascii	"\343\337\377\221J\341\032H\274\177\330\242\237\232\210"
 218      4AE11A48 
 218      BC7FD8A2 
 218      9F9A88
 219 032c 2502D7D1 		.ascii	"%\002\327\321\037E\237\203\024\357\347\337\255\367\376"
 219      1F459F83 
 219      14EFE7DF 
 219      ADF7FE
 220 033b CB6F0EF5 		.ascii	"\313o\016\3653\213\010\340\017\254\310\353??c\242M\332"
 220      338B08E0 
 220      0FACC8EB 
 220      3F3F63A2 
 220      4DDA
 221 034d 5D347660 		.ascii	"]4v`\356[\253\344\345-\371?\257\012Cs|z\316\256uZ\016"
 221      EE5BABE4 
 221      E52DF93F 
 221      AF0A4373 
 221      7C7ACEAE 
 222 0364 D0AD1C20 		.ascii	"\320\255\034 \355\307\010\374\366V\003{\025\306\360"
 222      EDC708FC 
 222      F656037B 
 222      15C6F0
 223 0373 E46EA41B 		.ascii	"\344n\244\033\356&\244;\256{\350\314\224\301\2667}o"
 223      EE26A43B 
 223      AE7BE8CC 
 223      94C1B637 
 223      7D6F
 224 0385 89E0F42E 		.ascii	"\211\340\364.c`\023g\304\337\346\235\256\032\317\232"
 224      63601367 
 224      C4DFE69D 
 224      AE1ACF9A 
 225 0395 1273D97B 		.ascii	"\022s\331{\033\235\245\244\240L\256\221\335U\036yKe"
 225      1B9DA5A4 
 225      A04CAE91 
 225      DD551E79 
 225      4B65
 226 03a7 45ED4E77 		.ascii	"E\355Nw\265\274\271\274\242\266t\355K\325\273=\273\353"
 226      B5BCB9BC 
 226      A2B674ED 
 226      4BD5BB3D 
 226      BBEB
 227 03b9 E41DAB3F 		.ascii	"\344\035\253? \317n|m\303\373\225\305\225\025\245\257"
ARM GAS  C:\Users\IYANG~1.DES\AppData\Local\Temp\ccJXQzdE.s 			page 17


 227      20CF6E7C 
 227      6DC3FB95 
 227      C59515A5 
 227      AF
 228 03ca 97BEFB4E 		.ascii	"\227\276\373Ne\205\247\312\355y\343\303\027r\3436g\004"
 228      6585A7CA 
 228      ED79E3C3 
 228      1772E336 
 228      6704
 229 03dc AFAE26CF 		.ascii	"\257\256&\317d\243k\353D\001\305\353L\374\365\362\312"
 229      64A36BEB 
 229      4401C5EB 
 229      4CFCF5F2 
 229      CA
 230 03ed AC75D9F3 		.ascii	"\254u\331\363\246\273\252\332\343\252\255\251\332\266"
 230      A6BBAADA 
 230      E3AAADA9 
 230      DAB6
 231 03fb DEB5CBB5 		.ascii	"\336\265\313\265Evo\220\267\272vxd\26733\264L\366d\005"
 231      45766F90 
 231      B7BA7678 
 231      64B73333 
 231      B44CF664 
 232 0410 AC5C14B0 		.ascii	"\254\\\024\260d.\223[\336\272\246\344?O\024!\375"
 232      642E935B 
 232      DEBAA6E4 
 232      3F4F1421 
 232      FD
 233              		.text
 234              		.section	.gnu.lto_.symtab.183f0efa,"",%progbits
 235 0000 55415254 		.ascii	"UART_1_SCBCLK_StartEx\000\000\000\000\000\000\000\000"
 235      5F315F53 
 235      4342434C 
 235      4B5F5374 
 235      61727445 
 236 001d 00000000 		.ascii	"\000\000\000\000\262\000\000\000UART_1_SCBCLK_Stop\000"
 236      B2000000 
 236      55415254 
 236      5F315F53 
 236      4342434C 
 237 0038 00000000 		.ascii	"\000\000\000\000\000\000\000\000\000\000\000\265\000"
 237      00000000 
 237      000000B5 
 237      00
 238 0045 00005541 		.ascii	"\000\000UART_1_SCBCLK_SetFractionalDividerRegister\000"
 238      52545F31 
 238      5F534342 
 238      434C4B5F 
 238      53657446 
 239 0072 00000000 		.ascii	"\000\000\000\000\000\000\000\000\000\000\000\306\000"
 239      00000000 
 239      000000C6 
 239      00
 240 007f 00005541 		.ascii	"\000\000UART_1_SCBCLK_GetDividerRegister\000\000\000"
 240      52545F31 
 240      5F534342 
 240      434C4B5F 
ARM GAS  C:\Users\IYANG~1.DES\AppData\Local\Temp\ccJXQzdE.s 			page 18


 240      47657444 
 241 00a4 00000000 		.ascii	"\000\000\000\000\000\000\000\000\000\311\000\000\000"
 241      00000000 
 241      00C90000 
 241      00
 242 00b1 55415254 		.ascii	"UART_1_SCBCLK_GetFractionalDividerRegister\000\000\000"
 242      5F315F53 
 242      4342434C 
 242      4B5F4765 
 242      74467261 
 243 00de 00000000 		.ascii	"\000\000\000\000\000\000\000\000\000\314\000\000\000"
 243      00000000 
 243      00CC0000 
 243      00
 244              		.text
 245              		.section	.gnu.lto_.opts,"",%progbits
 246 0000 272D666E 		.ascii	"'-fno-trapv' '-mcpu=cortex-m0' '-mthumb' '-g' '-O3'"
 246      6F2D7472 
 246      61707627 
 246      20272D6D 
 246      6370753D 
 247 0033 20272D66 		.ascii	" '-ffunction-sections' '-finline-functions' '-flto'"
 247      66756E63 
 247      74696F6E 
 247      2D736563 
 247      74696F6E 
 248 0066 20272D66 		.ascii	" '-ffat-lto-objects'\000"
 248      6661742D 
 248      6C746F2D 
 248      6F626A65 
 248      63747327 
 249              		.text
 250              		.cfi_sections	.debug_frame
 251              		.section	.text.UART_1_SCBCLK_StartEx,"ax",%progbits
 252              		.align	2
 253              		.global	UART_1_SCBCLK_StartEx
 254              		.code	16
 255              		.thumb_func
 256              		.type	UART_1_SCBCLK_StartEx, %function
 257              	UART_1_SCBCLK_StartEx:
 258              	.LFB0:
 259              		.file 1 "Generated_Source\\PSoC4\\UART_1_SCBCLK.c"
   1:Generated_Source\PSoC4/UART_1_SCBCLK.c **** /*******************************************************************************
   2:Generated_Source\PSoC4/UART_1_SCBCLK.c **** * File Name: UART_1_SCBCLK.c
   3:Generated_Source\PSoC4/UART_1_SCBCLK.c **** * Version 2.20
   4:Generated_Source\PSoC4/UART_1_SCBCLK.c **** *
   5:Generated_Source\PSoC4/UART_1_SCBCLK.c **** *  Description:
   6:Generated_Source\PSoC4/UART_1_SCBCLK.c **** *   Provides system API for the clocking, interrupts and watchdog timer.
   7:Generated_Source\PSoC4/UART_1_SCBCLK.c **** *
   8:Generated_Source\PSoC4/UART_1_SCBCLK.c **** *  Note:
   9:Generated_Source\PSoC4/UART_1_SCBCLK.c **** *   Documentation of the API's in this file is located in the
  10:Generated_Source\PSoC4/UART_1_SCBCLK.c **** *   System Reference Guide provided with PSoC Creator.
  11:Generated_Source\PSoC4/UART_1_SCBCLK.c **** *
  12:Generated_Source\PSoC4/UART_1_SCBCLK.c **** ********************************************************************************
  13:Generated_Source\PSoC4/UART_1_SCBCLK.c **** * Copyright 2008-2012, Cypress Semiconductor Corporation.  All rights reserved.
  14:Generated_Source\PSoC4/UART_1_SCBCLK.c **** * You may use this file only in accordance with the license, terms, conditions,
  15:Generated_Source\PSoC4/UART_1_SCBCLK.c **** * disclaimers, and limitations in the end user license agreement accompanying
ARM GAS  C:\Users\IYANG~1.DES\AppData\Local\Temp\ccJXQzdE.s 			page 19


  16:Generated_Source\PSoC4/UART_1_SCBCLK.c **** * the software package with which this file was provided.
  17:Generated_Source\PSoC4/UART_1_SCBCLK.c **** *******************************************************************************/
  18:Generated_Source\PSoC4/UART_1_SCBCLK.c **** 
  19:Generated_Source\PSoC4/UART_1_SCBCLK.c **** #include <cydevice_trm.h>
  20:Generated_Source\PSoC4/UART_1_SCBCLK.c **** #include "UART_1_SCBCLK.h"
  21:Generated_Source\PSoC4/UART_1_SCBCLK.c **** 
  22:Generated_Source\PSoC4/UART_1_SCBCLK.c **** #if defined CYREG_PERI_DIV_CMD
  23:Generated_Source\PSoC4/UART_1_SCBCLK.c **** 
  24:Generated_Source\PSoC4/UART_1_SCBCLK.c **** /*******************************************************************************
  25:Generated_Source\PSoC4/UART_1_SCBCLK.c **** * Function Name: UART_1_SCBCLK_StartEx
  26:Generated_Source\PSoC4/UART_1_SCBCLK.c **** ********************************************************************************
  27:Generated_Source\PSoC4/UART_1_SCBCLK.c **** *
  28:Generated_Source\PSoC4/UART_1_SCBCLK.c **** * Summary:
  29:Generated_Source\PSoC4/UART_1_SCBCLK.c **** *  Starts the clock, aligned to the specified running clock.
  30:Generated_Source\PSoC4/UART_1_SCBCLK.c **** *
  31:Generated_Source\PSoC4/UART_1_SCBCLK.c **** * Parameters:
  32:Generated_Source\PSoC4/UART_1_SCBCLK.c **** *  alignClkDiv:  The divider to which phase alignment is performed when the
  33:Generated_Source\PSoC4/UART_1_SCBCLK.c **** *    clock is started.
  34:Generated_Source\PSoC4/UART_1_SCBCLK.c **** *
  35:Generated_Source\PSoC4/UART_1_SCBCLK.c **** * Returns:
  36:Generated_Source\PSoC4/UART_1_SCBCLK.c **** *  None
  37:Generated_Source\PSoC4/UART_1_SCBCLK.c **** *
  38:Generated_Source\PSoC4/UART_1_SCBCLK.c **** *******************************************************************************/
  39:Generated_Source\PSoC4/UART_1_SCBCLK.c **** void UART_1_SCBCLK_StartEx(uint32 alignClkDiv)
  40:Generated_Source\PSoC4/UART_1_SCBCLK.c **** {
 260              		.loc 1 40 0
 261              		.cfi_startproc
 262              	.LVL0:
  41:Generated_Source\PSoC4/UART_1_SCBCLK.c ****     /* Make sure any previous start command has finished. */
  42:Generated_Source\PSoC4/UART_1_SCBCLK.c ****     while((UART_1_SCBCLK_CMD_REG & UART_1_SCBCLK_CMD_ENABLE_MASK) != 0u)
 263              		.loc 1 42 0
 264 0000 044A     		ldr	r2, .L5
 265              	.L2:
 266              		.loc 1 42 0 is_stmt 0 discriminator 1
 267 0002 1368     		ldr	r3, [r2]
 268 0004 002B     		cmp	r3, #0
 269 0006 FCDB     		blt	.L2
  43:Generated_Source\PSoC4/UART_1_SCBCLK.c ****     {
  44:Generated_Source\PSoC4/UART_1_SCBCLK.c ****     }
  45:Generated_Source\PSoC4/UART_1_SCBCLK.c ****     
  46:Generated_Source\PSoC4/UART_1_SCBCLK.c ****     /* Specify the target divider and it's alignment divider, and enable. */
  47:Generated_Source\PSoC4/UART_1_SCBCLK.c ****     UART_1_SCBCLK_CMD_REG =
  48:Generated_Source\PSoC4/UART_1_SCBCLK.c ****         ((uint32)UART_1_SCBCLK__DIV_ID << UART_1_SCBCLK_CMD_DIV_SHIFT)|
  49:Generated_Source\PSoC4/UART_1_SCBCLK.c ****         (alignClkDiv << UART_1_SCBCLK_CMD_PA_DIV_SHIFT) |
 270              		.loc 1 49 0 is_stmt 1
 271 0008 034B     		ldr	r3, .L5+4
 272 000a 0002     		lsl	r0, r0, #8
 273              	.LVL1:
 274 000c 1843     		orr	r0, r3
  47:Generated_Source\PSoC4/UART_1_SCBCLK.c ****         ((uint32)UART_1_SCBCLK__DIV_ID << UART_1_SCBCLK_CMD_DIV_SHIFT)|
 275              		.loc 1 47 0
 276 000e 014B     		ldr	r3, .L5
  50:Generated_Source\PSoC4/UART_1_SCBCLK.c ****         (uint32)UART_1_SCBCLK_CMD_ENABLE_MASK;
  51:Generated_Source\PSoC4/UART_1_SCBCLK.c **** }
 277              		.loc 1 51 0
 278              		@ sp needed
  47:Generated_Source\PSoC4/UART_1_SCBCLK.c ****         ((uint32)UART_1_SCBCLK__DIV_ID << UART_1_SCBCLK_CMD_DIV_SHIFT)|
ARM GAS  C:\Users\IYANG~1.DES\AppData\Local\Temp\ccJXQzdE.s 			page 20


 279              		.loc 1 47 0
 280 0010 1860     		str	r0, [r3]
 281              		.loc 1 51 0
 282 0012 7047     		bx	lr
 283              	.L6:
 284              		.align	2
 285              	.L5:
 286 0014 00000140 		.word	1073807360
 287 0018 41000080 		.word	-2147483583
 288              		.cfi_endproc
 289              	.LFE0:
 290              		.size	UART_1_SCBCLK_StartEx, .-UART_1_SCBCLK_StartEx
 291              		.section	.text.UART_1_SCBCLK_Stop,"ax",%progbits
 292              		.align	2
 293              		.global	UART_1_SCBCLK_Stop
 294              		.code	16
 295              		.thumb_func
 296              		.type	UART_1_SCBCLK_Stop, %function
 297              	UART_1_SCBCLK_Stop:
 298              	.LFB1:
  52:Generated_Source\PSoC4/UART_1_SCBCLK.c **** 
  53:Generated_Source\PSoC4/UART_1_SCBCLK.c **** #else
  54:Generated_Source\PSoC4/UART_1_SCBCLK.c **** 
  55:Generated_Source\PSoC4/UART_1_SCBCLK.c **** /*******************************************************************************
  56:Generated_Source\PSoC4/UART_1_SCBCLK.c **** * Function Name: UART_1_SCBCLK_Start
  57:Generated_Source\PSoC4/UART_1_SCBCLK.c **** ********************************************************************************
  58:Generated_Source\PSoC4/UART_1_SCBCLK.c **** *
  59:Generated_Source\PSoC4/UART_1_SCBCLK.c **** * Summary:
  60:Generated_Source\PSoC4/UART_1_SCBCLK.c **** *  Starts the clock.
  61:Generated_Source\PSoC4/UART_1_SCBCLK.c **** *
  62:Generated_Source\PSoC4/UART_1_SCBCLK.c **** * Parameters:
  63:Generated_Source\PSoC4/UART_1_SCBCLK.c **** *  None
  64:Generated_Source\PSoC4/UART_1_SCBCLK.c **** *
  65:Generated_Source\PSoC4/UART_1_SCBCLK.c **** * Returns:
  66:Generated_Source\PSoC4/UART_1_SCBCLK.c **** *  None
  67:Generated_Source\PSoC4/UART_1_SCBCLK.c **** *
  68:Generated_Source\PSoC4/UART_1_SCBCLK.c **** *******************************************************************************/
  69:Generated_Source\PSoC4/UART_1_SCBCLK.c **** 
  70:Generated_Source\PSoC4/UART_1_SCBCLK.c **** void UART_1_SCBCLK_Start(void)
  71:Generated_Source\PSoC4/UART_1_SCBCLK.c **** {
  72:Generated_Source\PSoC4/UART_1_SCBCLK.c ****     /* Set the bit to enable the clock. */
  73:Generated_Source\PSoC4/UART_1_SCBCLK.c ****     UART_1_SCBCLK_ENABLE_REG |= UART_1_SCBCLK__ENABLE_MASK;
  74:Generated_Source\PSoC4/UART_1_SCBCLK.c **** }
  75:Generated_Source\PSoC4/UART_1_SCBCLK.c **** 
  76:Generated_Source\PSoC4/UART_1_SCBCLK.c **** #endif /* CYREG_PERI_DIV_CMD */
  77:Generated_Source\PSoC4/UART_1_SCBCLK.c **** 
  78:Generated_Source\PSoC4/UART_1_SCBCLK.c **** 
  79:Generated_Source\PSoC4/UART_1_SCBCLK.c **** /*******************************************************************************
  80:Generated_Source\PSoC4/UART_1_SCBCLK.c **** * Function Name: UART_1_SCBCLK_Stop
  81:Generated_Source\PSoC4/UART_1_SCBCLK.c **** ********************************************************************************
  82:Generated_Source\PSoC4/UART_1_SCBCLK.c **** *
  83:Generated_Source\PSoC4/UART_1_SCBCLK.c **** * Summary:
  84:Generated_Source\PSoC4/UART_1_SCBCLK.c **** *  Stops the clock and returns immediately. This API does not require the
  85:Generated_Source\PSoC4/UART_1_SCBCLK.c **** *  source clock to be running but may return before the hardware is actually
  86:Generated_Source\PSoC4/UART_1_SCBCLK.c **** *  disabled.
  87:Generated_Source\PSoC4/UART_1_SCBCLK.c **** *
  88:Generated_Source\PSoC4/UART_1_SCBCLK.c **** * Parameters:
ARM GAS  C:\Users\IYANG~1.DES\AppData\Local\Temp\ccJXQzdE.s 			page 21


  89:Generated_Source\PSoC4/UART_1_SCBCLK.c **** *  None
  90:Generated_Source\PSoC4/UART_1_SCBCLK.c **** *
  91:Generated_Source\PSoC4/UART_1_SCBCLK.c **** * Returns:
  92:Generated_Source\PSoC4/UART_1_SCBCLK.c **** *  None
  93:Generated_Source\PSoC4/UART_1_SCBCLK.c **** *
  94:Generated_Source\PSoC4/UART_1_SCBCLK.c **** *******************************************************************************/
  95:Generated_Source\PSoC4/UART_1_SCBCLK.c **** void UART_1_SCBCLK_Stop(void)
  96:Generated_Source\PSoC4/UART_1_SCBCLK.c **** {
 299              		.loc 1 96 0
 300              		.cfi_startproc
  97:Generated_Source\PSoC4/UART_1_SCBCLK.c **** #if defined CYREG_PERI_DIV_CMD
  98:Generated_Source\PSoC4/UART_1_SCBCLK.c **** 
  99:Generated_Source\PSoC4/UART_1_SCBCLK.c ****     /* Make sure any previous start command has finished. */
 100:Generated_Source\PSoC4/UART_1_SCBCLK.c ****     while((UART_1_SCBCLK_CMD_REG & UART_1_SCBCLK_CMD_ENABLE_MASK) != 0u)
 301              		.loc 1 100 0
 302 0000 034A     		ldr	r2, .L10
 303              	.L8:
 304              		.loc 1 100 0 is_stmt 0 discriminator 1
 305 0002 1368     		ldr	r3, [r2]
 306 0004 002B     		cmp	r3, #0
 307 0006 FCDB     		blt	.L8
 101:Generated_Source\PSoC4/UART_1_SCBCLK.c ****     {
 102:Generated_Source\PSoC4/UART_1_SCBCLK.c ****     }
 103:Generated_Source\PSoC4/UART_1_SCBCLK.c ****     
 104:Generated_Source\PSoC4/UART_1_SCBCLK.c ****     /* Specify the target divider and it's alignment divider, and disable. */
 105:Generated_Source\PSoC4/UART_1_SCBCLK.c ****     UART_1_SCBCLK_CMD_REG =
 308              		.loc 1 105 0 is_stmt 1
 309 0008 024A     		ldr	r2, .L10+4
 310 000a 014B     		ldr	r3, .L10
 106:Generated_Source\PSoC4/UART_1_SCBCLK.c ****         ((uint32)UART_1_SCBCLK__DIV_ID << UART_1_SCBCLK_CMD_DIV_SHIFT)|
 107:Generated_Source\PSoC4/UART_1_SCBCLK.c ****         ((uint32)UART_1_SCBCLK_CMD_DISABLE_MASK);
 108:Generated_Source\PSoC4/UART_1_SCBCLK.c **** 
 109:Generated_Source\PSoC4/UART_1_SCBCLK.c **** #else
 110:Generated_Source\PSoC4/UART_1_SCBCLK.c **** 
 111:Generated_Source\PSoC4/UART_1_SCBCLK.c ****     /* Clear the bit to disable the clock. */
 112:Generated_Source\PSoC4/UART_1_SCBCLK.c ****     UART_1_SCBCLK_ENABLE_REG &= (uint32)(~UART_1_SCBCLK__ENABLE_MASK);
 113:Generated_Source\PSoC4/UART_1_SCBCLK.c ****     
 114:Generated_Source\PSoC4/UART_1_SCBCLK.c **** #endif /* CYREG_PERI_DIV_CMD */
 115:Generated_Source\PSoC4/UART_1_SCBCLK.c **** }
 311              		.loc 1 115 0
 312              		@ sp needed
 105:Generated_Source\PSoC4/UART_1_SCBCLK.c ****         ((uint32)UART_1_SCBCLK__DIV_ID << UART_1_SCBCLK_CMD_DIV_SHIFT)|
 313              		.loc 1 105 0
 314 000c 1A60     		str	r2, [r3]
 315              		.loc 1 115 0
 316 000e 7047     		bx	lr
 317              	.L11:
 318              		.align	2
 319              	.L10:
 320 0010 00000140 		.word	1073807360
 321 0014 41000040 		.word	1073741889
 322              		.cfi_endproc
 323              	.LFE1:
 324              		.size	UART_1_SCBCLK_Stop, .-UART_1_SCBCLK_Stop
 325              		.section	.text.UART_1_SCBCLK_SetFractionalDividerRegister,"ax",%progbits
 326              		.align	2
 327              		.global	UART_1_SCBCLK_SetFractionalDividerRegister
ARM GAS  C:\Users\IYANG~1.DES\AppData\Local\Temp\ccJXQzdE.s 			page 22


 328              		.code	16
 329              		.thumb_func
 330              		.type	UART_1_SCBCLK_SetFractionalDividerRegister, %function
 331              	UART_1_SCBCLK_SetFractionalDividerRegister:
 332              	.LFB2:
 116:Generated_Source\PSoC4/UART_1_SCBCLK.c **** 
 117:Generated_Source\PSoC4/UART_1_SCBCLK.c **** 
 118:Generated_Source\PSoC4/UART_1_SCBCLK.c **** /*******************************************************************************
 119:Generated_Source\PSoC4/UART_1_SCBCLK.c **** * Function Name: UART_1_SCBCLK_SetFractionalDividerRegister
 120:Generated_Source\PSoC4/UART_1_SCBCLK.c **** ********************************************************************************
 121:Generated_Source\PSoC4/UART_1_SCBCLK.c **** *
 122:Generated_Source\PSoC4/UART_1_SCBCLK.c **** * Summary:
 123:Generated_Source\PSoC4/UART_1_SCBCLK.c **** *  Modifies the clock divider and the fractional divider.
 124:Generated_Source\PSoC4/UART_1_SCBCLK.c **** *
 125:Generated_Source\PSoC4/UART_1_SCBCLK.c **** * Parameters:
 126:Generated_Source\PSoC4/UART_1_SCBCLK.c **** *  clkDivider:  Divider register value (0-65535). This value is NOT the
 127:Generated_Source\PSoC4/UART_1_SCBCLK.c **** *    divider; the clock hardware divides by clkDivider plus one. For example,
 128:Generated_Source\PSoC4/UART_1_SCBCLK.c **** *    to divide the clock by 2, this parameter should be set to 1.
 129:Generated_Source\PSoC4/UART_1_SCBCLK.c **** *  fracDivider:  Fractional Divider register value (0-31).
 130:Generated_Source\PSoC4/UART_1_SCBCLK.c **** * Returns:
 131:Generated_Source\PSoC4/UART_1_SCBCLK.c **** *  None
 132:Generated_Source\PSoC4/UART_1_SCBCLK.c **** *
 133:Generated_Source\PSoC4/UART_1_SCBCLK.c **** *******************************************************************************/
 134:Generated_Source\PSoC4/UART_1_SCBCLK.c **** void UART_1_SCBCLK_SetFractionalDividerRegister(uint16 clkDivider, uint8 clkFractional)
 135:Generated_Source\PSoC4/UART_1_SCBCLK.c **** {
 333              		.loc 1 135 0
 334              		.cfi_startproc
 335              	.LVL2:
 336 0000 10B5     		push	{r4, lr}
 337              		.cfi_def_cfa_offset 8
 338              		.cfi_offset 4, -8
 339              		.cfi_offset 14, -4
 136:Generated_Source\PSoC4/UART_1_SCBCLK.c ****     uint32 maskVal;
 137:Generated_Source\PSoC4/UART_1_SCBCLK.c ****     uint32 regVal;
 138:Generated_Source\PSoC4/UART_1_SCBCLK.c ****     
 139:Generated_Source\PSoC4/UART_1_SCBCLK.c **** #if defined (UART_1_SCBCLK__FRAC_MASK) || defined (CYREG_PERI_DIV_CMD)
 140:Generated_Source\PSoC4/UART_1_SCBCLK.c ****     
 141:Generated_Source\PSoC4/UART_1_SCBCLK.c **** 	/* get all but divider bits */
 142:Generated_Source\PSoC4/UART_1_SCBCLK.c ****     maskVal = UART_1_SCBCLK_DIV_REG & 
 143:Generated_Source\PSoC4/UART_1_SCBCLK.c ****                     (uint32)(~(uint32)(UART_1_SCBCLK_DIV_INT_MASK | UART_1_SCBCLK_DIV_FRAC_MASK)); 
 144:Generated_Source\PSoC4/UART_1_SCBCLK.c **** 	/* combine mask and new divider vals into 32-bit value */
 145:Generated_Source\PSoC4/UART_1_SCBCLK.c ****     regVal = maskVal |
 146:Generated_Source\PSoC4/UART_1_SCBCLK.c ****         ((uint32)((uint32)clkDivider <<  UART_1_SCBCLK_DIV_INT_SHIFT) & UART_1_SCBCLK_DIV_INT_MASK)
 147:Generated_Source\PSoC4/UART_1_SCBCLK.c ****         ((uint32)((uint32)clkFractional << UART_1_SCBCLK_DIV_FRAC_SHIFT) & UART_1_SCBCLK_DIV_FRAC_M
 340              		.loc 1 147 0
 341 0002 FF24     		mov	r4, #255
 342 0004 C900     		lsl	r1, r1, #3
 343              	.LVL3:
 344 0006 2140     		and	r1, r4
 146:Generated_Source\PSoC4/UART_1_SCBCLK.c ****         ((uint32)((uint32)clkFractional << UART_1_SCBCLK_DIV_FRAC_SHIFT) & UART_1_SCBCLK_DIV_FRAC_M
 345              		.loc 1 146 0
 346 0008 0002     		lsl	r0, r0, #8
 347              	.LVL4:
 348 000a 0843     		orr	r0, r1
 142:Generated_Source\PSoC4/UART_1_SCBCLK.c ****                     (uint32)(~(uint32)(UART_1_SCBCLK_DIV_INT_MASK | UART_1_SCBCLK_DIV_FRAC_MASK)); 
 349              		.loc 1 142 0
 350 000c 0721     		mov	r1, #7
ARM GAS  C:\Users\IYANG~1.DES\AppData\Local\Temp\ccJXQzdE.s 			page 23


 351 000e 034A     		ldr	r2, .L13
 148:Generated_Source\PSoC4/UART_1_SCBCLK.c ****     
 149:Generated_Source\PSoC4/UART_1_SCBCLK.c **** #else
 150:Generated_Source\PSoC4/UART_1_SCBCLK.c ****     /* get all but integer divider bits */
 151:Generated_Source\PSoC4/UART_1_SCBCLK.c ****     maskVal = UART_1_SCBCLK_DIV_REG & (uint32)(~(uint32)UART_1_SCBCLK__DIVIDER_MASK);
 152:Generated_Source\PSoC4/UART_1_SCBCLK.c ****     /* combine mask and new divider val into 32-bit value */
 153:Generated_Source\PSoC4/UART_1_SCBCLK.c ****     regVal = clkDivider | maskVal;
 154:Generated_Source\PSoC4/UART_1_SCBCLK.c ****     
 155:Generated_Source\PSoC4/UART_1_SCBCLK.c **** #endif /* UART_1_SCBCLK__FRAC_MASK || CYREG_PERI_DIV_CMD */
 156:Generated_Source\PSoC4/UART_1_SCBCLK.c **** 
 157:Generated_Source\PSoC4/UART_1_SCBCLK.c ****     UART_1_SCBCLK_DIV_REG = regVal;
 158:Generated_Source\PSoC4/UART_1_SCBCLK.c **** }
 352              		.loc 1 158 0
 353              		@ sp needed
 142:Generated_Source\PSoC4/UART_1_SCBCLK.c ****                     (uint32)(~(uint32)(UART_1_SCBCLK_DIV_INT_MASK | UART_1_SCBCLK_DIV_FRAC_MASK)); 
 354              		.loc 1 142 0
 355 0010 1368     		ldr	r3, [r2]
 356              	.LVL5:
 357 0012 1940     		and	r1, r3
 358              	.LVL6:
 145:Generated_Source\PSoC4/UART_1_SCBCLK.c ****         ((uint32)((uint32)clkDivider <<  UART_1_SCBCLK_DIV_INT_SHIFT) & UART_1_SCBCLK_DIV_INT_MASK)
 359              		.loc 1 145 0
 360 0014 0843     		orr	r0, r1
 361              	.LVL7:
 157:Generated_Source\PSoC4/UART_1_SCBCLK.c **** }
 362              		.loc 1 157 0
 363 0016 1060     		str	r0, [r2]
 364              		.loc 1 158 0
 365 0018 10BD     		pop	{r4, pc}
 366              	.L14:
 367 001a C046     		.align	2
 368              	.L13:
 369 001c 04030140 		.word	1073808132
 370              		.cfi_endproc
 371              	.LFE2:
 372              		.size	UART_1_SCBCLK_SetFractionalDividerRegister, .-UART_1_SCBCLK_SetFractionalDividerRegister
 373              		.section	.text.UART_1_SCBCLK_GetDividerRegister,"ax",%progbits
 374              		.align	2
 375              		.global	UART_1_SCBCLK_GetDividerRegister
 376              		.code	16
 377              		.thumb_func
 378              		.type	UART_1_SCBCLK_GetDividerRegister, %function
 379              	UART_1_SCBCLK_GetDividerRegister:
 380              	.LFB3:
 159:Generated_Source\PSoC4/UART_1_SCBCLK.c **** 
 160:Generated_Source\PSoC4/UART_1_SCBCLK.c **** 
 161:Generated_Source\PSoC4/UART_1_SCBCLK.c **** /*******************************************************************************
 162:Generated_Source\PSoC4/UART_1_SCBCLK.c **** * Function Name: UART_1_SCBCLK_GetDividerRegister
 163:Generated_Source\PSoC4/UART_1_SCBCLK.c **** ********************************************************************************
 164:Generated_Source\PSoC4/UART_1_SCBCLK.c **** *
 165:Generated_Source\PSoC4/UART_1_SCBCLK.c **** * Summary:
 166:Generated_Source\PSoC4/UART_1_SCBCLK.c **** *  Gets the clock divider register value.
 167:Generated_Source\PSoC4/UART_1_SCBCLK.c **** *
 168:Generated_Source\PSoC4/UART_1_SCBCLK.c **** * Parameters:
 169:Generated_Source\PSoC4/UART_1_SCBCLK.c **** *  None
 170:Generated_Source\PSoC4/UART_1_SCBCLK.c **** *
 171:Generated_Source\PSoC4/UART_1_SCBCLK.c **** * Returns:
ARM GAS  C:\Users\IYANG~1.DES\AppData\Local\Temp\ccJXQzdE.s 			page 24


 172:Generated_Source\PSoC4/UART_1_SCBCLK.c **** *  Divide value of the clock minus 1. For example, if the clock is set to
 173:Generated_Source\PSoC4/UART_1_SCBCLK.c **** *  divide by 2, the return value will be 1.
 174:Generated_Source\PSoC4/UART_1_SCBCLK.c **** *
 175:Generated_Source\PSoC4/UART_1_SCBCLK.c **** *******************************************************************************/
 176:Generated_Source\PSoC4/UART_1_SCBCLK.c **** uint16 UART_1_SCBCLK_GetDividerRegister(void)
 177:Generated_Source\PSoC4/UART_1_SCBCLK.c **** {
 381              		.loc 1 177 0
 382              		.cfi_startproc
 178:Generated_Source\PSoC4/UART_1_SCBCLK.c ****     return (uint16)((UART_1_SCBCLK_DIV_REG & UART_1_SCBCLK_DIV_INT_MASK)
 383              		.loc 1 178 0
 384 0000 024B     		ldr	r3, .L16
 179:Generated_Source\PSoC4/UART_1_SCBCLK.c ****         >> UART_1_SCBCLK_DIV_INT_SHIFT);
 180:Generated_Source\PSoC4/UART_1_SCBCLK.c **** }
 385              		.loc 1 180 0
 386              		@ sp needed
 178:Generated_Source\PSoC4/UART_1_SCBCLK.c ****     return (uint16)((UART_1_SCBCLK_DIV_REG & UART_1_SCBCLK_DIV_INT_MASK)
 387              		.loc 1 178 0
 388 0002 1868     		ldr	r0, [r3]
 179:Generated_Source\PSoC4/UART_1_SCBCLK.c ****         >> UART_1_SCBCLK_DIV_INT_SHIFT);
 389              		.loc 1 179 0
 390 0004 000A     		lsr	r0, r0, #8
 178:Generated_Source\PSoC4/UART_1_SCBCLK.c ****     return (uint16)((UART_1_SCBCLK_DIV_REG & UART_1_SCBCLK_DIV_INT_MASK)
 391              		.loc 1 178 0
 392 0006 80B2     		uxth	r0, r0
 393              		.loc 1 180 0
 394 0008 7047     		bx	lr
 395              	.L17:
 396 000a C046     		.align	2
 397              	.L16:
 398 000c 04030140 		.word	1073808132
 399              		.cfi_endproc
 400              	.LFE3:
 401              		.size	UART_1_SCBCLK_GetDividerRegister, .-UART_1_SCBCLK_GetDividerRegister
 402              		.section	.text.UART_1_SCBCLK_GetFractionalDividerRegister,"ax",%progbits
 403              		.align	2
 404              		.global	UART_1_SCBCLK_GetFractionalDividerRegister
 405              		.code	16
 406              		.thumb_func
 407              		.type	UART_1_SCBCLK_GetFractionalDividerRegister, %function
 408              	UART_1_SCBCLK_GetFractionalDividerRegister:
 409              	.LFB4:
 181:Generated_Source\PSoC4/UART_1_SCBCLK.c **** 
 182:Generated_Source\PSoC4/UART_1_SCBCLK.c **** 
 183:Generated_Source\PSoC4/UART_1_SCBCLK.c **** /*******************************************************************************
 184:Generated_Source\PSoC4/UART_1_SCBCLK.c **** * Function Name: UART_1_SCBCLK_GetFractionalDividerRegister
 185:Generated_Source\PSoC4/UART_1_SCBCLK.c **** ********************************************************************************
 186:Generated_Source\PSoC4/UART_1_SCBCLK.c **** *
 187:Generated_Source\PSoC4/UART_1_SCBCLK.c **** * Summary:
 188:Generated_Source\PSoC4/UART_1_SCBCLK.c **** *  Gets the clock fractional divider register value.
 189:Generated_Source\PSoC4/UART_1_SCBCLK.c **** *
 190:Generated_Source\PSoC4/UART_1_SCBCLK.c **** * Parameters:
 191:Generated_Source\PSoC4/UART_1_SCBCLK.c **** *  None
 192:Generated_Source\PSoC4/UART_1_SCBCLK.c **** *
 193:Generated_Source\PSoC4/UART_1_SCBCLK.c **** * Returns:
 194:Generated_Source\PSoC4/UART_1_SCBCLK.c **** *  Fractional Divide value of the clock
 195:Generated_Source\PSoC4/UART_1_SCBCLK.c **** *  0 if the fractional divider is not in use.
 196:Generated_Source\PSoC4/UART_1_SCBCLK.c **** *
ARM GAS  C:\Users\IYANG~1.DES\AppData\Local\Temp\ccJXQzdE.s 			page 25


 197:Generated_Source\PSoC4/UART_1_SCBCLK.c **** *******************************************************************************/
 198:Generated_Source\PSoC4/UART_1_SCBCLK.c **** uint8 UART_1_SCBCLK_GetFractionalDividerRegister(void)
 199:Generated_Source\PSoC4/UART_1_SCBCLK.c **** {
 410              		.loc 1 199 0
 411              		.cfi_startproc
 200:Generated_Source\PSoC4/UART_1_SCBCLK.c **** #if defined (UART_1_SCBCLK__FRAC_MASK)
 201:Generated_Source\PSoC4/UART_1_SCBCLK.c ****     /* return fractional divider bits */
 202:Generated_Source\PSoC4/UART_1_SCBCLK.c ****     return (uint8)((UART_1_SCBCLK_DIV_REG & UART_1_SCBCLK_DIV_FRAC_MASK)
 203:Generated_Source\PSoC4/UART_1_SCBCLK.c ****         >> UART_1_SCBCLK_DIV_FRAC_SHIFT);
 204:Generated_Source\PSoC4/UART_1_SCBCLK.c **** #else
 205:Generated_Source\PSoC4/UART_1_SCBCLK.c ****     return 0u;
 206:Generated_Source\PSoC4/UART_1_SCBCLK.c **** #endif /* UART_1_SCBCLK__FRAC_MASK */
 207:Generated_Source\PSoC4/UART_1_SCBCLK.c **** }
 412              		.loc 1 207 0
 413 0000 0020     		mov	r0, #0
 414              		@ sp needed
 415 0002 7047     		bx	lr
 416              		.cfi_endproc
 417              	.LFE4:
 418              		.size	UART_1_SCBCLK_GetFractionalDividerRegister, .-UART_1_SCBCLK_GetFractionalDividerRegister
 419              		.text
 420              	.Letext0:
 421              		.file 2 "Generated_Source\\PSoC4/cytypes.h"
 422              		.section	.debug_info,"",%progbits
 423              	.Ldebug_info0:
 424 0000 62010000 		.4byte	0x162
 425 0004 0400     		.2byte	0x4
 426 0006 00000000 		.4byte	.Ldebug_abbrev0
 427 000a 04       		.byte	0x4
 428 000b 01       		.uleb128 0x1
 429 000c A2010000 		.4byte	.LASF25
 430 0010 01       		.byte	0x1
 431 0011 21000000 		.4byte	.LASF26
 432 0015 48000000 		.4byte	.LASF27
 433 0019 00000000 		.4byte	.Ldebug_ranges0+0
 434 001d 00000000 		.4byte	0
 435 0021 00000000 		.4byte	.Ldebug_line0
 436 0025 02       		.uleb128 0x2
 437 0026 01       		.byte	0x1
 438 0027 06       		.byte	0x6
 439 0028 58020000 		.4byte	.LASF0
 440 002c 02       		.uleb128 0x2
 441 002d 01       		.byte	0x1
 442 002e 08       		.byte	0x8
 443 002f D7000000 		.4byte	.LASF1
 444 0033 02       		.uleb128 0x2
 445 0034 02       		.byte	0x2
 446 0035 05       		.byte	0x5
 447 0036 98010000 		.4byte	.LASF2
 448 003a 02       		.uleb128 0x2
 449 003b 02       		.byte	0x2
 450 003c 07       		.byte	0x7
 451 003d F7000000 		.4byte	.LASF3
 452 0041 02       		.uleb128 0x2
 453 0042 04       		.byte	0x4
 454 0043 05       		.byte	0x5
 455 0044 4F020000 		.4byte	.LASF4
ARM GAS  C:\Users\IYANG~1.DES\AppData\Local\Temp\ccJXQzdE.s 			page 26


 456 0048 02       		.uleb128 0x2
 457 0049 04       		.byte	0x4
 458 004a 07       		.byte	0x7
 459 004b E5000000 		.4byte	.LASF5
 460 004f 02       		.uleb128 0x2
 461 0050 08       		.byte	0x8
 462 0051 05       		.byte	0x5
 463 0052 85010000 		.4byte	.LASF6
 464 0056 02       		.uleb128 0x2
 465 0057 08       		.byte	0x8
 466 0058 07       		.byte	0x7
 467 0059 6E010000 		.4byte	.LASF7
 468 005d 03       		.uleb128 0x3
 469 005e 04       		.byte	0x4
 470 005f 05       		.byte	0x5
 471 0060 696E7400 		.ascii	"int\000"
 472 0064 02       		.uleb128 0x2
 473 0065 04       		.byte	0x4
 474 0066 07       		.byte	0x7
 475 0067 61010000 		.4byte	.LASF8
 476 006b 04       		.uleb128 0x4
 477 006c 49020000 		.4byte	.LASF9
 478 0070 02       		.byte	0x2
 479 0071 9801     		.2byte	0x198
 480 0073 2C000000 		.4byte	0x2c
 481 0077 04       		.uleb128 0x4
 482 0078 53010000 		.4byte	.LASF10
 483 007c 02       		.byte	0x2
 484 007d 9901     		.2byte	0x199
 485 007f 3A000000 		.4byte	0x3a
 486 0083 04       		.uleb128 0x4
 487 0084 5A010000 		.4byte	.LASF11
 488 0088 02       		.byte	0x2
 489 0089 9A01     		.2byte	0x19a
 490 008b 48000000 		.4byte	0x48
 491 008f 02       		.uleb128 0x2
 492 0090 04       		.byte	0x4
 493 0091 04       		.byte	0x4
 494 0092 85000000 		.4byte	.LASF12
 495 0096 02       		.uleb128 0x2
 496 0097 08       		.byte	0x8
 497 0098 04       		.byte	0x4
 498 0099 2B010000 		.4byte	.LASF13
 499 009d 02       		.uleb128 0x2
 500 009e 01       		.byte	0x1
 501 009f 08       		.byte	0x8
 502 00a0 93010000 		.4byte	.LASF14
 503 00a4 04       		.uleb128 0x4
 504 00a5 00000000 		.4byte	.LASF15
 505 00a9 02       		.byte	0x2
 506 00aa 4402     		.2byte	0x244
 507 00ac B0000000 		.4byte	0xb0
 508 00b0 05       		.uleb128 0x5
 509 00b1 83000000 		.4byte	0x83
 510 00b5 06       		.uleb128 0x6
 511 00b6 0A010000 		.4byte	.LASF16
 512 00ba 01       		.byte	0x1
ARM GAS  C:\Users\IYANG~1.DES\AppData\Local\Temp\ccJXQzdE.s 			page 27


 513 00bb 27       		.byte	0x27
 514 00bc 00000000 		.4byte	.LFB0
 515 00c0 1C000000 		.4byte	.LFE0-.LFB0
 516 00c4 01       		.uleb128 0x1
 517 00c5 9C       		.byte	0x9c
 518 00c6 DA000000 		.4byte	0xda
 519 00ca 07       		.uleb128 0x7
 520 00cb 39010000 		.4byte	.LASF18
 521 00cf 01       		.byte	0x1
 522 00d0 27       		.byte	0x27
 523 00d1 83000000 		.4byte	0x83
 524 00d5 00000000 		.4byte	.LLST0
 525 00d9 00       		.byte	0
 526 00da 08       		.uleb128 0x8
 527 00db 06000000 		.4byte	.LASF28
 528 00df 01       		.byte	0x1
 529 00e0 5F       		.byte	0x5f
 530 00e1 00000000 		.4byte	.LFB1
 531 00e5 18000000 		.4byte	.LFE1-.LFB1
 532 00e9 01       		.uleb128 0x1
 533 00ea 9C       		.byte	0x9c
 534 00eb 06       		.uleb128 0x6
 535 00ec 8B000000 		.4byte	.LASF17
 536 00f0 01       		.byte	0x1
 537 00f1 86       		.byte	0x86
 538 00f2 00000000 		.4byte	.LFB2
 539 00f6 20000000 		.4byte	.LFE2-.LFB2
 540 00fa 01       		.uleb128 0x1
 541 00fb 9C       		.byte	0x9c
 542 00fc 3B010000 		.4byte	0x13b
 543 0100 07       		.uleb128 0x7
 544 0101 20010000 		.4byte	.LASF19
 545 0105 01       		.byte	0x1
 546 0106 86       		.byte	0x86
 547 0107 77000000 		.4byte	0x77
 548 010b 21000000 		.4byte	.LLST1
 549 010f 07       		.uleb128 0x7
 550 0110 45010000 		.4byte	.LASF20
 551 0114 01       		.byte	0x1
 552 0115 86       		.byte	0x86
 553 0116 6B000000 		.4byte	0x6b
 554 011a 42000000 		.4byte	.LLST2
 555 011e 09       		.uleb128 0x9
 556 011f 19000000 		.4byte	.LASF21
 557 0123 01       		.byte	0x1
 558 0124 88       		.byte	0x88
 559 0125 83000000 		.4byte	0x83
 560 0129 63000000 		.4byte	.LLST3
 561 012d 0A       		.uleb128 0xa
 562 012e 32010000 		.4byte	.LASF22
 563 0132 01       		.byte	0x1
 564 0133 89       		.byte	0x89
 565 0134 83000000 		.4byte	0x83
 566 0138 01       		.uleb128 0x1
 567 0139 50       		.byte	0x50
 568 013a 00       		.byte	0
 569 013b 0B       		.uleb128 0xb
ARM GAS  C:\Users\IYANG~1.DES\AppData\Local\Temp\ccJXQzdE.s 			page 28


 570 013c B6000000 		.4byte	.LASF23
 571 0140 01       		.byte	0x1
 572 0141 B0       		.byte	0xb0
 573 0142 77000000 		.4byte	0x77
 574 0146 00000000 		.4byte	.LFB3
 575 014a 10000000 		.4byte	.LFE3-.LFB3
 576 014e 01       		.uleb128 0x1
 577 014f 9C       		.byte	0x9c
 578 0150 0B       		.uleb128 0xb
 579 0151 64020000 		.4byte	.LASF24
 580 0155 01       		.byte	0x1
 581 0156 C6       		.byte	0xc6
 582 0157 6B000000 		.4byte	0x6b
 583 015b 00000000 		.4byte	.LFB4
 584 015f 04000000 		.4byte	.LFE4-.LFB4
 585 0163 01       		.uleb128 0x1
 586 0164 9C       		.byte	0x9c
 587 0165 00       		.byte	0
 588              		.section	.debug_abbrev,"",%progbits
 589              	.Ldebug_abbrev0:
 590 0000 01       		.uleb128 0x1
 591 0001 11       		.uleb128 0x11
 592 0002 01       		.byte	0x1
 593 0003 25       		.uleb128 0x25
 594 0004 0E       		.uleb128 0xe
 595 0005 13       		.uleb128 0x13
 596 0006 0B       		.uleb128 0xb
 597 0007 03       		.uleb128 0x3
 598 0008 0E       		.uleb128 0xe
 599 0009 1B       		.uleb128 0x1b
 600 000a 0E       		.uleb128 0xe
 601 000b 55       		.uleb128 0x55
 602 000c 17       		.uleb128 0x17
 603 000d 11       		.uleb128 0x11
 604 000e 01       		.uleb128 0x1
 605 000f 10       		.uleb128 0x10
 606 0010 17       		.uleb128 0x17
 607 0011 00       		.byte	0
 608 0012 00       		.byte	0
 609 0013 02       		.uleb128 0x2
 610 0014 24       		.uleb128 0x24
 611 0015 00       		.byte	0
 612 0016 0B       		.uleb128 0xb
 613 0017 0B       		.uleb128 0xb
 614 0018 3E       		.uleb128 0x3e
 615 0019 0B       		.uleb128 0xb
 616 001a 03       		.uleb128 0x3
 617 001b 0E       		.uleb128 0xe
 618 001c 00       		.byte	0
 619 001d 00       		.byte	0
 620 001e 03       		.uleb128 0x3
 621 001f 24       		.uleb128 0x24
 622 0020 00       		.byte	0
 623 0021 0B       		.uleb128 0xb
 624 0022 0B       		.uleb128 0xb
 625 0023 3E       		.uleb128 0x3e
 626 0024 0B       		.uleb128 0xb
ARM GAS  C:\Users\IYANG~1.DES\AppData\Local\Temp\ccJXQzdE.s 			page 29


 627 0025 03       		.uleb128 0x3
 628 0026 08       		.uleb128 0x8
 629 0027 00       		.byte	0
 630 0028 00       		.byte	0
 631 0029 04       		.uleb128 0x4
 632 002a 16       		.uleb128 0x16
 633 002b 00       		.byte	0
 634 002c 03       		.uleb128 0x3
 635 002d 0E       		.uleb128 0xe
 636 002e 3A       		.uleb128 0x3a
 637 002f 0B       		.uleb128 0xb
 638 0030 3B       		.uleb128 0x3b
 639 0031 05       		.uleb128 0x5
 640 0032 49       		.uleb128 0x49
 641 0033 13       		.uleb128 0x13
 642 0034 00       		.byte	0
 643 0035 00       		.byte	0
 644 0036 05       		.uleb128 0x5
 645 0037 35       		.uleb128 0x35
 646 0038 00       		.byte	0
 647 0039 49       		.uleb128 0x49
 648 003a 13       		.uleb128 0x13
 649 003b 00       		.byte	0
 650 003c 00       		.byte	0
 651 003d 06       		.uleb128 0x6
 652 003e 2E       		.uleb128 0x2e
 653 003f 01       		.byte	0x1
 654 0040 3F       		.uleb128 0x3f
 655 0041 19       		.uleb128 0x19
 656 0042 03       		.uleb128 0x3
 657 0043 0E       		.uleb128 0xe
 658 0044 3A       		.uleb128 0x3a
 659 0045 0B       		.uleb128 0xb
 660 0046 3B       		.uleb128 0x3b
 661 0047 0B       		.uleb128 0xb
 662 0048 27       		.uleb128 0x27
 663 0049 19       		.uleb128 0x19
 664 004a 11       		.uleb128 0x11
 665 004b 01       		.uleb128 0x1
 666 004c 12       		.uleb128 0x12
 667 004d 06       		.uleb128 0x6
 668 004e 40       		.uleb128 0x40
 669 004f 18       		.uleb128 0x18
 670 0050 9742     		.uleb128 0x2117
 671 0052 19       		.uleb128 0x19
 672 0053 01       		.uleb128 0x1
 673 0054 13       		.uleb128 0x13
 674 0055 00       		.byte	0
 675 0056 00       		.byte	0
 676 0057 07       		.uleb128 0x7
 677 0058 05       		.uleb128 0x5
 678 0059 00       		.byte	0
 679 005a 03       		.uleb128 0x3
 680 005b 0E       		.uleb128 0xe
 681 005c 3A       		.uleb128 0x3a
 682 005d 0B       		.uleb128 0xb
 683 005e 3B       		.uleb128 0x3b
ARM GAS  C:\Users\IYANG~1.DES\AppData\Local\Temp\ccJXQzdE.s 			page 30


 684 005f 0B       		.uleb128 0xb
 685 0060 49       		.uleb128 0x49
 686 0061 13       		.uleb128 0x13
 687 0062 02       		.uleb128 0x2
 688 0063 17       		.uleb128 0x17
 689 0064 00       		.byte	0
 690 0065 00       		.byte	0
 691 0066 08       		.uleb128 0x8
 692 0067 2E       		.uleb128 0x2e
 693 0068 00       		.byte	0
 694 0069 3F       		.uleb128 0x3f
 695 006a 19       		.uleb128 0x19
 696 006b 03       		.uleb128 0x3
 697 006c 0E       		.uleb128 0xe
 698 006d 3A       		.uleb128 0x3a
 699 006e 0B       		.uleb128 0xb
 700 006f 3B       		.uleb128 0x3b
 701 0070 0B       		.uleb128 0xb
 702 0071 27       		.uleb128 0x27
 703 0072 19       		.uleb128 0x19
 704 0073 11       		.uleb128 0x11
 705 0074 01       		.uleb128 0x1
 706 0075 12       		.uleb128 0x12
 707 0076 06       		.uleb128 0x6
 708 0077 40       		.uleb128 0x40
 709 0078 18       		.uleb128 0x18
 710 0079 9742     		.uleb128 0x2117
 711 007b 19       		.uleb128 0x19
 712 007c 00       		.byte	0
 713 007d 00       		.byte	0
 714 007e 09       		.uleb128 0x9
 715 007f 34       		.uleb128 0x34
 716 0080 00       		.byte	0
 717 0081 03       		.uleb128 0x3
 718 0082 0E       		.uleb128 0xe
 719 0083 3A       		.uleb128 0x3a
 720 0084 0B       		.uleb128 0xb
 721 0085 3B       		.uleb128 0x3b
 722 0086 0B       		.uleb128 0xb
 723 0087 49       		.uleb128 0x49
 724 0088 13       		.uleb128 0x13
 725 0089 02       		.uleb128 0x2
 726 008a 17       		.uleb128 0x17
 727 008b 00       		.byte	0
 728 008c 00       		.byte	0
 729 008d 0A       		.uleb128 0xa
 730 008e 34       		.uleb128 0x34
 731 008f 00       		.byte	0
 732 0090 03       		.uleb128 0x3
 733 0091 0E       		.uleb128 0xe
 734 0092 3A       		.uleb128 0x3a
 735 0093 0B       		.uleb128 0xb
 736 0094 3B       		.uleb128 0x3b
 737 0095 0B       		.uleb128 0xb
 738 0096 49       		.uleb128 0x49
 739 0097 13       		.uleb128 0x13
 740 0098 02       		.uleb128 0x2
ARM GAS  C:\Users\IYANG~1.DES\AppData\Local\Temp\ccJXQzdE.s 			page 31


 741 0099 18       		.uleb128 0x18
 742 009a 00       		.byte	0
 743 009b 00       		.byte	0
 744 009c 0B       		.uleb128 0xb
 745 009d 2E       		.uleb128 0x2e
 746 009e 00       		.byte	0
 747 009f 3F       		.uleb128 0x3f
 748 00a0 19       		.uleb128 0x19
 749 00a1 03       		.uleb128 0x3
 750 00a2 0E       		.uleb128 0xe
 751 00a3 3A       		.uleb128 0x3a
 752 00a4 0B       		.uleb128 0xb
 753 00a5 3B       		.uleb128 0x3b
 754 00a6 0B       		.uleb128 0xb
 755 00a7 27       		.uleb128 0x27
 756 00a8 19       		.uleb128 0x19
 757 00a9 49       		.uleb128 0x49
 758 00aa 13       		.uleb128 0x13
 759 00ab 11       		.uleb128 0x11
 760 00ac 01       		.uleb128 0x1
 761 00ad 12       		.uleb128 0x12
 762 00ae 06       		.uleb128 0x6
 763 00af 40       		.uleb128 0x40
 764 00b0 18       		.uleb128 0x18
 765 00b1 9742     		.uleb128 0x2117
 766 00b3 19       		.uleb128 0x19
 767 00b4 00       		.byte	0
 768 00b5 00       		.byte	0
 769 00b6 00       		.byte	0
 770              		.section	.debug_loc,"",%progbits
 771              	.Ldebug_loc0:
 772              	.LLST0:
 773 0000 00000000 		.4byte	.LVL0
 774 0004 0C000000 		.4byte	.LVL1
 775 0008 0100     		.2byte	0x1
 776 000a 50       		.byte	0x50
 777 000b 0C000000 		.4byte	.LVL1
 778 000f 1C000000 		.4byte	.LFE0
 779 0013 0400     		.2byte	0x4
 780 0015 F3       		.byte	0xf3
 781 0016 01       		.uleb128 0x1
 782 0017 50       		.byte	0x50
 783 0018 9F       		.byte	0x9f
 784 0019 00000000 		.4byte	0
 785 001d 00000000 		.4byte	0
 786              	.LLST1:
 787 0021 00000000 		.4byte	.LVL2
 788 0025 0A000000 		.4byte	.LVL4
 789 0029 0100     		.2byte	0x1
 790 002b 50       		.byte	0x50
 791 002c 0A000000 		.4byte	.LVL4
 792 0030 20000000 		.4byte	.LFE2
 793 0034 0400     		.2byte	0x4
 794 0036 F3       		.byte	0xf3
 795 0037 01       		.uleb128 0x1
 796 0038 50       		.byte	0x50
 797 0039 9F       		.byte	0x9f
ARM GAS  C:\Users\IYANG~1.DES\AppData\Local\Temp\ccJXQzdE.s 			page 32


 798 003a 00000000 		.4byte	0
 799 003e 00000000 		.4byte	0
 800              	.LLST2:
 801 0042 00000000 		.4byte	.LVL2
 802 0046 06000000 		.4byte	.LVL3
 803 004a 0100     		.2byte	0x1
 804 004c 51       		.byte	0x51
 805 004d 06000000 		.4byte	.LVL3
 806 0051 20000000 		.4byte	.LFE2
 807 0055 0400     		.2byte	0x4
 808 0057 F3       		.byte	0xf3
 809 0058 01       		.uleb128 0x1
 810 0059 51       		.byte	0x51
 811 005a 9F       		.byte	0x9f
 812 005b 00000000 		.4byte	0
 813 005f 00000000 		.4byte	0
 814              	.LLST3:
 815 0063 12000000 		.4byte	.LVL5
 816 0067 14000000 		.4byte	.LVL6
 817 006b 0500     		.2byte	0x5
 818 006d 73       		.byte	0x73
 819 006e 00       		.sleb128 0
 820 006f 37       		.byte	0x37
 821 0070 1A       		.byte	0x1a
 822 0071 9F       		.byte	0x9f
 823 0072 14000000 		.4byte	.LVL6
 824 0076 20000000 		.4byte	.LFE2
 825 007a 0100     		.2byte	0x1
 826 007c 51       		.byte	0x51
 827 007d 00000000 		.4byte	0
 828 0081 00000000 		.4byte	0
 829              		.section	.debug_aranges,"",%progbits
 830 0000 3C000000 		.4byte	0x3c
 831 0004 0200     		.2byte	0x2
 832 0006 00000000 		.4byte	.Ldebug_info0
 833 000a 04       		.byte	0x4
 834 000b 00       		.byte	0
 835 000c 0000     		.2byte	0
 836 000e 0000     		.2byte	0
 837 0010 00000000 		.4byte	.LFB0
 838 0014 1C000000 		.4byte	.LFE0-.LFB0
 839 0018 00000000 		.4byte	.LFB1
 840 001c 18000000 		.4byte	.LFE1-.LFB1
 841 0020 00000000 		.4byte	.LFB2
 842 0024 20000000 		.4byte	.LFE2-.LFB2
 843 0028 00000000 		.4byte	.LFB3
 844 002c 10000000 		.4byte	.LFE3-.LFB3
 845 0030 00000000 		.4byte	.LFB4
 846 0034 04000000 		.4byte	.LFE4-.LFB4
 847 0038 00000000 		.4byte	0
 848 003c 00000000 		.4byte	0
 849              		.section	.debug_ranges,"",%progbits
 850              	.Ldebug_ranges0:
 851 0000 00000000 		.4byte	.LFB0
 852 0004 1C000000 		.4byte	.LFE0
 853 0008 00000000 		.4byte	.LFB1
 854 000c 18000000 		.4byte	.LFE1
ARM GAS  C:\Users\IYANG~1.DES\AppData\Local\Temp\ccJXQzdE.s 			page 33


 855 0010 00000000 		.4byte	.LFB2
 856 0014 20000000 		.4byte	.LFE2
 857 0018 00000000 		.4byte	.LFB3
 858 001c 10000000 		.4byte	.LFE3
 859 0020 00000000 		.4byte	.LFB4
 860 0024 04000000 		.4byte	.LFE4
 861 0028 00000000 		.4byte	0
 862 002c 00000000 		.4byte	0
 863              		.section	.debug_line,"",%progbits
 864              	.Ldebug_line0:
 865 0000 D5000000 		.section	.debug_str,"MS",%progbits,1
 865      02004A00 
 865      00000201 
 865      FB0E0D00 
 865      01010101 
 866              	.LASF15:
 867 0000 72656733 		.ascii	"reg32\000"
 867      3200
 868              	.LASF28:
 869 0006 55415254 		.ascii	"UART_1_SCBCLK_Stop\000"
 869      5F315F53 
 869      4342434C 
 869      4B5F5374 
 869      6F7000
 870              	.LASF21:
 871 0019 6D61736B 		.ascii	"maskVal\000"
 871      56616C00 
 872              	.LASF26:
 873 0021 47656E65 		.ascii	"Generated_Source\\PSoC4\\UART_1_SCBCLK.c\000"
 873      72617465 
 873      645F536F 
 873      75726365 
 873      5C50536F 
 874              	.LASF27:
 875 0048 443A5C44 		.ascii	"D:\\Dropbox\\blog\\UV sensor\\SW\\UVSensorCypress\\"
 875      726F7062 
 875      6F785C62 
 875      6C6F675C 
 875      55562073 
 876 0075 55562053 		.ascii	"UV Sensor.cydsn\000"
 876      656E736F 
 876      722E6379 
 876      64736E00 
 877              	.LASF12:
 878 0085 666C6F61 		.ascii	"float\000"
 878      7400
 879              	.LASF17:
 880 008b 55415254 		.ascii	"UART_1_SCBCLK_SetFractionalDividerRegister\000"
 880      5F315F53 
 880      4342434C 
 880      4B5F5365 
 880      74467261 
 881              	.LASF23:
 882 00b6 55415254 		.ascii	"UART_1_SCBCLK_GetDividerRegister\000"
 882      5F315F53 
 882      4342434C 
 882      4B5F4765 
ARM GAS  C:\Users\IYANG~1.DES\AppData\Local\Temp\ccJXQzdE.s 			page 34


 882      74446976 
 883              	.LASF1:
 884 00d7 756E7369 		.ascii	"unsigned char\000"
 884      676E6564 
 884      20636861 
 884      7200
 885              	.LASF5:
 886 00e5 6C6F6E67 		.ascii	"long unsigned int\000"
 886      20756E73 
 886      69676E65 
 886      6420696E 
 886      7400
 887              	.LASF3:
 888 00f7 73686F72 		.ascii	"short unsigned int\000"
 888      7420756E 
 888      7369676E 
 888      65642069 
 888      6E7400
 889              	.LASF16:
 890 010a 55415254 		.ascii	"UART_1_SCBCLK_StartEx\000"
 890      5F315F53 
 890      4342434C 
 890      4B5F5374 
 890      61727445 
 891              	.LASF19:
 892 0120 636C6B44 		.ascii	"clkDivider\000"
 892      69766964 
 892      657200
 893              	.LASF13:
 894 012b 646F7562 		.ascii	"double\000"
 894      6C6500
 895              	.LASF22:
 896 0132 72656756 		.ascii	"regVal\000"
 896      616C00
 897              	.LASF18:
 898 0139 616C6967 		.ascii	"alignClkDiv\000"
 898      6E436C6B 
 898      44697600 
 899              	.LASF20:
 900 0145 636C6B46 		.ascii	"clkFractional\000"
 900      72616374 
 900      696F6E61 
 900      6C00
 901              	.LASF10:
 902 0153 75696E74 		.ascii	"uint16\000"
 902      313600
 903              	.LASF11:
 904 015a 75696E74 		.ascii	"uint32\000"
 904      333200
 905              	.LASF8:
 906 0161 756E7369 		.ascii	"unsigned int\000"
 906      676E6564 
 906      20696E74 
 906      00
 907              	.LASF7:
 908 016e 6C6F6E67 		.ascii	"long long unsigned int\000"
 908      206C6F6E 
ARM GAS  C:\Users\IYANG~1.DES\AppData\Local\Temp\ccJXQzdE.s 			page 35


 908      6720756E 
 908      7369676E 
 908      65642069 
 909              	.LASF6:
 910 0185 6C6F6E67 		.ascii	"long long int\000"
 910      206C6F6E 
 910      6720696E 
 910      7400
 911              	.LASF14:
 912 0193 63686172 		.ascii	"char\000"
 912      00
 913              	.LASF2:
 914 0198 73686F72 		.ascii	"short int\000"
 914      7420696E 
 914      7400
 915              	.LASF25:
 916 01a2 474E5520 		.ascii	"GNU C 4.9.3 20150303 (release) [ARM/embedded-4_9-br"
 916      4320342E 
 916      392E3320 
 916      32303135 
 916      30333033 
 917 01d5 616E6368 		.ascii	"anch revision 221220] -mcpu=cortex-m0 -mthumb -g -O"
 917      20726576 
 917      6973696F 
 917      6E203232 
 917      31323230 
 918 0208 33202D66 		.ascii	"3 -ffunction-sections -finline-functions -flto -ffa"
 918      66756E63 
 918      74696F6E 
 918      2D736563 
 918      74696F6E 
 919 023b 742D6C74 		.ascii	"t-lto-objects\000"
 919      6F2D6F62 
 919      6A656374 
 919      7300
 920              	.LASF9:
 921 0249 75696E74 		.ascii	"uint8\000"
 921      3800
 922              	.LASF4:
 923 024f 6C6F6E67 		.ascii	"long int\000"
 923      20696E74 
 923      00
 924              	.LASF0:
 925 0258 7369676E 		.ascii	"signed char\000"
 925      65642063 
 925      68617200 
 926              	.LASF24:
 927 0264 55415254 		.ascii	"UART_1_SCBCLK_GetFractionalDividerRegister\000"
 927      5F315F53 
 927      4342434C 
 927      4B5F4765 
 927      74467261 
 928              		.comm	__gnu_lto_v1,1,1
 929              		.ident	"GCC: (GNU Tools for ARM Embedded Processors) 4.9.3 20150303 (release) [ARM/embedded-4_9-br
