ARM GAS  C:\Users\IYANG~1.DES\AppData\Local\Temp\ccimvVrp.s 			page 1


   1              		.cpu cortex-m0
   2              		.fpu softvfp
   3              		.eabi_attribute 20, 1
   4              		.eabi_attribute 21, 1
   5              		.eabi_attribute 23, 3
   6              		.eabi_attribute 24, 1
   7              		.eabi_attribute 25, 1
   8              		.eabi_attribute 26, 1
   9              		.eabi_attribute 30, 2
  10              		.eabi_attribute 34, 0
  11              		.eabi_attribute 18, 4
  12              		.code	16
  13              		.file	"UART_1_BOOT.c"
  14              		.text
  15              	.Ltext0:
  16              		.section	.gnu.lto_.profile.1890a55d,"",%progbits
  17 0000 789C6366 		.ascii	"x\234cf```d\200\002\000\000=\000\005"
  17      60606064 
  17      80020000 
  17      3D0005
  18              		.text
  19              		.section	.gnu.lto_.inline.1890a55d,"",%progbits
  20 0000 789C6366 		.ascii	"x\234cf\300\016\230\340,\000\000\234\000\006"
  20      C00E98E0 
  20      2C00009C 
  20      0006
  21              		.text
  22              		.section	.gnu.lto_.pureconst.1890a55d,"",%progbits
  23 0000 789C6366 		.ascii	"x\234cf```d\200\002\000\000=\000\005"
  23      60606064 
  23      80020000 
  23      3D0005
  24              		.text
  25              		.section	.gnu.lto_.symbol_nodes.1890a55d,"",%progbits
  26 0000 789C6366 		.ascii	"x\234cf```b\200\001\000\000L\000\006"
  26      60606062 
  26      80010000 
  26      4C0006
  27              		.text
  28              		.section	.gnu.lto_.refs.1890a55d,"",%progbits
  29 0000 789C6366 		.ascii	"x\234cf```d\200\002\000\000=\000\005"
  29      60606064 
  29      80020000 
  29      3D0005
  30              		.text
  31              		.section	.gnu.lto_.decls.1890a55d,"",%progbits
  32 0000 789C6366 		.ascii	"x\234cf``P\001\342\377@\000\244\030\030\2418\200\201"
  32      60605001 
  32      E2FF4000 
  32      A41818A1 
  32      388081
  33 0013 000000D0 		.ascii	"\000\000\000\3208\004v"
  33      380476
  34              		.text
  35              		.section	.gnu.lto_.symtab.1890a55d,"",%progbits
  36              		.text
  37              		.section	.gnu.lto_.opts,"",%progbits
ARM GAS  C:\Users\IYANG~1.DES\AppData\Local\Temp\ccimvVrp.s 			page 2


  38 0000 272D666E 		.ascii	"'-fno-trapv' '-mcpu=cortex-m0' '-mthumb' '-g' '-O3'"
  38      6F2D7472 
  38      61707627 
  38      20272D6D 
  38      6370753D 
  39 0033 20272D66 		.ascii	" '-ffunction-sections' '-finline-functions' '-flto'"
  39      66756E63 
  39      74696F6E 
  39      2D736563 
  39      74696F6E 
  40 0066 20272D66 		.ascii	" '-ffat-lto-objects'\000"
  40      6661742D 
  40      6C746F2D 
  40      6F626A65 
  40      63747327 
  41              		.text
  42              		.cfi_sections	.debug_frame
  43              	.Letext0:
  44              		.section	.debug_info,"",%progbits
  45              	.Ldebug_info0:
  46 0000 7C000000 		.4byte	0x7c
  47 0004 0400     		.2byte	0x4
  48 0006 00000000 		.4byte	.Ldebug_abbrev0
  49 000a 04       		.byte	0x4
  50 000b 01       		.uleb128 0x1
  51 000c 1B000000 		.4byte	.LASF13
  52 0010 01       		.byte	0x1
  53 0011 07010000 		.4byte	.LASF14
  54 0015 52010000 		.4byte	.LASF15
  55 0019 00000000 		.4byte	.Ldebug_line0
  56 001d 02       		.uleb128 0x2
  57 001e 01       		.byte	0x1
  58 001f 06       		.byte	0x6
  59 0020 46010000 		.4byte	.LASF0
  60 0024 02       		.uleb128 0x2
  61 0025 01       		.byte	0x1
  62 0026 08       		.byte	0x8
  63 0027 EB000000 		.4byte	.LASF1
  64 002b 02       		.uleb128 0x2
  65 002c 02       		.byte	0x2
  66 002d 05       		.byte	0x5
  67 002e 95010000 		.4byte	.LASF2
  68 0032 02       		.uleb128 0x2
  69 0033 02       		.byte	0x2
  70 0034 07       		.byte	0x7
  71 0035 33010000 		.4byte	.LASF3
  72 0039 02       		.uleb128 0x2
  73 003a 04       		.byte	0x4
  74 003b 05       		.byte	0x5
  75 003c FE000000 		.4byte	.LASF4
  76 0040 02       		.uleb128 0x2
  77 0041 04       		.byte	0x4
  78 0042 07       		.byte	0x7
  79 0043 C2000000 		.4byte	.LASF5
  80 0047 02       		.uleb128 0x2
  81 0048 08       		.byte	0x8
  82 0049 05       		.byte	0x5
ARM GAS  C:\Users\IYANG~1.DES\AppData\Local\Temp\ccimvVrp.s 			page 3


  83 004a 00000000 		.4byte	.LASF6
  84 004e 02       		.uleb128 0x2
  85 004f 08       		.byte	0x8
  86 0050 07       		.byte	0x7
  87 0051 D4000000 		.4byte	.LASF7
  88 0055 03       		.uleb128 0x3
  89 0056 04       		.byte	0x4
  90 0057 05       		.byte	0x5
  91 0058 696E7400 		.ascii	"int\000"
  92 005c 02       		.uleb128 0x2
  93 005d 04       		.byte	0x4
  94 005e 07       		.byte	0x7
  95 005f 0E000000 		.4byte	.LASF8
  96 0063 02       		.uleb128 0x2
  97 0064 04       		.byte	0x4
  98 0065 04       		.byte	0x4
  99 0066 8F010000 		.4byte	.LASF9
 100 006a 02       		.uleb128 0x2
 101 006b 08       		.byte	0x8
 102 006c 04       		.byte	0x4
 103 006d 2C010000 		.4byte	.LASF10
 104 0071 02       		.uleb128 0x2
 105 0072 01       		.byte	0x1
 106 0073 08       		.byte	0x8
 107 0074 F9000000 		.4byte	.LASF11
 108 0078 02       		.uleb128 0x2
 109 0079 04       		.byte	0x4
 110 007a 07       		.byte	0x7
 111 007b 9F010000 		.4byte	.LASF12
 112 007f 00       		.byte	0
 113              		.section	.debug_abbrev,"",%progbits
 114              	.Ldebug_abbrev0:
 115 0000 01       		.uleb128 0x1
 116 0001 11       		.uleb128 0x11
 117 0002 01       		.byte	0x1
 118 0003 25       		.uleb128 0x25
 119 0004 0E       		.uleb128 0xe
 120 0005 13       		.uleb128 0x13
 121 0006 0B       		.uleb128 0xb
 122 0007 03       		.uleb128 0x3
 123 0008 0E       		.uleb128 0xe
 124 0009 1B       		.uleb128 0x1b
 125 000a 0E       		.uleb128 0xe
 126 000b 10       		.uleb128 0x10
 127 000c 17       		.uleb128 0x17
 128 000d 00       		.byte	0
 129 000e 00       		.byte	0
 130 000f 02       		.uleb128 0x2
 131 0010 24       		.uleb128 0x24
 132 0011 00       		.byte	0
 133 0012 0B       		.uleb128 0xb
 134 0013 0B       		.uleb128 0xb
 135 0014 3E       		.uleb128 0x3e
 136 0015 0B       		.uleb128 0xb
 137 0016 03       		.uleb128 0x3
 138 0017 0E       		.uleb128 0xe
 139 0018 00       		.byte	0
ARM GAS  C:\Users\IYANG~1.DES\AppData\Local\Temp\ccimvVrp.s 			page 4


 140 0019 00       		.byte	0
 141 001a 03       		.uleb128 0x3
 142 001b 24       		.uleb128 0x24
 143 001c 00       		.byte	0
 144 001d 0B       		.uleb128 0xb
 145 001e 0B       		.uleb128 0xb
 146 001f 3E       		.uleb128 0x3e
 147 0020 0B       		.uleb128 0xb
 148 0021 03       		.uleb128 0x3
 149 0022 08       		.uleb128 0x8
 150 0023 00       		.byte	0
 151 0024 00       		.byte	0
 152 0025 00       		.byte	0
 153              		.section	.debug_aranges,"",%progbits
 154 0000 14000000 		.4byte	0x14
 155 0004 0200     		.2byte	0x2
 156 0006 00000000 		.4byte	.Ldebug_info0
 157 000a 04       		.byte	0x4
 158 000b 00       		.byte	0
 159 000c 0000     		.2byte	0
 160 000e 0000     		.2byte	0
 161 0010 00000000 		.4byte	0
 162 0014 00000000 		.4byte	0
 163              		.section	.debug_line,"",%progbits
 164              	.Ldebug_line0:
 165 0000 19000000 		.section	.debug_str,"MS",%progbits,1
 165      02001300 
 165      00000201 
 165      FB0E0D00 
 165      01010101 
 166              	.LASF6:
 167 0000 6C6F6E67 		.ascii	"long long int\000"
 167      206C6F6E 
 167      6720696E 
 167      7400
 168              	.LASF8:
 169 000e 756E7369 		.ascii	"unsigned int\000"
 169      676E6564 
 169      20696E74 
 169      00
 170              	.LASF13:
 171 001b 474E5520 		.ascii	"GNU C 4.9.3 20150303 (release) [ARM/embedded-4_9-br"
 171      4320342E 
 171      392E3320 
 171      32303135 
 171      30333033 
 172 004e 616E6368 		.ascii	"anch revision 221220] -mcpu=cortex-m0 -mthumb -g -O"
 172      20726576 
 172      6973696F 
 172      6E203232 
 172      31323230 
 173 0081 33202D66 		.ascii	"3 -ffunction-sections -finline-functions -flto -ffa"
 173      66756E63 
 173      74696F6E 
 173      2D736563 
 173      74696F6E 
 174 00b4 742D6C74 		.ascii	"t-lto-objects\000"
ARM GAS  C:\Users\IYANG~1.DES\AppData\Local\Temp\ccimvVrp.s 			page 5


 174      6F2D6F62 
 174      6A656374 
 174      7300
 175              	.LASF5:
 176 00c2 6C6F6E67 		.ascii	"long unsigned int\000"
 176      20756E73 
 176      69676E65 
 176      6420696E 
 176      7400
 177              	.LASF7:
 178 00d4 6C6F6E67 		.ascii	"long long unsigned int\000"
 178      206C6F6E 
 178      6720756E 
 178      7369676E 
 178      65642069 
 179              	.LASF1:
 180 00eb 756E7369 		.ascii	"unsigned char\000"
 180      676E6564 
 180      20636861 
 180      7200
 181              	.LASF11:
 182 00f9 63686172 		.ascii	"char\000"
 182      00
 183              	.LASF4:
 184 00fe 6C6F6E67 		.ascii	"long int\000"
 184      20696E74 
 184      00
 185              	.LASF14:
 186 0107 47656E65 		.ascii	"Generated_Source\\PSoC4\\UART_1_BOOT.c\000"
 186      72617465 
 186      645F536F 
 186      75726365 
 186      5C50536F 
 187              	.LASF10:
 188 012c 646F7562 		.ascii	"double\000"
 188      6C6500
 189              	.LASF3:
 190 0133 73686F72 		.ascii	"short unsigned int\000"
 190      7420756E 
 190      7369676E 
 190      65642069 
 190      6E7400
 191              	.LASF0:
 192 0146 7369676E 		.ascii	"signed char\000"
 192      65642063 
 192      68617200 
 193              	.LASF15:
 194 0152 443A5C44 		.ascii	"D:\\Dropbox\\blog\\UV sensor\\SW\\UVSensorCypress\\"
 194      726F7062 
 194      6F785C62 
 194      6C6F675C 
 194      55562073 
 195 017f 55562053 		.ascii	"UV Sensor.cydsn\000"
 195      656E736F 
 195      722E6379 
 195      64736E00 
 196              	.LASF9:
ARM GAS  C:\Users\IYANG~1.DES\AppData\Local\Temp\ccimvVrp.s 			page 6


 197 018f 666C6F61 		.ascii	"float\000"
 197      7400
 198              	.LASF2:
 199 0195 73686F72 		.ascii	"short int\000"
 199      7420696E 
 199      7400
 200              	.LASF12:
 201 019f 73697A65 		.ascii	"sizetype\000"
 201      74797065 
 201      00
 202              		.comm	__gnu_lto_v1,1,1
 203              		.ident	"GCC: (GNU Tools for ARM Embedded Processors) 4.9.3 20150303 (release) [ARM/embedded-4_9-br
