ARM GAS  C:\Users\IYANG~1.DES\AppData\Local\Temp\ccRr5QRY.s 			page 1


   1              		.cpu cortex-m0
   2              		.fpu softvfp
   3              		.eabi_attribute 20, 1
   4              		.eabi_attribute 21, 1
   5              		.eabi_attribute 23, 3
   6              		.eabi_attribute 24, 1
   7              		.eabi_attribute 25, 1
   8              		.eabi_attribute 26, 1
   9              		.eabi_attribute 30, 2
  10              		.eabi_attribute 34, 0
  11              		.eabi_attribute 18, 4
  12              		.code	16
  13              		.file	"UART_1_rx.c"
  14              		.text
  15              	.Ltext0:
  16              		.section	.gnu.lto_.profile.183f3883,"",%progbits
  17 0000 789C6366 		.ascii	"x\234cf```a\200\000F\006uE\000\000\343\000Q"
  17      60606061 
  17      80004606 
  17      75450000 
  17      E30051
  18              		.text
  19              		.section	.gnu.lto_.jmpfuncs.183f3883,"",%progbits
  20 0000 789C6366 		.ascii	"x\234cf\300\016d\2404\033\003##c=#\210`b``f``abdd\256"
  20      C00E64A0 
  20      341B0323 
  20      23633D23 
  20      88606260 
  21 001d AF6705CA 		.ascii	"\257g\005\312\001\000 \267\002>"
  21      010020B7 
  21      023E
  22              		.text
  23              		.section	.gnu.lto_.inline.183f3883,"",%progbits
  24 0000 789C6366 		.ascii	"x\234cf\300\016f@i6\006\006\016vFF\006F\006\006f\216"
  24      C00E6640 
  24      69360606 
  24      0E764646 
  24      06460606 
  25 0016 03760C6C 		.ascii	"\003v\014l\013\344\231\030\230.\360\263\200$\031\031"
  25      0BE49918 
  25      982EF0B3 
  25      80241919 
  26 0026 3839D0E5 		.ascii	"89\320\345X\026\310\203\345\230\030\330X\031\031\230"
  26      5816C883 
  26      E59818D8 
  26      58191998 
  27 0036 D83EE841 		.ascii	"\330>\350A\304\201\200\031S\210\005d\002\023\310\004"
  27      C4818019 
  27      53880564 
  27      0213C804 
  28 0046 A0390C2C 		.ascii	"\2409\014,\2506\000\011\036\220\"V\006v6\240>\270$\010"
  28      A8360009 
  28      1E902256 
  28      067636A0 
  28      3EB82408 
  29 005a 0000BE90 		.ascii	"\000\000\276\220\017\254"
  29      0FAC
ARM GAS  C:\Users\IYANG~1.DES\AppData\Local\Temp\ccRr5QRY.s 			page 2


  30              		.text
  31              		.section	.gnu.lto_.pureconst.183f3883,"",%progbits
  32 0000 789C6366 		.ascii	"x\234cf``\340e\200\0006\006)F)&)f)\026)V)\000\005\261"
  32      6060E065 
  32      80003606 
  32      29462926 
  32      29662916 
  33 001a 00C2     		.ascii	"\000\302"
  34              		.text
  35              		.section	.gnu.lto_UART_1_rx_SetDriveMode.183f3883,"",%progbits
  36 0000 789C7D51 		.ascii	"x\234}Q\317+DQ\030\375\316}o\336\370M\226\263\025\""
  36      CF2B4451 
  36      18FDCE7D 
  36      6FDEF84D 
  36      96B31522 
  37 0014 29E50F20 		.ascii	")\345\017 \013[\371\261SC\274\262aj\242\354\334\031"
  37      0B5BF9B1 
  37      5343BCB2 
  37      616AA2EC 
  37      DC19
  38 0026 43580D59 		.ascii	"CX\015Y\220&\013\311\357\337\013\033j\262\260\022!d"
  38      90260BC9 
  38      EFDF0B1B 
  38      6AB2B012 
  38      2164
  39 0038 D2288DB0 		.ascii	"\322(\215\260#2f\301\370\276\231\331)\267\356w\277{"
  39      233266C1 
  39      F8BE99D9 
  39      29B7EE77 
  39      BF7B
  40 004a 3AE7BCF3 		.ascii	":\347\274\363\276k\320\337\345\342}\000\242J>a\020T"
  40      BE6BD0DF 
  40      E5E27D00 
  40      A24A3E61 
  40      1054
  41 005c F094C897 		.ascii	"\360\224\310\227\245\000i\0104\2440\204\027\365\246"
  41      A5006908 
  41      34A43084 
  41      17F5A6
  42 006b 100CAFCD 		.ascii	"\020\014\257\315\344\226/j\255_\375{=z\272#\241\210"
  42      E4962F6A 
  42      AD5FFD7B 
  42      3D7ABA23 
  42      A188
  43 007d DE55DA07 		.ascii	"\336U\332\007K(g\316S\342e)\337(\003q\377=ys\241J\027"
  43      4B2867CE 
  43      53E26529 
  43      DF280371 
  43      FF3D7973 
  44 0094 B4F687CF 		.ascii	"\264\366\207\3176u\035\022l\272\014\203\025\250r\241"
  44      36751D12 
  44      6CBA0C83 
  44      15A872A1 
  45 00a4 C2450C10 		.ascii	"\302E\014\020VP*\344\267\300\367M\256\025`\363\242\264"
  45      56502AE4 
  45      B7C0F74D 
  45      AE1560F3 
ARM GAS  C:\Users\IYANG~1.DES\AppData\Local\Temp\ccRr5QRY.s 			page 3


  45      A2B4
  46 00b6 27566171 		.ascii	"'Vaq.\332*\016\353d\362\375\344\374\271\014\331\212"
  46      2EDA2A0E 
  46      EB64F2FD 
  46      E4FCB90C 
  46      D98A
  47 00c8 35CA9062 		.ascii	"5\312\220bB\224\016i-)N)D1\336\022\374\221/|\032\021"
  47      42940E69 
  47      2D294E29 
  47      4431DE12 
  47      FC912F7C 
  48 00de 1C7D4E5C 		.ascii	"\034}N\\\317Z\342\026W\362\027\273\267\017\025\317*"
  48      CF5AE216 
  48      57F217BB 
  48      B70F15CF 
  48      2A
  49 00ef A18C317F 		.ascii	"\241\2141\177P\233\362\351\373\330\331yV\012\"\271\356"
  49      509BF2E9 
  49      FBD8D979 
  49      560A22B9 
  49      EE
  50 0100 EC1E9E16 		.ascii	"\354\036\236\026\2040\347\013pb\023kpa\035<&l \004\212"
  50      8430E70B 
  50      7062136B 
  50      70611D3C 
  50      266C2004 
  51 0115 60F82BE3 		.ascii	"`\370+\343f\244\015G\257.\243\005\"W\311\371\237d!a"
  51      66A40D47 
  51      AF2EA305 
  51      2257C9F9 
  51      9F642161 
  52 0129 93D911F8 		.ascii	"\223\331\021\370\243\3164\315\021W\246\310\35622\201"
  52      A3CE34CD 
  52      1157A6C8 
  52      EE323281 
  53 0139 58161F79 		.ascii	"X\026\037y\035\317\021\231#\217\260\225\222\014\177"
  53      1DCF1199 
  53      238FB095 
  53      920C7F
  54 0148 6428CE94 		.ascii	"d(\316\224\271\305\320\321\024\004\372/\3266\307b\011"
  54      B9C5D0D1 
  54      1404FA2F 
  54      D636C762 
  54      09
  55 0159 45E10BEF 		.ascii	"E\341\013\357\037+\241\313\203\304x\270<\001\236GI\243"
  55      1F2BA1CB 
  55      83C478B8 
  55      3C019E47 
  55      49A3
  56 016b DD677B3B 		.ascii	"\335g{;\373\355nw\213g\300\333e\2677\265x\032j\333\333"
  56      FBED6E77 
  56      8B67C0DB 
  56      65B737B5 
  56      781A6ADB 
  57 0180 EA9B5BDD 		.ascii	"\352\233[\3355n\357`u\027\231\275\236n\373\027S\264"
  57      356EEF60 
  57      751799BD 
ARM GAS  C:\Users\IYANG~1.DES\AppData\Local\Temp\ccRr5QRY.s 			page 4


  57      9E6EFB17 
  57      53B4
  58 0192 A6C1     		.ascii	"\246\301"
  59              		.text
  60              		.section	.gnu.lto_UART_1_rx_Write.183f3883,"",%progbits
  61 0000 789C6552 		.ascii	"x\234eRKh\023Q\024}\347\275\371\205 \024A(\331\270\010"
  61      4B681351 
  61      147DE7BD 
  61      F9852014 
  61      4128D9B8 
  62 0015 B5084528 		.ascii	"\265\010E(\270s\243\270\350V\254\212\213b\010m\026B"
  62      B873A3B8 
  62      E856AC8A 
  62      8B62086D 
  62      1642
  63 0027 B1106C71 		.ascii	"\261\020lq\327\2278\375\340B\322\"\022\220F\352\257"
  63      D79738FD 
  63      E042D222 
  63      129046EA 
  63      AF
  64 0038 6AB4AD66 		.ascii	"j\264\255f\247.\206\202\"\212-\335\264Zb\2544\202]\331"
  64      A72E8682 
  64      228A2DDD 
  64      B45A62AC 
  64      34825DD9 
  65 004c 1FD51434 		.ascii	"\037\325\0244\336;ocp\230\367\2313\347\234w\356\235"
  65      DE3B6F63 
  65      7098F799 
  65      33E79C77 
  65      EE9D
  66 005e 51E2FF2B 		.ascii	"Q\342\377+F\343\242\024\242\235V(\001\231\233\027\""
  66      46E3A214 
  66      A29D5628 
  66      01999B17 
  66      22
  67 006f E3498037 		.ascii	"\343I\2007\002bPb\020\353rS\"\027\024\363\321\326\373"
  67      02625062 
  67      10EB7253 
  67      221714F3 
  67      D1D6FB
  68 0082 5AEB8DAD 		.ascii	"Z\353\215\255\227\315C\3155\222mKc\203)\264\022e\273"
  68      97CD43CD 
  68      35926D4B 
  68      638329B4 
  68      1265BB
  69 0095 A86F2875 		.ascii	"\250o(u\010\202\366\263\213\037\376\270-w\265\316\006"
  69      0882F6B3 
  69      8B1FFEB8 
  69      2D77B5CE 
  69      06
  70 00a6 AFA6F571 		.ascii	"\257\246\365q\324\310\363!\024)\320\026\303\341\230"
  70      D4C8F321 
  70      1429D016 
  70      C3E198
  71 00b5 2040E011 		.ascii	" @\340\021Z\230\274u\263\270+U[(\374zg\355\266\033\237"
  71      5A98BC75 
  71      B3B82B55 
ARM GAS  C:\Users\IYANG~1.DES\AppData\Local\Temp\ccRr5QRY.s 			page 5


  71      5B28FC7A 
  71      67EDB61B 
  72 00ca 24E1EAFA 		.ascii	"$\341\352\372\332\233\250\316k\177\265^?\310\372\307"
  72      DA9BA8CE 
  72      6B7FB55E 
  72      3FC8FAC7 
  73 00da FFEACD45 		.ascii	"\377\352\315E\202M\377\367r\324\361)X\023\212\210\233"
  73      824DFFF7 
  73      72D4F129 
  73      58138A88 
  73      9B
  74 00eb 50780207 		.ascii	"Px\002\007\26402\263?\320\365zigl\364\030\242\222\016"
  74      B43032B3 
  74      3FD0F57A 
  74      69676CF4 
  74      18A2920E 
  75 00ff 968A2665 		.ascii	"\226\212&e\011~i\203C8\014\270<y!\032a\226\020U\032"
  75      097E6983 
  75      43380CB8 
  75      3C79211A 
  75      61961055 
  76 0114 DC886FF4 		.ascii	"\334\210o\364@\253Z\301\334\356\265\371\302\000\273"
  76      40AB5AC1 
  76      DCEEB5F9 
  76      C200BB
  77 0123 FF94DC95 		.ascii	"\377\224\334\225{\327\363\357#\337eMZ:\233\323\026\347"
  77      7BD7F3EF 
  77      23DF654D 
  77      5A3A9BD3 
  77      16E7
  78 0135 F9525D58 		.ascii	"\371R]X\364B(\214\367z\352]i\337\004ne|\352\201\215"
  78      F442288C 
  78      F77AEA5D 
  78      69DF046E 
  78      657CEA81 
  79 014a A788611A 		.ascii	"\247\210a\032\024\0373\230\200XA\366\343HY\032CE\236"
  79      141F3398 
  79      805841F6 
  79      E348591A 
  79      43459E
  80 015d 845CFD35 		.ascii	"\204\\\3755\\\206A,\002\311\303_\036]p\331R\375\240"
  80      5C86412C 
  80      02C9C35F 
  80      1E5D70D9 
  80      52FDA0
  81 0170 A6CD927C 		.ascii	"\246\315\222|\011\241\206\263\022\213E\345\341\245\302"
  81      09A186B3 
  81      128B45E5 
  81      E1A5C2
  82 017f 05A3A2DB 		.ascii	"\005\243\242\333&\325\213\361\267y'TQ\251\317H\324`"
  82      26D58BF1 
  82      B7792754 
  82      51A9CF48 
  82      D460
  83 0191 ED128F48 		.ascii	"\355\022\217H\017>\017\355\205\005\240I\340\271!\355"
  83      0F3E0FED 
  83      8505A049 
ARM GAS  C:\Users\IYANG~1.DES\AppData\Local\Temp\ccRr5QRY.s 			page 6


  83      E0B921ED 
  84 01a1 3886E285 		.ascii	"8\206\342\205,\253\3610\2173WF*\205\363\206\0241\320"
  84      2CABF130 
  84      8F335746 
  84      2A85F386 
  84      1431D0
  85 01b4 DCF8E401 		.ascii	"\334\370\344\001\006\032*\316\004vc\315%\252\231$\242"
  85      061A2ACE 
  85      047663CD 
  85      25AA9924 
  85      A2
  86 01c5 824CF0A9 		.ascii	"\202L\360\251\203\371\374\021\253\364+P{\251\331\361"
  86      83F9FC11 
  86      ABF42B50 
  86      7BA9D9F1 
  87 01d5 8ED4A554 		.ascii	"\216\324\245T:y9\325\223\350\354\353Ow\247\272Nu\366"
  87      3A7939D5 
  87      93E8ECEB 
  87      4F77A7BA 
  87      4E75F6
  88 01e8 9D3CDA75 		.ascii	"\235<\332u\366\304\3513\211\366D\372\312\221na\017$"
  88      F6C4E933 
  88      89F644FA 
  88      CA916E61 
  88      0F24
  89 01fa 7BFB5376 		.ascii	"{\373SvO\372\\\262\367/\362\303\337u"
  89      4FFA5CB2 
  89      F72FF2C3 
  89      DF75
  90              		.text
  91              		.section	.gnu.lto_UART_1_rx_Read.183f3883,"",%progbits
  92 0000 789C658F 		.ascii	"x\234e\217OH\002Q\020\306\347\233]\027\301\002\351\024"
  92      4F480251 
  92      10C6E79B 
  92      5D17C102 
  92      E914
  93 0012 5EA32490 		.ascii	"^\243$\220 \350\332!:t\215\254K\010\022\266\327\004"
  93      20E8DA21 
  93      3A748DAC 
  93      4B0812B6 
  93      D704
  94 0024 29E8E673 		.ascii	")\350\346s[\015:\211\020\004\3411\312\376\320\271N\321"
  94      5B0D3A89 
  94      1004E131 
  94      CAFED0B9 
  94      4ED1
  95 0036 29488A30 		.ascii	")H\2120\014$6(\003\203\210D(7({\317\355\326\2037\363"
  95      0C243628 
  95      03838844 
  95      2837287B 
  95      CFEDD683 
  96 004c E6CD8FEF 		.ascii	"\346\315\217\357\233\321\350\377\011\311;\016\242A\231"
  96      9BD1E8FF 
  96      09C93B0E 
  96      A24199
  97 005b A111387F 		.ascii	"\241\0218\177E\224\3613\240\036\004J3\322x\341&\243"
  97      4594F133 
ARM GAS  C:\Users\IYANG~1.DES\AppData\Local\Temp\ccRr5QRY.s 			page 7


  97      A01E044A 
  97      33D278E1 
  97      26A3
  98 006d 7CF25341 		.ascii	"|\362SAxG\010\353\335\252\334\007\262\375.\023\265\230"
  98      784708EB 
  98      DDAADC07 
  98      B2FD2E13 
  98      B598
  99 007f 10096158 		.ascii	"\020\011aX\351`\027a\222`\323\376\276\013\030\266\020"
  99      E9601761 
  99      9260D3FE 
  99      BE0B18B6 
  99      10
 100 0090 22A8FAB2 		.ascii	"\"\250\372\262\261\007Cz\320q\337\231\350tZ\345Bc\210"
 100      B107437A 
 100      D071DF99 
 100      E8745AE5 
 100      426388
 101 00a3 0D2697A5 		.ascii	"\015&\227\245\243\014\272\012>RrT\227A9?3\253\254\325"
 101      A30CBA0A 
 101      3E527254 
 101      9741393F 
 101      33ABACD5 
 102 00b7 70FEB151 		.ascii	"p\376\261Q-\315+\211OVcd_\237\336z\033\3542\333V^\350"
 102      2DCD2B89 
 102      4F566364 
 102      5F9FDE7A 
 102      1BEC32DB 
 103 00ce CAF0A17E 		.ascii	"\312\360\241~}\343\357~\221*7\253_\016\027\261\235\261"
 103      7DE3EF7E 
 103      912A37AB 
 103      5F0E17B1 
 103      9DB1
 104 00e0 E1B28612 		.ascii	"\341\262\206\022B\330\207\034\020\007(\202jXk\347nu"
 104      42D8871C 
 104      10072882 
 104      6A586BE7 
 104      6E75
 105 00f2 4F50F334 		.ascii	"OP\3634/\037\333\255\036%\200 \341P\262\022rru\303\203"
 105      2F1FDBAD 
 105      1E258020 
 105      E150B212 
 105      727275C3 
 106 0107 74C949E8 		.ascii	"t\311I\350\264p\261e(H\327\011G]\310r\326#\036\343\223"
 106      B470B165 
 106      2848D709 
 106      475DC872 
 106      D6231EE3 
 107 011c 1839C05F 		.ascii	"\0309\300_\325\335\004j\0039\322\300\224\271d\246\026"
 107      D5DD046A 
 107      0339D2C0 
 107      94B964A6 
 107      16
 108 012d 96CDC578 		.ascii	"\226\315\305x4\271\222J\230\261\351hrr,6713\033\037"
 108      34B9924A 
 108      98B1E968 
 108      72722C36 
ARM GAS  C:\Users\IYANG~1.DES\AppData\Local\Temp\ccRr5QRY.s 			page 8


 108      3731331B 
 109 0142 8DA75647 		.ascii	"\215\247VG\022\364\013\350\200|\025"
 109      12F40BE8 
 109      807C15
 110              		.text
 111              		.section	.gnu.lto_UART_1_rx_ReadDataReg.183f3883,"",%progbits
 112 0000 789C658F 		.ascii	"x\234e\217?HBQ\024\306\317w\336\363aX M\341\032!\201"
 112      3F484251 
 112      14C6CF77 
 112      DEF36158 
 112      204DE11A 
 113 0016 04516B43 		.ascii	"\004QkC4\264F\326\022\202\204\2755A\012\332|\232\031"
 113      34B446D6 
 113      128284BD 
 113      35410ADA 
 113      7C9A19
 114 0029 34843809 		.ascii	"4\2048\011\321V\330\037\243\241\251\246\020\202\310"
 114      D156D81F 
 114      A3A1A9A6 
 114      1082C8
 115 0038 28A22092 		.ascii	"(\242 \2220\010\013\333\022\301|C\331\271\276\266.\334"
 115      30080BDB 
 115      12C17C43 
 115      D9B9BEB6 
 115      2EDC
 116 004a 73EEB9E7 		.ascii	"s\356\271\347\307\367\235\243\321\377\343\223;\006\242"
 116      C7F79DA3 
 116      D1FFE393 
 116      3B06A2
 117 0059 01C9D008 		.ascii	"\001\311\320\010\234\271!J\270\031P\017\002\305\031"
 117      9CB9214A 
 117      B819500F 
 117      02C519
 118 0068 717C709D 		.ascii	"q|p\235q}\372s\017\377\256e%?\213O\317\236\265>\233"
 118      717DFA73 
 118      0FFFAE65 
 118      253F8B4F 
 118      CF9EB53E 
 119 007d 891A4C08 		.ascii	"\211\032L\010\3700\250t\220\207\237\004\254\247\276"
 119      F830A874 
 119      90879F04 
 119      ACA7BE
 120 008c 1F3D46CA 		.ascii	"\037=F\312\262,\257\352Kc\017\206x\320q\357\271\325"
 120      B22CAFEA 
 120      4B630F86 
 120      78D071EF 
 120      B9D5
 121 009e 6E37DEB3 		.ascii	"n7\336\263\265\0216\230l\026G\011\272\012.RrT\225\240"
 121      B5113698 
 121      6C164709 
 121      BA0A2E52 
 121      725495A0 
 122 00b2 9CDF9855 		.ascii	"\234\337\230U\326\312(67\232\2059%\361\305j\214\235"
 122      D6CA2836 
 122      379A8539 
 122      25F1C56A 
 122      8C9D
ARM GAS  C:\Users\IYANG~1.DES\AppData\Local\Temp\ccRr5QRY.s 			page 9


 123 00c4 CD5CA9AB 		.ascii	"\315\\\251\253\3066\263\225\314X\2722|\251\336\336\271"
 123      C636B395 
 123      CC58BA32 
 123      7CA9DEDE 
 123      B9
 124 00d5 3B5FA4CA 		.ascii	";_\244\312\213\374\325I\3176\266\022)\330\254a\037>"
 124      8BFCD549 
 124      CF36B612 
 124      29D8AC61 
 124      1F3E
 125 00e7 1C4006C4 		.ascii	"\034@\006\304!\266Ae\254\266\322\017\272#\2509\232\245"
 125      21B64165 
 125      ACB6D20F 
 125      BA23A839 
 125      9AA5
 126 00f9 D756A35B 		.ascii	"\327V\243[\011\300K(\010+P%]5\034H\027N\240\263\354"
 126      09C04B28 
 126      082B5025 
 126      5D351C48 
 126      174EA0B3 
 127 010e 65CE5090 		.ascii	"e\316P\220\256\023\216:P\262\262\036p\030\227`T\001"
 127      AE138E3A 
 127      50B2B21E 
 127      70189760 
 127      5401
 128 0120 FEAACE26 		.ascii	"\376\252\316&P\033\310H\375\223\346\242\031\233_2\027"
 128      501BC848 
 128      FD93E6A2 
 128      199B5F32 
 128      17
 129 0131 C2C1E872 		.ascii	"\302\301\350r,b\206\246\202\321\211\321\320\354\370"
 129      2C6286A6 
 129      82D189D1 
 129      D0ECF8
 130 0140 F44C7838 		.ascii	"\364Lx8\034[\031\212\320/\301p{\241"
 130      1C5B198A 
 130      D02FC170 
 130      7BA1
 131              		.text
 132              		.section	.gnu.lto_UART_1_rx_SetInterruptMode.183f3883,"",%progbits
 133 0000 789C6D91 		.ascii	"x\234m\221Oh\023Q\020\306\337\274\267\233\3356\021\212"
 133      4F681351 
 133      10C6DFBC 
 133      B79BDD36 
 133      118A
 134 0012 174B2E0A 		.ascii	"\027K.\012!\366 (Bo^\224\036\274I\261z+\004iW\311\301"
 134      21F62028 
 134      426F5E94 
 134      1EBC49B1 
 134      7A2B0469 
 135 0029 ACC40882 		.ascii	"\254\304\010\202\207\356\2461\005\361\020j\321b)\022"
 135      87EEA631 
 135      05F1106A 
 135      D1622912 
 136 0039 54DA1A6D 		.ascii	"T\332\032mS\253\2429-\261`\300\377 \266T\211\245M\252"
 136      53ABA239 
 136      2DB160C0 
ARM GAS  C:\Users\IYANG~1.DES\AppData\Local\Temp\ccRr5QRY.s 			page 10


 136      FF20B654 
 136      89A54DAA 
 137 004d 850AC644 		.ascii	"\205\012\306D\323\025$\316\354\306C\321\205}\357\315"
 137      D31524CE 
 137      ECC643D1 
 137      857DEFCD 
 138 005d 8F99EF7D 		.ascii	"\217\231\357}3O\260\177??\376\2678c\007p\007\301\200"
 138      334FB07F 
 138      3F3FFEB7 
 138      38630770 
 138      07C180
 139 0070 A75E3166 		.ascii	"\247^1f\252\034\200\016\014\330\000\207\001X\347\025"
 139      AA1C800E 
 139      0CD80087 
 139      0158E715 
 140 0080 0E292B33 		.ascii	"\016)+3\352\355\270m\030\306\267\357\325\366\213\355"
 140      EAEDB86D 
 140      18C6B7EF 
 140      D5F68BED 
 141 0090 369655B9 		.ascii	"6\226U\271+\003\023\320\201)\345\307\351\013b70<>_\331"
 141      2B0313D0 
 141      8129E5C7 
 141      E90B6237 
 141      303C3E5F 
 142 00a5 ACFABE70 		.ascii	"\254\372\276p\233C\033\205\327\027\3125A!\347\024f\346"
 142      9B431B85 
 142      D717CA35 
 142      4121E714 
 142      66E6
 143 00b7 47B24AF0 		.ascii	"G\262J\360\246a\304\255\305\254q\020\271\200I\020(\007"
 143      A661C4AD 
 143      C5AC7110 
 143      B9804910 
 143      2807
 144 00c9 53E0873B 		.ascii	"S\340\207;\340g\210\030d \210\331\237\355\365\211mb"
 144      E0678818 
 144      642088D9 
 144      9FEDF589 
 144      6D62
 145 00db 9FA3BB62 		.ascii	"\237\243\273b\336\370\341u+\355\277\225w\377Sy\017\202"
 145      DEF8E175 
 145      2BEDBF95 
 145      77FF5379 
 145      0F82
 146 00ed 94FEE6E9 		.ascii	"\224\376\346\351\310\252,:\235\322'\323\265\227^\307"
 146      C8AA2C3A 
 146      9DD227D3 
 146      B5975EC7 
 147 00fd D22E0A73 		.ascii	"\322.\012s\303\205Q\217cI\242\360\353\325\374\030\017"
 147      C385518F 
 147      6349A2F0 
 147      EBD5FC18 
 147      0F
 148 010e A4517879 		.ascii	"\244Qxyj\350\231\317(\030\211\345Fc\247\315%\230v\365"
 148      6AE899CF 
 148      281889E5 
 148      4663A7CD 
ARM GAS  C:\Users\IYANG~1.DES\AppData\Local\Temp\ccRr5QRY.s 			page 11


 148      259876F5 
 149 0122 67503F0B 		.ascii	"gP?\013\376\346\344\260\244\222\370\275\340\365$p\""
 149      FEE6E4B0 
 149      A492F8BD 
 149      E0F52470 
 149      22
 150 0133 6D300B01 		.ascii	"m0\013\001w\032p\037<\200\033\221\231\355\226\321h\314"
 150      771A701F 
 150      3C801B91 
 150      99ED96D1 
 150      68CC
 151 0145 BDBB32B9 		.ascii	"\275\2732\271G\3708\032\223\005PO\022\035eZ<\214\362"
 151      47F8381A 
 151      9305504F 
 151      121D655A 
 151      3C8CF2
 152 0158 1420BF2A 		.ascii	"\024 \277*\002O\013\321VZ\030+\241\036=C\031\207\206"
 152      024F0BD1 
 152      565A182B 
 152      A11E3D43 
 152      198786
 153 016b BB5882FC 		.ascii	"\273X\202\374\317K\305\\7]Q\347\364&\263\345\265\027"
 153      CF4BC55C 
 153      375D51E7 
 153      F426B3E5 
 153      B517
 154 017d CE5895CB 		.ascii	"\316X\225\313\361\224\341\364\361\251\364\372\255\352"
 154      F194E1F4 
 154      F1A9F4FA 
 154      ADEA
 155 018b 20C76361 		.ascii	" \307ca\365Z\3057\016cf\002l\256\302\034\366\360\200"
 155      F55AC537 
 155      0E636602 
 155      6CAEC21C 
 155      F6F080
 156 019e 7A808730 		.ascii	"z\200\2070\016l\011\342\305\241\015\331\025\224\352"
 156      0E6C09E2 
 156      C5A10DD9 
 156      1594EA
 157 01ad 383824BF 		.ascii	"88$\277\222\037%\227\310\010\221\014n&7\300%t/r\366"
 157      921F2597 
 157      C808910C 
 157      6E2637C0 
 157      25742F72 
 158 01c2 1EB8D328 		.ascii	"\036\270\323(\232G\350\346\254\345\026\233Y**\325\321"
 158      9A47E8E6 
 158      ACE5169B 
 158      592A2AD5 
 158      D1
 159 01d3 00C92B2E 		.ascii	"\000\311+.jAJi\265\344|S\274\325\201T\233\037N\357 "
 159      6A414A69 
 159      B5E47C53 
 159      BCD58154 
 159      9B1F4EEF 
 160 01e8 B6C5AE69 		.ascii	"\266\305\256i\311[\015?B\303X\305\212`Z\037\216P>=C"
 160      C95B0D3F 
 160      42C358C5 
ARM GAS  C:\Users\IYANG~1.DES\AppData\Local\Temp\ccRr5QRY.s 			page 12


 160      8A605A1F 
 160      8E503E3D 
 161 01fd 8903CD06 		.ascii	"\211\003\315\006'\0258\254E\264\350\211\230\326\037"
 161      271538AC 
 161      45B4E889 
 161      98D61F
 162 020c EAD1CF45 		.ascii	"\352\321\317E\373\264\336\356\036\275\253\263\367\370"
 162      FBB4DEEE 
 162      1EBDABB3 
 162      F7F8
 163 021a A1A3C742 		.ascii	"\241\243\307B\373C\321\363{\373\230zF?\033\216\205\365"
 163      FB43D1F3 
 163      7BFB987A 
 163      463F1B8E 
 163      85F5
 164 022c 88745AEF 		.ascii	"\210tZ\357\327\224p$\026\355:y\352\017D\251\376\\"
 164      D7947024 
 164      16ED3A79 
 164      EA0F44A9 
 164      FE5C
 165              		.text
 166              		.section	.gnu.lto_UART_1_rx_ClearInterrupt.183f3883,"",%progbits
 167 0000 789C6590 		.ascii	"x\234e\220OHTQ\024\306\317w\336\374\243q!\255b6.\006"
 167      4F485451 
 167      14C6CF77 
 167      DEFCA371 
 167      21AD6236 
 168 0016 924004C3 		.ascii	"\222@\004\303\225\273h\3216\032\205\026\003\303\240"
 168      95BB68D1 
 168      361A8516 
 168      03C3A0
 169 0025 6F15258C 		.ascii	"o\025%\214#\270\312;\323\344Pm\006#\020\305E\013q\324"
 169      23B8CA3B 
 169      D3E4506D 
 169      062310C5 
 169      450B71D4 
 170 0039 D4B60586 		.ascii	"\324\266\005\206\014!Ba\014\341\037T&I\245\332H20\372"
 170      0C214261 
 170      0CE11F54 
 170      2649A5DA 
 170      483230FA 
 171 004d A87C9DF3 		.ascii	"\250|\235\363^\213\304\013\357\335\373\276w\276\337"
 171      5E8BC40B 
 171      EFDDFBBE 
 171      77BEDF
 172 005c F9EEB1E8 		.ascii	"\371\356\261\350\342\212\311\263\003\242\353\262\303"
 172      E28AC9B3 
 172      03A2EBB2 
 172      C3
 173 0069 2270698D 		.ascii	"\"pi\215(\027a@\017\004\032f\014\343\007\0373>\2769"
 173      28176140 
 173      0F041A66 
 173      0CE3071F 
 173      333EBE39 
 174 007d FB8CD629 		.ascii	"\373\214\326)c\362?+\277v\243\217\2578LTgB[\014\327"
 174      63F23F2B 
 174      BF76A38F 
ARM GAS  C:\Users\IYANG~1.DES\AppData\Local\Temp\ccRr5QRY.s 			page 13


 174      AF384C54 
 174      67425B0C 
 175 0092 948369B4 		.ascii	"\224\203i\264\222\024\276\330\177r\004\353*\364\334"
 175      9214BED8 
 175      7F7204EB 
 175      2AF4DC
 176 00a1 709FCD46 		.ascii	"p\237\315F\342/\305\264W+\256D\315\230)\354\271n\213"
 176      E22FC5B4 
 176      572BAE44 
 176      CD9829EC 
 176      B96E8B
 177 00b4 585186F5 		.ascii	"XQ\206\365\277[\227\030\216\013\1776\243\241\2021\246"
 177      BF5B9718 
 177      8E0B7F36 
 177      A3A18231 
 177      A6
 178 00c5 1933886B 		.ascii	"\0313\210k\003!\317\"$!\241\312\342\345e\343\272\365"
 178      0321CF22 
 178      2421A1CA 
 178      E2E565E3 
 178      BAF5
 179 00d7 A3E7E52E 		.ascii	"\243\347\345.+\302\344\260\304v\230\003\244?\203\372"
 179      2BC2E4B0 
 179      C4769803 
 179      A43F83FA 
 180 00e7 1D264D46 		.ascii	"\035&MF\007\362\322K\0342\353nm\243\322x\332Xz\250\260"
 180      07F2D24B 
 180      1C32EB6E 
 180      6DA3D278 
 180      DA587AA8 
 181 00fc 13D61BAD 		.ascii	"\023\326\033\255W\277UC\337\331a\253\224/\231\200\266"
 181      57BF5543 
 181      DFD961AB 
 181      942F9980 
 181      B6
 182 010d FF72F0A9 		.ascii	"\377r\360\251\032\361$/\315\316\370\311ap\022\023\271"
 182      1AF1242F 
 182      CDCEF8C9 
 182      61701213 
 182      B9
 183 011e 021C0E60 		.ascii	"\002\034\016`\0161\274\202\244\305<&A\333\310o\025\177"
 183      0E31BC82 
 183      A4C53C26 
 183      41DBC86F 
 183      157F
 184 0130 B30FB484 		.ascii	"\263\017\264\204)\312\243\323\221\367\360\225\200\210"
 184      29CAA3D3 
 184      91F7F095 
 184      8088
 185 013e C2F8F0F5 		.ascii	"\302\370\360\365\264\336\244Hn&,\210{\003\236E\363J"
 185      B4DEA448 
 185      6E262C88 
 185      7B039E45 
 185      F34A
 186 0150 91526AC5 		.ascii	"\221Rj\305\263\245\273\276)\350K\225Q\017r.Bn\231\317"
 186      B3A5BBBE 
 186      29E84B95 
ARM GAS  C:\Users\IYANG~1.DES\AppData\Local\Temp\ccRr5QRY.s 			page 14


 186      510F722E 
 186      426E99CF 
 187 0164 87589410 		.ascii	"\207X\224\020\342\320\256\265\221\225w\227|BX\010\342"
 187      E2D0AEB5 
 187      91957797 
 187      7C425808 
 187      E2
 188 0175 7B3BBA3A 		.ascii	"{;\272:\346].(\243y-\3655\374\313\025\366\206\003\035"
 188      E65D2E28 
 188      A3792DF5 
 188      35FCCB15 
 188      F686031D 
 189 0189 8A8C287E 		.ascii	"\212\214(~\313~`g\322Y\273/\225\350\037\314\364\332"
 189      CB7E6067 
 189      D259BB2F 
 189      95E81FCC 
 189      F4DA
 190 019b C9DB89FE 		.ascii	"\311\333\211\376\233\235\311\236\033w\272S\035\251\314"
 190      9B9DC99E 
 190      1B77BA53 
 190      1DA9CC
 191 01aa 507B2F35 		.ascii	"P{/5\335O\017\334\263\373\022\331tvp\340/e\002\266\322"
 191      DD4F0FDC 
 191      B3FB12D9 
 191      747670E0 
 191      2F6502B6 
 192              		.text
 193              		.section	.gnu.lto_.symbol_nodes.183f3883,"",%progbits
 194 0000 789C55C7 		.ascii	"x\234U\307;\015\000 \020D\301w\037\022tbd-\240\200\240"
 194      3B0D0020 
 194      1044C177 
 194      1F127462 
 194      642DA080 
 195 0015 084D3414 		.ascii	"\010M4\024\334t\023\300\340q\004\363\200\304\332\035"
 195      DC7413C0 
 195      E07104F3 
 195      80C4DA1D 
 196 0025 3759B9CB 		.ascii	"7Y\271\313\313CQ\236\312\362\246\366\237\013\351b\031"
 196      CB43519E 
 196      CAF2A6F6 
 196      9F0BE962 
 196      19
 197 0036 56       		.ascii	"V"
 198              		.text
 199              		.section	.gnu.lto_.refs.183f3883,"",%progbits
 200 0000 789C6366 		.ascii	"x\234cf```d\200\002\000\000=\000\005"
 200      60606064 
 200      80020000 
 200      3D0005
 201              		.text
 202              		.section	.gnu.lto_.decls.183f3883,"",%progbits
 203 0000 789C8D54 		.ascii	"x\234\215ToLSW\024\277\347\335\266\224g\255~\031\232"
 203      6F4C5357 
 203      14BFE7DD 
 203      B69467AD 
 203      7E199A
 204 0013 66C9DA2C 		.ascii	"f\311\332,!YBLP\263\370\315,\230\230-\331B`f\0374!\015"
ARM GAS  C:\Users\IYANG~1.DES\AppData\Local\Temp\ccRr5QRY.s 			page 15


 204      2159424C 
 204      50B3F8CD 
 204      2C98982D 
 204      D9426066 
 205 002b BC381203 		.ascii	"\2748\022\003\246+f&\373pG]`\203-\254\231\031s\331`"
 205      A62B6626 
 205      FB70475D 
 205      60832DAC 
 205      991973D9 
 206 0040 B12A4345 		.ascii	"\261*CE\204\016\250\260\371\000\021\\A\2071c\032'\177"
 206      840EA8B0 
 206      F900115C 
 206      41873163 
 206      1A277F
 207 0053 1C938DCD 		.ascii	"\034\223\215\315\000\353\026\214fo\347\336\367^\337"
 207      00EB168C 
 207      666FE7DE 
 207      F75EDF
 208 0062 637B66BE 		.ascii	"c{f\276\344\264=\267\347\367;\277\363\273'\217\022B"
 208      E4B43DB7 
 208      E7F73BBF 
 208      F3BB278F 
 208      1242
 209 0074 DA80100D 		.ascii	"\332\200\020\015\037\311M\310\002\3469\030\305\304z"
 209      1FC94DC8 
 209      02E63918 
 209      C5C47A
 210 0083 3C185D18 		.ascii	"<\030]\030I\214^\214\024\306\010\306(\371\357\323e\324"
 210      498C5E8C 
 210      14C608C6 
 210      28F9EFD3 
 210      65D4
 211 0095 73FC598C 		.ascii	"s\374Y\214\020\306$\3065\214\227\214\0320\352\376\375"
 211      10C624C6 
 211      358C978C 
 211      1A30EAFE 
 211      FD
 212 00a6 241DB079 		.ascii	"$\035\260y6\274\211M:`\271.\367\377\364\354u\300\245"
 212      36BC894D 
 212      3A60B92E 
 212      F7FFF4EC 
 212      75C0A5
 213 00b9 9E009772 		.ascii	"\236\000\227r\300\361\371s\015\255~\014\037\206\212"
 213      C0F1F973 
 213      0DAD7E0C 
 213      1F868A
 214 00c8 3161F004 		.ascii	"1a\360\004\035t\2178\360\214\0323;\315k\327\340\344"
 214      1D748F38 
 214      F08C1A33 
 214      3BCD6BD7 
 214      E0E4
 215 00da F5B204A9 		.ascii	"\365\262\004\251\216\314\304\272\005\011\374r\220\247"
 215      8ECCC4BA 
 215      0509FC72 
 215      90A7
 216 00e8 17E263CD 		.ascii	"\027\342c\315\036L}\262\213\247\337_\254\253\363R\011"
 216      1E4C7DB2 
ARM GAS  C:\Users\IYANG~1.DES\AppData\Local\Temp\ccRr5QRY.s 			page 16


 216      8BA7DF5F 
 216      ACABF352 
 216      09
 217 00f9 F8EFE3CD 		.ascii	"\370\357\343\315\2637\344\202v\306X=SU\260(\336>\331"
 217      B337E482 
 217      76C6583D 
 217      5355B028 
 217      DE3ED9
 218 010c DF988398 		.ascii	"\337\230\203\230<Y\244\037\244\217\015R\221j\034'\335"
 218      3C59A41F 
 218      A48F0D52 
 218      916A1C27 
 218      DD
 219 011d BCF9D103 		.ascii	"\274\371\321\003\012r~=c\265l)\316\350f\002\005\001"
 219      0A727E3D 
 219      63B56C29 
 219      CEE86602 
 219      0501
 220 012f 782E40A0 		.ascii	"x.@\240\003\362\261\014\332\241\200\300i\010\300\031"
 220      03F2B10C 
 220      DAA180C0 
 220      6908C019 
 221 013f 08900436 		.ascii	"\010\220\0046XjY\272\3654c.8\0132|\011TT\340\030\274"
 221      586A59BA 
 221      F534632E 
 221      380B327C 
 221      095454E0 
 222 0155 83D1B4E9 		.ascii	"\203\321\264\351\235\301&\227K\302C^\263W\250\375S\233"
 222      9DC12697 
 222      4BC2435E 
 222      B357A8FD 
 222      539B
 223 0167 3D216D3A 		.ascii	"=!m:\212\004\254)\3066\272\2408\017N!m\033\322\022\350"
 223      8A04AC29 
 223      C636BAA0 
 223      380F4E21 
 223      6D1BD212 
 224 017c 844DF879 		.ascii	"\204M\370y\016\\:A2Q7\355\247\205b\264\225\236\264\012"
 224      0E5C3A41 
 224      325137ED 
 224      A78562B4 
 224      959EB40A 
 225 0190 C1CF596B 		.ascii	"\301\317Yk\347Rs\354\347\342\017c,\301f4\355\031\001"
 225      E75273EC 
 225      E7E20F63 
 225      2CC16634 
 225      ED1901
 226 01a3 82F35901 		.ascii	"\202\363Y\001\204\377\326\035\355\202 \037]m?\275\236"
 226      84FFD61D 
 226      ED82201F 
 226      5D6D3FBD 
 226      9E
 227 01b4 1E102499 		.ascii	"\036\020$\231\2263\263\036A23=\254\250G\330#M\243:C"
 227      9633B31E 
 227      4132333D 
 227      ACA847D8 
 227      234DA33A 
ARM GAS  C:\Users\IYANG~1.DES\AppData\Local\Temp\ccRr5QRY.s 			page 17


 228 01c9 B78DA1DB 		.ascii	"\267\215\241\333dH\012\206w\217tR\273d>\215\245\371"
 228      64480A86 
 228      778F7452 
 228      BB643E8D 
 228      A5F9
 229 01db 2BA179AF 		.ascii	"+\241y\257!\271\266VM\370\350[\242\333o}\023\177\345"
 229      21B9B656 
 229      4DF8E85B 
 229      A2DB6F7D 
 229      137FE5
 230 01ee E8DD9AE7 		.ascii	"\350\335\232\347\255n\010\200\036[\267\036\263[\257"
 230      AD6E0880 
 230      1E5BB71E 
 230      B35BAF
 231 01fd E876FC46 		.ascii	"\350v\374F\327/\036\332\000\202\342\341\357\215\357"
 231      D72F1EDA 
 231      0082E2E1 
 231      EF8DEF
 232 020c FB0445EB 		.ascii	"\373\004E\353\370\011\317\030S5m\247 \350\263\021\364"
 232      F809CF18 
 232      53356DA7 
 232      20E8B311 
 232      F4
 233 021d 99042941 		.ascii	"\231\004)A\220\236[\375\303'\326e#\247865\237\241b]"
 233      909E5BFD 
 233      C327D665 
 233      23A73836 
 233      359FA162 
 234 0232 249E7EB6 		.ascii	"$\236~\266r\177 \227~\241\323\233k\021\324\327\342\343"
 234      727F2097 
 234      7EA1D39B 
 234      6B11D4D7 
 234      E2E3
 235 0244 C5D5A457 		.ascii	"\305\325\244W\244\\(\356\305\303\273\035\247<\220/\353"
 235      A45C28EE 
 235      C5C3BB1D 
 235      A73C902F 
 235      EB
 236 0255 17BEA25F 		.ascii	"\027\276\242_\270\212\343\017X\027\0364.\\\354\016\213"
 236      B88AE30F 
 236      58171E34 
 236      2E5CEC0E 
 236      8B
 237 0266 31779B9F 		.ascii	"1w\233\237\300\005\264\247\037\355\201\213\270>Ac}\276"
 237      C005B4A7 
 237      1FED818B 
 237      B83E4163 
 237      7DBE
 238 0278 C6C36FF0 		.ascii	"\306\303o\360\020;\015$~\275\277N\254\206\232]\215\330"
 238      103B0D24 
 238      7EBDBF4E 
 238      AC869A5D 
 238      8DD8
 239 028a 9DFE3BDE 		.ascii	"\235\376;\336\354\331 \210\303\361L|\312\365\330}\031"
 239      ECD92088 
 239      C3F14C7C 
 239      CAF5D87D 
ARM GAS  C:\Users\IYANG~1.DES\AppData\Local\Temp\ccRr5QRY.s 			page 18


 239      19
 240 029b 16DE0F99 		.ascii	"\026\336\017\231\373\322p\362\352\242\227\266\351\263"
 240      FBD270F2 
 240      EAA297B6 
 240      E9B3
 241 02a9 3DFAA9A5 		.ascii	"=\372\251\245\327g,\314\335{\205\237\260\326Z\366\267"
 241      D7672CCC 
 241      DD7B859F 
 241      B0D65AF6 
 241      B7
 242 02ba 86FBCE51 		.ascii	"\206\373\316Qp\311\346\337%\323\277\021\341\337\360"
 242      70C9E6DF 
 242      25D3BF11 
 242      E1DFF0
 243 02c9 5C7ADE45 		.ascii	"\\z\336E\207u\226\241\316s?\256\327\357\360\366\275"
 243      877596A1 
 243      CE733FAE 
 243      D7EFF0F6 
 243      BD
 244 02da B57778D9 		.ascii	"\265wx\331Fq\331\244\030\025\024\365\361\236E7\275\275"
 244      4671D9A4 
 244      181514F5 
 244      F19E4537 
 244      BDBD
 245 02ec D6E4906E 		.ascii	"\326\344\220n\362\364\247\017\022\271\"\345\257\343"
 245      F2F4A70F 
 245      12B922E5 
 245      AFE3
 246 02fa 0DFC68F6 		.ascii	"\015\374h\366\207\251\201\034:'\312\245\376\241\370"
 246      87A9811C 
 246      3A27CAA5 
 246      FEA1F8
 247 0309 A49CF53C 		.ascii	"\244\234\365<\243{>\201\216\244-\317Cv\317\321\227\334"
 247      A37B3E81 
 247      8EA42DCF 
 247      4376CFD1 
 247      97DC
 248 031b 31F4DCB4 		.ascii	"1\364\334\264\005\306\321\363\220\341\371\025<\374V"
 248      05C6D1F3 
 248      90E1F915 
 248      3CFC56
 249 032a F7FCFAD1 		.ascii	"\367\374\372\321\345\026\257\\\317\357\350\011!R\303"
 249      E516AF5C 
 249      CFEFE809 
 249      2152C3
 250 0339 EAC2B25F 		.ascii	"\352\302\262_\177/8\200\276s\000q\3253\215\335\011\211"
 250      7F2F3880 
 250      BE730071 
 250      D5338DDD 
 250      0989
 251 034b ABBE86AA 		.ascii	"\253\276\206\252\307,\325W\301z7\364]9?'\371\336\263"
 251      C72CD557 
 251      C17A37F4 
 251      5D393F27 
 251      F9DEB3
 252 035e F48B62EB 		.ascii	"\364\213b\353f'\301'\374\344\337\356\232\312\252\350"
 252      6627C127 
ARM GAS  C:\Users\IYANG~1.DES\AppData\Local\Temp\ccRr5QRY.s 			page 19


 252      FCE4DFEE 
 252      9ACAAAE8 
 253 036e 0ECFEE57 		.ascii	"\016\317\356W\366\004\213Hh\267R\245D\302Q\245\242\254"
 253      F6048B48 
 253      68B752A5 
 253      44C251A5 
 253      A2AC
 254 0380 B4BA2652 		.ascii	"\264\272&R\256\354+.\255.\332\276\257\374p\364\360A"
 254      AEEC2B2E 
 254      AD2EDABE 
 254      AFFC70F4 
 254      F041
 255 0392 E58D2DAF 		.ascii	"\345\215-\257\223\274=/\224\274ZVX\026y\263\254T\211"
 255      93BC3D2F 
 255      94BC5A56 
 255      581679B3 
 255      AC5489
 256 03a5 EE8A541E 		.ascii	"\356\212T\036R^\256\256P\236}\0140[\275\245\234l\260"
 256      525EAEAE 
 256      509E7D0C 
 256      305BBDA5 
 256      9C6CB0
 257 03b8 A0AF452A 		.ascii	"\240\257E*\243\212\337\312K\224p\305Sk\323]\341h\270"
 257      A38ADFCA 
 257      4B9470C5 
 257      536BD35D 
 257      E168B8
 258 03cb 44D9EFE1 		.ascii	"D\331\357\341\362\012\237\017\254i\373bUT\211Dj\016"
 258      F20A9F0F 
 258      AC69FB62 
 258      55548944 
 258      6A0E
 259 03dd 4679EBCD 		.ascii	"Fy\353\315\326_E\007\224p$\373\247;\242\354\337\266"
 259      D65F4507 
 259      947024FB 
 259      A73BA2EC 
 259      DFB6
 260 03ef 55106CDB 		.ascii	"U\020l\333\372\017\313t\375v"
 260      FA0FCB74 
 260      FD76
 261              		.text
 262              		.section	.gnu.lto_.symtab.183f3883,"",%progbits
 263 0000 55415254 		.ascii	"UART_1_rx_SetDriveMode\000\000\000\000\000\000\000\000"
 263      5F315F72 
 263      785F5365 
 263      74447269 
 263      76654D6F 
 264 001e 00000000 		.ascii	"\000\000\000\000\262\000\000\000UART_1_rx_Write\000"
 264      B2000000 
 264      55415254 
 264      5F315F72 
 264      785F5772 
 265 0036 00000000 		.ascii	"\000\000\000\000\000\000\000\000\000\000\000\264\000"
 265      00000000 
 265      000000B4 
 265      00
 266 0043 00005541 		.ascii	"\000\000UART_1_rx_Read\000\000\000\000\000\000\000\000"
ARM GAS  C:\Users\IYANG~1.DES\AppData\Local\Temp\ccRr5QRY.s 			page 20


 266      52545F31 
 266      5F72785F 
 266      52656164 
 266      00000000 
 267 005b 00000000 		.ascii	"\000\000\000\000\267\000\000\000UART_1_rx_ReadDataR"
 267      B7000000 
 267      55415254 
 267      5F315F72 
 267      785F5265 
 268 0076 65670000 		.ascii	"eg\000\000\000\000\000\000\000\000\000\000\000\000\271"
 268      00000000 
 268      00000000 
 268      0000B9
 269 0085 00000055 		.ascii	"\000\000\000UART_1_rx_SetInterruptMode\000\000\000\000"
 269      4152545F 
 269      315F7278 
 269      5F536574 
 269      496E7465 
 270 00a6 00000000 		.ascii	"\000\000\000\000\000\000\000\000\305\000\000\000UAR"
 270      00000000 
 270      C5000000 
 270      554152
 271 00b5 545F315F 		.ascii	"T_1_rx_ClearInterrupt\000\000\000\000\000\000\000\000"
 271      72785F43 
 271      6C656172 
 271      496E7465 
 271      72727570 
 272 00d2 00000000 		.ascii	"\000\000\000\000\307\000\000\000"
 272      C7000000 
 273              		.text
 274              		.section	.gnu.lto_.opts,"",%progbits
 275 0000 272D666E 		.ascii	"'-fno-trapv' '-mcpu=cortex-m0' '-mthumb' '-g' '-O3'"
 275      6F2D7472 
 275      61707627 
 275      20272D6D 
 275      6370753D 
 276 0033 20272D66 		.ascii	" '-ffunction-sections' '-finline-functions' '-flto'"
 276      66756E63 
 276      74696F6E 
 276      2D736563 
 276      74696F6E 
 277 0066 20272D66 		.ascii	" '-ffat-lto-objects'\000"
 277      6661742D 
 277      6C746F2D 
 277      6F626A65 
 277      63747327 
 278              		.text
 279              		.cfi_sections	.debug_frame
 280              		.section	.text.UART_1_rx_SetDriveMode,"ax",%progbits
 281              		.align	2
 282              		.global	UART_1_rx_SetDriveMode
 283              		.code	16
 284              		.thumb_func
 285              		.type	UART_1_rx_SetDriveMode, %function
 286              	UART_1_rx_SetDriveMode:
 287              	.LFB0:
 288              		.file 1 "Generated_Source\\PSoC4\\UART_1_rx.c"
ARM GAS  C:\Users\IYANG~1.DES\AppData\Local\Temp\ccRr5QRY.s 			page 21


   1:Generated_Source\PSoC4/UART_1_rx.c **** /*******************************************************************************
   2:Generated_Source\PSoC4/UART_1_rx.c **** * File Name: UART_1_rx.c  
   3:Generated_Source\PSoC4/UART_1_rx.c **** * Version 2.20
   4:Generated_Source\PSoC4/UART_1_rx.c **** *
   5:Generated_Source\PSoC4/UART_1_rx.c **** * Description:
   6:Generated_Source\PSoC4/UART_1_rx.c **** *  This file contains API to enable firmware control of a Pins component.
   7:Generated_Source\PSoC4/UART_1_rx.c **** *
   8:Generated_Source\PSoC4/UART_1_rx.c **** ********************************************************************************
   9:Generated_Source\PSoC4/UART_1_rx.c **** * Copyright 2008-2015, Cypress Semiconductor Corporation.  All rights reserved.
  10:Generated_Source\PSoC4/UART_1_rx.c **** * You may use this file only in accordance with the license, terms, conditions, 
  11:Generated_Source\PSoC4/UART_1_rx.c **** * disclaimers, and limitations in the end user license agreement accompanying 
  12:Generated_Source\PSoC4/UART_1_rx.c **** * the software package with which this file was provided.
  13:Generated_Source\PSoC4/UART_1_rx.c **** *******************************************************************************/
  14:Generated_Source\PSoC4/UART_1_rx.c **** 
  15:Generated_Source\PSoC4/UART_1_rx.c **** #include "cytypes.h"
  16:Generated_Source\PSoC4/UART_1_rx.c **** #include "UART_1_rx.h"
  17:Generated_Source\PSoC4/UART_1_rx.c **** 
  18:Generated_Source\PSoC4/UART_1_rx.c **** 
  19:Generated_Source\PSoC4/UART_1_rx.c **** #if defined(UART_1_rx__PC)
  20:Generated_Source\PSoC4/UART_1_rx.c ****     #define UART_1_rx_SetP4PinDriveMode(shift, mode)  \
  21:Generated_Source\PSoC4/UART_1_rx.c ****     do { \
  22:Generated_Source\PSoC4/UART_1_rx.c ****         UART_1_rx_PC =   (UART_1_rx_PC & \
  23:Generated_Source\PSoC4/UART_1_rx.c ****                                 (uint32)(~(uint32)(UART_1_rx_DRIVE_MODE_IND_MASK << \
  24:Generated_Source\PSoC4/UART_1_rx.c ****                                 (UART_1_rx_DRIVE_MODE_BITS * (shift))))) | \
  25:Generated_Source\PSoC4/UART_1_rx.c ****                                 (uint32)((uint32)(mode) << \
  26:Generated_Source\PSoC4/UART_1_rx.c ****                                 (UART_1_rx_DRIVE_MODE_BITS * (shift))); \
  27:Generated_Source\PSoC4/UART_1_rx.c ****     } while (0)
  28:Generated_Source\PSoC4/UART_1_rx.c **** #else
  29:Generated_Source\PSoC4/UART_1_rx.c ****     #if (CY_PSOC4_4200L)
  30:Generated_Source\PSoC4/UART_1_rx.c ****         #define UART_1_rx_SetP4PinDriveMode(shift, mode)  \
  31:Generated_Source\PSoC4/UART_1_rx.c ****         do { \
  32:Generated_Source\PSoC4/UART_1_rx.c ****             UART_1_rx_USBIO_CTRL_REG = (UART_1_rx_USBIO_CTRL_REG & \
  33:Generated_Source\PSoC4/UART_1_rx.c ****                                     (uint32)(~(uint32)(UART_1_rx_DRIVE_MODE_IND_MASK << \
  34:Generated_Source\PSoC4/UART_1_rx.c ****                                     (UART_1_rx_DRIVE_MODE_BITS * (shift))))) | \
  35:Generated_Source\PSoC4/UART_1_rx.c ****                                     (uint32)((uint32)(mode) << \
  36:Generated_Source\PSoC4/UART_1_rx.c ****                                     (UART_1_rx_DRIVE_MODE_BITS * (shift))); \
  37:Generated_Source\PSoC4/UART_1_rx.c ****         } while (0)
  38:Generated_Source\PSoC4/UART_1_rx.c ****     #endif
  39:Generated_Source\PSoC4/UART_1_rx.c **** #endif
  40:Generated_Source\PSoC4/UART_1_rx.c ****   
  41:Generated_Source\PSoC4/UART_1_rx.c **** 
  42:Generated_Source\PSoC4/UART_1_rx.c **** #if defined(UART_1_rx__PC) || (CY_PSOC4_4200L) 
  43:Generated_Source\PSoC4/UART_1_rx.c ****     /*******************************************************************************
  44:Generated_Source\PSoC4/UART_1_rx.c ****     * Function Name: UART_1_rx_SetDriveMode
  45:Generated_Source\PSoC4/UART_1_rx.c ****     ****************************************************************************//**
  46:Generated_Source\PSoC4/UART_1_rx.c ****     *
  47:Generated_Source\PSoC4/UART_1_rx.c ****     * \brief Sets the drive mode for each of the Pins component's pins.
  48:Generated_Source\PSoC4/UART_1_rx.c ****     * 
  49:Generated_Source\PSoC4/UART_1_rx.c ****     * <b>Note</b> This affects all pins in the Pins component instance. Use the
  50:Generated_Source\PSoC4/UART_1_rx.c ****     * Per-Pin APIs if you wish to control individual pin's drive modes.
  51:Generated_Source\PSoC4/UART_1_rx.c ****     *
  52:Generated_Source\PSoC4/UART_1_rx.c ****     * <b>Note</b> USBIOs have limited drive functionality. Refer to the Drive Mode
  53:Generated_Source\PSoC4/UART_1_rx.c ****     * parameter for more information.
  54:Generated_Source\PSoC4/UART_1_rx.c ****     *
  55:Generated_Source\PSoC4/UART_1_rx.c ****     * \param mode
  56:Generated_Source\PSoC4/UART_1_rx.c ****     *  Mode for the selected signals. Valid options are documented in 
  57:Generated_Source\PSoC4/UART_1_rx.c ****     *  \ref driveMode.
ARM GAS  C:\Users\IYANG~1.DES\AppData\Local\Temp\ccRr5QRY.s 			page 22


  58:Generated_Source\PSoC4/UART_1_rx.c ****     *
  59:Generated_Source\PSoC4/UART_1_rx.c ****     * \return
  60:Generated_Source\PSoC4/UART_1_rx.c ****     *  None
  61:Generated_Source\PSoC4/UART_1_rx.c ****     *
  62:Generated_Source\PSoC4/UART_1_rx.c ****     * \sideeffect
  63:Generated_Source\PSoC4/UART_1_rx.c ****     *  If you use read-modify-write operations that are not atomic, the ISR can
  64:Generated_Source\PSoC4/UART_1_rx.c ****     *  cause corruption of this function. An ISR that interrupts this function 
  65:Generated_Source\PSoC4/UART_1_rx.c ****     *  and performs writes to the Pins component Drive Mode registers can cause 
  66:Generated_Source\PSoC4/UART_1_rx.c ****     *  corrupted port data. To avoid this issue, you should either use the Per-Pin
  67:Generated_Source\PSoC4/UART_1_rx.c ****     *  APIs (primary method) or disable interrupts around this function.
  68:Generated_Source\PSoC4/UART_1_rx.c ****     *
  69:Generated_Source\PSoC4/UART_1_rx.c ****     * \funcusage
  70:Generated_Source\PSoC4/UART_1_rx.c ****     *  \snippet UART_1_rx_SUT.c usage_UART_1_rx_SetDriveMode
  71:Generated_Source\PSoC4/UART_1_rx.c ****     *******************************************************************************/
  72:Generated_Source\PSoC4/UART_1_rx.c ****     void UART_1_rx_SetDriveMode(uint8 mode)
  73:Generated_Source\PSoC4/UART_1_rx.c ****     {
 289              		.loc 1 73 0
 290              		.cfi_startproc
 291              	.LVL0:
  74:Generated_Source\PSoC4/UART_1_rx.c **** 		UART_1_rx_SetP4PinDriveMode(UART_1_rx__0__SHIFT, mode);
 292              		.loc 1 74 0
 293 0000 034A     		ldr	r2, .L2
 294 0002 044B     		ldr	r3, .L2+4
 295 0004 1168     		ldr	r1, [r2]
 296 0006 0003     		lsl	r0, r0, #12
 297              	.LVL1:
 298 0008 0B40     		and	r3, r1
 299 000a 1843     		orr	r0, r3
 300 000c 1060     		str	r0, [r2]
  75:Generated_Source\PSoC4/UART_1_rx.c ****     }
 301              		.loc 1 75 0
 302              		@ sp needed
 303 000e 7047     		bx	lr
 304              	.L3:
 305              		.align	2
 306              	.L2:
 307 0010 08010440 		.word	1074004232
 308 0014 FF8FFFFF 		.word	-28673
 309              		.cfi_endproc
 310              	.LFE0:
 311              		.size	UART_1_rx_SetDriveMode, .-UART_1_rx_SetDriveMode
 312              		.section	.text.UART_1_rx_Write,"ax",%progbits
 313              		.align	2
 314              		.global	UART_1_rx_Write
 315              		.code	16
 316              		.thumb_func
 317              		.type	UART_1_rx_Write, %function
 318              	UART_1_rx_Write:
 319              	.LFB1:
  76:Generated_Source\PSoC4/UART_1_rx.c **** #endif
  77:Generated_Source\PSoC4/UART_1_rx.c **** 
  78:Generated_Source\PSoC4/UART_1_rx.c **** 
  79:Generated_Source\PSoC4/UART_1_rx.c **** /*******************************************************************************
  80:Generated_Source\PSoC4/UART_1_rx.c **** * Function Name: UART_1_rx_Write
  81:Generated_Source\PSoC4/UART_1_rx.c **** ****************************************************************************//**
  82:Generated_Source\PSoC4/UART_1_rx.c **** *
  83:Generated_Source\PSoC4/UART_1_rx.c **** * \brief Writes the value to the physical port (data output register), masking
ARM GAS  C:\Users\IYANG~1.DES\AppData\Local\Temp\ccRr5QRY.s 			page 23


  84:Generated_Source\PSoC4/UART_1_rx.c **** *  and shifting the bits appropriately. 
  85:Generated_Source\PSoC4/UART_1_rx.c **** *
  86:Generated_Source\PSoC4/UART_1_rx.c **** * The data output register controls the signal applied to the physical pin in 
  87:Generated_Source\PSoC4/UART_1_rx.c **** * conjunction with the drive mode parameter. This function avoids changing 
  88:Generated_Source\PSoC4/UART_1_rx.c **** * other bits in the port by using the appropriate method (read-modify-write or
  89:Generated_Source\PSoC4/UART_1_rx.c **** * bit banding).
  90:Generated_Source\PSoC4/UART_1_rx.c **** *
  91:Generated_Source\PSoC4/UART_1_rx.c **** * <b>Note</b> This function should not be used on a hardware digital output pin 
  92:Generated_Source\PSoC4/UART_1_rx.c **** * as it is driven by the hardware signal attached to it.
  93:Generated_Source\PSoC4/UART_1_rx.c **** *
  94:Generated_Source\PSoC4/UART_1_rx.c **** * \param value
  95:Generated_Source\PSoC4/UART_1_rx.c **** *  Value to write to the component instance.
  96:Generated_Source\PSoC4/UART_1_rx.c **** *
  97:Generated_Source\PSoC4/UART_1_rx.c **** * \return 
  98:Generated_Source\PSoC4/UART_1_rx.c **** *  None 
  99:Generated_Source\PSoC4/UART_1_rx.c **** *
 100:Generated_Source\PSoC4/UART_1_rx.c **** * \sideeffect
 101:Generated_Source\PSoC4/UART_1_rx.c **** *  If you use read-modify-write operations that are not atomic; the Interrupt 
 102:Generated_Source\PSoC4/UART_1_rx.c **** *  Service Routines (ISR) can cause corruption of this function. An ISR that 
 103:Generated_Source\PSoC4/UART_1_rx.c **** *  interrupts this function and performs writes to the Pins component data 
 104:Generated_Source\PSoC4/UART_1_rx.c **** *  register can cause corrupted port data. To avoid this issue, you should 
 105:Generated_Source\PSoC4/UART_1_rx.c **** *  either use the Per-Pin APIs (primary method) or disable interrupts around 
 106:Generated_Source\PSoC4/UART_1_rx.c **** *  this function.
 107:Generated_Source\PSoC4/UART_1_rx.c **** *
 108:Generated_Source\PSoC4/UART_1_rx.c **** * \funcusage
 109:Generated_Source\PSoC4/UART_1_rx.c **** *  \snippet UART_1_rx_SUT.c usage_UART_1_rx_Write
 110:Generated_Source\PSoC4/UART_1_rx.c **** *******************************************************************************/
 111:Generated_Source\PSoC4/UART_1_rx.c **** void UART_1_rx_Write(uint8 value)
 112:Generated_Source\PSoC4/UART_1_rx.c **** {
 320              		.loc 1 112 0
 321              		.cfi_startproc
 322              	.LVL2:
 323              		.loc 1 112 0
 324 0000 031C     		mov	r3, r0
 113:Generated_Source\PSoC4/UART_1_rx.c ****     uint8 drVal = (uint8)(UART_1_rx_DR & (uint8)(~UART_1_rx_MASK));
 325              		.loc 1 113 0
 326 0002 1020     		mov	r0, #16
 327              	.LVL3:
 328 0004 0449     		ldr	r1, .L5
 114:Generated_Source\PSoC4/UART_1_rx.c ****     drVal = (drVal | ((uint8)(value << UART_1_rx_SHIFT) & UART_1_rx_MASK));
 329              		.loc 1 114 0
 330 0006 1B01     		lsl	r3, r3, #4
 113:Generated_Source\PSoC4/UART_1_rx.c ****     uint8 drVal = (uint8)(UART_1_rx_DR & (uint8)(~UART_1_rx_MASK));
 331              		.loc 1 113 0
 332 0008 0A68     		ldr	r2, [r1]
 115:Generated_Source\PSoC4/UART_1_rx.c ****     UART_1_rx_DR = (uint32)drVal;
 116:Generated_Source\PSoC4/UART_1_rx.c **** }
 333              		.loc 1 116 0
 334              		@ sp needed
 113:Generated_Source\PSoC4/UART_1_rx.c ****     drVal = (drVal | ((uint8)(value << UART_1_rx_SHIFT) & UART_1_rx_MASK));
 335              		.loc 1 113 0
 336 000a 8243     		bic	r2, r0
 337 000c D2B2     		uxtb	r2, r2
 114:Generated_Source\PSoC4/UART_1_rx.c ****     drVal = (drVal | ((uint8)(value << UART_1_rx_SHIFT) & UART_1_rx_MASK));
 338              		.loc 1 114 0
 339 000e 1840     		and	r0, r3
 115:Generated_Source\PSoC4/UART_1_rx.c ****     UART_1_rx_DR = (uint32)drVal;
ARM GAS  C:\Users\IYANG~1.DES\AppData\Local\Temp\ccRr5QRY.s 			page 24


 340              		.loc 1 115 0
 341 0010 1043     		orr	r0, r2
 342 0012 0860     		str	r0, [r1]
 343              		.loc 1 116 0
 344 0014 7047     		bx	lr
 345              	.L6:
 346 0016 C046     		.align	2
 347              	.L5:
 348 0018 00010440 		.word	1074004224
 349              		.cfi_endproc
 350              	.LFE1:
 351              		.size	UART_1_rx_Write, .-UART_1_rx_Write
 352              		.section	.text.UART_1_rx_Read,"ax",%progbits
 353              		.align	2
 354              		.global	UART_1_rx_Read
 355              		.code	16
 356              		.thumb_func
 357              		.type	UART_1_rx_Read, %function
 358              	UART_1_rx_Read:
 359              	.LFB2:
 117:Generated_Source\PSoC4/UART_1_rx.c **** 
 118:Generated_Source\PSoC4/UART_1_rx.c **** 
 119:Generated_Source\PSoC4/UART_1_rx.c **** /*******************************************************************************
 120:Generated_Source\PSoC4/UART_1_rx.c **** * Function Name: UART_1_rx_Read
 121:Generated_Source\PSoC4/UART_1_rx.c **** ****************************************************************************//**
 122:Generated_Source\PSoC4/UART_1_rx.c **** *
 123:Generated_Source\PSoC4/UART_1_rx.c **** * \brief Reads the associated physical port (pin status register) and masks 
 124:Generated_Source\PSoC4/UART_1_rx.c **** *  the required bits according to the width and bit position of the component
 125:Generated_Source\PSoC4/UART_1_rx.c **** *  instance. 
 126:Generated_Source\PSoC4/UART_1_rx.c **** *
 127:Generated_Source\PSoC4/UART_1_rx.c **** * The pin's status register returns the current logic level present on the 
 128:Generated_Source\PSoC4/UART_1_rx.c **** * physical pin.
 129:Generated_Source\PSoC4/UART_1_rx.c **** *
 130:Generated_Source\PSoC4/UART_1_rx.c **** * \return 
 131:Generated_Source\PSoC4/UART_1_rx.c **** *  The current value for the pins in the component as a right justified number.
 132:Generated_Source\PSoC4/UART_1_rx.c **** *
 133:Generated_Source\PSoC4/UART_1_rx.c **** * \funcusage
 134:Generated_Source\PSoC4/UART_1_rx.c **** *  \snippet UART_1_rx_SUT.c usage_UART_1_rx_Read  
 135:Generated_Source\PSoC4/UART_1_rx.c **** *******************************************************************************/
 136:Generated_Source\PSoC4/UART_1_rx.c **** uint8 UART_1_rx_Read(void)
 137:Generated_Source\PSoC4/UART_1_rx.c **** {
 360              		.loc 1 137 0
 361              		.cfi_startproc
 138:Generated_Source\PSoC4/UART_1_rx.c ****     return (uint8)((UART_1_rx_PS & UART_1_rx_MASK) >> UART_1_rx_SHIFT);
 362              		.loc 1 138 0
 363 0000 024B     		ldr	r3, .L8
 139:Generated_Source\PSoC4/UART_1_rx.c **** }
 364              		.loc 1 139 0
 365              		@ sp needed
 138:Generated_Source\PSoC4/UART_1_rx.c ****     return (uint8)((UART_1_rx_PS & UART_1_rx_MASK) >> UART_1_rx_SHIFT);
 366              		.loc 1 138 0
 367 0002 1868     		ldr	r0, [r3]
 368 0004 C006     		lsl	r0, r0, #27
 369 0006 C00F     		lsr	r0, r0, #31
 370              		.loc 1 139 0
 371 0008 7047     		bx	lr
 372              	.L9:
ARM GAS  C:\Users\IYANG~1.DES\AppData\Local\Temp\ccRr5QRY.s 			page 25


 373 000a C046     		.align	2
 374              	.L8:
 375 000c 04010440 		.word	1074004228
 376              		.cfi_endproc
 377              	.LFE2:
 378              		.size	UART_1_rx_Read, .-UART_1_rx_Read
 379              		.section	.text.UART_1_rx_ReadDataReg,"ax",%progbits
 380              		.align	2
 381              		.global	UART_1_rx_ReadDataReg
 382              		.code	16
 383              		.thumb_func
 384              		.type	UART_1_rx_ReadDataReg, %function
 385              	UART_1_rx_ReadDataReg:
 386              	.LFB3:
 140:Generated_Source\PSoC4/UART_1_rx.c **** 
 141:Generated_Source\PSoC4/UART_1_rx.c **** 
 142:Generated_Source\PSoC4/UART_1_rx.c **** /*******************************************************************************
 143:Generated_Source\PSoC4/UART_1_rx.c **** * Function Name: UART_1_rx_ReadDataReg
 144:Generated_Source\PSoC4/UART_1_rx.c **** ****************************************************************************//**
 145:Generated_Source\PSoC4/UART_1_rx.c **** *
 146:Generated_Source\PSoC4/UART_1_rx.c **** * \brief Reads the associated physical port's data output register and masks 
 147:Generated_Source\PSoC4/UART_1_rx.c **** *  the correct bits according to the width and bit position of the component 
 148:Generated_Source\PSoC4/UART_1_rx.c **** *  instance. 
 149:Generated_Source\PSoC4/UART_1_rx.c **** *
 150:Generated_Source\PSoC4/UART_1_rx.c **** * The data output register controls the signal applied to the physical pin in 
 151:Generated_Source\PSoC4/UART_1_rx.c **** * conjunction with the drive mode parameter. This is not the same as the 
 152:Generated_Source\PSoC4/UART_1_rx.c **** * preferred UART_1_rx_Read() API because the 
 153:Generated_Source\PSoC4/UART_1_rx.c **** * UART_1_rx_ReadDataReg() reads the data register instead of the status 
 154:Generated_Source\PSoC4/UART_1_rx.c **** * register. For output pins this is a useful function to determine the value 
 155:Generated_Source\PSoC4/UART_1_rx.c **** * just written to the pin.
 156:Generated_Source\PSoC4/UART_1_rx.c **** *
 157:Generated_Source\PSoC4/UART_1_rx.c **** * \return 
 158:Generated_Source\PSoC4/UART_1_rx.c **** *  The current value of the data register masked and shifted into a right 
 159:Generated_Source\PSoC4/UART_1_rx.c **** *  justified number for the component instance.
 160:Generated_Source\PSoC4/UART_1_rx.c **** *
 161:Generated_Source\PSoC4/UART_1_rx.c **** * \funcusage
 162:Generated_Source\PSoC4/UART_1_rx.c **** *  \snippet UART_1_rx_SUT.c usage_UART_1_rx_ReadDataReg 
 163:Generated_Source\PSoC4/UART_1_rx.c **** *******************************************************************************/
 164:Generated_Source\PSoC4/UART_1_rx.c **** uint8 UART_1_rx_ReadDataReg(void)
 165:Generated_Source\PSoC4/UART_1_rx.c **** {
 387              		.loc 1 165 0
 388              		.cfi_startproc
 166:Generated_Source\PSoC4/UART_1_rx.c ****     return (uint8)((UART_1_rx_DR & UART_1_rx_MASK) >> UART_1_rx_SHIFT);
 389              		.loc 1 166 0
 390 0000 024B     		ldr	r3, .L11
 167:Generated_Source\PSoC4/UART_1_rx.c **** }
 391              		.loc 1 167 0
 392              		@ sp needed
 166:Generated_Source\PSoC4/UART_1_rx.c ****     return (uint8)((UART_1_rx_DR & UART_1_rx_MASK) >> UART_1_rx_SHIFT);
 393              		.loc 1 166 0
 394 0002 1868     		ldr	r0, [r3]
 395 0004 C006     		lsl	r0, r0, #27
 396 0006 C00F     		lsr	r0, r0, #31
 397              		.loc 1 167 0
 398 0008 7047     		bx	lr
 399              	.L12:
 400 000a C046     		.align	2
ARM GAS  C:\Users\IYANG~1.DES\AppData\Local\Temp\ccRr5QRY.s 			page 26


 401              	.L11:
 402 000c 00010440 		.word	1074004224
 403              		.cfi_endproc
 404              	.LFE3:
 405              		.size	UART_1_rx_ReadDataReg, .-UART_1_rx_ReadDataReg
 406              		.section	.text.UART_1_rx_SetInterruptMode,"ax",%progbits
 407              		.align	2
 408              		.global	UART_1_rx_SetInterruptMode
 409              		.code	16
 410              		.thumb_func
 411              		.type	UART_1_rx_SetInterruptMode, %function
 412              	UART_1_rx_SetInterruptMode:
 413              	.LFB4:
 168:Generated_Source\PSoC4/UART_1_rx.c **** 
 169:Generated_Source\PSoC4/UART_1_rx.c **** 
 170:Generated_Source\PSoC4/UART_1_rx.c **** /*******************************************************************************
 171:Generated_Source\PSoC4/UART_1_rx.c **** * Function Name: UART_1_rx_SetInterruptMode
 172:Generated_Source\PSoC4/UART_1_rx.c **** ****************************************************************************//**
 173:Generated_Source\PSoC4/UART_1_rx.c **** *
 174:Generated_Source\PSoC4/UART_1_rx.c **** * \brief Configures the interrupt mode for each of the Pins component's
 175:Generated_Source\PSoC4/UART_1_rx.c **** *  pins. Alternatively you may set the interrupt mode for all the pins
 176:Generated_Source\PSoC4/UART_1_rx.c **** *  specified in the Pins component.
 177:Generated_Source\PSoC4/UART_1_rx.c **** *
 178:Generated_Source\PSoC4/UART_1_rx.c **** *  <b>Note</b> The interrupt is port-wide and therefore any enabled pin
 179:Generated_Source\PSoC4/UART_1_rx.c **** *  interrupt may trigger it.
 180:Generated_Source\PSoC4/UART_1_rx.c **** *
 181:Generated_Source\PSoC4/UART_1_rx.c **** * \param position
 182:Generated_Source\PSoC4/UART_1_rx.c **** *  The pin position as listed in the Pins component. You may OR these to be 
 183:Generated_Source\PSoC4/UART_1_rx.c **** *  able to configure the interrupt mode of multiple pins within a Pins 
 184:Generated_Source\PSoC4/UART_1_rx.c **** *  component. Or you may use UART_1_rx_INTR_ALL to configure the
 185:Generated_Source\PSoC4/UART_1_rx.c **** *  interrupt mode of all the pins in the Pins component.       
 186:Generated_Source\PSoC4/UART_1_rx.c **** *  - UART_1_rx_0_INTR       (First pin in the list)
 187:Generated_Source\PSoC4/UART_1_rx.c **** *  - UART_1_rx_1_INTR       (Second pin in the list)
 188:Generated_Source\PSoC4/UART_1_rx.c **** *  - ...
 189:Generated_Source\PSoC4/UART_1_rx.c **** *  - UART_1_rx_INTR_ALL     (All pins in Pins component)
 190:Generated_Source\PSoC4/UART_1_rx.c **** *
 191:Generated_Source\PSoC4/UART_1_rx.c **** * \param mode
 192:Generated_Source\PSoC4/UART_1_rx.c **** *  Interrupt mode for the selected pins. Valid options are documented in
 193:Generated_Source\PSoC4/UART_1_rx.c **** *  \ref intrMode.
 194:Generated_Source\PSoC4/UART_1_rx.c **** *
 195:Generated_Source\PSoC4/UART_1_rx.c **** * \return 
 196:Generated_Source\PSoC4/UART_1_rx.c **** *  None
 197:Generated_Source\PSoC4/UART_1_rx.c **** *  
 198:Generated_Source\PSoC4/UART_1_rx.c **** * \sideeffect
 199:Generated_Source\PSoC4/UART_1_rx.c **** *  It is recommended that the interrupt be disabled before calling this 
 200:Generated_Source\PSoC4/UART_1_rx.c **** *  function to avoid unintended interrupt requests. Note that the interrupt
 201:Generated_Source\PSoC4/UART_1_rx.c **** *  type is port wide, and therefore will trigger for any enabled pin on the 
 202:Generated_Source\PSoC4/UART_1_rx.c **** *  port.
 203:Generated_Source\PSoC4/UART_1_rx.c **** *
 204:Generated_Source\PSoC4/UART_1_rx.c **** * \funcusage
 205:Generated_Source\PSoC4/UART_1_rx.c **** *  \snippet UART_1_rx_SUT.c usage_UART_1_rx_SetInterruptMode
 206:Generated_Source\PSoC4/UART_1_rx.c **** *******************************************************************************/
 207:Generated_Source\PSoC4/UART_1_rx.c **** void UART_1_rx_SetInterruptMode(uint16 position, uint16 mode)
 208:Generated_Source\PSoC4/UART_1_rx.c **** {
 414              		.loc 1 208 0
 415              		.cfi_startproc
 416              	.LVL4:
ARM GAS  C:\Users\IYANG~1.DES\AppData\Local\Temp\ccRr5QRY.s 			page 27


 209:Generated_Source\PSoC4/UART_1_rx.c ****     uint32 intrCfg;
 210:Generated_Source\PSoC4/UART_1_rx.c ****     
 211:Generated_Source\PSoC4/UART_1_rx.c ****     intrCfg =  UART_1_rx_INTCFG & (uint32)(~(uint32)position);
 417              		.loc 1 211 0
 418 0000 034A     		ldr	r2, .L14
 212:Generated_Source\PSoC4/UART_1_rx.c ****     UART_1_rx_INTCFG = intrCfg | ((uint32)position & (uint32)mode);
 213:Generated_Source\PSoC4/UART_1_rx.c **** }
 419              		.loc 1 213 0
 420              		@ sp needed
 211:Generated_Source\PSoC4/UART_1_rx.c ****     UART_1_rx_INTCFG = intrCfg | ((uint32)position & (uint32)mode);
 421              		.loc 1 211 0
 422 0002 1368     		ldr	r3, [r2]
 423              	.LVL5:
 424 0004 8343     		bic	r3, r0
 425              	.LVL6:
 212:Generated_Source\PSoC4/UART_1_rx.c ****     UART_1_rx_INTCFG = intrCfg | ((uint32)position & (uint32)mode);
 426              		.loc 1 212 0
 427 0006 0840     		and	r0, r1
 428              	.LVL7:
 429 0008 1843     		orr	r0, r3
 430 000a 1060     		str	r0, [r2]
 431              		.loc 1 213 0
 432 000c 7047     		bx	lr
 433              	.L15:
 434 000e C046     		.align	2
 435              	.L14:
 436 0010 0C010440 		.word	1074004236
 437              		.cfi_endproc
 438              	.LFE4:
 439              		.size	UART_1_rx_SetInterruptMode, .-UART_1_rx_SetInterruptMode
 440              		.section	.text.UART_1_rx_ClearInterrupt,"ax",%progbits
 441              		.align	2
 442              		.global	UART_1_rx_ClearInterrupt
 443              		.code	16
 444              		.thumb_func
 445              		.type	UART_1_rx_ClearInterrupt, %function
 446              	UART_1_rx_ClearInterrupt:
 447              	.LFB5:
 214:Generated_Source\PSoC4/UART_1_rx.c **** 
 215:Generated_Source\PSoC4/UART_1_rx.c **** 
 216:Generated_Source\PSoC4/UART_1_rx.c **** /*******************************************************************************
 217:Generated_Source\PSoC4/UART_1_rx.c **** * Function Name: UART_1_rx_ClearInterrupt
 218:Generated_Source\PSoC4/UART_1_rx.c **** ****************************************************************************//**
 219:Generated_Source\PSoC4/UART_1_rx.c **** *
 220:Generated_Source\PSoC4/UART_1_rx.c **** * \brief Clears any active interrupts attached with the component and returns 
 221:Generated_Source\PSoC4/UART_1_rx.c **** *  the value of the interrupt status register allowing determination of which
 222:Generated_Source\PSoC4/UART_1_rx.c **** *  pins generated an interrupt event.
 223:Generated_Source\PSoC4/UART_1_rx.c **** *
 224:Generated_Source\PSoC4/UART_1_rx.c **** * \return 
 225:Generated_Source\PSoC4/UART_1_rx.c **** *  The right-shifted current value of the interrupt status register. Each pin 
 226:Generated_Source\PSoC4/UART_1_rx.c **** *  has one bit set if it generated an interrupt event. For example, bit 0 is 
 227:Generated_Source\PSoC4/UART_1_rx.c **** *  for pin 0 and bit 1 is for pin 1 of the Pins component.
 228:Generated_Source\PSoC4/UART_1_rx.c **** *  
 229:Generated_Source\PSoC4/UART_1_rx.c **** * \sideeffect
 230:Generated_Source\PSoC4/UART_1_rx.c **** *  Clears all bits of the physical port's interrupt status register, not just
 231:Generated_Source\PSoC4/UART_1_rx.c **** *  those associated with the Pins component.
 232:Generated_Source\PSoC4/UART_1_rx.c **** *
ARM GAS  C:\Users\IYANG~1.DES\AppData\Local\Temp\ccRr5QRY.s 			page 28


 233:Generated_Source\PSoC4/UART_1_rx.c **** * \funcusage
 234:Generated_Source\PSoC4/UART_1_rx.c **** *  \snippet UART_1_rx_SUT.c usage_UART_1_rx_ClearInterrupt
 235:Generated_Source\PSoC4/UART_1_rx.c **** *******************************************************************************/
 236:Generated_Source\PSoC4/UART_1_rx.c **** uint8 UART_1_rx_ClearInterrupt(void)
 237:Generated_Source\PSoC4/UART_1_rx.c **** {
 448              		.loc 1 237 0
 449              		.cfi_startproc
 238:Generated_Source\PSoC4/UART_1_rx.c **** 	uint8 maskedStatus = (uint8)(UART_1_rx_INTSTAT & UART_1_rx_MASK);
 450              		.loc 1 238 0
 451 0000 1020     		mov	r0, #16
 452 0002 034A     		ldr	r2, .L17
 239:Generated_Source\PSoC4/UART_1_rx.c **** 	UART_1_rx_INTSTAT = maskedStatus;
 240:Generated_Source\PSoC4/UART_1_rx.c ****     return maskedStatus >> UART_1_rx_SHIFT;
 241:Generated_Source\PSoC4/UART_1_rx.c **** }
 453              		.loc 1 241 0
 454              		@ sp needed
 238:Generated_Source\PSoC4/UART_1_rx.c **** 	uint8 maskedStatus = (uint8)(UART_1_rx_INTSTAT & UART_1_rx_MASK);
 455              		.loc 1 238 0
 456 0004 1368     		ldr	r3, [r2]
 457 0006 1840     		and	r0, r3
 458              	.LVL8:
 239:Generated_Source\PSoC4/UART_1_rx.c **** 	UART_1_rx_INTSTAT = maskedStatus;
 459              		.loc 1 239 0
 460 0008 1060     		str	r0, [r2]
 240:Generated_Source\PSoC4/UART_1_rx.c **** }
 461              		.loc 1 240 0
 462 000a 0009     		lsr	r0, r0, #4
 463              	.LVL9:
 464 000c C0B2     		uxtb	r0, r0
 465              		.loc 1 241 0
 466 000e 7047     		bx	lr
 467              	.L18:
 468              		.align	2
 469              	.L17:
 470 0010 10010440 		.word	1074004240
 471              		.cfi_endproc
 472              	.LFE5:
 473              		.size	UART_1_rx_ClearInterrupt, .-UART_1_rx_ClearInterrupt
 474              		.text
 475              	.Letext0:
 476              		.file 2 "Generated_Source\\PSoC4\\cytypes.h"
 477              		.section	.debug_info,"",%progbits
 478              	.Ldebug_info0:
 479 0000 97010000 		.4byte	0x197
 480 0004 0400     		.2byte	0x4
 481 0006 00000000 		.4byte	.Ldebug_abbrev0
 482 000a 04       		.byte	0x4
 483 000b 01       		.uleb128 0x1
 484 000c 8B010000 		.4byte	.LASF27
 485 0010 01       		.byte	0x1
 486 0011 7E000000 		.4byte	.LASF28
 487 0015 41000000 		.4byte	.LASF29
 488 0019 00000000 		.4byte	.Ldebug_ranges0+0
 489 001d 00000000 		.4byte	0
 490 0021 00000000 		.4byte	.Ldebug_line0
 491 0025 02       		.uleb128 0x2
 492 0026 01       		.byte	0x1
ARM GAS  C:\Users\IYANG~1.DES\AppData\Local\Temp\ccRr5QRY.s 			page 29


 493 0027 06       		.byte	0x6
 494 0028 41020000 		.4byte	.LASF0
 495 002c 02       		.uleb128 0x2
 496 002d 01       		.byte	0x1
 497 002e 08       		.byte	0x8
 498 002f C2000000 		.4byte	.LASF1
 499 0033 02       		.uleb128 0x2
 500 0034 02       		.byte	0x2
 501 0035 05       		.byte	0x5
 502 0036 81010000 		.4byte	.LASF2
 503 003a 02       		.uleb128 0x2
 504 003b 02       		.byte	0x2
 505 003c 07       		.byte	0x7
 506 003d E8000000 		.4byte	.LASF3
 507 0041 02       		.uleb128 0x2
 508 0042 04       		.byte	0x4
 509 0043 05       		.byte	0x5
 510 0044 38020000 		.4byte	.LASF4
 511 0048 02       		.uleb128 0x2
 512 0049 04       		.byte	0x4
 513 004a 07       		.byte	0x7
 514 004b D6000000 		.4byte	.LASF5
 515 004f 02       		.uleb128 0x2
 516 0050 08       		.byte	0x8
 517 0051 05       		.byte	0x5
 518 0052 61010000 		.4byte	.LASF6
 519 0056 02       		.uleb128 0x2
 520 0057 08       		.byte	0x8
 521 0058 07       		.byte	0x7
 522 0059 45010000 		.4byte	.LASF7
 523 005d 03       		.uleb128 0x3
 524 005e 04       		.byte	0x4
 525 005f 05       		.byte	0x5
 526 0060 696E7400 		.ascii	"int\000"
 527 0064 02       		.uleb128 0x2
 528 0065 04       		.byte	0x4
 529 0066 07       		.byte	0x7
 530 0067 38010000 		.4byte	.LASF8
 531 006b 04       		.uleb128 0x4
 532 006c 32020000 		.4byte	.LASF9
 533 0070 02       		.byte	0x2
 534 0071 9801     		.2byte	0x198
 535 0073 2C000000 		.4byte	0x2c
 536 0077 04       		.uleb128 0x4
 537 0078 19010000 		.4byte	.LASF10
 538 007c 02       		.byte	0x2
 539 007d 9901     		.2byte	0x199
 540 007f 3A000000 		.4byte	0x3a
 541 0083 04       		.uleb128 0x4
 542 0084 29010000 		.4byte	.LASF11
 543 0088 02       		.byte	0x2
 544 0089 9A01     		.2byte	0x19a
 545 008b 48000000 		.4byte	0x48
 546 008f 02       		.uleb128 0x2
 547 0090 04       		.byte	0x4
 548 0091 04       		.byte	0x4
 549 0092 A1000000 		.4byte	.LASF12
ARM GAS  C:\Users\IYANG~1.DES\AppData\Local\Temp\ccRr5QRY.s 			page 30


 550 0096 02       		.uleb128 0x2
 551 0097 08       		.byte	0x8
 552 0098 04       		.byte	0x4
 553 0099 FB000000 		.4byte	.LASF13
 554 009d 02       		.uleb128 0x2
 555 009e 01       		.byte	0x1
 556 009f 08       		.byte	0x8
 557 00a0 7C010000 		.4byte	.LASF14
 558 00a4 04       		.uleb128 0x4
 559 00a5 00000000 		.4byte	.LASF15
 560 00a9 02       		.byte	0x2
 561 00aa 4402     		.2byte	0x244
 562 00ac B0000000 		.4byte	0xb0
 563 00b0 05       		.uleb128 0x5
 564 00b1 83000000 		.4byte	0x83
 565 00b5 06       		.uleb128 0x6
 566 00b6 02010000 		.4byte	.LASF16
 567 00ba 01       		.byte	0x1
 568 00bb 48       		.byte	0x48
 569 00bc 00000000 		.4byte	.LFB0
 570 00c0 18000000 		.4byte	.LFE0-.LFB0
 571 00c4 01       		.uleb128 0x1
 572 00c5 9C       		.byte	0x9c
 573 00c6 DA000000 		.4byte	0xda
 574 00ca 07       		.uleb128 0x7
 575 00cb 5C010000 		.4byte	.LASF18
 576 00cf 01       		.byte	0x1
 577 00d0 48       		.byte	0x48
 578 00d1 6B000000 		.4byte	0x6b
 579 00d5 00000000 		.4byte	.LLST0
 580 00d9 00       		.byte	0
 581 00da 06       		.uleb128 0x6
 582 00db 22000000 		.4byte	.LASF17
 583 00df 01       		.byte	0x1
 584 00e0 6F       		.byte	0x6f
 585 00e1 00000000 		.4byte	.LFB1
 586 00e5 1C000000 		.4byte	.LFE1-.LFB1
 587 00e9 01       		.uleb128 0x1
 588 00ea 9C       		.byte	0x9c
 589 00eb 0A010000 		.4byte	0x10a
 590 00ef 07       		.uleb128 0x7
 591 00f0 1C000000 		.4byte	.LASF19
 592 00f4 01       		.byte	0x1
 593 00f5 6F       		.byte	0x6f
 594 00f6 6B000000 		.4byte	0x6b
 595 00fa 21000000 		.4byte	.LLST1
 596 00fe 08       		.uleb128 0x8
 597 00ff D0000000 		.4byte	.LASF30
 598 0103 01       		.byte	0x1
 599 0104 71       		.byte	0x71
 600 0105 6B000000 		.4byte	0x6b
 601 0109 00       		.byte	0
 602 010a 09       		.uleb128 0x9
 603 010b 32000000 		.4byte	.LASF20
 604 010f 01       		.byte	0x1
 605 0110 88       		.byte	0x88
 606 0111 6B000000 		.4byte	0x6b
ARM GAS  C:\Users\IYANG~1.DES\AppData\Local\Temp\ccRr5QRY.s 			page 31


 607 0115 00000000 		.4byte	.LFB2
 608 0119 10000000 		.4byte	.LFE2-.LFB2
 609 011d 01       		.uleb128 0x1
 610 011e 9C       		.byte	0x9c
 611 011f 09       		.uleb128 0x9
 612 0120 06000000 		.4byte	.LASF21
 613 0124 01       		.byte	0x1
 614 0125 A4       		.byte	0xa4
 615 0126 6B000000 		.4byte	0x6b
 616 012a 00000000 		.4byte	.LFB3
 617 012e 10000000 		.4byte	.LFE3-.LFB3
 618 0132 01       		.uleb128 0x1
 619 0133 9C       		.byte	0x9c
 620 0134 06       		.uleb128 0x6
 621 0135 A7000000 		.4byte	.LASF22
 622 0139 01       		.byte	0x1
 623 013a CF       		.byte	0xcf
 624 013b 00000000 		.4byte	.LFB4
 625 013f 14000000 		.4byte	.LFE4-.LFB4
 626 0143 01       		.uleb128 0x1
 627 0144 9C       		.byte	0x9c
 628 0145 75010000 		.4byte	0x175
 629 0149 07       		.uleb128 0x7
 630 014a 20010000 		.4byte	.LASF23
 631 014e 01       		.byte	0x1
 632 014f CF       		.byte	0xcf
 633 0150 77000000 		.4byte	0x77
 634 0154 42000000 		.4byte	.LLST2
 635 0158 0A       		.uleb128 0xa
 636 0159 5C010000 		.4byte	.LASF18
 637 015d 01       		.byte	0x1
 638 015e CF       		.byte	0xcf
 639 015f 77000000 		.4byte	0x77
 640 0163 01       		.uleb128 0x1
 641 0164 51       		.byte	0x51
 642 0165 0B       		.uleb128 0xb
 643 0166 30010000 		.4byte	.LASF25
 644 016a 01       		.byte	0x1
 645 016b D1       		.byte	0xd1
 646 016c 83000000 		.4byte	0x83
 647 0170 63000000 		.4byte	.LLST3
 648 0174 00       		.byte	0
 649 0175 0C       		.uleb128 0xc
 650 0176 4D020000 		.4byte	.LASF24
 651 017a 01       		.byte	0x1
 652 017b EC       		.byte	0xec
 653 017c 6B000000 		.4byte	0x6b
 654 0180 00000000 		.4byte	.LFB5
 655 0184 14000000 		.4byte	.LFE5-.LFB5
 656 0188 01       		.uleb128 0x1
 657 0189 9C       		.byte	0x9c
 658 018a 0B       		.uleb128 0xb
 659 018b 6F010000 		.4byte	.LASF26
 660 018f 01       		.byte	0x1
 661 0190 EE       		.byte	0xee
 662 0191 6B000000 		.4byte	0x6b
 663 0195 80000000 		.4byte	.LLST4
ARM GAS  C:\Users\IYANG~1.DES\AppData\Local\Temp\ccRr5QRY.s 			page 32


 664 0199 00       		.byte	0
 665 019a 00       		.byte	0
 666              		.section	.debug_abbrev,"",%progbits
 667              	.Ldebug_abbrev0:
 668 0000 01       		.uleb128 0x1
 669 0001 11       		.uleb128 0x11
 670 0002 01       		.byte	0x1
 671 0003 25       		.uleb128 0x25
 672 0004 0E       		.uleb128 0xe
 673 0005 13       		.uleb128 0x13
 674 0006 0B       		.uleb128 0xb
 675 0007 03       		.uleb128 0x3
 676 0008 0E       		.uleb128 0xe
 677 0009 1B       		.uleb128 0x1b
 678 000a 0E       		.uleb128 0xe
 679 000b 55       		.uleb128 0x55
 680 000c 17       		.uleb128 0x17
 681 000d 11       		.uleb128 0x11
 682 000e 01       		.uleb128 0x1
 683 000f 10       		.uleb128 0x10
 684 0010 17       		.uleb128 0x17
 685 0011 00       		.byte	0
 686 0012 00       		.byte	0
 687 0013 02       		.uleb128 0x2
 688 0014 24       		.uleb128 0x24
 689 0015 00       		.byte	0
 690 0016 0B       		.uleb128 0xb
 691 0017 0B       		.uleb128 0xb
 692 0018 3E       		.uleb128 0x3e
 693 0019 0B       		.uleb128 0xb
 694 001a 03       		.uleb128 0x3
 695 001b 0E       		.uleb128 0xe
 696 001c 00       		.byte	0
 697 001d 00       		.byte	0
 698 001e 03       		.uleb128 0x3
 699 001f 24       		.uleb128 0x24
 700 0020 00       		.byte	0
 701 0021 0B       		.uleb128 0xb
 702 0022 0B       		.uleb128 0xb
 703 0023 3E       		.uleb128 0x3e
 704 0024 0B       		.uleb128 0xb
 705 0025 03       		.uleb128 0x3
 706 0026 08       		.uleb128 0x8
 707 0027 00       		.byte	0
 708 0028 00       		.byte	0
 709 0029 04       		.uleb128 0x4
 710 002a 16       		.uleb128 0x16
 711 002b 00       		.byte	0
 712 002c 03       		.uleb128 0x3
 713 002d 0E       		.uleb128 0xe
 714 002e 3A       		.uleb128 0x3a
 715 002f 0B       		.uleb128 0xb
 716 0030 3B       		.uleb128 0x3b
 717 0031 05       		.uleb128 0x5
 718 0032 49       		.uleb128 0x49
 719 0033 13       		.uleb128 0x13
 720 0034 00       		.byte	0
ARM GAS  C:\Users\IYANG~1.DES\AppData\Local\Temp\ccRr5QRY.s 			page 33


 721 0035 00       		.byte	0
 722 0036 05       		.uleb128 0x5
 723 0037 35       		.uleb128 0x35
 724 0038 00       		.byte	0
 725 0039 49       		.uleb128 0x49
 726 003a 13       		.uleb128 0x13
 727 003b 00       		.byte	0
 728 003c 00       		.byte	0
 729 003d 06       		.uleb128 0x6
 730 003e 2E       		.uleb128 0x2e
 731 003f 01       		.byte	0x1
 732 0040 3F       		.uleb128 0x3f
 733 0041 19       		.uleb128 0x19
 734 0042 03       		.uleb128 0x3
 735 0043 0E       		.uleb128 0xe
 736 0044 3A       		.uleb128 0x3a
 737 0045 0B       		.uleb128 0xb
 738 0046 3B       		.uleb128 0x3b
 739 0047 0B       		.uleb128 0xb
 740 0048 27       		.uleb128 0x27
 741 0049 19       		.uleb128 0x19
 742 004a 11       		.uleb128 0x11
 743 004b 01       		.uleb128 0x1
 744 004c 12       		.uleb128 0x12
 745 004d 06       		.uleb128 0x6
 746 004e 40       		.uleb128 0x40
 747 004f 18       		.uleb128 0x18
 748 0050 9742     		.uleb128 0x2117
 749 0052 19       		.uleb128 0x19
 750 0053 01       		.uleb128 0x1
 751 0054 13       		.uleb128 0x13
 752 0055 00       		.byte	0
 753 0056 00       		.byte	0
 754 0057 07       		.uleb128 0x7
 755 0058 05       		.uleb128 0x5
 756 0059 00       		.byte	0
 757 005a 03       		.uleb128 0x3
 758 005b 0E       		.uleb128 0xe
 759 005c 3A       		.uleb128 0x3a
 760 005d 0B       		.uleb128 0xb
 761 005e 3B       		.uleb128 0x3b
 762 005f 0B       		.uleb128 0xb
 763 0060 49       		.uleb128 0x49
 764 0061 13       		.uleb128 0x13
 765 0062 02       		.uleb128 0x2
 766 0063 17       		.uleb128 0x17
 767 0064 00       		.byte	0
 768 0065 00       		.byte	0
 769 0066 08       		.uleb128 0x8
 770 0067 34       		.uleb128 0x34
 771 0068 00       		.byte	0
 772 0069 03       		.uleb128 0x3
 773 006a 0E       		.uleb128 0xe
 774 006b 3A       		.uleb128 0x3a
 775 006c 0B       		.uleb128 0xb
 776 006d 3B       		.uleb128 0x3b
 777 006e 0B       		.uleb128 0xb
ARM GAS  C:\Users\IYANG~1.DES\AppData\Local\Temp\ccRr5QRY.s 			page 34


 778 006f 49       		.uleb128 0x49
 779 0070 13       		.uleb128 0x13
 780 0071 00       		.byte	0
 781 0072 00       		.byte	0
 782 0073 09       		.uleb128 0x9
 783 0074 2E       		.uleb128 0x2e
 784 0075 00       		.byte	0
 785 0076 3F       		.uleb128 0x3f
 786 0077 19       		.uleb128 0x19
 787 0078 03       		.uleb128 0x3
 788 0079 0E       		.uleb128 0xe
 789 007a 3A       		.uleb128 0x3a
 790 007b 0B       		.uleb128 0xb
 791 007c 3B       		.uleb128 0x3b
 792 007d 0B       		.uleb128 0xb
 793 007e 27       		.uleb128 0x27
 794 007f 19       		.uleb128 0x19
 795 0080 49       		.uleb128 0x49
 796 0081 13       		.uleb128 0x13
 797 0082 11       		.uleb128 0x11
 798 0083 01       		.uleb128 0x1
 799 0084 12       		.uleb128 0x12
 800 0085 06       		.uleb128 0x6
 801 0086 40       		.uleb128 0x40
 802 0087 18       		.uleb128 0x18
 803 0088 9742     		.uleb128 0x2117
 804 008a 19       		.uleb128 0x19
 805 008b 00       		.byte	0
 806 008c 00       		.byte	0
 807 008d 0A       		.uleb128 0xa
 808 008e 05       		.uleb128 0x5
 809 008f 00       		.byte	0
 810 0090 03       		.uleb128 0x3
 811 0091 0E       		.uleb128 0xe
 812 0092 3A       		.uleb128 0x3a
 813 0093 0B       		.uleb128 0xb
 814 0094 3B       		.uleb128 0x3b
 815 0095 0B       		.uleb128 0xb
 816 0096 49       		.uleb128 0x49
 817 0097 13       		.uleb128 0x13
 818 0098 02       		.uleb128 0x2
 819 0099 18       		.uleb128 0x18
 820 009a 00       		.byte	0
 821 009b 00       		.byte	0
 822 009c 0B       		.uleb128 0xb
 823 009d 34       		.uleb128 0x34
 824 009e 00       		.byte	0
 825 009f 03       		.uleb128 0x3
 826 00a0 0E       		.uleb128 0xe
 827 00a1 3A       		.uleb128 0x3a
 828 00a2 0B       		.uleb128 0xb
 829 00a3 3B       		.uleb128 0x3b
 830 00a4 0B       		.uleb128 0xb
 831 00a5 49       		.uleb128 0x49
 832 00a6 13       		.uleb128 0x13
 833 00a7 02       		.uleb128 0x2
 834 00a8 17       		.uleb128 0x17
ARM GAS  C:\Users\IYANG~1.DES\AppData\Local\Temp\ccRr5QRY.s 			page 35


 835 00a9 00       		.byte	0
 836 00aa 00       		.byte	0
 837 00ab 0C       		.uleb128 0xc
 838 00ac 2E       		.uleb128 0x2e
 839 00ad 01       		.byte	0x1
 840 00ae 3F       		.uleb128 0x3f
 841 00af 19       		.uleb128 0x19
 842 00b0 03       		.uleb128 0x3
 843 00b1 0E       		.uleb128 0xe
 844 00b2 3A       		.uleb128 0x3a
 845 00b3 0B       		.uleb128 0xb
 846 00b4 3B       		.uleb128 0x3b
 847 00b5 0B       		.uleb128 0xb
 848 00b6 27       		.uleb128 0x27
 849 00b7 19       		.uleb128 0x19
 850 00b8 49       		.uleb128 0x49
 851 00b9 13       		.uleb128 0x13
 852 00ba 11       		.uleb128 0x11
 853 00bb 01       		.uleb128 0x1
 854 00bc 12       		.uleb128 0x12
 855 00bd 06       		.uleb128 0x6
 856 00be 40       		.uleb128 0x40
 857 00bf 18       		.uleb128 0x18
 858 00c0 9742     		.uleb128 0x2117
 859 00c2 19       		.uleb128 0x19
 860 00c3 00       		.byte	0
 861 00c4 00       		.byte	0
 862 00c5 00       		.byte	0
 863              		.section	.debug_loc,"",%progbits
 864              	.Ldebug_loc0:
 865              	.LLST0:
 866 0000 00000000 		.4byte	.LVL0
 867 0004 08000000 		.4byte	.LVL1
 868 0008 0100     		.2byte	0x1
 869 000a 50       		.byte	0x50
 870 000b 08000000 		.4byte	.LVL1
 871 000f 18000000 		.4byte	.LFE0
 872 0013 0400     		.2byte	0x4
 873 0015 F3       		.byte	0xf3
 874 0016 01       		.uleb128 0x1
 875 0017 50       		.byte	0x50
 876 0018 9F       		.byte	0x9f
 877 0019 00000000 		.4byte	0
 878 001d 00000000 		.4byte	0
 879              	.LLST1:
 880 0021 00000000 		.4byte	.LVL2
 881 0025 04000000 		.4byte	.LVL3
 882 0029 0100     		.2byte	0x1
 883 002b 50       		.byte	0x50
 884 002c 04000000 		.4byte	.LVL3
 885 0030 1C000000 		.4byte	.LFE1
 886 0034 0400     		.2byte	0x4
 887 0036 F3       		.byte	0xf3
 888 0037 01       		.uleb128 0x1
 889 0038 50       		.byte	0x50
 890 0039 9F       		.byte	0x9f
 891 003a 00000000 		.4byte	0
ARM GAS  C:\Users\IYANG~1.DES\AppData\Local\Temp\ccRr5QRY.s 			page 36


 892 003e 00000000 		.4byte	0
 893              	.LLST2:
 894 0042 00000000 		.4byte	.LVL4
 895 0046 08000000 		.4byte	.LVL7
 896 004a 0100     		.2byte	0x1
 897 004c 50       		.byte	0x50
 898 004d 08000000 		.4byte	.LVL7
 899 0051 14000000 		.4byte	.LFE4
 900 0055 0400     		.2byte	0x4
 901 0057 F3       		.byte	0xf3
 902 0058 01       		.uleb128 0x1
 903 0059 50       		.byte	0x50
 904 005a 9F       		.byte	0x9f
 905 005b 00000000 		.4byte	0
 906 005f 00000000 		.4byte	0
 907              	.LLST3:
 908 0063 04000000 		.4byte	.LVL5
 909 0067 06000000 		.4byte	.LVL6
 910 006b 0B00     		.2byte	0xb
 911 006d 70       		.byte	0x70
 912 006e 00       		.sleb128 0
 913 006f 0A       		.byte	0xa
 914 0070 FFFF     		.2byte	0xffff
 915 0072 1A       		.byte	0x1a
 916 0073 20       		.byte	0x20
 917 0074 73       		.byte	0x73
 918 0075 00       		.sleb128 0
 919 0076 1A       		.byte	0x1a
 920 0077 9F       		.byte	0x9f
 921 0078 00000000 		.4byte	0
 922 007c 00000000 		.4byte	0
 923              	.LLST4:
 924 0080 08000000 		.4byte	.LVL8
 925 0084 0C000000 		.4byte	.LVL9
 926 0088 0100     		.2byte	0x1
 927 008a 50       		.byte	0x50
 928 008b 0C000000 		.4byte	.LVL9
 929 008f 14000000 		.4byte	.LFE5
 930 0093 0400     		.2byte	0x4
 931 0095 72       		.byte	0x72
 932 0096 00       		.sleb128 0
 933 0097 06       		.byte	0x6
 934 0098 9F       		.byte	0x9f
 935 0099 00000000 		.4byte	0
 936 009d 00000000 		.4byte	0
 937              		.section	.debug_aranges,"",%progbits
 938 0000 44000000 		.4byte	0x44
 939 0004 0200     		.2byte	0x2
 940 0006 00000000 		.4byte	.Ldebug_info0
 941 000a 04       		.byte	0x4
 942 000b 00       		.byte	0
 943 000c 0000     		.2byte	0
 944 000e 0000     		.2byte	0
 945 0010 00000000 		.4byte	.LFB0
 946 0014 18000000 		.4byte	.LFE0-.LFB0
 947 0018 00000000 		.4byte	.LFB1
 948 001c 1C000000 		.4byte	.LFE1-.LFB1
ARM GAS  C:\Users\IYANG~1.DES\AppData\Local\Temp\ccRr5QRY.s 			page 37


 949 0020 00000000 		.4byte	.LFB2
 950 0024 10000000 		.4byte	.LFE2-.LFB2
 951 0028 00000000 		.4byte	.LFB3
 952 002c 10000000 		.4byte	.LFE3-.LFB3
 953 0030 00000000 		.4byte	.LFB4
 954 0034 14000000 		.4byte	.LFE4-.LFB4
 955 0038 00000000 		.4byte	.LFB5
 956 003c 14000000 		.4byte	.LFE5-.LFB5
 957 0040 00000000 		.4byte	0
 958 0044 00000000 		.4byte	0
 959              		.section	.debug_ranges,"",%progbits
 960              	.Ldebug_ranges0:
 961 0000 00000000 		.4byte	.LFB0
 962 0004 18000000 		.4byte	.LFE0
 963 0008 00000000 		.4byte	.LFB1
 964 000c 1C000000 		.4byte	.LFE1
 965 0010 00000000 		.4byte	.LFB2
 966 0014 10000000 		.4byte	.LFE2
 967 0018 00000000 		.4byte	.LFB3
 968 001c 10000000 		.4byte	.LFE3
 969 0020 00000000 		.4byte	.LFB4
 970 0024 14000000 		.4byte	.LFE4
 971 0028 00000000 		.4byte	.LFB5
 972 002c 14000000 		.4byte	.LFE5
 973 0030 00000000 		.4byte	0
 974 0034 00000000 		.4byte	0
 975              		.section	.debug_line,"",%progbits
 976              	.Ldebug_line0:
 977 0000 CA000000 		.section	.debug_str,"MS",%progbits,1
 977      02004600 
 977      00000201 
 977      FB0E0D00 
 977      01010101 
 978              	.LASF15:
 979 0000 72656733 		.ascii	"reg32\000"
 979      3200
 980              	.LASF21:
 981 0006 55415254 		.ascii	"UART_1_rx_ReadDataReg\000"
 981      5F315F72 
 981      785F5265 
 981      61644461 
 981      74615265 
 982              	.LASF19:
 983 001c 76616C75 		.ascii	"value\000"
 983      6500
 984              	.LASF17:
 985 0022 55415254 		.ascii	"UART_1_rx_Write\000"
 985      5F315F72 
 985      785F5772 
 985      69746500 
 986              	.LASF20:
 987 0032 55415254 		.ascii	"UART_1_rx_Read\000"
 987      5F315F72 
 987      785F5265 
 987      616400
 988              	.LASF29:
 989 0041 443A5C44 		.ascii	"D:\\Dropbox\\blog\\UV sensor\\SW\\UVSensorCypress\\"
ARM GAS  C:\Users\IYANG~1.DES\AppData\Local\Temp\ccRr5QRY.s 			page 38


 989      726F7062 
 989      6F785C62 
 989      6C6F675C 
 989      55562073 
 990 006e 55562053 		.ascii	"UV Sensor.cydsn\000"
 990      656E736F 
 990      722E6379 
 990      64736E00 
 991              	.LASF28:
 992 007e 47656E65 		.ascii	"Generated_Source\\PSoC4\\UART_1_rx.c\000"
 992      72617465 
 992      645F536F 
 992      75726365 
 992      5C50536F 
 993              	.LASF12:
 994 00a1 666C6F61 		.ascii	"float\000"
 994      7400
 995              	.LASF22:
 996 00a7 55415254 		.ascii	"UART_1_rx_SetInterruptMode\000"
 996      5F315F72 
 996      785F5365 
 996      74496E74 
 996      65727275 
 997              	.LASF1:
 998 00c2 756E7369 		.ascii	"unsigned char\000"
 998      676E6564 
 998      20636861 
 998      7200
 999              	.LASF30:
 1000 00d0 64725661 		.ascii	"drVal\000"
 1000      6C00
 1001              	.LASF5:
 1002 00d6 6C6F6E67 		.ascii	"long unsigned int\000"
 1002      20756E73 
 1002      69676E65 
 1002      6420696E 
 1002      7400
 1003              	.LASF3:
 1004 00e8 73686F72 		.ascii	"short unsigned int\000"
 1004      7420756E 
 1004      7369676E 
 1004      65642069 
 1004      6E7400
 1005              	.LASF13:
 1006 00fb 646F7562 		.ascii	"double\000"
 1006      6C6500
 1007              	.LASF16:
 1008 0102 55415254 		.ascii	"UART_1_rx_SetDriveMode\000"
 1008      5F315F72 
 1008      785F5365 
 1008      74447269 
 1008      76654D6F 
 1009              	.LASF10:
 1010 0119 75696E74 		.ascii	"uint16\000"
 1010      313600
 1011              	.LASF23:
 1012 0120 706F7369 		.ascii	"position\000"
ARM GAS  C:\Users\IYANG~1.DES\AppData\Local\Temp\ccRr5QRY.s 			page 39


 1012      74696F6E 
 1012      00
 1013              	.LASF11:
 1014 0129 75696E74 		.ascii	"uint32\000"
 1014      333200
 1015              	.LASF25:
 1016 0130 696E7472 		.ascii	"intrCfg\000"
 1016      43666700 
 1017              	.LASF8:
 1018 0138 756E7369 		.ascii	"unsigned int\000"
 1018      676E6564 
 1018      20696E74 
 1018      00
 1019              	.LASF7:
 1020 0145 6C6F6E67 		.ascii	"long long unsigned int\000"
 1020      206C6F6E 
 1020      6720756E 
 1020      7369676E 
 1020      65642069 
 1021              	.LASF18:
 1022 015c 6D6F6465 		.ascii	"mode\000"
 1022      00
 1023              	.LASF6:
 1024 0161 6C6F6E67 		.ascii	"long long int\000"
 1024      206C6F6E 
 1024      6720696E 
 1024      7400
 1025              	.LASF26:
 1026 016f 6D61736B 		.ascii	"maskedStatus\000"
 1026      65645374 
 1026      61747573 
 1026      00
 1027              	.LASF14:
 1028 017c 63686172 		.ascii	"char\000"
 1028      00
 1029              	.LASF2:
 1030 0181 73686F72 		.ascii	"short int\000"
 1030      7420696E 
 1030      7400
 1031              	.LASF27:
 1032 018b 474E5520 		.ascii	"GNU C 4.9.3 20150303 (release) [ARM/embedded-4_9-br"
 1032      4320342E 
 1032      392E3320 
 1032      32303135 
 1032      30333033 
 1033 01be 616E6368 		.ascii	"anch revision 221220] -mcpu=cortex-m0 -mthumb -g -O"
 1033      20726576 
 1033      6973696F 
 1033      6E203232 
 1033      31323230 
 1034 01f1 33202D66 		.ascii	"3 -ffunction-sections -finline-functions -flto -ffa"
 1034      66756E63 
 1034      74696F6E 
 1034      2D736563 
 1034      74696F6E 
 1035 0224 742D6C74 		.ascii	"t-lto-objects\000"
 1035      6F2D6F62 
ARM GAS  C:\Users\IYANG~1.DES\AppData\Local\Temp\ccRr5QRY.s 			page 40


 1035      6A656374 
 1035      7300
 1036              	.LASF9:
 1037 0232 75696E74 		.ascii	"uint8\000"
 1037      3800
 1038              	.LASF4:
 1039 0238 6C6F6E67 		.ascii	"long int\000"
 1039      20696E74 
 1039      00
 1040              	.LASF0:
 1041 0241 7369676E 		.ascii	"signed char\000"
 1041      65642063 
 1041      68617200 
 1042              	.LASF24:
 1043 024d 55415254 		.ascii	"UART_1_rx_ClearInterrupt\000"
 1043      5F315F72 
 1043      785F436C 
 1043      65617249 
 1043      6E746572 
 1044              		.comm	__gnu_lto_v1,1,1
 1045              		.ident	"GCC: (GNU Tools for ARM Embedded Processors) 4.9.3 20150303 (release) [ARM/embedded-4_9-br
