ARM GAS  C:\Users\IYANG~1.DES\AppData\Local\Temp\ccZxlspL.s 			page 1


   1              		.cpu cortex-m0
   2              		.fpu softvfp
   3              		.eabi_attribute 20, 1
   4              		.eabi_attribute 21, 1
   5              		.eabi_attribute 23, 3
   6              		.eabi_attribute 24, 1
   7              		.eabi_attribute 25, 1
   8              		.eabi_attribute 26, 1
   9              		.eabi_attribute 30, 2
  10              		.eabi_attribute 34, 0
  11              		.eabi_attribute 18, 4
  12              		.code	16
  13              		.file	"UART_1_tx.c"
  14              		.text
  15              	.Ltext0:
  16              		.section	.gnu.lto_.profile.183f0eef,"",%progbits
  17 0000 789C6366 		.ascii	"x\234cf```a\200\000F\006uE\000\000\343\000Q"
  17      60606061 
  17      80004606 
  17      75450000 
  17      E30051
  18              		.text
  19              		.section	.gnu.lto_.jmpfuncs.183f0eef,"",%progbits
  20 0000 789C6366 		.ascii	"x\234cf\300\016d\2404\033\003##c=#\210`b``f``abdd\256"
  20      C00E64A0 
  20      341B0323 
  20      23633D23 
  20      88606260 
  21 001d AF6705CA 		.ascii	"\257g\005\312\001\000 \267\002>"
  21      010020B7 
  21      023E
  22              		.text
  23              		.section	.gnu.lto_.inline.183f0eef,"",%progbits
  24 0000 789C6366 		.ascii	"x\234cf\300\016f@i6\006\006\016vFF\006F\006\006f\216"
  24      C00E6640 
  24      69360606 
  24      0E764646 
  24      06460606 
  25 0016 03760C6C 		.ascii	"\003v\014l\013\344\231\030\230.\360\263\200$\031\031"
  25      0BE49918 
  25      982EF0B3 
  25      80241919 
  26 0026 3839D0E5 		.ascii	"89\320\345X\026\310\203\345\230\030\330X\031\031\230"
  26      5816C883 
  26      E59818D8 
  26      58191998 
  27 0036 D83EE841 		.ascii	"\330>\350A\304\201\200\031S\210\005d\002\023\310\004"
  27      C4818019 
  27      53880564 
  27      0213C804 
  28 0046 A0390C2C 		.ascii	"\2409\014,\2506\000\011\036\220\"V\006v6\240>\270$\010"
  28      A8360009 
  28      1E902256 
  28      067636A0 
  28      3EB82408 
  29 005a 0000BE90 		.ascii	"\000\000\276\220\017\254"
  29      0FAC
ARM GAS  C:\Users\IYANG~1.DES\AppData\Local\Temp\ccZxlspL.s 			page 2


  30              		.text
  31              		.section	.gnu.lto_.pureconst.183f0eef,"",%progbits
  32 0000 789C6366 		.ascii	"x\234cf``\340e\200\0006\006)F)&)f)\026)V)\000\005\261"
  32      6060E065 
  32      80003606 
  32      29462926 
  32      29662916 
  33 001a 00C2     		.ascii	"\000\302"
  34              		.text
  35              		.section	.gnu.lto_UART_1_tx_SetDriveMode.183f0eef,"",%progbits
  36 0000 789C7D91 		.ascii	"x\234}\221\271K\003Q\020\306\347{\273\331(\301\003\313"
  36      B94B0351 
  36      10C6E77B 
  36      BBD928C1 
  36      03CB
  37 0012 B4A2A288 		.ascii	"\264\242\242\210 \370\007(\026\266\342\321\011Qt\301"
  37      20F80728 
  37      16B6E2D1 
  37      095174C1 
  38 0022 4603A260 		.ascii	"F\003\242`\347\313\232B\254\242X(\222J\304\373.l\024"
  38      E7CB9A42 
  38      ACA25828 
  38      924AC4FB 
  38      2E6C14
  39 0035 82858588 		.ascii	"\202\205\205\210\242\205G\020\025\211Wg\360L\241\353"
  39      A2854710 
  39      15895767 
  39      F04CA1EB 
  40 0045 4C924EF0 		.ascii	"L\222N\360\301\2337o\370~\337\316\3163\350\357\362\363"
  40      C19B376F 
  40      F87EDFCE 
  40      CE33E8EF 
  40      F2F3
  41 0057 DE015105 		.ascii	"\336\001Q\005\2370\010*rD\024\312Q\200$\004\032R\030"
  41      9F30082A 
  41      724414CA 
  41      51802404 
  41      1A5218
  42 006a C2B34A2A 		.ascii	"\302\263J*DbK\223\276\262Y\255\365\213\263\325\255'"
  42      44624B93 
  42      BEB259AD 
  42      F58BB3D5 
  42      AD27
  43 007c DA538AE8 		.ascii	"\332S\212\350Ue|0\2072\326<\246\236\347\362\214R\020"
  43      55657C30 
  43      8732D63C 
  43      A69EE7F2 
  43      8C5210
  44 008f E7DF63E7 		.ascii	"\347\337c\347\247\252dFk'v\274\252k\221b\323y\030L\240"
  44      A7AA6446 
  44      6B2776BC 
  44      AA6B9162 
  44      D379184C 
  45 00a4 D28F723F 		.ascii	"\322\217r?q\201\260\200\022\021'\303\337\347>+\314\346"
  45      7181B080 
  45      121127C3 
  45      DFE73E2B 
ARM GAS  C:\Users\IYANG~1.DES\AppData\Local\Temp\ccZxlspL.s 			page 3


  45      CCE6
  46 00b6 85194F2C 		.ascii	"\205\031O,\302\342\276h\255(\246]\367\365\360\344\251"
  46      C2E2BE68 
  46      AD28A65D 
  46      F7F5F0E4 
  46      A9
  47 00c7 14B98A19 		.ascii	"\024\271\212\031eH0!\244GRK\202W\002Q\202\2674~\317"
  47      65483021 
  47      A447524B 
  47      82570251 
  47      82B7347E 
  48 00dc 173E8D38 		.ascii	"\027>\2158\366>F\317\246,q\373T\362\027\233\227w\345"
  48      F63E46CF 
  48      A62C71FB 
  48      54F2179B 
  48      9777E5
  49 00ef 4F2AA58C 		.ascii	"O*\245\214\021'\242M\371\364M\342\370$']\"\271nl\356"
  49      1127A24D 
  49      F9F44DE2 
  49      F824275D 
  49      22B96E6C 
  50 0104 1EE54731 		.ascii	"\036\345G1\035\012s\307&\226\340\3072xLXA\024\024\307"
  50      1D0A73C7 
  50      2696E0C7 
  50      32784C58 
  50      411414C7 
  51 0118 F057D6CD 		.ascii	"\360W\326\315\310\030\276\317\374<\244q\345\272I\267"
  51      C818BECF 
  51      FC3CA471 
  51      E5BA49B7 
  52 0128 80B0CAEA 		.ascii	"\200\260\312\3528\234koF\346\371T\246`WYLJ\214]\334"
  52      389C6B6F 
  52      46E6F954 
  52      A6605759 
  52      4C4A8C5D 
  53 013d 3A073EC1 		.ascii	":\007>\301<\214\254\245\221\341\267\254\304\2336\267"
  53      3C8CACA5 
  53      91E1B7AC 
  53      C49B36B7 
  54 014d B8B4370E 		.ascii	"\270\2647\016)\375\327\326:\267\305\010]#\024\333\336"
  54      29FDD7D6 
  54      3AB7C508 
  54      5D2314DB 
  54      DE
  55 015e 57229707 		.ascii	"W\"\227\007I\360py\002<\217\342\006\273\327\356\353"
  55      49F07079 
  55      023C8FE2 
  55      06BBD7EE 
  55      EB
  56 016f E8B7BB02 		.ascii	"\350\267\273\002\315\301\201\276N\273\255\2619X_\323"
  56      CDC181BE 
  56      4EBBADB1 
  56      39585FD3 
  57 017f D65AD7D4 		.ascii	"\326Z\327\324\022\250\016\364\017Vu\222\331\023\354"
  57      12A80EF4 
  57      0F567592 
  57      D913EC
ARM GAS  C:\Users\IYANG~1.DES\AppData\Local\Temp\ccZxlspL.s 			page 4


  58 018e B27F01EF 		.ascii	"\262\177\001\357\307\247\223"
  58      C7A793
  59              		.text
  60              		.section	.gnu.lto_UART_1_tx_Write.183f0eef,"",%progbits
  61 0000 789C6552 		.ascii	"x\234eRMh\023A\030\2357\263\233l\210\202\010B\311\245"
  61      4D681341 
  61      189D37B3 
  61      9B6C8882 
  61      0842C9A5 
  62 0014 42A84528 		.ascii	"B\250E(B\301\233\027\305C\257b\255x(\206\320\356A(\026"
  62      42C19B17 
  62      C543AF62 
  62      AD782886 
  62      D0EE4128 
  63 0029 425BBC75 		.ascii	"B[\274u6\306V\012J\024\221@i\244U\251\032m\2539\010"
  63      36C6560A 
  63      4A149140 
  63      69A455A9 
  63      1A6DAB39 
  64 003e EA6129E8 		.ascii	"\352a)\350A\261R\204\2525\244-\215`\301\203\375\261"
  64      41B15284 
  64      AA35A42D 
  64      8D60C183 
  64      FDB1
  65 0050 36078DDF 		.ascii	"6\007\215\337\267sip\330\371\331\267\357\275y\363\315"
  65      B7736970 
  65      D8F9D9B7 
  65      EFBD79F3 
  65      CD
  66 0061 2AF17F8B 		.ascii	"*\361\177\213Q\277 \205h\245\031J@f\347\204\360\034"
  66      51BF2085 
  66      68A5194A 
  66      4066E784 
  66      F01C
  67 0073 09F04240 		.ascii	"\011\360B@\014J\014bM\256Kd\375B.\332|_k\375s\343e\303"
  67      0C4A0C62 
  67      4DAE4B64 
  67      FD422EDA 
  67      7C5F6BFD 
  68 008b 95862AC9 		.ascii	"\225\206*\3116\245\261\301$\232\211\262Y\320\267\224"
  68      36A5B1C1 
  68      249A89B2 
  68      59D0B794 
  69 009b 3A0441EB 		.ascii	":\004A\353\231\371\367\177\303Mw\265N\373\257\246\364"
  69      99F9F77F 
  69      C34D77B5 
  69      4EFBAFA6 
  69      F4
  70 00ac 7154C9F3 		.ascii	"qT\311\363\001\024)\320\022\303\341\230 @\340!\232\230"
  70      011429D0 
  70      12C3E198 
  70      2040E021 
  70      9A98
  71 00be BC71BBB0 		.ascii	"\274q\273\260-UK \\\231X\275\023\216\217\223pym\365"
  71      2D554B20 
  71      5C9958BD 
  71      138E8F93 
ARM GAS  C:\Users\IYANG~1.DES\AppData\Local\Temp\ccZxlspL.s 			page 5


  71      70796DF5 
  72 00d2 4D54E774 		.ascii	"MT\347tf\271Vkd\375\243\335z\323H\260\236\371\363)\032"
  72      66B9566B 
  72      64FDA3DD 
  72      7AD348B0 
  72      9EF9F329 
  73 00e7 CA50B07D 		.ascii	"\312P\260}( nB\3411B\240\211\221\351\375\276\256\325"
  73      28206E42 
  73      E13142A0 
  73      8991E9FD 
  73      BEAED5
  74 00fa 8A5B37AE 		.ascii	"\212[7\256\036CT\322\306R\321\240,\301\037mp\210\020"
  74      1E4354D2 
  74      C652D1A0 
  74      2CC11F6D 
  74      708810
  75 010d 03611E9C 		.ascii	"\003a\036\234\000\2150K\210\012u.\3047z\241Y-bv{d.?"
  75      008D304B 
  75      880A752E 
  75      C4377AA1 
  75      592D6276 
  76 0125 C0EEBF25 		.ascii	"\300\356\277%W\345\336\365\334\273\310wY\225\226Ng\265"
  76      57E5DEF5 
  76      DCBBC877 
  76      5995964E 
  76      67B5
  77 0137 C579962A 		.ascii	"\305y\226*\037\346\235\000\012\342\275\236|[\334;\206"
  77      1FE69D00 
  77      0AE2BD9E 
  77      7C5BDC3B 
  77      86
  78 0148 512F4335 		.ascii	"Q/C5\260\361\0041L\201\342c\032c\020\213H\177\036.I"
  78      B0F10431 
  78      4C81E263 
  78      1A63108B 
  78      487F1E2E 
  79 015d 63A8C893 		.ascii	"c\250\310\223\220\313;C%\030\304\"\220<\236{_'\366\260"
  79      90CB3B43 
  79      2518C422 
  79      903C9E7B 
  79      5F27F6B0 
  80 0171 A55AA2A2 		.ascii	"\245Z\242\242\315\220|\001\201\206\263\022\213E\245"
  80      CD907C01 
  80      8186B312 
  80      8B45A5
  81 0180 A185FC79 		.ascii	"\241\205\374y\243\242\307&\325\217\217\243/\214\312"
  81      A3A2C726 
  81      D58F8FA3 
  81      2F8CCA
  82 018f 16784AA2 		.ascii	"\026xJ\242:\3530\361\270\334\327~\025\301$\034\024x"
  82      3AEB30F1 
  82      B8DCD77E 
  82      15C1241C 
  82      1478
  83 01a1 66485B21 		.ascii	"fH[!Cq\002\226U\277\231\303\231\313\303\345\3749C\212"
  83      43710296 
  83      55BF99C3 
ARM GAS  C:\Users\IYANG~1.DES\AppData\Local\Temp\ccZxlspL.s 			page 6


  83      99CBC3E5 
  83      FC39438A 
  84 01b5 1868F6E6 		.ascii	"\030h\366\346\370\001\006\352N\354\371v\375\231\213"
  84      F80106EA 
  84      4EECF976 
  84      FD998B
  85 01c4 74669288 		.ascii	"tf\222\2102<\377K\033\363\371\022+\364+Py\251\330\361"
  85      323CFF4B 
  85      1BF3F912 
  85      2BF42B50 
  85      79A9D8F1 
  86 01d8 36F7A29B 		.ascii	"6\367\242\233J\366\271\335\211\366\336\376T\227\333"
  86      4AF6B9DD 
  86      89F6DEFE 
  86      5497DB
  87 01e7 79AABDF7 		.ascii	"y\252\275\367\344\321\316\216\023\247\317$Z\023}\227"
  87      E4D1CE8E 
  87      13A7CF24 
  87      5A137D97 
  88 01f7 8E74097B 		.ascii	"\216t\011{ \331\323\357\332\335\251\263\311\236\177"
  88      20D9D3EF 
  88      DADDA9B3 
  88      C99E7F
  89 0206 617ADFFA 		.ascii	"az\337\372"
  90              		.text
  91              		.section	.gnu.lto_UART_1_tx_Read.183f0eef,"",%progbits
  92 0000 789C658F 		.ascii	"x\234e\217OH\002Q\020\306\347\233]\027\301\202\350\024"
  92      4F480251 
  92      10C6E79B 
  92      5D17C182 
  92      E814
  93 0012 9E822809 		.ascii	"\236\202(\011$\010\272v\210\016]#\353\022\202\204\355"
  93      2408BA76 
  93      880E5D23 
  93      EB128284 
  93      ED
  94 0023 35410CBA 		.ascii	"5A\014\272\371\334V\203N\022t\222\216Q\366\367l\247"
  94      F9DC5683 
  94      4E127492 
  94      8E51F6F7 
  94      6CA7
  95 0035 E86C4518 		.ascii	"\350lE\030\006\022\333!\003\003\211\304\2506({\317\355"
  95      0612DB21 
  95      030389C4 
  95      A836287B 
  95      CFED
  96 0047 D68337F3 		.ascii	"\326\2037\363\346\315\217\357\233\321\350\377\011\312"
  96      E6CD8FEF 
  96      9BD1E8FF 
  96      09CA
  97 0055 3B09A261 		.ascii	";\011\242a\231\241\0218\177E\224\3613\240\036\004J3"
  97      99A11138 
  97      7F4594F1 
  97      33A01E04 
  97      4A33
  98 0067 D278E616 		.ascii	"\322x\346\026\243\\\372\251 \264+\204\365jU\356\003"
  98      A35CFAA9 
ARM GAS  C:\Users\IYANG~1.DES\AppData\Local\Temp\ccZxlspL.s 			page 7


  98      20B42B84 
  98      F56A55EE 
  98      03
  99 0078 D9019789 		.ascii	"\331\001\227\211\332L\010\0071\252t\260\207\020I\260"
  99      DA4C0807 
  99      31AA74B0 
  99      871049B0 
 100 0088 657FDF05 		.ascii	"e\177\337\005\014[\010\321\247\372\262\261\017Cz\320"
 100      0C5B08D1 
 100      A7FAB2B1 
 100      0F437AD0 
 101 0098 69FFB9E8 		.ascii	"i\377\271\350t\332\345\255\306\010\033L.KG\031t\025"
 101      74DAE5AD 
 101      C6081B4C 
 101      2E4B4719 
 101      7415
 102 00aa 7CA4E4A8 		.ascii	"|\244\344\250.\203r~bVY\253\341\342}\263Z\\T\022\037"
 102      2E83727E 
 102      625659AB 
 102      E1E27DB3 
 102      5A5C5412 
 103 00bf ACC6C836 		.ascii	"\254\306\3106\037_z\033\3542\333V^\350\312\360\241~"
 103      1F5F7A1B 
 103      EC32DB56 
 103      5EE8CAF0 
 103      A17E
 104 00d1 7DE3EF7E 		.ascii	"}\343\357~\221*\267\253_\016\357\240\220\261\341\262"
 104      912AB7AB 
 104      5F0EEFA0 
 104      90B1E1B2 
 105 00e1 86228238 		.ascii	"\206\"\2028\200\034\020\207\330\001\325\260\376\231"
 105      801C1087 
 105      D801D5B0 
 105      FE99
 106 00ef BBD53D41 		.ascii	"\273\325=A\315\323,\235\274]\006\224\000\006\011G\222"
 106      CDD32C9D 
 106      BC5D0694 
 106      00060947 
 106      92
 107 0100 959093AB 		.ascii	"\225\220\223\253\033\036\244KNB\315J\341\254GA\272\217"
 107      1B1EA44B 
 107      4E42CD4A 
 107      E1AC4741 
 107      BA8F
 108 0112 70DC852C 		.ascii	"p\334\205,g#\3541>\211\221\003\374U\335M\2406\220#\015"
 108      6723EC31 
 108      3E899103 
 108      FC55DD4D 
 108      A0369023 
 109 0127 CD982B66 		.ascii	"\315\230+fr)e.\307\"\211\325d\334\214\316F\022\323\023"
 109      7229652E 
 109      C72289D5 
 109      64DC8CCE 
 109      4612D313 
 110 013b D185A9B9 		.ascii	"\321\205\251\271\371\330x,\2656\026\247_\337>|%"
 110      F9D8782C 
 110      B53616A7 
ARM GAS  C:\Users\IYANG~1.DES\AppData\Local\Temp\ccZxlspL.s 			page 8


 110      5FDF3E7C 
 110      25
 111              		.text
 112              		.section	.gnu.lto_UART_1_tx_ReadDataReg.183f0eef,"",%progbits
 113 0000 789C658F 		.ascii	"x\234e\217?HBQ\024\306\317w\336\363aX\020M\341\024D"
 113      3F484251 
 113      14C6CF77 
 113      DEF36158 
 113      104DE114 
 114 0015 482041D4 		.ascii	"H A\324\332\020\015\255\221\265\204 aoM\020\2036\257"
 114      DA100DAD 
 114      91B58420 
 114      616F4D10 
 114      8336AF
 115 0028 66060D21 		.ascii	"f\006\015!M\201\270\031\366\307jh\262)\204\226\376\022"
 115      4D81B819 
 115      F6C76A68 
 115      B2298496 
 115      FE12
 116 003a 0691842D 		.ascii	"\006\221\204-\026\006\015\211a\275\241\354^_[\027\356"
 116      16060D89 
 116      61BDA1EC 
 116      5E5F5B17 
 116      EE
 117 004b 39F7DCF3 		.ascii	"9\367\334\363\343\373\316\321\350\377q\313;\006\242"
 117      E3FBCED1 
 117      E8FF71CB 
 117      3B06A2
 118 005a 0199A111 		.ascii	"\001\231\241\0218uM\024s2\240\036\004\2122\242x\345"
 118      38754D14 
 118      7332A01E 
 118      048A32A2 
 118      78E5
 119 006c 3AE3B2F0 		.ascii	":\343\262\360S\202g[\210\370{\361\341\321\265\332k1"
 119      5382675B 
 119      88F87BF1 
 119      E1D1B5DA 
 119      6B31
 120 007e 5183095E 		.ascii	"Q\203\011^7\006\225\016r\360\220\004\353\211\357{\227"
 120      3706950E 
 120      72F09004 
 120      EB89EF7B 
 120      97
 121 008f 91104274 		.ascii	"\221\020Bt\253\276l\354\300\220\036t\324s*Z\255\306"
 121      ABBE6CEC 
 121      C0901E74 
 121      D4732A5A 
 121      ADC6
 122 00a1 CB666D84 		.ascii	"\313fm\204\015&\213\245\243\014\272\012\016RrT\225A"
 122      0D268BA5 
 122      A30CBA0A 
 122      0E527254 
 122      9541
 123 00b3 393F33AB 		.ascii	"9?3\253\254\225Ql\2567\363sJ\342\223\325\030\331\215"
 123      AC95516C 
 123      AE37F373 
 123      4AE293D5 
ARM GAS  C:\Users\IYANG~1.DES\AppData\Local\Temp\ccZxlspL.s 			page 9


 123      18D98D
 124 00c6 AD8B8E1A 		.ascii	"\255\213\216\032[\314\"\236\022\2722|\252\336\334:\333"
 124      5BCC229E 
 124      12BA327C 
 124      AADEDC3A 
 124      DB
 125 00d7 5FA4CAB3 		.ascii	"_\244\312\263\334\371qW\006\351X\002\026k\330\205\033"
 125      DCF97157 
 125      06E95802 
 125      166BD885 
 125      1B
 126 00e8 7B900362 		.ascii	"{\220\003b\037\031P\031+_\311;\335\026\324l\315\302"
 126      1F195019 
 126      2B5FC93B 
 126      DD16D46C 
 126      CDC2
 127 00fa E1C7954B 		.ascii	"\341\307\225K\011\240\217\220\227\254\204*\311\252a"
 127      09A08F90 
 127      97AC842A 
 127      C9AA61
 128 0109 43BAE424 		.ascii	"C\272\344$\364VJ\237t*Hw\020\016\332P\274\262\346\265"
 128      F4564A9F 
 128      742A4877 
 128      100EDA50 
 128      BCB2E6B5 
 129 011d 1987C4A8 		.ascii	"\031\207\304\250\002\374U\355M\2406\220#\365O\232\213"
 129      02FC55ED 
 129      4DA03690 
 129      23F54F9A 
 129      8B
 130 012e 66783E62 		.ascii	"fx>b.\004|\241\245p\320\364O\371B\023\243\376\331\361"
 130      2E047CA1 
 130      A570D0F4 
 130      4FF94213 
 130      A3FED9F1 
 131 0142 E999C070 		.ascii	"\351\231\300p \262<\024\244_\270.{\261"
 131      20B23C14 
 131      A45FB82E 
 131      7BB1
 132              		.text
 133              		.section	.gnu.lto_UART_1_tx_SetInterruptMode.183f0eef,"",%progbits
 134 0000 789C6D91 		.ascii	"x\234m\221Oh\023Q\020\306\337\274\267\233\3356\021\212"
 134      4F681351 
 134      10C6DFBC 
 134      B79BDD36 
 134      118A
 135 0012 174B2E0A 		.ascii	"\027K.\012!\366 (Bo^\224\036\274I\261z+\004iW\311\301"
 135      21F62028 
 135      426F5E94 
 135      1EBC49B1 
 135      7A2B0469 
 136 0029 ACC40882 		.ascii	"\254\304\010\202\207\356\2461\005\361\020j\321b)\022"
 136      87EEA631 
 136      05F1106A 
 136      D1622912 
 137 0039 54DA1A6D 		.ascii	"T\332\032mS\253\2429-\261`\300\377 \266T\211\245M\252"
 137      53ABA239 
ARM GAS  C:\Users\IYANG~1.DES\AppData\Local\Temp\ccZxlspL.s 			page 10


 137      2DB160C0 
 137      FF20B654 
 137      89A54DAA 
 138 004d 850AC644 		.ascii	"\205\012\306D\323\025$\316\354\306C\321\205}\357\315"
 138      D31524CE 
 138      ECC643D1 
 138      857DEFCD 
 139 005d 8F99EF7D 		.ascii	"\217\231\357}3O\260\177??\376\2678c\007p\007\301\200"
 139      334FB07F 
 139      3F3FFEB7 
 139      38630770 
 139      07C180
 140 0070 A75E3166 		.ascii	"\247^1f\252\034\200\016\014\330\000\207\001X\347\025"
 140      AA1C800E 
 140      0CD80087 
 140      0158E715 
 141 0080 0E292B33 		.ascii	"\016)+3\352\355\270m\030\306\267\357\325\366\213\355"
 141      EAEDB86D 
 141      18C6B7EF 
 141      D5F68BED 
 142 0090 369655B9 		.ascii	"6\226U\271+\003\023\320\201)\345\307\351\013b70<>_\331"
 142      2B0313D0 
 142      8129E5C7 
 142      E90B6237 
 142      303C3E5F 
 143 00a5 ACFABE70 		.ascii	"\254\372\276p\233C\033\205\327\027\3125A!\347\024f\346"
 143      9B431B85 
 143      D717CA35 
 143      4121E714 
 143      66E6
 144 00b7 47B24AF0 		.ascii	"G\262J\360\246a\304\255\305\254q\020\271\200I\020(\007"
 144      A661C4AD 
 144      C5AC7110 
 144      B9804910 
 144      2807
 145 00c9 53E0873B 		.ascii	"S\340\207;\340g\210\030d \210\331\237\355\365\211mb"
 145      E0678818 
 145      642088D9 
 145      9FEDF589 
 145      6D62
 146 00db 9FA3BB62 		.ascii	"\237\243\273b\336\370\341u+\355\277\225w\377Sy\017\202"
 146      DEF8E175 
 146      2BEDBF95 
 146      77FF5379 
 146      0F82
 147 00ed 94FEE6E9 		.ascii	"\224\376\346\351\310\252,:\235\322'\323\265\227^\307"
 147      C8AA2C3A 
 147      9DD227D3 
 147      B5975EC7 
 148 00fd D22E0A73 		.ascii	"\322.\012s\303\205Q\217cI\242\360\353\325\374\030\017"
 148      C385518F 
 148      6349A2F0 
 148      EBD5FC18 
 148      0F
 149 010e A4517879 		.ascii	"\244Qxyj\350\231\317(\030\211\345Fc\247\315%\230v\365"
 149      6AE899CF 
 149      281889E5 
ARM GAS  C:\Users\IYANG~1.DES\AppData\Local\Temp\ccZxlspL.s 			page 11


 149      4663A7CD 
 149      259876F5 
 150 0122 67503F0B 		.ascii	"gP?\013\376\346\344\260\244\222\370\275\340\365$p\""
 150      FEE6E4B0 
 150      A492F8BD 
 150      E0F52470 
 150      22
 151 0133 6D300B01 		.ascii	"m0\013\001w\032p\037<\200\033\221\231\355\226\321h\314"
 151      771A701F 
 151      3C801B91 
 151      99ED96D1 
 151      68CC
 152 0145 BDBB32B9 		.ascii	"\275\2732\271G\3708\032\223\005PO\022\035eZ<\214\362"
 152      47F8381A 
 152      9305504F 
 152      121D655A 
 152      3C8CF2
 153 0158 1420BF2A 		.ascii	"\024 \277*\002O\013\321VZ\030+\241\036=C\031\207\206"
 153      024F0BD1 
 153      565A182B 
 153      A11E3D43 
 153      198786
 154 016b BB5882FC 		.ascii	"\273X\202\374\317K\305\\7]Q\347\364&\263\345\265\027"
 154      CF4BC55C 
 154      375D51E7 
 154      F426B3E5 
 154      B517
 155 017d CE5895CB 		.ascii	"\316X\225\313\361\224\341\364\361\251\364\372\255\352"
 155      F194E1F4 
 155      F1A9F4FA 
 155      ADEA
 156 018b 20C76361 		.ascii	" \307ca\365Z\3057\016cf\002l\256\302\034\366\360\200"
 156      F55AC537 
 156      0E636602 
 156      6CAEC21C 
 156      F6F080
 157 019e 7A808730 		.ascii	"z\200\2070\016l\011\342\305\241\015\331\025\224\352"
 157      0E6C09E2 
 157      C5A10DD9 
 157      1594EA
 158 01ad 383824BF 		.ascii	"88$\277\222\037%\227\310\010\221\014n&7\300%t/r\366"
 158      921F2597 
 158      C808910C 
 158      6E2637C0 
 158      25742F72 
 159 01c2 1EB8D328 		.ascii	"\036\270\323(\232G\350\346\254\345\026\233Y**\325\321"
 159      9A47E8E6 
 159      ACE5169B 
 159      592A2AD5 
 159      D1
 160 01d3 00C92B2E 		.ascii	"\000\311+.jAJi\265\344|S\274\325\201T\233\037N\357 "
 160      6A414A69 
 160      B5E47C53 
 160      BCD58154 
 160      9B1F4EEF 
 161 01e8 B6C5AE69 		.ascii	"\266\305\256i\311[\015?B\303X\305\212`Z\037\216P>=C"
 161      C95B0D3F 
ARM GAS  C:\Users\IYANG~1.DES\AppData\Local\Temp\ccZxlspL.s 			page 12


 161      42C358C5 
 161      8A605A1F 
 161      8E503E3D 
 162 01fd 8903CD06 		.ascii	"\211\003\315\006'\0258\254E\264\350\211\230\326\037"
 162      271538AC 
 162      45B4E889 
 162      98D61F
 163 020c EAD1CF45 		.ascii	"\352\321\317E\373\264\336\356\036\275\253\263\367\370"
 163      FBB4DEEE 
 163      1EBDABB3 
 163      F7F8
 164 021a A1A3C742 		.ascii	"\241\243\307B\373C\261\363{\373\230zF?\033\216\205\365"
 164      FB43B1F3 
 164      7BFB987A 
 164      463F1B8E 
 164      85F5
 165 022c 88745AEF 		.ascii	"\210tZ\357\327\224p$\026\355:y\352\017D\337\376^"
 165      D7947024 
 165      16ED3A79 
 165      EA0F44DF 
 165      FE5E
 166              		.text
 167              		.section	.gnu.lto_UART_1_tx_ClearInterrupt.183f0eef,"",%progbits
 168 0000 789C6590 		.ascii	"x\234e\220OHTQ\024\306\317w\336\274\231\301q!\255d6"
 168      4F485451 
 168      14C6CF77 
 168      DEBC99C1 
 168      7121AD64 
 169 0015 05034A10 		.ascii	"\005\003J\020\202\321\252]\270p\033\215A\013a\030\364"
 169      82D1AA5D 
 169      B8701B8D 
 169      410B6118 
 169      F4
 170 0026 ADC4041D 		.ascii	"\255\304\004\035\241U\336\231F\207l3\024\202(.\\Hf\371"
 170      A155DE99 
 170      46876C33 
 170      1482282E 
 170      5C4866F9 
 171 003a 67ABA0C8 		.ascii	"g\253\240\310\020\256\372\303 \226hLB\212\012!\2111"
 171      10AEFAC3 
 171      2096684C 
 171      428A0A21 
 171      8931
 172 004c FAA87C9D 		.ascii	"\372\250|\235\363\236\213\244\013\357\335\373\276w\276"
 172      F39E8BA4 
 172      0BEFDDFB 
 172      BE77BE
 173 005b DFF9EEB1 		.ascii	"\337\371\356\261\350\377\025\227g\033D7e\207E\340\342"
 173      E8FF1597 
 173      671B4437 
 173      658745E0 
 173      E2
 174 006c 07A26C94 		.ascii	"\007\242l\224\001=\020h\2001\200C>f\274[<_G\343\224"
 174      013D1068 
 174      80318043 
 174      3E66BC5B 
 174      3C5F47E3 
ARM GAS  C:\Users\IYANG~1.DES\AppData\Local\Temp\ccZxlspL.s 			page 13


 175 0081 31B91FA5 		.ascii	"1\271\037\245__b\203\365.\023\2350\341F\034\327\225"
 175      5F5F6283 
 175      F52E139D 
 175      30E1461C 
 175      D795
 176 0093 83976824 		.ascii	"\203\227h$)\034\371\366\364\010V\003\364\\\365\236\315"
 176      291CF9F6 
 176      F4085603 
 176      F45CF59E 
 176      CD
 177 00a4 44139362 		.ascii	"D\023\223b\332\251\024\326bf\324\344w<\357\252X1\015"
 177      DAA914D6 
 177      6266D4E4 
 177      773CEFAA 
 177      58310D
 178 00b7 EB5FB72E 		.ascii	"\353_\267.1\034\347\377|\216\205\363\306\230:\274BB"
 178      311CE7FF 
 178      7C8E85F3 
 178      C6983ABC 
 178      4242
 179 00c9 1B087906 		.ascii	"\033\010y\006a\011\011U\346\257\254\032\317;9z1}\333"
 179      61090955 
 179      E6AFAC1A 
 179      CF3B397A 
 179      317DDB
 180 00dc 8A32B92C 		.ascii	"\2122\271,\261]\346\020\351O[\277#\244\311hW^z\211="
 180      B15DE610 
 180      E94F5BBF 
 180      23A4C968 
 180      575E7A89 
 181 00f1 66DDAD2D 		.ascii	"f\335\255-\224\252\303\325\345\307\012;e\275\321Fy\277"
 181      94AAC3D5 
 181      E5C70A3B 
 181      65BDD146 
 181      79BF
 182 0103 1C3E6097 		.ascii	"\034>`\227\255b\256hB\332\376\353\356\307r\324\227\374"
 182      AD62AE68 
 182      42DAFEEB 
 182      EEC772D4 
 182      97FC
 183 0115 34DB63A7 		.ascii	"4\333c\247{\366\004\306\263y\270\034\302k\304\361\006"
 183      7BF604C6 
 183      B379B81C 
 183      C26BC4F1 
 183      06
 184 0126 9216B398 		.ascii	"\222\026\263\230\000m!\267Y\370\315\001\320\022\246"
 184      006D21B7 
 184      59F8CD01 
 184      D012A6
 185 0135 284FCE86 		.ascii	"(O\316\206\336\"PB\"\012cq\356\347\373\230\"\371\032"
 185      DE225042 
 185      220A6371 
 185      EEE7FB98 
 185      22F91A
 186 0148 614EDC9F 		.ascii	"aN\334\237\340[4\257\024)\245R8_~\020\230\354@*=\367"
 186      E05B34AF 
 186      1429A552 
ARM GAS  C:\Users\IYANG~1.DES\AppData\Local\Temp\ccZxlspL.s 			page 14


 186      385F7E10 
 186      98EC402A 
 187 015e 21972264 		.ascii	"!\227\"dW\371r\210y\011!\016\355Z\031Z[\251\011\010"
 187      57F97288 
 187      7909210E 
 187      ED5A195A 
 187      5BA90908 
 188 0172 112188EF 		.ascii	"\021!\210\357\373\372\370R\255\266\265m\302\202\324"
 188      FBFAF852 
 188      ADB6B56D 
 188      C282D4
 189 0181 5770912B 		.ascii	"Wp\221+\342\017\007:\024\031Q\242\325y\350\364\2463"
 189      E20F073A 
 189      141951A2 
 189      D579E8F4 
 189      A633
 190 0193 4E672AD9 		.ascii	"Ng*\331\323\337\333\341\264\337M\366\264\334j\277\177"
 190      D3DFDBE1 
 190      B4DF4DF6 
 190      B4DC6ABF 
 190      7F
 191 01a4 E75E5BAA 		.ascii	"\347^[\2529\225y\324\324A\265\335\351\276.\2473\231"
 191      399579D4 
 191      D441B5DD 
 191      E9BE2EA7 
 191      3399
 192 01b6 4967FAFB 		.ascii	"Ig\372\373\376\002<\220\266\342"
 192      FE023C90 
 192      B6E2
 193              		.text
 194              		.section	.gnu.lto_.symbol_nodes.183f0eef,"",%progbits
 195 0000 789C55C7 		.ascii	"x\234U\307;\015\000 \020D\301w\037\022tbd-\240\200\240"
 195      3B0D0020 
 195      1044C177 
 195      1F127462 
 195      642DA080 
 196 0015 084D3414 		.ascii	"\010M4\024\334t\023\300\340q\004\363\200\304\332\035"
 196      DC7413C0 
 196      E07104F3 
 196      80C4DA1D 
 197 0025 3759B9CB 		.ascii	"7Y\271\313\313CQ\236\312\362\246\366\237\013\351b\031"
 197      CB43519E 
 197      CAF2A6F6 
 197      9F0BE962 
 197      19
 198 0036 56       		.ascii	"V"
 199              		.text
 200              		.section	.gnu.lto_.refs.183f0eef,"",%progbits
 201 0000 789C6366 		.ascii	"x\234cf```d\200\002\000\000=\000\005"
 201      60606064 
 201      80020000 
 201      3D0005
 202              		.text
 203              		.section	.gnu.lto_.decls.183f0eef,"",%progbits
 204 0000 789C8D54 		.ascii	"x\234\215T\177h[U\024\276\347\335$M\323\230\356\037"
 204      7F685B55 
 204      14BEE7DD 
ARM GAS  C:\Users\IYANG~1.DES\AppData\Local\Temp\ccZxlspL.s 			page 15


 204      244DD398 
 204      EE1F
 205 0012 BB110413 		.ascii	"\273\021\004\023\204\202P\006\335D\374O\244\203\241"
 205      84825006 
 205      DD44FC4F 
 205      A483A1
 206 0021 A094D6E1 		.ascii	"\240\224\326\341\037\033\224\320>fa\264#\276\312\006"
 206      1F1B94D0 
 206      3E6661B4 
 206      23BECA06 
 207 0031 82D7A6B2 		.ascii	"\202\327\246\262\352\212t\321b\234h+f\256V[\2736k\233"
 207      EA8A74D1 
 207      629C682B 
 207      66AE565B 
 207      BB366B9B 
 208 0045 26B3E9BA 		.ascii	"&\263\351\272\376Z[\267\352X\254\214\365\307\250\255"
 208      FE5A5BB7 
 208      EA58AC8C 
 208      F5C7A8AD 
 209 0055 56463B2B 		.ascii	"VF;+\2648\026\317\275\357\275\274W}\303=8\311;\367\235"
 209      B43816CF 
 209      BDEFBDBC 
 209      577DC33D 
 209      38C93BF7 
 210 006a EF3BDFFD 		.ascii	"\357;\337\375\356\341RBH;\020\222\301\007\354\204\254"
 210      EEE15242 
 210      483B1092 
 210      C107EC84 
 210      AC
 211 007b 629E8351 		.ascii	"b\236\203QJ\214\307\201\321\203\021\303\350\307\210"
 211      4A8CC781 
 211      D18311C3 
 211      E8C788
 212 008a 638C628C 		.ascii	"c\214b\214\223\377>=Z=\307wb\3701f1\256a\274\244\325"
 212      93FF3E3D 
 212      5A3DC777 
 212      62F83166 
 212      31AE61BC 
 213 00a0 8056F7EF 		.ascii	"\200V\367\357'f\201-0\341ul\314\002\313u\331\377\247"
 213      2766812D 
 213      30E1756C 
 213      CC02CB75 
 213      D9FFA7
 214 00b3 67BF052E 		.ascii	"g\277\005.\376\010\270\270\005\216\357?W\323\352\301"
 214      FE08B8B8 
 214      058EEF3F 
 214      57D3EAC1 
 215 00c3 7063A430 		.ascii	"pc\2440f4\036\237\205\356Q\013\236qm\317V\3735k\260"
 215      66341E9F 
 215      85EE510B 
 215      9E716DCF 
 215      56FB356B 
 216 00d8 F27A4382 		.ascii	"\362zC\202x\327\346L\336\252\004\036\227\217\247\203"
 216      78D7E64C 
 216      DEAA041E 
 216      978FA783 
 217 00e8 E1898803 		.ascii	"\341\211\210\003S\267\313\306\323\233C\247N9\251\004"
ARM GAS  C:\Users\IYANG~1.DES\AppData\Local\Temp\ccZxlspL.s 			page 16


 217      53B7CBC6 
 217      D39B43A7 
 217      4E39A904 
 218 00f8 FCFDCBC8 		.ascii	"\374\375\313\310\342\015WQ\007c\254\221\245R`P\274\363"
 218      E20D5751 
 218      0763AC91 
 218      A5526050 
 218      BCF3
 219 010a 55A22907 		.ascii	"U\242)\0071\005.\221~0uv\230\2124\303q\322\334\334G"
 219      31052E91 
 219      7E307576 
 219      988A34C3 
 219      71D2DCDC 
 220 011f DB145C85 		.ascii	"\333\024\\\205\215\214\325\263\3650\243{\010\024y\341"
 220      8D8CD5B3 
 220      F530A37B 
 220      081479E1 
 221 012f 692F812E 		.ascii	"i/\201.(\3042\350\200\"\002\337\200\027\276\005/\211"
 221      28C432E8 
 221      802202DF 
 221      8017BE05 
 221      2F89
 222 0141 6283F5D6 		.ascii	"b\203\365\326\365_\236`\314\006\235\340\202\257\201"
 222      F55F9E60 
 222      CC069DE0 
 222      82AF81
 223 0150 8A0ADC06 		.ascii	"\212\012\334\006\357\2405m~w\270\331f\223p\221\327\034"
 223      EFA0356D 
 223      7E77B8D9 
 223      66937091 
 223      D71C
 224 0162 166AFFCA 		.ascii	"\026j\377\312,\236\223v\267 \001k\016\261]6(-\200\363"
 224      2C9E9376 
 224      B720016B 
 224      0EB15D36 
 224      282D80F3 
 225 0176 48DB8EB4 		.ascii	"H\333\216\264\004\272a7\376~\0076\225`->8\235O\213\305"
 225      04BA6137 
 225      FE7E0736 
 225      95602D3E 
 225      389D4F8B 
 226 018b D658EB4C 		.ascii	"\326X\353L\332\341\373\234\265u\257GB\277\226\236\011"
 226      DAE1FB9C 
 226      B575AF47 
 226      42BF969E 
 226      09
 227 019c B1285BC8 		.ascii	"\261([\310d\236\024 \270\220\025@\370\273\352h\017\370"
 227      649E1420 
 227      B8901540 
 227      F8BBEA68 
 227      0FF8
 228 01ae 1018591E 		.ascii	"\020\030Y\036\233\314\243\307\004\311\352v\342\272J"
 228      9BCCA3C7 
 228      04C9EA76 
 228      E2BA4A
 229 01bd B2303F22 		.ascii	"\2620?\"\247\032\330\375L\206\252\014\275&\206^\235"
 229      A71AD8FD 
ARM GAS  C:\Users\IYANG~1.DES\AppData\Local\Temp\ccZxlspL.s 			page 17


 229      4C86AA0C 
 229      BD26865E 
 229      9D
 230 01ce 212618DE 		.ascii	"!&\030\336k\350\246f\311|7\206\346\213B\363\341\254"
 230      6BE8A666 
 230      C97C3786 
 230      E68B42F3 
 230      E1AC
 231 01e0 E4817927 		.ascii	"\344\201y'}Kt\333\350\370\351m\265Yd\331h\206\365\320"
 231      7D4B74DB 
 231      E8F8E96D 
 231      B55964D9 
 231      6886F5D0 
 232 01f4 676AD6A7 		.ascii	"gj\326\2477\353\027\315\322\177\264\314Rz\032\004\303"
 232      37EB17CD 
 232      D27FB4CC 
 232      527A1A04 
 232      C3
 233 0205 87F77FBB 		.ascii	"\207\367\177\273a\027\024m\323\347\034\023,\225\311"
 233      6117146D 
 233      D3E71C13 
 233      2C95C9
 234 0214 3C2F0806 		.ascii	"</\010\006L\004\003:A\\\020L-m\375\351\026\323\262\213"
 234      4C04033A 
 234      415C104C 
 234      2D6DFDE9 
 234      16D3B28B 
 235 0228 539C4D2F 		.ascii	"S\234M/oR1-\022O?\273w7\231K\277P\351\365\251\360\251"
 235      6F52312D 
 235      124F3FBB 
 235      7737994B 
 235      BF50E9F5 
 236 023f 53F1F1DA 		.ascii	"S\361\361\332V\314)R.\024\307\342\357;]\347\035P\350"
 236      56CC2952 
 236      2E14C7E2 
 236      EF3B5DE7 
 236      1D50E8
 237 0252 52CFFB9E 		.ascii	"R\317\373\236z\336)\334}\3228o\237v\336btX\210\331\333"
 237      7ADE29DC 
 237      7DD2386F 
 237      9F76DE62 
 237      745888D9 
 238 0267 3D0406D1 		.ascii	"=\004\006\321\235\004\272\003C8=>mz.\341\342\367\270"
 238      9D04BA03 
 238      43383D3E 
 238      6D7A2EE1 
 238      E2F7B8
 239 027a 889D92D1 		.ascii	"\210\235\222\321\337\357\346\211\311He'#t;q\333\231"
 239      DFEFE689 
 239      C9486527 
 239      23743B71 
 239      DB99
 240 028c 5D1B06B1 		.ascii	"]\033\006\2618\275\031N\333\036:.#\302\372\313\372\270"
 240      38BD194E 
 240      DB1E3A2E 
 240      23C2FACB 
 240      FAB8
ARM GAS  C:\Users\IYANG~1.DES\AppData\Local\Temp\ccZxlspL.s 			page 18


 241 029e 5C9C6337 		.ascii	"\\\234c7=\264]\335\333Pr\245\3511m^\356\254\024\177"
 241      3DB45DDD 
 241      DB5072A5 
 241      E9316D5E 
 241      EEAC147F 
 242 02b2 C2DAEAD9 		.ascii	"\302\332\352\331\003\274\376\004\012\256\230\374\273"
 242      03BCFE04 
 242      0AAE98FC 
 242      BB
 243 02bf A2FB372A 		.ascii	"\242\3737*\374kx0Ro\243#*K\347r\367\031\247z\206\267"
 243      FC6B7830 
 243      526FA323 
 243      2A4BE772 
 243      F719A77A 
 244 02d5 56769EE1 		.ascii	"Vv\236\341\230\211bL\247\030\027\024\215\341\2765;\275"
 244      9889624C 
 244      A7181714 
 244      8DE1BE35 
 244      3BBD
 245 02e7 B5D364BF 		.ascii	"\265\323d\277j\362\374\247\333\321\\\221\362\3338\237"
 245      6AF2FCA7 
 245      DBD15C91 
 245      F2DB389F 
 246 02f7 2F2DFE9C 		.ascii	"/-\376\234N\346\320%Q.%.\207g]Y\3177U\317g\320\221)"
 246      4EE6D025 
 246      512E252E 
 246      87675D59 
 246      CF3755CF 
 247 030f C373BFD9 		.ascii	"\303s\277\331s\364%w\002=\327m\201i\364\334\257y>\211"
 247      73F42577 
 247      023DD76D 
 247      8169F4DC 
 247      AF793E89 
 248 0323 8B5755CF 		.ascii	"\213WU\317\177l\331hu\272\032\371\031=\"D:\275\265\272"
 248      7F6CD968 
 248      75BA1AF9 
 248      193D2244 
 248      3ABDB5BA 
 249 0337 E151AF05 		.ascii	"\341Q\257\005\013\320u\013\020W\275\320\324\033\225"
 249      0BD0750B 
 249      1057BDD0 
 249      D41B95
 250 0346 B8EA6BA8 		.ascii	"\270\352k\250z\302P\375\003\030W\303\300\344\205%\311"
 250      7AC250FD 
 250      031857C3 
 250      C0E48525 
 250      C9
 251 0357 FDBEA15F 		.ascii	"\375\276\241_\024\033';\013n\341'\377\267\327U\327("
 251      141B273B 
 251      0B6EE127 
 251      FFB7D755 
 251      D728
 252 0369 CF390EBE 		.ascii	"\3179\016\276r\310WB\374\007\345\0329\030P\344\252\212"
 252      72C85742 
 252      FC07E51A 
 252      391850E4 
 252      AA8A
ARM GAS  C:\Users\IYANG~1.DES\AppData\Local\Temp\ccZxlspL.s 			page 19


 253 037b F2DABA60 		.ascii	"\362\332\272`\245|\244\264\274\266\344\231#\225'\225"
 253      A57CA4B4 
 253      BCB6E499 
 253      23952795 
 254 038b 93C7E537 		.ascii	"\223\307\3457\366\276N\012\016\275P\366jEq\205r\242"
 254      F6BE4E0A 
 254      0EBD50F6 
 254      6A457185 
 254      72A2
 255 039d A25C560E 		.ascii	"\242\\V\016\004\253\337\224_\256\255\222\237z\0100["
 255      04ABDF94 
 255      5FAEAD92 
 255      9F7A0830 
 255      5B
 256 03ae BDB792E4 		.ascii	"\275\267\222\344\033\320\327\202\325\212\3541\36229"
 256      1BD0D782 
 256      D58AEC31 
 256      F23239
 257 03bd 50F5F8CE 		.ascii	"P\365\370\316\364@@\011\224\311G\035\\^\361\263\336"
 257      F4404009 
 257      94C9471D 
 257      5C5EF1B3 
 257      DE
 258 03ce 1D6D5FAC 		.ascii	"\035m_\254Q\344`\260\356\270\302[\3571>\225\034\223"
 258      51E460B0 
 258      EEB8C25B 
 258      EF313E95 
 258      1C93
 259 03e0 03C1EC47 		.ascii	"\003\301\354G{P>\272\177\237 \330\277\357\037\276\266"
 259      7B503EBA 
 259      7F9F20D8 
 259      BFEF1FBE 
 259      B6
 260 03f1 FDE6     		.ascii	"\375\346"
 261              		.text
 262              		.section	.gnu.lto_.symtab.183f0eef,"",%progbits
 263 0000 55415254 		.ascii	"UART_1_tx_SetDriveMode\000\000\000\000\000\000\000\000"
 263      5F315F74 
 263      785F5365 
 263      74447269 
 263      76654D6F 
 264 001e 00000000 		.ascii	"\000\000\000\000\262\000\000\000UART_1_tx_Write\000"
 264      B2000000 
 264      55415254 
 264      5F315F74 
 264      785F5772 
 265 0036 00000000 		.ascii	"\000\000\000\000\000\000\000\000\000\000\000\264\000"
 265      00000000 
 265      000000B4 
 265      00
 266 0043 00005541 		.ascii	"\000\000UART_1_tx_Read\000\000\000\000\000\000\000\000"
 266      52545F31 
 266      5F74785F 
 266      52656164 
 266      00000000 
 267 005b 00000000 		.ascii	"\000\000\000\000\267\000\000\000UART_1_tx_ReadDataR"
 267      B7000000 
ARM GAS  C:\Users\IYANG~1.DES\AppData\Local\Temp\ccZxlspL.s 			page 20


 267      55415254 
 267      5F315F74 
 267      785F5265 
 268 0076 65670000 		.ascii	"eg\000\000\000\000\000\000\000\000\000\000\000\000\271"
 268      00000000 
 268      00000000 
 268      0000B9
 269 0085 00000055 		.ascii	"\000\000\000UART_1_tx_SetInterruptMode\000\000\000\000"
 269      4152545F 
 269      315F7478 
 269      5F536574 
 269      496E7465 
 270 00a6 00000000 		.ascii	"\000\000\000\000\000\000\000\000\305\000\000\000UAR"
 270      00000000 
 270      C5000000 
 270      554152
 271 00b5 545F315F 		.ascii	"T_1_tx_ClearInterrupt\000\000\000\000\000\000\000\000"
 271      74785F43 
 271      6C656172 
 271      496E7465 
 271      72727570 
 272 00d2 00000000 		.ascii	"\000\000\000\000\307\000\000\000"
 272      C7000000 
 273              		.text
 274              		.section	.gnu.lto_.opts,"",%progbits
 275 0000 272D666E 		.ascii	"'-fno-trapv' '-mcpu=cortex-m0' '-mthumb' '-g' '-O3'"
 275      6F2D7472 
 275      61707627 
 275      20272D6D 
 275      6370753D 
 276 0033 20272D66 		.ascii	" '-ffunction-sections' '-finline-functions' '-flto'"
 276      66756E63 
 276      74696F6E 
 276      2D736563 
 276      74696F6E 
 277 0066 20272D66 		.ascii	" '-ffat-lto-objects'\000"
 277      6661742D 
 277      6C746F2D 
 277      6F626A65 
 277      63747327 
 278              		.text
 279              		.cfi_sections	.debug_frame
 280              		.section	.text.UART_1_tx_SetDriveMode,"ax",%progbits
 281              		.align	2
 282              		.global	UART_1_tx_SetDriveMode
 283              		.code	16
 284              		.thumb_func
 285              		.type	UART_1_tx_SetDriveMode, %function
 286              	UART_1_tx_SetDriveMode:
 287              	.LFB0:
 288              		.file 1 "Generated_Source\\PSoC4\\UART_1_tx.c"
   1:Generated_Source\PSoC4/UART_1_tx.c **** /*******************************************************************************
   2:Generated_Source\PSoC4/UART_1_tx.c **** * File Name: UART_1_tx.c  
   3:Generated_Source\PSoC4/UART_1_tx.c **** * Version 2.20
   4:Generated_Source\PSoC4/UART_1_tx.c **** *
   5:Generated_Source\PSoC4/UART_1_tx.c **** * Description:
   6:Generated_Source\PSoC4/UART_1_tx.c **** *  This file contains API to enable firmware control of a Pins component.
ARM GAS  C:\Users\IYANG~1.DES\AppData\Local\Temp\ccZxlspL.s 			page 21


   7:Generated_Source\PSoC4/UART_1_tx.c **** *
   8:Generated_Source\PSoC4/UART_1_tx.c **** ********************************************************************************
   9:Generated_Source\PSoC4/UART_1_tx.c **** * Copyright 2008-2015, Cypress Semiconductor Corporation.  All rights reserved.
  10:Generated_Source\PSoC4/UART_1_tx.c **** * You may use this file only in accordance with the license, terms, conditions, 
  11:Generated_Source\PSoC4/UART_1_tx.c **** * disclaimers, and limitations in the end user license agreement accompanying 
  12:Generated_Source\PSoC4/UART_1_tx.c **** * the software package with which this file was provided.
  13:Generated_Source\PSoC4/UART_1_tx.c **** *******************************************************************************/
  14:Generated_Source\PSoC4/UART_1_tx.c **** 
  15:Generated_Source\PSoC4/UART_1_tx.c **** #include "cytypes.h"
  16:Generated_Source\PSoC4/UART_1_tx.c **** #include "UART_1_tx.h"
  17:Generated_Source\PSoC4/UART_1_tx.c **** 
  18:Generated_Source\PSoC4/UART_1_tx.c **** 
  19:Generated_Source\PSoC4/UART_1_tx.c **** #if defined(UART_1_tx__PC)
  20:Generated_Source\PSoC4/UART_1_tx.c ****     #define UART_1_tx_SetP4PinDriveMode(shift, mode)  \
  21:Generated_Source\PSoC4/UART_1_tx.c ****     do { \
  22:Generated_Source\PSoC4/UART_1_tx.c ****         UART_1_tx_PC =   (UART_1_tx_PC & \
  23:Generated_Source\PSoC4/UART_1_tx.c ****                                 (uint32)(~(uint32)(UART_1_tx_DRIVE_MODE_IND_MASK << \
  24:Generated_Source\PSoC4/UART_1_tx.c ****                                 (UART_1_tx_DRIVE_MODE_BITS * (shift))))) | \
  25:Generated_Source\PSoC4/UART_1_tx.c ****                                 (uint32)((uint32)(mode) << \
  26:Generated_Source\PSoC4/UART_1_tx.c ****                                 (UART_1_tx_DRIVE_MODE_BITS * (shift))); \
  27:Generated_Source\PSoC4/UART_1_tx.c ****     } while (0)
  28:Generated_Source\PSoC4/UART_1_tx.c **** #else
  29:Generated_Source\PSoC4/UART_1_tx.c ****     #if (CY_PSOC4_4200L)
  30:Generated_Source\PSoC4/UART_1_tx.c ****         #define UART_1_tx_SetP4PinDriveMode(shift, mode)  \
  31:Generated_Source\PSoC4/UART_1_tx.c ****         do { \
  32:Generated_Source\PSoC4/UART_1_tx.c ****             UART_1_tx_USBIO_CTRL_REG = (UART_1_tx_USBIO_CTRL_REG & \
  33:Generated_Source\PSoC4/UART_1_tx.c ****                                     (uint32)(~(uint32)(UART_1_tx_DRIVE_MODE_IND_MASK << \
  34:Generated_Source\PSoC4/UART_1_tx.c ****                                     (UART_1_tx_DRIVE_MODE_BITS * (shift))))) | \
  35:Generated_Source\PSoC4/UART_1_tx.c ****                                     (uint32)((uint32)(mode) << \
  36:Generated_Source\PSoC4/UART_1_tx.c ****                                     (UART_1_tx_DRIVE_MODE_BITS * (shift))); \
  37:Generated_Source\PSoC4/UART_1_tx.c ****         } while (0)
  38:Generated_Source\PSoC4/UART_1_tx.c ****     #endif
  39:Generated_Source\PSoC4/UART_1_tx.c **** #endif
  40:Generated_Source\PSoC4/UART_1_tx.c ****   
  41:Generated_Source\PSoC4/UART_1_tx.c **** 
  42:Generated_Source\PSoC4/UART_1_tx.c **** #if defined(UART_1_tx__PC) || (CY_PSOC4_4200L) 
  43:Generated_Source\PSoC4/UART_1_tx.c ****     /*******************************************************************************
  44:Generated_Source\PSoC4/UART_1_tx.c ****     * Function Name: UART_1_tx_SetDriveMode
  45:Generated_Source\PSoC4/UART_1_tx.c ****     ****************************************************************************//**
  46:Generated_Source\PSoC4/UART_1_tx.c ****     *
  47:Generated_Source\PSoC4/UART_1_tx.c ****     * \brief Sets the drive mode for each of the Pins component's pins.
  48:Generated_Source\PSoC4/UART_1_tx.c ****     * 
  49:Generated_Source\PSoC4/UART_1_tx.c ****     * <b>Note</b> This affects all pins in the Pins component instance. Use the
  50:Generated_Source\PSoC4/UART_1_tx.c ****     * Per-Pin APIs if you wish to control individual pin's drive modes.
  51:Generated_Source\PSoC4/UART_1_tx.c ****     *
  52:Generated_Source\PSoC4/UART_1_tx.c ****     * <b>Note</b> USBIOs have limited drive functionality. Refer to the Drive Mode
  53:Generated_Source\PSoC4/UART_1_tx.c ****     * parameter for more information.
  54:Generated_Source\PSoC4/UART_1_tx.c ****     *
  55:Generated_Source\PSoC4/UART_1_tx.c ****     * \param mode
  56:Generated_Source\PSoC4/UART_1_tx.c ****     *  Mode for the selected signals. Valid options are documented in 
  57:Generated_Source\PSoC4/UART_1_tx.c ****     *  \ref driveMode.
  58:Generated_Source\PSoC4/UART_1_tx.c ****     *
  59:Generated_Source\PSoC4/UART_1_tx.c ****     * \return
  60:Generated_Source\PSoC4/UART_1_tx.c ****     *  None
  61:Generated_Source\PSoC4/UART_1_tx.c ****     *
  62:Generated_Source\PSoC4/UART_1_tx.c ****     * \sideeffect
  63:Generated_Source\PSoC4/UART_1_tx.c ****     *  If you use read-modify-write operations that are not atomic, the ISR can
ARM GAS  C:\Users\IYANG~1.DES\AppData\Local\Temp\ccZxlspL.s 			page 22


  64:Generated_Source\PSoC4/UART_1_tx.c ****     *  cause corruption of this function. An ISR that interrupts this function 
  65:Generated_Source\PSoC4/UART_1_tx.c ****     *  and performs writes to the Pins component Drive Mode registers can cause 
  66:Generated_Source\PSoC4/UART_1_tx.c ****     *  corrupted port data. To avoid this issue, you should either use the Per-Pin
  67:Generated_Source\PSoC4/UART_1_tx.c ****     *  APIs (primary method) or disable interrupts around this function.
  68:Generated_Source\PSoC4/UART_1_tx.c ****     *
  69:Generated_Source\PSoC4/UART_1_tx.c ****     * \funcusage
  70:Generated_Source\PSoC4/UART_1_tx.c ****     *  \snippet UART_1_tx_SUT.c usage_UART_1_tx_SetDriveMode
  71:Generated_Source\PSoC4/UART_1_tx.c ****     *******************************************************************************/
  72:Generated_Source\PSoC4/UART_1_tx.c ****     void UART_1_tx_SetDriveMode(uint8 mode)
  73:Generated_Source\PSoC4/UART_1_tx.c ****     {
 289              		.loc 1 73 0
 290              		.cfi_startproc
 291              	.LVL0:
  74:Generated_Source\PSoC4/UART_1_tx.c **** 		UART_1_tx_SetP4PinDriveMode(UART_1_tx__0__SHIFT, mode);
 292              		.loc 1 74 0
 293 0000 034A     		ldr	r2, .L2
 294 0002 044B     		ldr	r3, .L2+4
 295 0004 1168     		ldr	r1, [r2]
 296 0006 C003     		lsl	r0, r0, #15
 297              	.LVL1:
 298 0008 0B40     		and	r3, r1
 299 000a 1843     		orr	r0, r3
 300 000c 1060     		str	r0, [r2]
  75:Generated_Source\PSoC4/UART_1_tx.c ****     }
 301              		.loc 1 75 0
 302              		@ sp needed
 303 000e 7047     		bx	lr
 304              	.L3:
 305              		.align	2
 306              	.L2:
 307 0010 08010440 		.word	1074004232
 308 0014 FF7FFCFF 		.word	-229377
 309              		.cfi_endproc
 310              	.LFE0:
 311              		.size	UART_1_tx_SetDriveMode, .-UART_1_tx_SetDriveMode
 312              		.section	.text.UART_1_tx_Write,"ax",%progbits
 313              		.align	2
 314              		.global	UART_1_tx_Write
 315              		.code	16
 316              		.thumb_func
 317              		.type	UART_1_tx_Write, %function
 318              	UART_1_tx_Write:
 319              	.LFB1:
  76:Generated_Source\PSoC4/UART_1_tx.c **** #endif
  77:Generated_Source\PSoC4/UART_1_tx.c **** 
  78:Generated_Source\PSoC4/UART_1_tx.c **** 
  79:Generated_Source\PSoC4/UART_1_tx.c **** /*******************************************************************************
  80:Generated_Source\PSoC4/UART_1_tx.c **** * Function Name: UART_1_tx_Write
  81:Generated_Source\PSoC4/UART_1_tx.c **** ****************************************************************************//**
  82:Generated_Source\PSoC4/UART_1_tx.c **** *
  83:Generated_Source\PSoC4/UART_1_tx.c **** * \brief Writes the value to the physical port (data output register), masking
  84:Generated_Source\PSoC4/UART_1_tx.c **** *  and shifting the bits appropriately. 
  85:Generated_Source\PSoC4/UART_1_tx.c **** *
  86:Generated_Source\PSoC4/UART_1_tx.c **** * The data output register controls the signal applied to the physical pin in 
  87:Generated_Source\PSoC4/UART_1_tx.c **** * conjunction with the drive mode parameter. This function avoids changing 
  88:Generated_Source\PSoC4/UART_1_tx.c **** * other bits in the port by using the appropriate method (read-modify-write or
  89:Generated_Source\PSoC4/UART_1_tx.c **** * bit banding).
ARM GAS  C:\Users\IYANG~1.DES\AppData\Local\Temp\ccZxlspL.s 			page 23


  90:Generated_Source\PSoC4/UART_1_tx.c **** *
  91:Generated_Source\PSoC4/UART_1_tx.c **** * <b>Note</b> This function should not be used on a hardware digital output pin 
  92:Generated_Source\PSoC4/UART_1_tx.c **** * as it is driven by the hardware signal attached to it.
  93:Generated_Source\PSoC4/UART_1_tx.c **** *
  94:Generated_Source\PSoC4/UART_1_tx.c **** * \param value
  95:Generated_Source\PSoC4/UART_1_tx.c **** *  Value to write to the component instance.
  96:Generated_Source\PSoC4/UART_1_tx.c **** *
  97:Generated_Source\PSoC4/UART_1_tx.c **** * \return 
  98:Generated_Source\PSoC4/UART_1_tx.c **** *  None 
  99:Generated_Source\PSoC4/UART_1_tx.c **** *
 100:Generated_Source\PSoC4/UART_1_tx.c **** * \sideeffect
 101:Generated_Source\PSoC4/UART_1_tx.c **** *  If you use read-modify-write operations that are not atomic; the Interrupt 
 102:Generated_Source\PSoC4/UART_1_tx.c **** *  Service Routines (ISR) can cause corruption of this function. An ISR that 
 103:Generated_Source\PSoC4/UART_1_tx.c **** *  interrupts this function and performs writes to the Pins component data 
 104:Generated_Source\PSoC4/UART_1_tx.c **** *  register can cause corrupted port data. To avoid this issue, you should 
 105:Generated_Source\PSoC4/UART_1_tx.c **** *  either use the Per-Pin APIs (primary method) or disable interrupts around 
 106:Generated_Source\PSoC4/UART_1_tx.c **** *  this function.
 107:Generated_Source\PSoC4/UART_1_tx.c **** *
 108:Generated_Source\PSoC4/UART_1_tx.c **** * \funcusage
 109:Generated_Source\PSoC4/UART_1_tx.c **** *  \snippet UART_1_tx_SUT.c usage_UART_1_tx_Write
 110:Generated_Source\PSoC4/UART_1_tx.c **** *******************************************************************************/
 111:Generated_Source\PSoC4/UART_1_tx.c **** void UART_1_tx_Write(uint8 value)
 112:Generated_Source\PSoC4/UART_1_tx.c **** {
 320              		.loc 1 112 0
 321              		.cfi_startproc
 322              	.LVL2:
 323              		.loc 1 112 0
 324 0000 031C     		mov	r3, r0
 113:Generated_Source\PSoC4/UART_1_tx.c ****     uint8 drVal = (uint8)(UART_1_tx_DR & (uint8)(~UART_1_tx_MASK));
 325              		.loc 1 113 0
 326 0002 2020     		mov	r0, #32
 327              	.LVL3:
 328 0004 0449     		ldr	r1, .L5
 114:Generated_Source\PSoC4/UART_1_tx.c ****     drVal = (drVal | ((uint8)(value << UART_1_tx_SHIFT) & UART_1_tx_MASK));
 329              		.loc 1 114 0
 330 0006 5B01     		lsl	r3, r3, #5
 113:Generated_Source\PSoC4/UART_1_tx.c ****     uint8 drVal = (uint8)(UART_1_tx_DR & (uint8)(~UART_1_tx_MASK));
 331              		.loc 1 113 0
 332 0008 0A68     		ldr	r2, [r1]
 115:Generated_Source\PSoC4/UART_1_tx.c ****     UART_1_tx_DR = (uint32)drVal;
 116:Generated_Source\PSoC4/UART_1_tx.c **** }
 333              		.loc 1 116 0
 334              		@ sp needed
 113:Generated_Source\PSoC4/UART_1_tx.c ****     drVal = (drVal | ((uint8)(value << UART_1_tx_SHIFT) & UART_1_tx_MASK));
 335              		.loc 1 113 0
 336 000a 8243     		bic	r2, r0
 337 000c D2B2     		uxtb	r2, r2
 114:Generated_Source\PSoC4/UART_1_tx.c ****     drVal = (drVal | ((uint8)(value << UART_1_tx_SHIFT) & UART_1_tx_MASK));
 338              		.loc 1 114 0
 339 000e 1840     		and	r0, r3
 115:Generated_Source\PSoC4/UART_1_tx.c ****     UART_1_tx_DR = (uint32)drVal;
 340              		.loc 1 115 0
 341 0010 1043     		orr	r0, r2
 342 0012 0860     		str	r0, [r1]
 343              		.loc 1 116 0
 344 0014 7047     		bx	lr
 345              	.L6:
ARM GAS  C:\Users\IYANG~1.DES\AppData\Local\Temp\ccZxlspL.s 			page 24


 346 0016 C046     		.align	2
 347              	.L5:
 348 0018 00010440 		.word	1074004224
 349              		.cfi_endproc
 350              	.LFE1:
 351              		.size	UART_1_tx_Write, .-UART_1_tx_Write
 352              		.section	.text.UART_1_tx_Read,"ax",%progbits
 353              		.align	2
 354              		.global	UART_1_tx_Read
 355              		.code	16
 356              		.thumb_func
 357              		.type	UART_1_tx_Read, %function
 358              	UART_1_tx_Read:
 359              	.LFB2:
 117:Generated_Source\PSoC4/UART_1_tx.c **** 
 118:Generated_Source\PSoC4/UART_1_tx.c **** 
 119:Generated_Source\PSoC4/UART_1_tx.c **** /*******************************************************************************
 120:Generated_Source\PSoC4/UART_1_tx.c **** * Function Name: UART_1_tx_Read
 121:Generated_Source\PSoC4/UART_1_tx.c **** ****************************************************************************//**
 122:Generated_Source\PSoC4/UART_1_tx.c **** *
 123:Generated_Source\PSoC4/UART_1_tx.c **** * \brief Reads the associated physical port (pin status register) and masks 
 124:Generated_Source\PSoC4/UART_1_tx.c **** *  the required bits according to the width and bit position of the component
 125:Generated_Source\PSoC4/UART_1_tx.c **** *  instance. 
 126:Generated_Source\PSoC4/UART_1_tx.c **** *
 127:Generated_Source\PSoC4/UART_1_tx.c **** * The pin's status register returns the current logic level present on the 
 128:Generated_Source\PSoC4/UART_1_tx.c **** * physical pin.
 129:Generated_Source\PSoC4/UART_1_tx.c **** *
 130:Generated_Source\PSoC4/UART_1_tx.c **** * \return 
 131:Generated_Source\PSoC4/UART_1_tx.c **** *  The current value for the pins in the component as a right justified number.
 132:Generated_Source\PSoC4/UART_1_tx.c **** *
 133:Generated_Source\PSoC4/UART_1_tx.c **** * \funcusage
 134:Generated_Source\PSoC4/UART_1_tx.c **** *  \snippet UART_1_tx_SUT.c usage_UART_1_tx_Read  
 135:Generated_Source\PSoC4/UART_1_tx.c **** *******************************************************************************/
 136:Generated_Source\PSoC4/UART_1_tx.c **** uint8 UART_1_tx_Read(void)
 137:Generated_Source\PSoC4/UART_1_tx.c **** {
 360              		.loc 1 137 0
 361              		.cfi_startproc
 138:Generated_Source\PSoC4/UART_1_tx.c ****     return (uint8)((UART_1_tx_PS & UART_1_tx_MASK) >> UART_1_tx_SHIFT);
 362              		.loc 1 138 0
 363 0000 024B     		ldr	r3, .L8
 139:Generated_Source\PSoC4/UART_1_tx.c **** }
 364              		.loc 1 139 0
 365              		@ sp needed
 138:Generated_Source\PSoC4/UART_1_tx.c ****     return (uint8)((UART_1_tx_PS & UART_1_tx_MASK) >> UART_1_tx_SHIFT);
 366              		.loc 1 138 0
 367 0002 1868     		ldr	r0, [r3]
 368 0004 8006     		lsl	r0, r0, #26
 369 0006 C00F     		lsr	r0, r0, #31
 370              		.loc 1 139 0
 371 0008 7047     		bx	lr
 372              	.L9:
 373 000a C046     		.align	2
 374              	.L8:
 375 000c 04010440 		.word	1074004228
 376              		.cfi_endproc
 377              	.LFE2:
 378              		.size	UART_1_tx_Read, .-UART_1_tx_Read
ARM GAS  C:\Users\IYANG~1.DES\AppData\Local\Temp\ccZxlspL.s 			page 25


 379              		.section	.text.UART_1_tx_ReadDataReg,"ax",%progbits
 380              		.align	2
 381              		.global	UART_1_tx_ReadDataReg
 382              		.code	16
 383              		.thumb_func
 384              		.type	UART_1_tx_ReadDataReg, %function
 385              	UART_1_tx_ReadDataReg:
 386              	.LFB3:
 140:Generated_Source\PSoC4/UART_1_tx.c **** 
 141:Generated_Source\PSoC4/UART_1_tx.c **** 
 142:Generated_Source\PSoC4/UART_1_tx.c **** /*******************************************************************************
 143:Generated_Source\PSoC4/UART_1_tx.c **** * Function Name: UART_1_tx_ReadDataReg
 144:Generated_Source\PSoC4/UART_1_tx.c **** ****************************************************************************//**
 145:Generated_Source\PSoC4/UART_1_tx.c **** *
 146:Generated_Source\PSoC4/UART_1_tx.c **** * \brief Reads the associated physical port's data output register and masks 
 147:Generated_Source\PSoC4/UART_1_tx.c **** *  the correct bits according to the width and bit position of the component 
 148:Generated_Source\PSoC4/UART_1_tx.c **** *  instance. 
 149:Generated_Source\PSoC4/UART_1_tx.c **** *
 150:Generated_Source\PSoC4/UART_1_tx.c **** * The data output register controls the signal applied to the physical pin in 
 151:Generated_Source\PSoC4/UART_1_tx.c **** * conjunction with the drive mode parameter. This is not the same as the 
 152:Generated_Source\PSoC4/UART_1_tx.c **** * preferred UART_1_tx_Read() API because the 
 153:Generated_Source\PSoC4/UART_1_tx.c **** * UART_1_tx_ReadDataReg() reads the data register instead of the status 
 154:Generated_Source\PSoC4/UART_1_tx.c **** * register. For output pins this is a useful function to determine the value 
 155:Generated_Source\PSoC4/UART_1_tx.c **** * just written to the pin.
 156:Generated_Source\PSoC4/UART_1_tx.c **** *
 157:Generated_Source\PSoC4/UART_1_tx.c **** * \return 
 158:Generated_Source\PSoC4/UART_1_tx.c **** *  The current value of the data register masked and shifted into a right 
 159:Generated_Source\PSoC4/UART_1_tx.c **** *  justified number for the component instance.
 160:Generated_Source\PSoC4/UART_1_tx.c **** *
 161:Generated_Source\PSoC4/UART_1_tx.c **** * \funcusage
 162:Generated_Source\PSoC4/UART_1_tx.c **** *  \snippet UART_1_tx_SUT.c usage_UART_1_tx_ReadDataReg 
 163:Generated_Source\PSoC4/UART_1_tx.c **** *******************************************************************************/
 164:Generated_Source\PSoC4/UART_1_tx.c **** uint8 UART_1_tx_ReadDataReg(void)
 165:Generated_Source\PSoC4/UART_1_tx.c **** {
 387              		.loc 1 165 0
 388              		.cfi_startproc
 166:Generated_Source\PSoC4/UART_1_tx.c ****     return (uint8)((UART_1_tx_DR & UART_1_tx_MASK) >> UART_1_tx_SHIFT);
 389              		.loc 1 166 0
 390 0000 024B     		ldr	r3, .L11
 167:Generated_Source\PSoC4/UART_1_tx.c **** }
 391              		.loc 1 167 0
 392              		@ sp needed
 166:Generated_Source\PSoC4/UART_1_tx.c ****     return (uint8)((UART_1_tx_DR & UART_1_tx_MASK) >> UART_1_tx_SHIFT);
 393              		.loc 1 166 0
 394 0002 1868     		ldr	r0, [r3]
 395 0004 8006     		lsl	r0, r0, #26
 396 0006 C00F     		lsr	r0, r0, #31
 397              		.loc 1 167 0
 398 0008 7047     		bx	lr
 399              	.L12:
 400 000a C046     		.align	2
 401              	.L11:
 402 000c 00010440 		.word	1074004224
 403              		.cfi_endproc
 404              	.LFE3:
 405              		.size	UART_1_tx_ReadDataReg, .-UART_1_tx_ReadDataReg
 406              		.section	.text.UART_1_tx_SetInterruptMode,"ax",%progbits
ARM GAS  C:\Users\IYANG~1.DES\AppData\Local\Temp\ccZxlspL.s 			page 26


 407              		.align	2
 408              		.global	UART_1_tx_SetInterruptMode
 409              		.code	16
 410              		.thumb_func
 411              		.type	UART_1_tx_SetInterruptMode, %function
 412              	UART_1_tx_SetInterruptMode:
 413              	.LFB4:
 168:Generated_Source\PSoC4/UART_1_tx.c **** 
 169:Generated_Source\PSoC4/UART_1_tx.c **** 
 170:Generated_Source\PSoC4/UART_1_tx.c **** /*******************************************************************************
 171:Generated_Source\PSoC4/UART_1_tx.c **** * Function Name: UART_1_tx_SetInterruptMode
 172:Generated_Source\PSoC4/UART_1_tx.c **** ****************************************************************************//**
 173:Generated_Source\PSoC4/UART_1_tx.c **** *
 174:Generated_Source\PSoC4/UART_1_tx.c **** * \brief Configures the interrupt mode for each of the Pins component's
 175:Generated_Source\PSoC4/UART_1_tx.c **** *  pins. Alternatively you may set the interrupt mode for all the pins
 176:Generated_Source\PSoC4/UART_1_tx.c **** *  specified in the Pins component.
 177:Generated_Source\PSoC4/UART_1_tx.c **** *
 178:Generated_Source\PSoC4/UART_1_tx.c **** *  <b>Note</b> The interrupt is port-wide and therefore any enabled pin
 179:Generated_Source\PSoC4/UART_1_tx.c **** *  interrupt may trigger it.
 180:Generated_Source\PSoC4/UART_1_tx.c **** *
 181:Generated_Source\PSoC4/UART_1_tx.c **** * \param position
 182:Generated_Source\PSoC4/UART_1_tx.c **** *  The pin position as listed in the Pins component. You may OR these to be 
 183:Generated_Source\PSoC4/UART_1_tx.c **** *  able to configure the interrupt mode of multiple pins within a Pins 
 184:Generated_Source\PSoC4/UART_1_tx.c **** *  component. Or you may use UART_1_tx_INTR_ALL to configure the
 185:Generated_Source\PSoC4/UART_1_tx.c **** *  interrupt mode of all the pins in the Pins component.       
 186:Generated_Source\PSoC4/UART_1_tx.c **** *  - UART_1_tx_0_INTR       (First pin in the list)
 187:Generated_Source\PSoC4/UART_1_tx.c **** *  - UART_1_tx_1_INTR       (Second pin in the list)
 188:Generated_Source\PSoC4/UART_1_tx.c **** *  - ...
 189:Generated_Source\PSoC4/UART_1_tx.c **** *  - UART_1_tx_INTR_ALL     (All pins in Pins component)
 190:Generated_Source\PSoC4/UART_1_tx.c **** *
 191:Generated_Source\PSoC4/UART_1_tx.c **** * \param mode
 192:Generated_Source\PSoC4/UART_1_tx.c **** *  Interrupt mode for the selected pins. Valid options are documented in
 193:Generated_Source\PSoC4/UART_1_tx.c **** *  \ref intrMode.
 194:Generated_Source\PSoC4/UART_1_tx.c **** *
 195:Generated_Source\PSoC4/UART_1_tx.c **** * \return 
 196:Generated_Source\PSoC4/UART_1_tx.c **** *  None
 197:Generated_Source\PSoC4/UART_1_tx.c **** *  
 198:Generated_Source\PSoC4/UART_1_tx.c **** * \sideeffect
 199:Generated_Source\PSoC4/UART_1_tx.c **** *  It is recommended that the interrupt be disabled before calling this 
 200:Generated_Source\PSoC4/UART_1_tx.c **** *  function to avoid unintended interrupt requests. Note that the interrupt
 201:Generated_Source\PSoC4/UART_1_tx.c **** *  type is port wide, and therefore will trigger for any enabled pin on the 
 202:Generated_Source\PSoC4/UART_1_tx.c **** *  port.
 203:Generated_Source\PSoC4/UART_1_tx.c **** *
 204:Generated_Source\PSoC4/UART_1_tx.c **** * \funcusage
 205:Generated_Source\PSoC4/UART_1_tx.c **** *  \snippet UART_1_tx_SUT.c usage_UART_1_tx_SetInterruptMode
 206:Generated_Source\PSoC4/UART_1_tx.c **** *******************************************************************************/
 207:Generated_Source\PSoC4/UART_1_tx.c **** void UART_1_tx_SetInterruptMode(uint16 position, uint16 mode)
 208:Generated_Source\PSoC4/UART_1_tx.c **** {
 414              		.loc 1 208 0
 415              		.cfi_startproc
 416              	.LVL4:
 209:Generated_Source\PSoC4/UART_1_tx.c ****     uint32 intrCfg;
 210:Generated_Source\PSoC4/UART_1_tx.c ****     
 211:Generated_Source\PSoC4/UART_1_tx.c ****     intrCfg =  UART_1_tx_INTCFG & (uint32)(~(uint32)position);
 417              		.loc 1 211 0
 418 0000 034A     		ldr	r2, .L14
 212:Generated_Source\PSoC4/UART_1_tx.c ****     UART_1_tx_INTCFG = intrCfg | ((uint32)position & (uint32)mode);
ARM GAS  C:\Users\IYANG~1.DES\AppData\Local\Temp\ccZxlspL.s 			page 27


 213:Generated_Source\PSoC4/UART_1_tx.c **** }
 419              		.loc 1 213 0
 420              		@ sp needed
 211:Generated_Source\PSoC4/UART_1_tx.c ****     UART_1_tx_INTCFG = intrCfg | ((uint32)position & (uint32)mode);
 421              		.loc 1 211 0
 422 0002 1368     		ldr	r3, [r2]
 423              	.LVL5:
 424 0004 8343     		bic	r3, r0
 425              	.LVL6:
 212:Generated_Source\PSoC4/UART_1_tx.c ****     UART_1_tx_INTCFG = intrCfg | ((uint32)position & (uint32)mode);
 426              		.loc 1 212 0
 427 0006 0840     		and	r0, r1
 428              	.LVL7:
 429 0008 1843     		orr	r0, r3
 430 000a 1060     		str	r0, [r2]
 431              		.loc 1 213 0
 432 000c 7047     		bx	lr
 433              	.L15:
 434 000e C046     		.align	2
 435              	.L14:
 436 0010 0C010440 		.word	1074004236
 437              		.cfi_endproc
 438              	.LFE4:
 439              		.size	UART_1_tx_SetInterruptMode, .-UART_1_tx_SetInterruptMode
 440              		.section	.text.UART_1_tx_ClearInterrupt,"ax",%progbits
 441              		.align	2
 442              		.global	UART_1_tx_ClearInterrupt
 443              		.code	16
 444              		.thumb_func
 445              		.type	UART_1_tx_ClearInterrupt, %function
 446              	UART_1_tx_ClearInterrupt:
 447              	.LFB5:
 214:Generated_Source\PSoC4/UART_1_tx.c **** 
 215:Generated_Source\PSoC4/UART_1_tx.c **** 
 216:Generated_Source\PSoC4/UART_1_tx.c **** /*******************************************************************************
 217:Generated_Source\PSoC4/UART_1_tx.c **** * Function Name: UART_1_tx_ClearInterrupt
 218:Generated_Source\PSoC4/UART_1_tx.c **** ****************************************************************************//**
 219:Generated_Source\PSoC4/UART_1_tx.c **** *
 220:Generated_Source\PSoC4/UART_1_tx.c **** * \brief Clears any active interrupts attached with the component and returns 
 221:Generated_Source\PSoC4/UART_1_tx.c **** *  the value of the interrupt status register allowing determination of which
 222:Generated_Source\PSoC4/UART_1_tx.c **** *  pins generated an interrupt event.
 223:Generated_Source\PSoC4/UART_1_tx.c **** *
 224:Generated_Source\PSoC4/UART_1_tx.c **** * \return 
 225:Generated_Source\PSoC4/UART_1_tx.c **** *  The right-shifted current value of the interrupt status register. Each pin 
 226:Generated_Source\PSoC4/UART_1_tx.c **** *  has one bit set if it generated an interrupt event. For example, bit 0 is 
 227:Generated_Source\PSoC4/UART_1_tx.c **** *  for pin 0 and bit 1 is for pin 1 of the Pins component.
 228:Generated_Source\PSoC4/UART_1_tx.c **** *  
 229:Generated_Source\PSoC4/UART_1_tx.c **** * \sideeffect
 230:Generated_Source\PSoC4/UART_1_tx.c **** *  Clears all bits of the physical port's interrupt status register, not just
 231:Generated_Source\PSoC4/UART_1_tx.c **** *  those associated with the Pins component.
 232:Generated_Source\PSoC4/UART_1_tx.c **** *
 233:Generated_Source\PSoC4/UART_1_tx.c **** * \funcusage
 234:Generated_Source\PSoC4/UART_1_tx.c **** *  \snippet UART_1_tx_SUT.c usage_UART_1_tx_ClearInterrupt
 235:Generated_Source\PSoC4/UART_1_tx.c **** *******************************************************************************/
 236:Generated_Source\PSoC4/UART_1_tx.c **** uint8 UART_1_tx_ClearInterrupt(void)
 237:Generated_Source\PSoC4/UART_1_tx.c **** {
 448              		.loc 1 237 0
ARM GAS  C:\Users\IYANG~1.DES\AppData\Local\Temp\ccZxlspL.s 			page 28


 449              		.cfi_startproc
 238:Generated_Source\PSoC4/UART_1_tx.c **** 	uint8 maskedStatus = (uint8)(UART_1_tx_INTSTAT & UART_1_tx_MASK);
 450              		.loc 1 238 0
 451 0000 2020     		mov	r0, #32
 452 0002 034A     		ldr	r2, .L17
 239:Generated_Source\PSoC4/UART_1_tx.c **** 	UART_1_tx_INTSTAT = maskedStatus;
 240:Generated_Source\PSoC4/UART_1_tx.c ****     return maskedStatus >> UART_1_tx_SHIFT;
 241:Generated_Source\PSoC4/UART_1_tx.c **** }
 453              		.loc 1 241 0
 454              		@ sp needed
 238:Generated_Source\PSoC4/UART_1_tx.c **** 	uint8 maskedStatus = (uint8)(UART_1_tx_INTSTAT & UART_1_tx_MASK);
 455              		.loc 1 238 0
 456 0004 1368     		ldr	r3, [r2]
 457 0006 1840     		and	r0, r3
 458              	.LVL8:
 239:Generated_Source\PSoC4/UART_1_tx.c **** 	UART_1_tx_INTSTAT = maskedStatus;
 459              		.loc 1 239 0
 460 0008 1060     		str	r0, [r2]
 240:Generated_Source\PSoC4/UART_1_tx.c **** }
 461              		.loc 1 240 0
 462 000a 4009     		lsr	r0, r0, #5
 463              	.LVL9:
 464 000c C0B2     		uxtb	r0, r0
 465              		.loc 1 241 0
 466 000e 7047     		bx	lr
 467              	.L18:
 468              		.align	2
 469              	.L17:
 470 0010 10010440 		.word	1074004240
 471              		.cfi_endproc
 472              	.LFE5:
 473              		.size	UART_1_tx_ClearInterrupt, .-UART_1_tx_ClearInterrupt
 474              		.text
 475              	.Letext0:
 476              		.file 2 "Generated_Source\\PSoC4\\cytypes.h"
 477              		.section	.debug_info,"",%progbits
 478              	.Ldebug_info0:
 479 0000 97010000 		.4byte	0x197
 480 0004 0400     		.2byte	0x4
 481 0006 00000000 		.4byte	.Ldebug_abbrev0
 482 000a 04       		.byte	0x4
 483 000b 01       		.uleb128 0x1
 484 000c 9C010000 		.4byte	.LASF27
 485 0010 01       		.byte	0x1
 486 0011 4F010000 		.4byte	.LASF28
 487 0015 27000000 		.4byte	.LASF29
 488 0019 00000000 		.4byte	.Ldebug_ranges0+0
 489 001d 00000000 		.4byte	0
 490 0021 00000000 		.4byte	.Ldebug_line0
 491 0025 02       		.uleb128 0x2
 492 0026 01       		.byte	0x1
 493 0027 06       		.byte	0x6
 494 0028 5A020000 		.4byte	.LASF0
 495 002c 02       		.uleb128 0x2
 496 002d 01       		.byte	0x1
 497 002e 08       		.byte	0x8
 498 002f 80000000 		.4byte	.LASF1
ARM GAS  C:\Users\IYANG~1.DES\AppData\Local\Temp\ccZxlspL.s 			page 29


 499 0033 02       		.uleb128 0x2
 500 0034 02       		.byte	0x2
 501 0035 05       		.byte	0x5
 502 0036 92010000 		.4byte	.LASF2
 503 003a 02       		.uleb128 0x2
 504 003b 02       		.byte	0x2
 505 003c 07       		.byte	0x7
 506 003d A6000000 		.4byte	.LASF3
 507 0041 02       		.uleb128 0x2
 508 0042 04       		.byte	0x4
 509 0043 05       		.byte	0x5
 510 0044 51020000 		.4byte	.LASF4
 511 0048 02       		.uleb128 0x2
 512 0049 04       		.byte	0x4
 513 004a 07       		.byte	0x7
 514 004b 94000000 		.4byte	.LASF5
 515 004f 02       		.uleb128 0x2
 516 0050 08       		.byte	0x8
 517 0051 05       		.byte	0x5
 518 0052 72010000 		.4byte	.LASF6
 519 0056 02       		.uleb128 0x2
 520 0057 08       		.byte	0x8
 521 0058 07       		.byte	0x7
 522 0059 23010000 		.4byte	.LASF7
 523 005d 03       		.uleb128 0x3
 524 005e 04       		.byte	0x4
 525 005f 05       		.byte	0x5
 526 0060 696E7400 		.ascii	"int\000"
 527 0064 02       		.uleb128 0x2
 528 0065 04       		.byte	0x4
 529 0066 07       		.byte	0x7
 530 0067 16010000 		.4byte	.LASF8
 531 006b 04       		.uleb128 0x4
 532 006c 4B020000 		.4byte	.LASF9
 533 0070 02       		.byte	0x2
 534 0071 9801     		.2byte	0x198
 535 0073 2C000000 		.4byte	0x2c
 536 0077 04       		.uleb128 0x4
 537 0078 F0000000 		.4byte	.LASF10
 538 007c 02       		.byte	0x2
 539 007d 9901     		.2byte	0x199
 540 007f 3A000000 		.4byte	0x3a
 541 0083 04       		.uleb128 0x4
 542 0084 00010000 		.4byte	.LASF11
 543 0088 02       		.byte	0x2
 544 0089 9A01     		.2byte	0x19a
 545 008b 48000000 		.4byte	0x48
 546 008f 02       		.uleb128 0x2
 547 0090 04       		.byte	0x4
 548 0091 04       		.byte	0x4
 549 0092 7A000000 		.4byte	.LASF12
 550 0096 02       		.uleb128 0x2
 551 0097 08       		.byte	0x8
 552 0098 04       		.byte	0x4
 553 0099 B9000000 		.4byte	.LASF13
 554 009d 02       		.uleb128 0x2
 555 009e 01       		.byte	0x1
ARM GAS  C:\Users\IYANG~1.DES\AppData\Local\Temp\ccZxlspL.s 			page 30


 556 009f 08       		.byte	0x8
 557 00a0 8D010000 		.4byte	.LASF14
 558 00a4 04       		.uleb128 0x4
 559 00a5 00000000 		.4byte	.LASF15
 560 00a9 02       		.byte	0x2
 561 00aa 4402     		.2byte	0x244
 562 00ac B0000000 		.4byte	0xb0
 563 00b0 05       		.uleb128 0x5
 564 00b1 83000000 		.4byte	0x83
 565 00b5 06       		.uleb128 0x6
 566 00b6 C0000000 		.4byte	.LASF16
 567 00ba 01       		.byte	0x1
 568 00bb 48       		.byte	0x48
 569 00bc 00000000 		.4byte	.LFB0
 570 00c0 18000000 		.4byte	.LFE0-.LFB0
 571 00c4 01       		.uleb128 0x1
 572 00c5 9C       		.byte	0x9c
 573 00c6 DA000000 		.4byte	0xda
 574 00ca 07       		.uleb128 0x7
 575 00cb 3A010000 		.4byte	.LASF18
 576 00cf 01       		.byte	0x1
 577 00d0 48       		.byte	0x48
 578 00d1 6B000000 		.4byte	0x6b
 579 00d5 00000000 		.4byte	.LLST0
 580 00d9 00       		.byte	0
 581 00da 06       		.uleb128 0x6
 582 00db 3F010000 		.4byte	.LASF17
 583 00df 01       		.byte	0x1
 584 00e0 6F       		.byte	0x6f
 585 00e1 00000000 		.4byte	.LFB1
 586 00e5 1C000000 		.4byte	.LFE1-.LFB1
 587 00e9 01       		.uleb128 0x1
 588 00ea 9C       		.byte	0x9c
 589 00eb 0A010000 		.4byte	0x10a
 590 00ef 07       		.uleb128 0x7
 591 00f0 06000000 		.4byte	.LASF19
 592 00f4 01       		.byte	0x1
 593 00f5 6F       		.byte	0x6f
 594 00f6 6B000000 		.4byte	0x6b
 595 00fa 21000000 		.4byte	.LLST1
 596 00fe 08       		.uleb128 0x8
 597 00ff 8E000000 		.4byte	.LASF30
 598 0103 01       		.byte	0x1
 599 0104 71       		.byte	0x71
 600 0105 6B000000 		.4byte	0x6b
 601 0109 00       		.byte	0
 602 010a 09       		.uleb128 0x9
 603 010b 07010000 		.4byte	.LASF20
 604 010f 01       		.byte	0x1
 605 0110 88       		.byte	0x88
 606 0111 6B000000 		.4byte	0x6b
 607 0115 00000000 		.4byte	.LFB2
 608 0119 10000000 		.4byte	.LFE2-.LFB2
 609 011d 01       		.uleb128 0x1
 610 011e 9C       		.byte	0x9c
 611 011f 09       		.uleb128 0x9
 612 0120 64000000 		.4byte	.LASF21
ARM GAS  C:\Users\IYANG~1.DES\AppData\Local\Temp\ccZxlspL.s 			page 31


 613 0124 01       		.byte	0x1
 614 0125 A4       		.byte	0xa4
 615 0126 6B000000 		.4byte	0x6b
 616 012a 00000000 		.4byte	.LFB3
 617 012e 10000000 		.4byte	.LFE3-.LFB3
 618 0132 01       		.uleb128 0x1
 619 0133 9C       		.byte	0x9c
 620 0134 06       		.uleb128 0x6
 621 0135 0C000000 		.4byte	.LASF22
 622 0139 01       		.byte	0x1
 623 013a CF       		.byte	0xcf
 624 013b 00000000 		.4byte	.LFB4
 625 013f 14000000 		.4byte	.LFE4-.LFB4
 626 0143 01       		.uleb128 0x1
 627 0144 9C       		.byte	0x9c
 628 0145 75010000 		.4byte	0x175
 629 0149 07       		.uleb128 0x7
 630 014a F7000000 		.4byte	.LASF23
 631 014e 01       		.byte	0x1
 632 014f CF       		.byte	0xcf
 633 0150 77000000 		.4byte	0x77
 634 0154 42000000 		.4byte	.LLST2
 635 0158 0A       		.uleb128 0xa
 636 0159 3A010000 		.4byte	.LASF18
 637 015d 01       		.byte	0x1
 638 015e CF       		.byte	0xcf
 639 015f 77000000 		.4byte	0x77
 640 0163 01       		.uleb128 0x1
 641 0164 51       		.byte	0x51
 642 0165 0B       		.uleb128 0xb
 643 0166 43020000 		.4byte	.LASF25
 644 016a 01       		.byte	0x1
 645 016b D1       		.byte	0xd1
 646 016c 83000000 		.4byte	0x83
 647 0170 63000000 		.4byte	.LLST3
 648 0174 00       		.byte	0
 649 0175 0C       		.uleb128 0xc
 650 0176 D7000000 		.4byte	.LASF24
 651 017a 01       		.byte	0x1
 652 017b EC       		.byte	0xec
 653 017c 6B000000 		.4byte	0x6b
 654 0180 00000000 		.4byte	.LFB5
 655 0184 14000000 		.4byte	.LFE5-.LFB5
 656 0188 01       		.uleb128 0x1
 657 0189 9C       		.byte	0x9c
 658 018a 0B       		.uleb128 0xb
 659 018b 80010000 		.4byte	.LASF26
 660 018f 01       		.byte	0x1
 661 0190 EE       		.byte	0xee
 662 0191 6B000000 		.4byte	0x6b
 663 0195 80000000 		.4byte	.LLST4
 664 0199 00       		.byte	0
 665 019a 00       		.byte	0
 666              		.section	.debug_abbrev,"",%progbits
 667              	.Ldebug_abbrev0:
 668 0000 01       		.uleb128 0x1
 669 0001 11       		.uleb128 0x11
ARM GAS  C:\Users\IYANG~1.DES\AppData\Local\Temp\ccZxlspL.s 			page 32


 670 0002 01       		.byte	0x1
 671 0003 25       		.uleb128 0x25
 672 0004 0E       		.uleb128 0xe
 673 0005 13       		.uleb128 0x13
 674 0006 0B       		.uleb128 0xb
 675 0007 03       		.uleb128 0x3
 676 0008 0E       		.uleb128 0xe
 677 0009 1B       		.uleb128 0x1b
 678 000a 0E       		.uleb128 0xe
 679 000b 55       		.uleb128 0x55
 680 000c 17       		.uleb128 0x17
 681 000d 11       		.uleb128 0x11
 682 000e 01       		.uleb128 0x1
 683 000f 10       		.uleb128 0x10
 684 0010 17       		.uleb128 0x17
 685 0011 00       		.byte	0
 686 0012 00       		.byte	0
 687 0013 02       		.uleb128 0x2
 688 0014 24       		.uleb128 0x24
 689 0015 00       		.byte	0
 690 0016 0B       		.uleb128 0xb
 691 0017 0B       		.uleb128 0xb
 692 0018 3E       		.uleb128 0x3e
 693 0019 0B       		.uleb128 0xb
 694 001a 03       		.uleb128 0x3
 695 001b 0E       		.uleb128 0xe
 696 001c 00       		.byte	0
 697 001d 00       		.byte	0
 698 001e 03       		.uleb128 0x3
 699 001f 24       		.uleb128 0x24
 700 0020 00       		.byte	0
 701 0021 0B       		.uleb128 0xb
 702 0022 0B       		.uleb128 0xb
 703 0023 3E       		.uleb128 0x3e
 704 0024 0B       		.uleb128 0xb
 705 0025 03       		.uleb128 0x3
 706 0026 08       		.uleb128 0x8
 707 0027 00       		.byte	0
 708 0028 00       		.byte	0
 709 0029 04       		.uleb128 0x4
 710 002a 16       		.uleb128 0x16
 711 002b 00       		.byte	0
 712 002c 03       		.uleb128 0x3
 713 002d 0E       		.uleb128 0xe
 714 002e 3A       		.uleb128 0x3a
 715 002f 0B       		.uleb128 0xb
 716 0030 3B       		.uleb128 0x3b
 717 0031 05       		.uleb128 0x5
 718 0032 49       		.uleb128 0x49
 719 0033 13       		.uleb128 0x13
 720 0034 00       		.byte	0
 721 0035 00       		.byte	0
 722 0036 05       		.uleb128 0x5
 723 0037 35       		.uleb128 0x35
 724 0038 00       		.byte	0
 725 0039 49       		.uleb128 0x49
 726 003a 13       		.uleb128 0x13
ARM GAS  C:\Users\IYANG~1.DES\AppData\Local\Temp\ccZxlspL.s 			page 33


 727 003b 00       		.byte	0
 728 003c 00       		.byte	0
 729 003d 06       		.uleb128 0x6
 730 003e 2E       		.uleb128 0x2e
 731 003f 01       		.byte	0x1
 732 0040 3F       		.uleb128 0x3f
 733 0041 19       		.uleb128 0x19
 734 0042 03       		.uleb128 0x3
 735 0043 0E       		.uleb128 0xe
 736 0044 3A       		.uleb128 0x3a
 737 0045 0B       		.uleb128 0xb
 738 0046 3B       		.uleb128 0x3b
 739 0047 0B       		.uleb128 0xb
 740 0048 27       		.uleb128 0x27
 741 0049 19       		.uleb128 0x19
 742 004a 11       		.uleb128 0x11
 743 004b 01       		.uleb128 0x1
 744 004c 12       		.uleb128 0x12
 745 004d 06       		.uleb128 0x6
 746 004e 40       		.uleb128 0x40
 747 004f 18       		.uleb128 0x18
 748 0050 9742     		.uleb128 0x2117
 749 0052 19       		.uleb128 0x19
 750 0053 01       		.uleb128 0x1
 751 0054 13       		.uleb128 0x13
 752 0055 00       		.byte	0
 753 0056 00       		.byte	0
 754 0057 07       		.uleb128 0x7
 755 0058 05       		.uleb128 0x5
 756 0059 00       		.byte	0
 757 005a 03       		.uleb128 0x3
 758 005b 0E       		.uleb128 0xe
 759 005c 3A       		.uleb128 0x3a
 760 005d 0B       		.uleb128 0xb
 761 005e 3B       		.uleb128 0x3b
 762 005f 0B       		.uleb128 0xb
 763 0060 49       		.uleb128 0x49
 764 0061 13       		.uleb128 0x13
 765 0062 02       		.uleb128 0x2
 766 0063 17       		.uleb128 0x17
 767 0064 00       		.byte	0
 768 0065 00       		.byte	0
 769 0066 08       		.uleb128 0x8
 770 0067 34       		.uleb128 0x34
 771 0068 00       		.byte	0
 772 0069 03       		.uleb128 0x3
 773 006a 0E       		.uleb128 0xe
 774 006b 3A       		.uleb128 0x3a
 775 006c 0B       		.uleb128 0xb
 776 006d 3B       		.uleb128 0x3b
 777 006e 0B       		.uleb128 0xb
 778 006f 49       		.uleb128 0x49
 779 0070 13       		.uleb128 0x13
 780 0071 00       		.byte	0
 781 0072 00       		.byte	0
 782 0073 09       		.uleb128 0x9
 783 0074 2E       		.uleb128 0x2e
ARM GAS  C:\Users\IYANG~1.DES\AppData\Local\Temp\ccZxlspL.s 			page 34


 784 0075 00       		.byte	0
 785 0076 3F       		.uleb128 0x3f
 786 0077 19       		.uleb128 0x19
 787 0078 03       		.uleb128 0x3
 788 0079 0E       		.uleb128 0xe
 789 007a 3A       		.uleb128 0x3a
 790 007b 0B       		.uleb128 0xb
 791 007c 3B       		.uleb128 0x3b
 792 007d 0B       		.uleb128 0xb
 793 007e 27       		.uleb128 0x27
 794 007f 19       		.uleb128 0x19
 795 0080 49       		.uleb128 0x49
 796 0081 13       		.uleb128 0x13
 797 0082 11       		.uleb128 0x11
 798 0083 01       		.uleb128 0x1
 799 0084 12       		.uleb128 0x12
 800 0085 06       		.uleb128 0x6
 801 0086 40       		.uleb128 0x40
 802 0087 18       		.uleb128 0x18
 803 0088 9742     		.uleb128 0x2117
 804 008a 19       		.uleb128 0x19
 805 008b 00       		.byte	0
 806 008c 00       		.byte	0
 807 008d 0A       		.uleb128 0xa
 808 008e 05       		.uleb128 0x5
 809 008f 00       		.byte	0
 810 0090 03       		.uleb128 0x3
 811 0091 0E       		.uleb128 0xe
 812 0092 3A       		.uleb128 0x3a
 813 0093 0B       		.uleb128 0xb
 814 0094 3B       		.uleb128 0x3b
 815 0095 0B       		.uleb128 0xb
 816 0096 49       		.uleb128 0x49
 817 0097 13       		.uleb128 0x13
 818 0098 02       		.uleb128 0x2
 819 0099 18       		.uleb128 0x18
 820 009a 00       		.byte	0
 821 009b 00       		.byte	0
 822 009c 0B       		.uleb128 0xb
 823 009d 34       		.uleb128 0x34
 824 009e 00       		.byte	0
 825 009f 03       		.uleb128 0x3
 826 00a0 0E       		.uleb128 0xe
 827 00a1 3A       		.uleb128 0x3a
 828 00a2 0B       		.uleb128 0xb
 829 00a3 3B       		.uleb128 0x3b
 830 00a4 0B       		.uleb128 0xb
 831 00a5 49       		.uleb128 0x49
 832 00a6 13       		.uleb128 0x13
 833 00a7 02       		.uleb128 0x2
 834 00a8 17       		.uleb128 0x17
 835 00a9 00       		.byte	0
 836 00aa 00       		.byte	0
 837 00ab 0C       		.uleb128 0xc
 838 00ac 2E       		.uleb128 0x2e
 839 00ad 01       		.byte	0x1
 840 00ae 3F       		.uleb128 0x3f
ARM GAS  C:\Users\IYANG~1.DES\AppData\Local\Temp\ccZxlspL.s 			page 35


 841 00af 19       		.uleb128 0x19
 842 00b0 03       		.uleb128 0x3
 843 00b1 0E       		.uleb128 0xe
 844 00b2 3A       		.uleb128 0x3a
 845 00b3 0B       		.uleb128 0xb
 846 00b4 3B       		.uleb128 0x3b
 847 00b5 0B       		.uleb128 0xb
 848 00b6 27       		.uleb128 0x27
 849 00b7 19       		.uleb128 0x19
 850 00b8 49       		.uleb128 0x49
 851 00b9 13       		.uleb128 0x13
 852 00ba 11       		.uleb128 0x11
 853 00bb 01       		.uleb128 0x1
 854 00bc 12       		.uleb128 0x12
 855 00bd 06       		.uleb128 0x6
 856 00be 40       		.uleb128 0x40
 857 00bf 18       		.uleb128 0x18
 858 00c0 9742     		.uleb128 0x2117
 859 00c2 19       		.uleb128 0x19
 860 00c3 00       		.byte	0
 861 00c4 00       		.byte	0
 862 00c5 00       		.byte	0
 863              		.section	.debug_loc,"",%progbits
 864              	.Ldebug_loc0:
 865              	.LLST0:
 866 0000 00000000 		.4byte	.LVL0
 867 0004 08000000 		.4byte	.LVL1
 868 0008 0100     		.2byte	0x1
 869 000a 50       		.byte	0x50
 870 000b 08000000 		.4byte	.LVL1
 871 000f 18000000 		.4byte	.LFE0
 872 0013 0400     		.2byte	0x4
 873 0015 F3       		.byte	0xf3
 874 0016 01       		.uleb128 0x1
 875 0017 50       		.byte	0x50
 876 0018 9F       		.byte	0x9f
 877 0019 00000000 		.4byte	0
 878 001d 00000000 		.4byte	0
 879              	.LLST1:
 880 0021 00000000 		.4byte	.LVL2
 881 0025 04000000 		.4byte	.LVL3
 882 0029 0100     		.2byte	0x1
 883 002b 50       		.byte	0x50
 884 002c 04000000 		.4byte	.LVL3
 885 0030 1C000000 		.4byte	.LFE1
 886 0034 0400     		.2byte	0x4
 887 0036 F3       		.byte	0xf3
 888 0037 01       		.uleb128 0x1
 889 0038 50       		.byte	0x50
 890 0039 9F       		.byte	0x9f
 891 003a 00000000 		.4byte	0
 892 003e 00000000 		.4byte	0
 893              	.LLST2:
 894 0042 00000000 		.4byte	.LVL4
 895 0046 08000000 		.4byte	.LVL7
 896 004a 0100     		.2byte	0x1
 897 004c 50       		.byte	0x50
ARM GAS  C:\Users\IYANG~1.DES\AppData\Local\Temp\ccZxlspL.s 			page 36


 898 004d 08000000 		.4byte	.LVL7
 899 0051 14000000 		.4byte	.LFE4
 900 0055 0400     		.2byte	0x4
 901 0057 F3       		.byte	0xf3
 902 0058 01       		.uleb128 0x1
 903 0059 50       		.byte	0x50
 904 005a 9F       		.byte	0x9f
 905 005b 00000000 		.4byte	0
 906 005f 00000000 		.4byte	0
 907              	.LLST3:
 908 0063 04000000 		.4byte	.LVL5
 909 0067 06000000 		.4byte	.LVL6
 910 006b 0B00     		.2byte	0xb
 911 006d 70       		.byte	0x70
 912 006e 00       		.sleb128 0
 913 006f 0A       		.byte	0xa
 914 0070 FFFF     		.2byte	0xffff
 915 0072 1A       		.byte	0x1a
 916 0073 20       		.byte	0x20
 917 0074 73       		.byte	0x73
 918 0075 00       		.sleb128 0
 919 0076 1A       		.byte	0x1a
 920 0077 9F       		.byte	0x9f
 921 0078 00000000 		.4byte	0
 922 007c 00000000 		.4byte	0
 923              	.LLST4:
 924 0080 08000000 		.4byte	.LVL8
 925 0084 0C000000 		.4byte	.LVL9
 926 0088 0100     		.2byte	0x1
 927 008a 50       		.byte	0x50
 928 008b 0C000000 		.4byte	.LVL9
 929 008f 14000000 		.4byte	.LFE5
 930 0093 0400     		.2byte	0x4
 931 0095 72       		.byte	0x72
 932 0096 00       		.sleb128 0
 933 0097 06       		.byte	0x6
 934 0098 9F       		.byte	0x9f
 935 0099 00000000 		.4byte	0
 936 009d 00000000 		.4byte	0
 937              		.section	.debug_aranges,"",%progbits
 938 0000 44000000 		.4byte	0x44
 939 0004 0200     		.2byte	0x2
 940 0006 00000000 		.4byte	.Ldebug_info0
 941 000a 04       		.byte	0x4
 942 000b 00       		.byte	0
 943 000c 0000     		.2byte	0
 944 000e 0000     		.2byte	0
 945 0010 00000000 		.4byte	.LFB0
 946 0014 18000000 		.4byte	.LFE0-.LFB0
 947 0018 00000000 		.4byte	.LFB1
 948 001c 1C000000 		.4byte	.LFE1-.LFB1
 949 0020 00000000 		.4byte	.LFB2
 950 0024 10000000 		.4byte	.LFE2-.LFB2
 951 0028 00000000 		.4byte	.LFB3
 952 002c 10000000 		.4byte	.LFE3-.LFB3
 953 0030 00000000 		.4byte	.LFB4
 954 0034 14000000 		.4byte	.LFE4-.LFB4
ARM GAS  C:\Users\IYANG~1.DES\AppData\Local\Temp\ccZxlspL.s 			page 37


 955 0038 00000000 		.4byte	.LFB5
 956 003c 14000000 		.4byte	.LFE5-.LFB5
 957 0040 00000000 		.4byte	0
 958 0044 00000000 		.4byte	0
 959              		.section	.debug_ranges,"",%progbits
 960              	.Ldebug_ranges0:
 961 0000 00000000 		.4byte	.LFB0
 962 0004 18000000 		.4byte	.LFE0
 963 0008 00000000 		.4byte	.LFB1
 964 000c 1C000000 		.4byte	.LFE1
 965 0010 00000000 		.4byte	.LFB2
 966 0014 10000000 		.4byte	.LFE2
 967 0018 00000000 		.4byte	.LFB3
 968 001c 10000000 		.4byte	.LFE3
 969 0020 00000000 		.4byte	.LFB4
 970 0024 14000000 		.4byte	.LFE4
 971 0028 00000000 		.4byte	.LFB5
 972 002c 14000000 		.4byte	.LFE5
 973 0030 00000000 		.4byte	0
 974 0034 00000000 		.4byte	0
 975              		.section	.debug_line,"",%progbits
 976              	.Ldebug_line0:
 977 0000 CA000000 		.section	.debug_str,"MS",%progbits,1
 977      02004600 
 977      00000201 
 977      FB0E0D00 
 977      01010101 
 978              	.LASF15:
 979 0000 72656733 		.ascii	"reg32\000"
 979      3200
 980              	.LASF19:
 981 0006 76616C75 		.ascii	"value\000"
 981      6500
 982              	.LASF22:
 983 000c 55415254 		.ascii	"UART_1_tx_SetInterruptMode\000"
 983      5F315F74 
 983      785F5365 
 983      74496E74 
 983      65727275 
 984              	.LASF29:
 985 0027 443A5C44 		.ascii	"D:\\Dropbox\\blog\\UV sensor\\SW\\UVSensorCypress\\"
 985      726F7062 
 985      6F785C62 
 985      6C6F675C 
 985      55562073 
 986 0054 55562053 		.ascii	"UV Sensor.cydsn\000"
 986      656E736F 
 986      722E6379 
 986      64736E00 
 987              	.LASF21:
 988 0064 55415254 		.ascii	"UART_1_tx_ReadDataReg\000"
 988      5F315F74 
 988      785F5265 
 988      61644461 
 988      74615265 
 989              	.LASF12:
 990 007a 666C6F61 		.ascii	"float\000"
ARM GAS  C:\Users\IYANG~1.DES\AppData\Local\Temp\ccZxlspL.s 			page 38


 990      7400
 991              	.LASF1:
 992 0080 756E7369 		.ascii	"unsigned char\000"
 992      676E6564 
 992      20636861 
 992      7200
 993              	.LASF30:
 994 008e 64725661 		.ascii	"drVal\000"
 994      6C00
 995              	.LASF5:
 996 0094 6C6F6E67 		.ascii	"long unsigned int\000"
 996      20756E73 
 996      69676E65 
 996      6420696E 
 996      7400
 997              	.LASF3:
 998 00a6 73686F72 		.ascii	"short unsigned int\000"
 998      7420756E 
 998      7369676E 
 998      65642069 
 998      6E7400
 999              	.LASF13:
 1000 00b9 646F7562 		.ascii	"double\000"
 1000      6C6500
 1001              	.LASF16:
 1002 00c0 55415254 		.ascii	"UART_1_tx_SetDriveMode\000"
 1002      5F315F74 
 1002      785F5365 
 1002      74447269 
 1002      76654D6F 
 1003              	.LASF24:
 1004 00d7 55415254 		.ascii	"UART_1_tx_ClearInterrupt\000"
 1004      5F315F74 
 1004      785F436C 
 1004      65617249 
 1004      6E746572 
 1005              	.LASF10:
 1006 00f0 75696E74 		.ascii	"uint16\000"
 1006      313600
 1007              	.LASF23:
 1008 00f7 706F7369 		.ascii	"position\000"
 1008      74696F6E 
 1008      00
 1009              	.LASF11:
 1010 0100 75696E74 		.ascii	"uint32\000"
 1010      333200
 1011              	.LASF20:
 1012 0107 55415254 		.ascii	"UART_1_tx_Read\000"
 1012      5F315F74 
 1012      785F5265 
 1012      616400
 1013              	.LASF8:
 1014 0116 756E7369 		.ascii	"unsigned int\000"
 1014      676E6564 
 1014      20696E74 
 1014      00
 1015              	.LASF7:
ARM GAS  C:\Users\IYANG~1.DES\AppData\Local\Temp\ccZxlspL.s 			page 39


 1016 0123 6C6F6E67 		.ascii	"long long unsigned int\000"
 1016      206C6F6E 
 1016      6720756E 
 1016      7369676E 
 1016      65642069 
 1017              	.LASF18:
 1018 013a 6D6F6465 		.ascii	"mode\000"
 1018      00
 1019              	.LASF17:
 1020 013f 55415254 		.ascii	"UART_1_tx_Write\000"
 1020      5F315F74 
 1020      785F5772 
 1020      69746500 
 1021              	.LASF28:
 1022 014f 47656E65 		.ascii	"Generated_Source\\PSoC4\\UART_1_tx.c\000"
 1022      72617465 
 1022      645F536F 
 1022      75726365 
 1022      5C50536F 
 1023              	.LASF6:
 1024 0172 6C6F6E67 		.ascii	"long long int\000"
 1024      206C6F6E 
 1024      6720696E 
 1024      7400
 1025              	.LASF26:
 1026 0180 6D61736B 		.ascii	"maskedStatus\000"
 1026      65645374 
 1026      61747573 
 1026      00
 1027              	.LASF14:
 1028 018d 63686172 		.ascii	"char\000"
 1028      00
 1029              	.LASF2:
 1030 0192 73686F72 		.ascii	"short int\000"
 1030      7420696E 
 1030      7400
 1031              	.LASF27:
 1032 019c 474E5520 		.ascii	"GNU C 4.9.3 20150303 (release) [ARM/embedded-4_9-br"
 1032      4320342E 
 1032      392E3320 
 1032      32303135 
 1032      30333033 
 1033 01cf 616E6368 		.ascii	"anch revision 221220] -mcpu=cortex-m0 -mthumb -g -O"
 1033      20726576 
 1033      6973696F 
 1033      6E203232 
 1033      31323230 
 1034 0202 33202D66 		.ascii	"3 -ffunction-sections -finline-functions -flto -ffa"
 1034      66756E63 
 1034      74696F6E 
 1034      2D736563 
 1034      74696F6E 
 1035 0235 742D6C74 		.ascii	"t-lto-objects\000"
 1035      6F2D6F62 
 1035      6A656374 
 1035      7300
 1036              	.LASF25:
ARM GAS  C:\Users\IYANG~1.DES\AppData\Local\Temp\ccZxlspL.s 			page 40


 1037 0243 696E7472 		.ascii	"intrCfg\000"
 1037      43666700 
 1038              	.LASF9:
 1039 024b 75696E74 		.ascii	"uint8\000"
 1039      3800
 1040              	.LASF4:
 1041 0251 6C6F6E67 		.ascii	"long int\000"
 1041      20696E74 
 1041      00
 1042              	.LASF0:
 1043 025a 7369676E 		.ascii	"signed char\000"
 1043      65642063 
 1043      68617200 
 1044              		.comm	__gnu_lto_v1,1,1
 1045              		.ident	"GCC: (GNU Tools for ARM Embedded Processors) 4.9.3 20150303 (release) [ARM/embedded-4_9-br
