ARM GAS  C:\Users\IYANG~1.DES\AppData\Local\Temp\ccKuS8Fk.s 			page 1


   1              		.cpu cortex-m0
   2              		.fpu softvfp
   3              		.eabi_attribute 20, 1
   4              		.eabi_attribute 21, 1
   5              		.eabi_attribute 23, 3
   6              		.eabi_attribute 24, 1
   7              		.eabi_attribute 25, 1
   8              		.eabi_attribute 26, 1
   9              		.eabi_attribute 30, 2
  10              		.eabi_attribute 34, 0
  11              		.eabi_attribute 18, 4
  12              		.code	16
  13              		.file	"Vref.c"
  14              		.text
  15              	.Ltext0:
  16              		.section	.gnu.lto_.profile.181387c9,"",%progbits
  17 0000 789C6366 		.ascii	"x\234cf```a\200\000F\006%\031\000\000\324\000G"
  17      60606061 
  17      80004606 
  17      25190000 
  17      D40047
  18              		.text
  19              		.section	.gnu.lto_.jmpfuncs.181387c9,"",%progbits
  20 0000 789C6366 		.ascii	"x\234cf\300\016d\2404\033\003##c=#\210`b``f``abdd\256"
  20      C00E64A0 
  20      341B0323 
  20      23633D23 
  20      88606260 
  21 001d AF6705CA 		.ascii	"\257g\005\312\001\000 \267\002>"
  21      010020B7 
  21      023E
  22              		.text
  23              		.section	.gnu.lto_.inline.181387c9,"",%progbits
  24 0000 789C6D8C 		.ascii	"x\234m\214\321\011\2000\014\005/i\232V\020\034\301\015"
  24      D1098030 
  24      0C052F69 
  24      9A56101C 
  24      C10D
  25 0012 1CC1255D 		.ascii	"\034\301%]\240\2438\202\2438\202-JA4\037\011\\\336\273"
  25      A0A33882 
  25      A338822D 
  25      4A41341F 
  25      095CDEBB 
  26 0026 C0FF6CCF 		.ascii	"\300\377l\317uH.\202\200\346}\305\313\254\215\0139\335"
  26      75482E82 
  26      80E67DC5 
  26      CBAC8D0B 
  26      39DD
  27 0038 3874ACC7 		.ascii	"8t\254\307d\355\247D\023\324\312\334\343\341\213\214"
  27      64EDA744 
  27      13D4CADC 
  27      E3E18B8C 
  28 0048 218B3643 		.ascii	"!\2136C\365`oK]c\013E<\326\236\237K\357q\001\011\220"
  28      F5606F4B 
  28      5D630B45 
  28      3CD69E9F 
  28      4BEF7101 
ARM GAS  C:\Users\IYANG~1.DES\AppData\Local\Temp\ccKuS8Fk.s 			page 2


  29 005e 0E31     		.ascii	"\0161"
  30              		.text
  31              		.section	.gnu.lto_.pureconst.181387c9,"",%progbits
  32 0000 789C6366 		.ascii	"x\234cf``\340e\200\0006\006)F)&)f)\026)V)\000\005\261"
  32      6060E065 
  32      80003606 
  32      29462926 
  32      29662916 
  33 001a 00C2     		.ascii	"\000\302"
  34              		.text
  35              		.section	.gnu.lto_Vref_SetDriveMode.181387c9,"",%progbits
  36 0000 789C7D50 		.ascii	"x\234}P\277KBQ\024>\337}O\223$\212F\207\240\301$\210"
  36      BF4B4251 
  36      143EDF7D 
  36      4F93248A 
  36      4687A0C1 
  37 0016 A6FE80A0 		.ascii	"\246\376\200\240\2415\020\232\204\012}\321R\222\324"
  37      A135109A 
  37      840A7DD1 
  37      5292D4
  38 0025 ECD52C22 		.ascii	"\354\325,\"\010\354\307P\204K\021f\226\016\015\0155"
  38      08ECC750 
  38      844B1166 
  38      960E0D0D 
  38      35
  39 0036 88434344 		.ascii	"\210CCDaC\202\203-V\332RaT\016\361:\267\347\026t\341"
  39      61438283 
  39      2D56DA52 
  39      61540EF1 
  39      3AB7E716 
  40 004c DCF383EF 		.ascii	"\334\363\203\357\373\316\017\215\376>\027\333\006\210"
  40      FBCE0F8D 
  40      FE3E17DB 
  40      0688
  41 005a DCECA111 		.ascii	"\334\354\241\021D\374\232(\342\020\200\012\010\024\026"
  41      44FC9A28 
  41      E210800A 
  41      081416
  42 0069 08A326DE 		.ascii	"\010\243&\336\004\342\271\364\226\323\263/\245|\215"
  42      04E2B9F4 
  42      96D3B32F 
  42      A57C8D
  43 0078 9E4CC9CD 		.ascii	"\236L\311\315\361\206 \252\013K\007Ix\030\363\324\250"
  43      F18620AA 
  43      0B4B0749 
  43      7818F3D4 
  43      A8
  44 0089 25DBB46E 		.ascii	"%\333\264n\020\307\337k\305[\341\336\2232\232\273\314"
  44      10C7DF6B 
  44      C55BE1DE 
  44      93329ABB 
  44      CC
  45 009a C8413458 		.ascii	"\310A4X\364\000\0323\320\347B\257\213\270@H\301\255"
  45      F4001A33 
  45      D0E742AF 
  45      8BB84048 
  45      C1AD
ARM GAS  C:\Users\IYANG~1.DES\AppData\Local\Temp\ccKuS8Fk.s 			page 3


  46 00ac C06FB1EF 		.ascii	"\300o\261\357\242\323\036c\361\016K\023\207\260\363"
  46      A2D31E63 
  46      F10E4B13 
  46      87B0F3
  47 00bb 5C94EDCC 		.ascii	"\\\224\355\314I\323\254_\025\252=p\010\346\010M}:\024"
  47      49D3AC5F 
  47      15AA3D70 
  47      08E6084D 
  47      7D3A14
  48 00ce D3A642BB 		.ascii	"\323\246B\273\372\210*lj\346\007N\330k%\344?V\356\266"
  48      FA882A6C 
  48      6AE6074E 
  48      D86B25E4 
  48      3F56EEB6 
  49 00e2 ED4AE853 		.ascii	"\355J\350S\250\005\316\026W\213\255U\321\020\332\362"
  49      A805CE16 
  49      578BAD55 
  49      D110DAF2 
  50 00f2 525CEAAA 		.ascii	"R\\\352\252\355}\345\246\340\370-\221J\237w\317g\023"
  50      ED7DE5A6 
  50      E0F82D91 
  50      4A9F77CF 
  50      6713
  51 0104 D889C478 		.ascii	"\330\211\304xX\035i\270p\004\276\020\216\221\000\225"
  51      581D69B8 
  51      7004BE10 
  51      8E910095 
  52 0114 B0F0D554 		.ascii	"\260\360\325T\323,\301\372\343KJWl\361e\232f;!\303\350"
  52      D32CC1FA 
  52      E34B4A57 
  52      6CF1659A 
  52      663B21C3 
  53 0129 12A2E516 		.ascii	"\022\242\345\026\013f\373\024\272\242\2757i\026\323"
  53      0B66FB14 
  53      BAA2BD37 
  53      6916D3
  54 0138 C6A5FC3A 		.ascii	"\306\245\374:T\351\237\226Yn\311\014*#\222;\275\020"
  54      54E99F96 
  54      596EC90C 
  54      2A23923B 
  54      BD10
  55 014a 0AADEE5C 		.ascii	"\012\255\356\\\341\233\361v\274k\327\2601c\204&\346"
  55      E19BF176 
  55      BC6BD7B0 
  55      31638426 
  55      E6
  56 015b 8CC09837 		.ascii	"\214\300\23078\037\362\033\276\021oph\3007\0322&\373"
  56      381FF21B 
  56      BE116F70 
  56      68C0371A 
  56      3226FB
  57 016e FDA44F07 		.ascii	"\375\244O\007\003\306\017\331B\230\241"
  57      03C60FD9 
  57      4298A1
  58              		.text
  59              		.section	.gnu.lto_Vref_Write.181387c9,"",%progbits
  60 0000 789C6591 		.ascii	"x\234e\221OH\024Q\034\307\177\337\367fv\026\027*:\311"
ARM GAS  C:\Users\IYANG~1.DES\AppData\Local\Temp\ccKuS8Fk.s 			page 4


  60      4F481451 
  60      1CC77FDF 
  60      F7667616 
  60      172A3AC9 
  61 0014 1E8C1059 		.ascii	"\036\214\020Y\002\351\324-\220\240\203\327@\360$\304"
  61      02E9D42D 
  61      90A083D7 
  61      40F024C4 
  62 0024 A2D34912 		.ascii	"\242\323I\022\226\364\352[\235\334\360\264\205\310\222"
  62      96F4EA5B 
  62      9DDCF0B4 
  62      85C892
  63 0033 A86D6169 		.ascii	"\250mai[\256\332\261\313\340\241[\306v\350\217\310\346"
  63      5BAEDAB1 
  63      CBE0A15B 
  63      C676E88F 
  63      C8E6
  64 0045 E2067ACB 		.ascii	"\342\006z\313?h{\310\355\367\233wi\35113\357\315w\276"
  64      3F687BC8 
  64      EDF79B77 
  64      69E93133 
  64      EFCD77BE 
  65 0059 9FEFFCDE 		.ascii	"\237\357\374\336\357i\372\177$\371\356QD\335<C\023T"
  65      EF69FA7F 
  65      24F9EE51 
  65      44DD3C43 
  65      1354
  66 006b 7E8B281B 		.ascii	"~\213(\033W\200,\0104\2560\216\003u\250\220\017K\205"
  66      57802C08 
  66      34AE308E 
  66      0375A890 
  66      0F4B85
  67 007e 446AC918 		.ascii	"Dj\311\030\363\353\350}\373\303\366\006c\307\312\306"
  67      F3EBE87D 
  67      FBC3F606 
  67      63C7CAC6 
  68 008e E015526C 		.ascii	"\340\025Rl9.\231\031\255\257\202x\275V\371x\356u\275"
  68      392E9919 
  68      ADAF8278 
  68      BD56F978 
  68      EE75BD
  69 00a1 3066222C 		.ascii	"0f\",\257\232[hp\34624\023\350N\342Z\222X \254\240K"
  69      AF9A5B68 
  69      70E63234 
  69      13E84EE2 
  69      5A925820 
  70 00b8 CC47B3A5 		.ascii	"\314G\263\245S\245S\021X{\276\267\350u\026\031\334="
  70      53A55311 
  70      587BBEB7 
  70      E8751619 
  70      DC3D
  71 00ca D8FB9030 		.ascii	"\330\373\2200\005\023\3546\233W\204\177\375/o\007\003"
  71      0513EC36 
  71      9B57847F 
  71      FD2F6F07 
  71      03
  72 00db 87C19FAF 		.ascii	"\207\301\237\257\211X\300\205]B\011\235\266(\274A\014"
ARM GAS  C:\Users\IYANG~1.DES\AppData\Local\Temp\ccKuS8Fk.s 			page 5


  72      8958C085 
  72      5D42099D 
  72      B628BC41 
  72      0C
  73 00ec 3C8952BE 		.ascii	"<\211R\276\034\232f\363\335\311\343G7\321\246\370\307"
  73      1C9A66F3 
  73      DDC9E347 
  73      37D1A6F8 
  73      C7
  74 00fd 4AF3433B 		.ascii	"J\363C;$\037]H\0211\021\274H\210\213\201\250\316\267"
  74      241F5D48 
  74      113111BC 
  74      48888B81 
  74      A8CEB7
  75 0110 F4E027BF 		.ascii	"\364\340'\277\360\254\267\261y:\275\2650&\301gJ\032"
  75      F0ACB7B1 
  75      793ABDB5 
  75      3026C167 
  75      4A1A
  76 0122 525C2A04 		.ascii	"R\\*\004\330W\015\345\230\251\274q\244\224\037\365O"
  76      D8570DE5 
  76      98A9BC71 
  76      A4941FF5 
  76      4F
  77 0133 95782445 		.ascii	"\225x$E\225\325\236\345\226\365<\346\262\001o\337\305"
  77      95D59EE5 
  77      96F53CE6 
  77      B2016FDF 
  77      C5
  78 0144 5B24B10A 		.ascii	"[$\261\012\256\034e\314\203\2661\361-\267\243l\240\346"
  78      AE1C65CC 
  78      83B631F1 
  78      2DB7A36C 
  78      A0E6
  79 0156 4C56267F 		.ascii	"LV&\177O\355\300*\016\213\234\261\277R\234m\223H}\316"
  79      4FEDC02A 
  79      0E8B9CB1 
  79      BF529C6D 
  79      93487DCE 
  80 016a FD5A63FC 		.ascii	"\375Zc\374\013\"Fje\227\205>wX\210/\227\241\312\323"
  80      0B22466A 
  80      6597853E 
  80      7758882F 
  80      97A1CAD3 
  81 017e 97931705 		.ascii	"\227\223\027\005\0023\353\314\260\351$f-^\344rZc<\251"
  81      0233EBCC 
  81      B0E92466 
  81      2D5EE472 
  81      5A633CA9 
  82 0192 A69AAB2E 		.ascii	"\246\232\253.\364XS\334J\233Oj\027Dh\331K6t[w\263\301"
  82      F45853DC 
  82      4A9B4F6A 
  82      174468D9 
  82      4B36745B 
  83 01a9 BB6184AA 		.ascii	"\273a\204\252\310\206\337{\305/'S\347\363\345\306q\033"
  83      C886DF7B 
  83      C52F2753 
ARM GAS  C:\Users\IYANG~1.DES\AppData\Local\Temp\ccKuS8Fk.s 			page 6


  83      E7F3E5C6 
  83      711B
  84 01bb 3B7AFDFB 		.ascii	";z\375\373~&\375\300\037\272\33372\232\031\364\007\356"
  84      7E26FDC0 
  84      1FBADB37 
  84      329A19F4 
  84      07EE
  85 01cd F48DDCBE 		.ascii	"\364\215\334\2761\320\237\361\357]\037$w,=<\352\273"
  85      31D09FF1 
  85      EF5D1F24 
  85      772C3D3C 
  85      EABB
  86 01df 4399FEF4 		.ascii	"C\231\376\364\360_\346\223\316\031"
  86      F05FE693 
  86      CE19
  87              		.text
  88              		.section	.gnu.lto_Vref_Read.181387c9,"",%progbits
  89 0000 789C654F 		.ascii	"x\234eO\275KBQ\024?\277\363\236\"8\030\265\204C4%\201"
  89      BD4B4251 
  89      143FBFF3 
  89      9E223818 
  89      B5844334 
  90 0016 34F51F34 		.ascii	"4\365\0374\264\006BC\010\021\366\032\023\244f\257\317"
  90      B4064243 
  90      0811F61A 
  90      13A466AF 
  90      CF
  91 0027 97419334 		.ascii	"\227A\2234\032N\321\207\025\324\332T8K\"B\201\204-\006"
  91      1A4ED187 
  91      15D4DA54 
  91      384B2242 
  91      81842D06 
  92 003b B625F6F5 		.ascii	"\266%\366\365\206\262s\264\255\013\367\236{\177\347"
  92      86B273B4 
  92      AD0BF79E 
  92      7B7FE7
  93 004a FC3EAE45 		.ascii	"\374>\256E\377WT\366\004\210\246\245\302\"p\361\216"
  93      FF5754F6 
  93      0488A6A5 
  93      C22270F1 
  93      8E
  94 005b 28176240 		.ascii	"(\027b@/\004\3122\262x\341\036\243v\375\323D\354\310"
  94      2F04CA32 
  94      B278E11E 
  94      A376FDD3 
  94      44ECC8
  95 006e 18F7D56D 		.ascii	"\030\367\325m>\206w&}&\3523!\036\305\254\352\340\004"
  95      3E867726 
  95      7D26EA33 
  95      211EC5AC 
  95      EAE004
  96 0081 3192C19E 		.ascii	"1\222\301\236\367\375\020\016z\306\2301\355K\343\024"
  96      F7FD100E 
  96      7AC69831 
  96      ED4BE314 
  97 0091 41F1A0CB 		.ascii	"A\361\240\313\361[3\030\364k\373\335\031\0160\371,\216"
  97      F15B3318 
ARM GAS  C:\Users\IYANG~1.DES\AppData\Local\Temp\ccKuS8Fk.s 			page 7


  97      F46BFBDD 
  97      190E30F9 
  97      2C8E
  98 00a3 3EB34DAA 		.ascii	">\263M\252D\0359\324\364\231Y\253\325B\365c\357\276"
  98      441D39D4 
  98      F49959AB 
  98      D542F563 
  98      EFBE
  99 00b5 B2A2EC4F 		.ascii	"\262\242\354O\326\004\207\365\352[\240\313>[^\241hl"
  99      D60487F5 
  99      EA5BA0CB 
  99      3E5B5EA1 
  99      686C
 100 00c7 F57AEAD4 		.ascii	"\365z\352\324\033\241!D\372|/]\335D\3128\310y\360\331"
 100      1BA12144 
 100      FA7C2F5D 
 100      DD44CA38 
 100      C879F0D9 
 101 00db 4605519C 		.ascii	"F\005Q\234A\262\341\034eP\013n{\267\203\221\240%\232"
 101      41B2E11C 
 101      65500B6E 
 101      7BB78391 
 101      A0259A
 102 00ee 82E4BF0A 		.ascii	"\202\344\277\012\361\021`\013&\022\215\322q>\242\212"
 102      F111600B 
 102      26128DD2 
 102      713EA28A 
 103 00fe F2795C08 		.ascii	"\362y\\\010\271\215?\206=\014\011\015'Q\247\026\235"
 103      B98D3F86 
 103      3D0C090D 
 103      2751A716 
 103      9D
 104 010f 4D27B3B6 		.ascii	"M'\263\266\345\254\257&\322\333\231\224\223\\J\244\027"
 104      E5ACAF26 
 104      D2DB9994 
 104      935C4AA4 
 104      17
 105 0120 E693CB19 		.ascii	"\346\223\313\031gc.E\277\275\326kS"
 105      67632E45 
 105      BFBDD66B 
 105      53
 106              		.text
 107              		.section	.gnu.lto_Vref_ReadDataReg.181387c9,"",%progbits
 108 0000 789C654F 		.ascii	"x\234eO\277KBQ\024>\337y/\021\034\212Z\302!\332$\220"
 108      BF4B4251 
 108      143EDF79 
 108      2F111C8A 
 108      5AC221DA 
 109 0016 96FA0F1A 		.ascii	"\226\372\017\032Z\003\241!\204\010{\215\011\217\232"
 109      5A03A121 
 109      84087B8D 
 109      098F9A
 110 0025 BDEA4BA1 		.ascii	"\275\352K\241I\232\242\020j\260\254\204\346\266p\216"
 110      499AA210 
 110      6AB0AC84 
 110      E6B6708E 
 111 0035 421A2209 		.ascii	"B\032\"\011#x\205m\211`\275\241\354\034m\353\302\275"
ARM GAS  C:\Users\IYANG~1.DES\AppData\Local\Temp\ccKuS8Fk.s 			page 8


 111      2378856D 
 111      8960BDA1 
 111      EC1C6DEB 
 111      C2BD
 112 0047 E7DEEF9C 		.ascii	"\347\336\357\234\357\307\265\350\377\212\312\236\000"
 112      EFC7B5E8 
 112      FF8ACA9E 
 112      00
 113 0054 D1B45458 		.ascii	"\321\264TX\004.\335\022e\303\014\350\205@\031F\006\357"
 113      042EDD12 
 113      65C30CE8 
 113      85401946 
 113      06EF
 114 0066 DC61DC5C 		.ascii	"\334a\334\\\375\334#V1&\367Q\177|\212\354L\006L\324"
 114      FDDC2356 
 114      3126F751 
 114      7F7C8AEC 
 114      4C064CD4 
 115 007a 65423C8A 		.ascii	"eB<\212\031\325\301)b$\203\035\357\373!\022\362\214"
 115      19D5C129 
 115      6224831D 
 115      EFFB2112 
 115      F28C
 116 008c 3163DA97 		.ascii	"1c\332\227F\025!\361\240\313\361k\323\357w\337\366\332"
 116      461521F1 
 116      A0CBF16B 
 116      D3EF77DF 
 116      F6DA
 117 009e 733CC214 		.ascii	"s<\302\024\2608\006\3146\251\022\371r\250\351+\263V"
 117      B03806CC 
 117      36A912F9 
 117      72A8E92B 
 117      B356
 118 00b0 AB897A6F 		.ascii	"\253\211zo\267W[Q\366'k\202\343\312\276\2076\007l\231"
 118      B7575B51 
 118      F6276B82 
 118      E3CABE87 
 118      36076C99 
 119 00c4 42C9D8EA 		.ascii	"B\311\330\352\365\354\3375\302\003\210\364\371rT\254"
 119      F5ECDF35 
 119      C20388F4 
 119      F97254AC 
 120 00d4 5A651C66 		.ascii	"Ze\034f=\004l\343\014Q\234C\262\341\002eP\023\271V\321"
 120      3D046CE3 
 120      0C519C43 
 120      B2E10265 
 120      5013B956 
 121 00e9 C750D012 		.ascii	"\307P\320\022MA\362_\205\370\020\260\005\023\211\306"
 121      4D41F25F 
 121      85F810B0 
 121      051389C6 
 122 00f9 C1497E54 		.ascii	"\301I~T\025\345\363\250\011\271\205?\206=\010\011\015"
 122      15E5F3A8 
 122      09B9853F 
 122      863D0809 
 122      0D
 123 010a 2751A716 		.ascii	"'Q\247\026\235M\307]\333r\326W\023\351m7\345$\227\022"
ARM GAS  C:\Users\IYANG~1.DES\AppData\Local\Temp\ccKuS8Fk.s 			page 9


 123      9D4DC75D 
 123      DB72D657 
 123      13E96D37 
 123      E5249712 
 124 011e E985F9E4 		.ascii	"\351\205\371\344\262\353l\314\246\350\027\221Aj\273"
 124      B2EB6CCC 
 124      A6E81791 
 124      416ABB
 125              		.text
 126              		.section	.gnu.lto_Vref_SetInterruptMode.181387c9,"",%progbits
 127 0000 789C6D91 		.ascii	"x\234m\221_HSQ\034\307\317\367\234\335\355\352\026I"
 127      5F485351 
 127      1CC7CFF7 
 127      9CDDEDEA 
 127      1649
 128 0012 F4207BE8 		.ascii	"\364 {\350\0172\204\202z\211\236\003\037z\013A\350I"
 128      0F328482 
 128      7A899E03 
 128      1F7A0B41 
 128      E849
 129 0024 88D06BEC 		.ascii	"\210\320k\354\241-\326z\352\301\27357\020\037\206IH"
 129      A12DD67A 
 129      EAC1BB35 
 129      37101F86 
 129      4948
 130 0036 2221156A 		.ascii	"\"!\025j+]YQ{\210\261\204\004\251\024\"\301b\231m\225"
 130      2B5D5951 
 130      7B88B184 
 130      04A91422 
 130      C162996D 
 131 004b 60E0DA6A 		.ascii	"`\340\332j.\210\365\373\335\273\036\244.\334s\316\357"
 131      2E88F5FB 
 131      DDBB1EA4 
 131      2EDC73CE 
 131      EF
 132 005c C3EFF73D 		.ascii	"\303\357\367=\337\337\357(\361\357\347\245\377\226\024"
 132      DFDFEF28 
 132      F1EFE7A5 
 132      FF9614
 133 006b E238ED50 		.ascii	"\3428\355P\0022\371J\210\210.\001>\010\210~\211~l\310"
 133      0232F94A 
 133      88882E01 
 133      3E08887E 
 133      897E6CC8 
 134 007f 9244329B 		.ascii	"\222D2\233\032u\267\3376Ms\353{\271u\240\265Feei\313"
 134      1A75B7DF 
 134      364D73EB 
 134      7BB975A0 
 134      B5466565 
 135 0095 6012ED94 		.ascii	"`\022\355\224R|2qY\035\204\240\343\342\372v\331\363"
 135      527C3271 
 135      591D84A0 
 135      E3E2FA76 
 135      D9F3
 136 00a7 55D6245A 		.ascii	"U\326$Z8\274\276R\254(\016\245\34405?\222v\371n\232"
 136      38BCBE52 
 136      AC280EA5 
ARM GAS  C:\Users\IYANG~1.DES\AppData\Local\Temp\ccKuS8Fk.s 			page 10


 136      E430353F 
 136      9276F96E 
 137 00bc 6634BB98 		.ascii	"f4\273\2306O\020W\230\202\"9L\303\213;\360\012B\002"
 137      364F1057 
 137      98822239 
 137      4CC38B3B 
 137      F00A4202 
 138 00d0 29F828FB 		.ascii	")\370(\373Kmcr\227:d\351\256Gn\374p\333\225\233\177"
 138      4B6D6372 
 138      973A64E9 
 138      AE476EFC 
 138      70DB959B 
 139 00e5 2BEFFEA7 		.ascii	"+\357\376\247\362\036|\234\276\364|\344\223\246\216"
 139      F21E7C9C 
 139      BEF47CE4 
 139      93A68E
 140 00f4 5AA54F67 		.ascii	"Z\245Og*/\335\226\245\003\034f\206\027F\235\226%\007"
 140      2A2FDD96 
 140      A5031C66 
 140      8617469D 
 140      962507
 141 0107 87DFAEE5 		.ascii	"\207\337\256\345\306d\333\004\011\257M'^x\314\0053\266"
 141      C664DB04 
 141      09AF4D27 
 141      5E78CC05 
 141      33B6
 142 0119 56AFEFAF 		.ascii	"V\257\357\257I\007fl\375Y\322O\303\333\230\034\225\224"
 142      4907666C 
 142      FD59D24F 
 142      C3DB981C 
 142      9594
 143 012b 62BF57DC 		.ascii	"b\277W\334\316\030M\244\005\367\321fO\003\017\340\004"
 143      CE184DA4 
 143      05F7D166 
 143      4F030FE0 
 143      04
 144 013c 6D4C66F7 		.ascii	"mLf\367d\315z}\356\315\325\251\303\312#\311\230\246"
 144      64CD7A7D 
 144      EECDD5A9 
 144      C3CA23C9 
 144      98A6
 145 014e C03D39F8 		.ascii	"\300=9\370\250\361\342\024\234\347\002\373\325\0118"
 145      A8F1E214 
 145      9CE702FB 
 145      D50938
 146 015d 9B9836F3 		.ascii	"\233\2306\363\"D\201\364\370\031\21244\332\325*r?\007"
 146      224481F4 
 146      F8198A34 
 146      34DAD52A 
 146      723F07
 147 0170 F3994EBE 		.ascii	"\363\231N\276\242*\371M\226\022\225\345\335\334\203"
 147      A22AF94D 
 147      961295E5 
 147      DDDC83
 148 017f 6B289E34 		.ascii	"k(\2364\255>>\024^/\353\026\262<n\225\022Q\3678\306"
 148      AD3E3E14 
 148      5E2FEB16 
ARM GAS  C:\Users\IYANG~1.DES\AppData\Local\Temp\ccKuS8Fk.s 			page 11


 148      B23C6E95 
 148      1251F738 
 149 0194 2231D4A4 		.ascii	"\"1\324\244\2169\352\341!\367\200G\030\207XE4\237\230"
 149      8E39EAE1 
 149      21F78047 
 149      18875845 
 149      349F98
 150 01a7 D76C4147 		.ascii	"\327lAG\225\006G\344W\274\242l\242\021$re;\276\011\233"
 150      950647E4 
 150      57BCA26C 
 150      A2112472 
 150      653BBE09 
 151 01bc F0BDC4C5 		.ascii	"\360\275\304\305[H\253Q2O\320\316\371\234y\326\310\322"
 151      5B48AB51 
 151      324FD0CE 
 151      F99C79D6 
 151      C8D2
 152 01ce 49A94A06 		.ascii	"I\251J\006X\336e\243&\242\234V\211\277o\2107[\220ks"
 152      58DE65A3 
 152      26A29C56 
 152      89BF6F88 
 152      375B906B 
 153 01e3 C31FF732 		.ascii	"\303\037\3672\333a7\222\325v\032~L\206\251J\344\021"
 153      DB613792 
 153      D5761A7E 
 153      4C86A94A 
 153      E411
 154 01f5 C9BE3BC5 		.ascii	"\311\276;\305\371\374\014\005\011\236\015Mj\337I#`\204"
 154      F9FC0C05 
 154      099E0D4D 
 154      6ADF4923 
 154      6084
 155 0207 CE868DDE 		.ascii	"\316\206\215\3363]\301K\241\036\243\273\263+\330q\254"
 155      335DC14B 
 155      A11EA3BB 
 155      B32BD871 
 155      AC
 156 0218 FB74C8E8 		.ascii	"\373t\310\350;\322#\364\013\301\213\376\260?\030p\234"
 156      3BD223F4 
 156      0BC18BFE 
 156      B03F1870 
 156      9C
 157 0229 0FF61A2E 		.ascii	"\017\366\032.\177 \034\352\350;\367\007Vw\374 "
 157      7F201CEA 
 157      E83BF707 
 157      5677FC20 
 158              		.text
 159              		.section	.gnu.lto_Vref_ClearInterrupt.181387c9,"",%progbits
 160 0000 789C6590 		.ascii	"x\234e\2201H[Q\024\206\317\177\336S#\021\024'\311P)"
 160      31485B51 
 160      1486CF7F 
 160      DE532311 
 160      1427C950 
 161 0015 19445027 		.ascii	"\031DP'\247\016.\035\\\013\001'\241\004}]D\205\030\327"
 161      A70E2E1D 
 161      5C0B0127 
 161      A1047D5D 
ARM GAS  C:\Users\IYANG~1.DES\AppData\Local\Temp\ccKuS8Fk.s 			page 12


 161      448518D7 
 162 0029 7AA331A1 		.ascii	"z\2431\241\355`h)\010\222\301A\264V\015-\"8\010!H\273"
 162      ED606829 
 162      0892C141 
 162      B4560D2D 
 162      22380821 
 163 003f 8822828A 		.ascii	"\210\"\202\212\224(\250\240 \242\010\261\017m\236\347"
 163      9428A8A0 
 163      20A208B1 
 163      0F6D9EE7 
 164 004f 240E152F 		.ascii	"$\016\025/\\\356\275\377=\377\177\277s-z>\0022\227A"
 164      5CEEBDFF 
 164      3DFF7FBF 
 164      732D7A3E 
 164      02329741 
 165 0063 D42A2B2C 		.ascii	"\324*+,\002\2476\211b>\006tC\240\021\306\010\316\371"
 165      02A73689 
 165      623E0674 
 165      43A011C6 
 165      08CEF9
 166 0076 9AB1B15A 		.ascii	"\232\261\261Z\334A\323\2141\243W\271\273?\376\361\006"
 166      DC41D38C 
 166      31A357B9 
 166      BB3FFEF1 
 166      06
 167 0087 97896E98 		.ascii	"\227\211n\230\320\022@\263\346`\026M$\205_\217?\\\302"
 167      D01240B3 
 167      E660164D 
 167      24855F8F 
 167      3F5CC2
 168 009a 7A09DD17 		.ascii	"z\011\335\027\274O\363\276\340\264\230\216\362\311_"
 168      BC4FF3BE 
 168      E0B4988E 
 168      F2C95F
 169 00a9 7E3369E2 		.ascii	"~3i\342G\236\327(V\314\301\372\337\255C\014\327\361"
 169      479ED728 
 169      56CCC1FA 
 169      DFAD430C 
 169      D7F1
 170 00bb 7F7BFECA 		.ascii	"\177{\376\312\2701\246\016\337\020\324\007$y\036\225"
 170      B831A60E 
 170      DF10D407 
 170      24791E95 
 171 00cb 02095532 		.ascii	"\002\011U2\365Y\343y7\227_\346^YUL.\013\266\313l\223"
 171      F559E379 
 171      37975FE6 
 171      5E59554C 
 171      2E0BB6CB 
 172 00e1 5E56E899 		.ascii	"^V\350\231\350DL\312\177\312\254\253u\200\\\341ca\355"
 172      E8444CCA 
 172      7FCAACAB 
 172      75805CE1 
 172      6361ED
 173 00f4 BDE6DCB2 		.ascii	"\275\346\334\26263\261rx[}\306.[\251D\312\330\372\362"
 173      3633B172 
 173      785B7DC6 
 173      2E5BA944 
ARM GAS  C:\Users\IYANG~1.DES\AppData\Local\Temp\ccKuS8Fk.s 			page 13


 173      CAD8FAF2 
 174 0108 E1C9D6B6 		.ascii	"\341\311\326\266\257$\225@\022\027?\212\265iL\305\342"
 174      AF249540 
 174      12173F8A 
 174      B5694CC5 
 174      E2
 175 0119 70D9C677 		.ascii	"p\331\306w\004\260\000\001\305\"\322\240\003\214\356"
 175      04B00001 
 175      C522D2A0 
 175      038CEE
 176 0128 27EFB91C 		.ascii	"'\357\271\034hI\246(c\177\023\353(+\266\210\222\361"
 176      6849A628 
 176      637F13EB 
 176      282BB688 
 176      92F1
 177 013a 3B7DF6D3 		.ascii	";}\366\323\326H\201\302\222\270wQ\262(\252\024iJ>Y\\"
 177      D64881C2 
 177      92B87751 
 177      B228AA14 
 177      694A3E59 
 178 014f EB289B2A 		.ascii	"\353(\233*\312R\356s)\344\011B,\313O!2\002!\016\312"
 178      CA52EE73 
 178      29E40942 
 178      2CCB4F21 
 178      3202210E 
 179 0164 2396DDDE 		.ascii	"#\226\335\336z\344\260I[\207\266,\037\360\242\323\031"
 179      7AE4B049 
 179      5B87B62C 
 179      1FF0A2D3 
 179      19
 180 0175 7022E1A8 		.ascii	"p\"\341\250\323\373648\034\351q\272\337\204\006_\267"
 180      D3FB3634 
 180      381CE971 
 180      BADF8406 
 180      5FB7
 181 0187 7777459C 		.ascii	"wwE\234wm=T\323\037\036\352szC\321ptx\350\001\231\031"
 181      776D3D54 
 181      D31F1EEA 
 181      737A43D1 
 181      707478E8 
 182 019e A844     		.ascii	"\250D"
 183              		.text
 184              		.section	.gnu.lto_.symbol_nodes.181387c9,"",%progbits
 185 0000 789C55C7 		.ascii	"x\234U\307;\015\000 \020D\301w\037\022tbd-\240\200\240"
 185      3B0D0020 
 185      1044C177 
 185      1F127462 
 185      642DA080 
 186 0015 084D3414 		.ascii	"\010M4\024\334t\023\300\340q\004\363\200\304\332\035"
 186      DC7413C0 
 186      E07104F3 
 186      80C4DA1D 
 187 0025 3759B9CB 		.ascii	"7Y\271\313\313CQ\236\312\362\246\366\237\013\351b\031"
 187      CB43519E 
 187      CAF2A6F6 
 187      9F0BE962 
 187      19
ARM GAS  C:\Users\IYANG~1.DES\AppData\Local\Temp\ccKuS8Fk.s 			page 14


 188 0036 56       		.ascii	"V"
 189              		.text
 190              		.section	.gnu.lto_.refs.181387c9,"",%progbits
 191 0000 789C6366 		.ascii	"x\234cf```d\200\002\000\000=\000\005"
 191      60606064 
 191      80020000 
 191      3D0005
 192              		.text
 193              		.section	.gnu.lto_.decls.181387c9,"",%progbits
 194 0000 789C8D54 		.ascii	"x\234\215ToL[U\024\277\347\335\266\264\217\246`\214"
 194      6F4C5B55 
 194      14BFE7DD 
 194      B6B48FA6 
 194      608C
 195 0012 CC10A3ED 		.ascii	"\314\020\243\355\027\022\023\262\204m1~\363\003K\026"
 195      171213B2 
 195      846D317E 
 195      F3034B16 
 196 0022 3F68C888 		.ascii	"?h\310\210\372aK\226\012\317I\242\260<\0373\373v]g\250"
 196      FA614B96 
 196      0ACF49A2 
 196      B03C1F33 
 196      FB765D67 
 197 0037 0E95754E 		.ascii	"\016\225uNqF!\263\2709\2051\350\240\035L\312\030\203"
 197      714621B3 
 197      B8398531 
 197      E8A01D4C 
 197      CA1883
 198 004a 09382166 		.ascii	"\0118!f85\374\331\234Tg\026\230\230\320\250{\236{\337"
 198      3835FCD9 
 198      9C546716 
 198      9898D0A8 
 198      7B9E7BDF 
 199 005e 6BDF9BBE 		.ascii	"k\337\233\276\031nr\340\236\323\363\373\235s\177\347"
 199      196E72E0 
 199      9ED3F3FB 
 199      9D737FE7 
 200 006e E4514248 		.ascii	"\344QBH;\020\242\343!nBF\321/@\253\"\326\361\240\365"
 200      3B10A2E3 
 200      216E4246 
 200      D12F40AB 
 200      22D6F1A0 
 201 0083 A025D0FA 		.ascii	"\240%\320\372\321R\304\310\033#\377=<\317m\342;\321"
 201      D152C4C8 
 201      1B23FF3D 
 201      3CCF6DE2 
 201      3BD1
 202 0095 4268D368 		.ascii	"Bh\323h\227\315\337\301\314\371\367I\230u\354\270\022"
 202      97CDDFC1 
 202      CCF9F749 
 202      9875ECB8 
 202      12
 203 00a6 076CC201 		.ascii	"\007l\302\001\333o\326\374?\\\277\003.\265\016\\\312"
 203      DB6FD6FC 
 203      3F5CBF03 
 203      2EB50E5C 
 203      CA
ARM GAS  C:\Users\IYANG~1.DES\AppData\Local\Temp\ccKuS8Fk.s 			page 15


 204 00b7 01C7DFEE 		.ascii	"\001\307\337\3563{\015\240\371\321\322hS&O\320\201g"
 204      337B0DA0 
 204      F9D1D268 
 204      53264FD0 
 204      8167
 205 00c9 D481676C 		.ascii	"\324\201gl\035\365\2354^\221 \325\265:U\230\221  \007"
 205      1DF59D34 
 205      5E9120D5 
 205      B53A5598 
 205      91202007 
 206 00dd B97B3636 		.ascii	"\271{66\336\352A\327/\273\270{e\250\251\311K%\340\367"
 206      DEEA41D7 
 206      2FBBB87B 
 206      65A8A9C9 
 206      4B25E0F7 
 207 00f1 4F5A17BF 		.ascii	"OZ\027\277\225\313O2\306\242,\235\006\213\342\265O\007"
 207      95CB4F32 
 207      C6A22C9D 
 207      068BE2B5 
 207      4F07
 208 0103 9A0B1053 		.ascii	"\232\013\020S\"\013\367\355\211\243\303T\270:\307IW"
 208      220BF7ED 
 208      89A3C354 
 208      B83AC749 
 208      57
 209 0114 AFBE9BA5 		.ascii	"\257\276\233\245 \227E\031\333\317\226c\214>H\240\274"
 209      20974519 
 209      DBCF9663 
 209      8C3E48A0 
 209      BC
 210 0125 141E2D25 		.ascii	"\024\036-%\320\005e\230\006'\241\234\300\347P\012_@"
 210      D0056598 
 210      0627A19C 
 210      C0E7500A 
 210      5F40
 211 0137 29896381 		.ascii	")\211c\201\345\266\345\357\037b\314\005\235 \303g@E"
 211      E5B6E5EF 
 211      1F62CC05 
 211      9D20C367 
 211      4045
 212 0149 063E8357 		.ascii	"\006>\203W0\213\266\274>\334\342rI\030\3449;D\267\177"
 212      308BB6BC 
 212      3EDCE272 
 212      4918E439 
 212      3B44B77F 
 213 015d E88B1DD2 		.ascii	"\350\213\035\322\206#H\300Z\"\254\330\005U%p\034iO "
 213      862348C0 
 213      5A22ACD8 
 213      05552570 
 213      1C694F20 
 214 0171 2D816ED8 		.ascii	"-\201n\330\200\177O\201\313 \370I?\323\024\240\025\342"
 214      807F4F81 
 214      CB20F849 
 214      3FD314A0 
 214      15E2
 215 0183 69879BAF 		.ascii	"i\207\233\257\274\007\301\217Y{\367\362\301\310\317"
 215      BC07C18F 
ARM GAS  C:\Users\IYANG~1.DES\AppData\Local\Temp\ccKuS8Fk.s 			page 16


 215      597BF7F2 
 215      C1C8CF
 216 0192 5587222C 		.ascii	"U\207\",\316\026t\375\021\001\202\323\371\006\010\277"
 216      CE1674FD 
 216      110182D3 
 216      F90608BF 
 217 01a2 1B8AF640 		.ascii	"\033\212\366@\020\201\223\347\346z|\364yA\022\177k\370"
 217      108193E7 
 217      E67A7CF4 
 217      7941127F 
 217      6BF8
 218 01b4 872241B2 		.ascii	"\207\"A\2620?\242\244\017\260\277t\235\032\014\2756"
 218      303FA2A4 
 218      0FB0BF74 
 218      9D1A0CBD 
 218      36
 219 01c5 86DE1C43 		.ascii	"\206\336\034CB0\274q\240\233\332[\346\257\261z>#z\336"
 219      4230BC71 
 219      A09BDA5B 
 219      E6AFB17A 
 219      3E237ADE 
 220 01d9 61B6BCF6 		.ascii	"a\266\274\366w\347\341\"\372\262\250vl1\233\221\214"
 220      77E7E122 
 220      FAB2A876 
 220      6C319B91 
 220      8C
 221 01ea 6AAD37AC 		.ascii	"j\2557\254j\010\200>[\265\276\\\265~Q\355P\364\027\215"
 221      6A08803E 
 221      5BB5BE5C 
 221      B57E51ED 
 221      50F4178D 
 222 01fe BE2A08B2 		.ascii	"\276*\010\262\307\022I\277 h\237\354\360\214\263\264"
 222      C71249BF 
 222      20689FEC 
 222      F08CB3B4 
 223 020e AE3F21E0 		.ascii	"\256?!\340I\033<\231\203\247\004|\342\332\332\357~\261"
 223      491B3C99 
 223      83A7047C 
 223      E2DADAEF 
 223      7EB1
 224 0220 2CC59CE2 		.ascii	",\305\234\342\350\354\215U*\226E\342\356G\267o\015\372"
 224      E8EC8D55 
 224      2A9645E2 
 224      EE47B76F 
 224      0DFA
 225 0232 6814C0BE 		.ascii	"h\024\300\276\024Ac)\336\277\271\226\360\012\227\267"
 225      14416329 
 225      DEBFB996 
 225      F00A97B7 
 226 0242 895BF1E7 		.ascii	"\211[\361\347\365\256\343\036(\223\215q\3376\306\235"
 226      F5AEE31E 
 226      28938D71 
 226      DF36C69D 
 227 0252 C6C70F5A 		.ascii	"\306\307\017Z\343\016\232\343\026\233\303\"\314}\"@"
 227      E30E9AE3 
 227      169BC322 
 227      CC7D2240 
ARM GAS  C:\Users\IYANG~1.DES\AppData\Local\Temp\ccKuS8Fk.s 			page 17


 228 0262 E02C8A33 		.ascii	"\340,\2123\200\342\300\020.O\320\\\236s\030\374\022"
 228      80E2C010 
 228      2E4FD05C 
 228      9E7318FC 
 228      12
 229 0273 83586930 		.ascii	"\203Xi0\376\353\255B\261\030\351\374bD\346\006\346\274"
 229      FEEBAD42 
 229      B118E9FC 
 229      6244E606 
 229      E6BC
 230 0285 F9D83088 		.ascii	"\371\3300\210\340\344jl\326u\317m\031\021\312\237\317"
 230      E0E46A6C 
 230      D675CF6D 
 230      1911CA9F 
 230      CF
 231 0296 6D4B66E6 		.ascii	"mKf\346T\322C\3371\336\326\306\262\221Bs]\256/U|\300"
 231      54D243DF 
 231      31DED6C6 
 231      B2914273 
 231      5DAE2F55 
 232 02ac DAF7B33B 		.ascii	"\332\367\263;:n;G\301\005\233~\027r\372\215\012\375"
 232      3A6E3B47 
 232      C1059B7E 
 232      1772FA8D 
 232      0AFD
 233 02be E647624B 		.ascii	"\346GbK2\3550X23\277\335\361\032\023\374q\351\356\011"
 233      32ED3058 
 233      3233BFDD 
 233      F11A13FC 
 233      71E9EE09 
 234 02d2 5EB4515C 		.ascii	"^\264Q\\\314Q\214\011\212h\254\357\246\233\246\356\026"
 234      CC518C09 
 234      8A68ACEF 
 234      A69BA6EE 
 234      16
 235 02e3 3964883C 		.ascii	"9d\210<\377a6\356\023.\377\010\027\361\320\342w\263"
 235      FF6136EE 
 235      132EFF08 
 235      17F1D0E2 
 235      77B3
 236 02f5 83057448 		.ascii	"\203\005tH\244K\003\347c\323r^\363UC\363)Td\302\322"
 236      A44B03E7 
 236      63D3725E 
 236      F35543F3 
 236      295464C2 
 237 030a 3C64D71C 		.ascii	"<d\327\034u\361\215\243\3469Y`\0225\017\231\232_\302"
 237      75F18DA3 
 237      E6395960 
 237      12350F99 
 237      9A5FC2
 238 031d E05786E6 		.ascii	"\340W\206\3463GV\332\274r\224\317h\235\020\351\340Z"
 238      334756DA 
 238      BC7294CF 
 238      689D10E9 
 238      E05A
 239 032f 6625607C 		.ascii	"f%`|\025\034@\3378\200x\327\013\315\275q\211w}\031\273"
 239      151C40DF 
ARM GAS  C:\Users\IYANG~1.DES\AppData\Local\Temp\ccKuS8Fk.s 			page 18


 239      388078D7 
 239      0BCDBD71 
 239      89777D19 
 240 0344 1EB7BAFE 		.ascii	"\036\267\272\376\032\254/C\362\322\351k\222\377M\253"
 240      1AAC2F43 
 240      F2D2E96B 
 240      92FF4DAB 
 241 0354 7F916C4D 		.ascii	"\177\221lMv\032\374BO\376\337\335XW\257=\356\331\366"
 241      761AFC42 
 241      4FFEDFDD 
 241      5857AF3D 
 241      EED9F6
 242 0367 F433C14A 		.ascii	"\3643\301J\022\332\246\324+jXSjwU74\2525\312\316\252"
 242      12DAA6D4 
 242      2B6A5853 
 242      6A775537 
 242      34AA35CA 
 243 037d EA86CA2D 		.ascii	"\352\206\312-;k\366i\373\366(\257l|\221\334\367\254"
 243      3B6BF669 
 243      FBF628AF 
 243      6C7C91DC 
 243      F7AC
 244 038f AABCB0AB 		.ascii	"\252\274\260\253Z\321\266\252u{\225\247\032j\225\207"
 244      5AD1B6AA 
 244      757B95A7 
 244      1A6A9587 
 245 039f EF81E189 		.ascii	"\357\201\341\211\033k\210,\000\317\251u\232\342\023"
 245      1B6B882C 
 245      00CFA975 
 245      9AE213
 246 03ae D7ED4AB8 		.ascii	"\327\355J\270\2668\177\333\032\326\302\333\225\335\036"
 246      B6387FDB 
 246      1AD6C2DB 
 246      95DD1E
 247 03bd DE45C563 		.ascii	"\336E\305c\017\344\330\237\254\327\024Um\334\243\361"
 247      0FE4D89F 
 247      ACD71455 
 247      6DDCA3F1 
 248 03cd 0AF78B68 		.ascii	"\012\367\213h\345KJX\315\307\335\252\262{\363&\001\333"
 248      E54B4A58 
 248      CDC7DDAA 
 248      B27BF326 
 248      01DB
 249 03df BCE91F67 		.ascii	"\274\351\037g\217\360\334"
 249      8FF0DC
 250              		.text
 251              		.section	.gnu.lto_.symtab.181387c9,"",%progbits
 252 0000 56726566 		.ascii	"Vref_SetDriveMode\000\000\000\000\000\000\000\000\000"
 252      5F536574 
 252      44726976 
 252      654D6F64 
 252      65000000 
 253 001a 000000B2 		.ascii	"\000\000\000\262\000\000\000Vref_Write\000\000\000\000"
 253      00000056 
 253      7265665F 
 253      57726974 
 253      65000000 
ARM GAS  C:\Users\IYANG~1.DES\AppData\Local\Temp\ccKuS8Fk.s 			page 19


 254 002f 00000000 		.ascii	"\000\000\000\000\000\000\000\000\264\000\000\000Vre"
 254      00000000 
 254      B4000000 
 254      567265
 255 003e 665F5265 		.ascii	"f_Read\000\000\000\000\000\000\000\000\000\000\000\000"
 255      61640000 
 255      00000000 
 255      00000000 
 255      0000
 256 0050 B7000000 		.ascii	"\267\000\000\000Vref_ReadDataReg\000\000\000\000\000"
 256      56726566 
 256      5F526561 
 256      64446174 
 256      61526567 
 257 0069 00000000 		.ascii	"\000\000\000\000\000\000\000\271\000\000\000Vref_Se"
 257      000000B9 
 257      00000056 
 257      7265665F 
 257      5365
 258 007b 74496E74 		.ascii	"tInterruptMode\000\000\000\000\000\000\000\000\000\000"
 258      65727275 
 258      70744D6F 
 258      64650000 
 258      00000000 
 259 0093 0000C500 		.ascii	"\000\000\305\000\000\000Vref_ClearInterrupt\000\000"
 259      00005672 
 259      65665F43 
 259      6C656172 
 259      496E7465 
 260 00ae 00000000 		.ascii	"\000\000\000\000\000\000\000\000\000\000\307\000\000"
 260      00000000 
 260      0000C700 
 260      00
 261 00bb 00       		.ascii	"\000"
 262              		.text
 263              		.section	.gnu.lto_.opts,"",%progbits
 264 0000 272D666E 		.ascii	"'-fno-trapv' '-mcpu=cortex-m0' '-mthumb' '-g' '-O3'"
 264      6F2D7472 
 264      61707627 
 264      20272D6D 
 264      6370753D 
 265 0033 20272D66 		.ascii	" '-ffunction-sections' '-finline-functions' '-flto'"
 265      66756E63 
 265      74696F6E 
 265      2D736563 
 265      74696F6E 
 266 0066 20272D66 		.ascii	" '-ffat-lto-objects'\000"
 266      6661742D 
 266      6C746F2D 
 266      6F626A65 
 266      63747327 
 267              		.text
 268              		.cfi_sections	.debug_frame
 269              		.section	.text.Vref_SetDriveMode,"ax",%progbits
 270              		.align	2
 271              		.global	Vref_SetDriveMode
 272              		.code	16
ARM GAS  C:\Users\IYANG~1.DES\AppData\Local\Temp\ccKuS8Fk.s 			page 20


 273              		.thumb_func
 274              		.type	Vref_SetDriveMode, %function
 275              	Vref_SetDriveMode:
 276              	.LFB0:
 277              		.file 1 "Generated_Source\\PSoC4\\Vref.c"
   1:Generated_Source\PSoC4/Vref.c **** /*******************************************************************************
   2:Generated_Source\PSoC4/Vref.c **** * File Name: Vref.c  
   3:Generated_Source\PSoC4/Vref.c **** * Version 2.20
   4:Generated_Source\PSoC4/Vref.c **** *
   5:Generated_Source\PSoC4/Vref.c **** * Description:
   6:Generated_Source\PSoC4/Vref.c **** *  This file contains API to enable firmware control of a Pins component.
   7:Generated_Source\PSoC4/Vref.c **** *
   8:Generated_Source\PSoC4/Vref.c **** ********************************************************************************
   9:Generated_Source\PSoC4/Vref.c **** * Copyright 2008-2015, Cypress Semiconductor Corporation.  All rights reserved.
  10:Generated_Source\PSoC4/Vref.c **** * You may use this file only in accordance with the license, terms, conditions, 
  11:Generated_Source\PSoC4/Vref.c **** * disclaimers, and limitations in the end user license agreement accompanying 
  12:Generated_Source\PSoC4/Vref.c **** * the software package with which this file was provided.
  13:Generated_Source\PSoC4/Vref.c **** *******************************************************************************/
  14:Generated_Source\PSoC4/Vref.c **** 
  15:Generated_Source\PSoC4/Vref.c **** #include "cytypes.h"
  16:Generated_Source\PSoC4/Vref.c **** #include "Vref.h"
  17:Generated_Source\PSoC4/Vref.c **** 
  18:Generated_Source\PSoC4/Vref.c **** 
  19:Generated_Source\PSoC4/Vref.c **** #if defined(Vref__PC)
  20:Generated_Source\PSoC4/Vref.c ****     #define Vref_SetP4PinDriveMode(shift, mode)  \
  21:Generated_Source\PSoC4/Vref.c ****     do { \
  22:Generated_Source\PSoC4/Vref.c ****         Vref_PC =   (Vref_PC & \
  23:Generated_Source\PSoC4/Vref.c ****                                 (uint32)(~(uint32)(Vref_DRIVE_MODE_IND_MASK << \
  24:Generated_Source\PSoC4/Vref.c ****                                 (Vref_DRIVE_MODE_BITS * (shift))))) | \
  25:Generated_Source\PSoC4/Vref.c ****                                 (uint32)((uint32)(mode) << \
  26:Generated_Source\PSoC4/Vref.c ****                                 (Vref_DRIVE_MODE_BITS * (shift))); \
  27:Generated_Source\PSoC4/Vref.c ****     } while (0)
  28:Generated_Source\PSoC4/Vref.c **** #else
  29:Generated_Source\PSoC4/Vref.c ****     #if (CY_PSOC4_4200L)
  30:Generated_Source\PSoC4/Vref.c ****         #define Vref_SetP4PinDriveMode(shift, mode)  \
  31:Generated_Source\PSoC4/Vref.c ****         do { \
  32:Generated_Source\PSoC4/Vref.c ****             Vref_USBIO_CTRL_REG = (Vref_USBIO_CTRL_REG & \
  33:Generated_Source\PSoC4/Vref.c ****                                     (uint32)(~(uint32)(Vref_DRIVE_MODE_IND_MASK << \
  34:Generated_Source\PSoC4/Vref.c ****                                     (Vref_DRIVE_MODE_BITS * (shift))))) | \
  35:Generated_Source\PSoC4/Vref.c ****                                     (uint32)((uint32)(mode) << \
  36:Generated_Source\PSoC4/Vref.c ****                                     (Vref_DRIVE_MODE_BITS * (shift))); \
  37:Generated_Source\PSoC4/Vref.c ****         } while (0)
  38:Generated_Source\PSoC4/Vref.c ****     #endif
  39:Generated_Source\PSoC4/Vref.c **** #endif
  40:Generated_Source\PSoC4/Vref.c ****   
  41:Generated_Source\PSoC4/Vref.c **** 
  42:Generated_Source\PSoC4/Vref.c **** #if defined(Vref__PC) || (CY_PSOC4_4200L) 
  43:Generated_Source\PSoC4/Vref.c ****     /*******************************************************************************
  44:Generated_Source\PSoC4/Vref.c ****     * Function Name: Vref_SetDriveMode
  45:Generated_Source\PSoC4/Vref.c ****     ****************************************************************************//**
  46:Generated_Source\PSoC4/Vref.c ****     *
  47:Generated_Source\PSoC4/Vref.c ****     * \brief Sets the drive mode for each of the Pins component's pins.
  48:Generated_Source\PSoC4/Vref.c ****     * 
  49:Generated_Source\PSoC4/Vref.c ****     * <b>Note</b> This affects all pins in the Pins component instance. Use the
  50:Generated_Source\PSoC4/Vref.c ****     * Per-Pin APIs if you wish to control individual pin's drive modes.
  51:Generated_Source\PSoC4/Vref.c ****     *
  52:Generated_Source\PSoC4/Vref.c ****     * <b>Note</b> USBIOs have limited drive functionality. Refer to the Drive Mode
ARM GAS  C:\Users\IYANG~1.DES\AppData\Local\Temp\ccKuS8Fk.s 			page 21


  53:Generated_Source\PSoC4/Vref.c ****     * parameter for more information.
  54:Generated_Source\PSoC4/Vref.c ****     *
  55:Generated_Source\PSoC4/Vref.c ****     * \param mode
  56:Generated_Source\PSoC4/Vref.c ****     *  Mode for the selected signals. Valid options are documented in 
  57:Generated_Source\PSoC4/Vref.c ****     *  \ref driveMode.
  58:Generated_Source\PSoC4/Vref.c ****     *
  59:Generated_Source\PSoC4/Vref.c ****     * \return
  60:Generated_Source\PSoC4/Vref.c ****     *  None
  61:Generated_Source\PSoC4/Vref.c ****     *
  62:Generated_Source\PSoC4/Vref.c ****     * \sideeffect
  63:Generated_Source\PSoC4/Vref.c ****     *  If you use read-modify-write operations that are not atomic, the ISR can
  64:Generated_Source\PSoC4/Vref.c ****     *  cause corruption of this function. An ISR that interrupts this function 
  65:Generated_Source\PSoC4/Vref.c ****     *  and performs writes to the Pins component Drive Mode registers can cause 
  66:Generated_Source\PSoC4/Vref.c ****     *  corrupted port data. To avoid this issue, you should either use the Per-Pin
  67:Generated_Source\PSoC4/Vref.c ****     *  APIs (primary method) or disable interrupts around this function.
  68:Generated_Source\PSoC4/Vref.c ****     *
  69:Generated_Source\PSoC4/Vref.c ****     * \funcusage
  70:Generated_Source\PSoC4/Vref.c ****     *  \snippet Vref_SUT.c usage_Vref_SetDriveMode
  71:Generated_Source\PSoC4/Vref.c ****     *******************************************************************************/
  72:Generated_Source\PSoC4/Vref.c ****     void Vref_SetDriveMode(uint8 mode)
  73:Generated_Source\PSoC4/Vref.c ****     {
 278              		.loc 1 73 0
 279              		.cfi_startproc
 280              	.LVL0:
  74:Generated_Source\PSoC4/Vref.c **** 		Vref_SetP4PinDriveMode(Vref__0__SHIFT, mode);
 281              		.loc 1 74 0
 282 0000 0721     		mov	r1, #7
 283 0002 034A     		ldr	r2, .L2
  75:Generated_Source\PSoC4/Vref.c ****     }
 284              		.loc 1 75 0
 285              		@ sp needed
  74:Generated_Source\PSoC4/Vref.c **** 		Vref_SetP4PinDriveMode(Vref__0__SHIFT, mode);
 286              		.loc 1 74 0
 287 0004 1368     		ldr	r3, [r2]
 288 0006 8B43     		bic	r3, r1
 289 0008 1843     		orr	r0, r3
 290              	.LVL1:
 291 000a 1060     		str	r0, [r2]
 292              		.loc 1 75 0
 293 000c 7047     		bx	lr
 294              	.L3:
 295 000e C046     		.align	2
 296              	.L2:
 297 0010 08030440 		.word	1074004744
 298              		.cfi_endproc
 299              	.LFE0:
 300              		.size	Vref_SetDriveMode, .-Vref_SetDriveMode
 301              		.section	.text.Vref_Write,"ax",%progbits
 302              		.align	2
 303              		.global	Vref_Write
 304              		.code	16
 305              		.thumb_func
 306              		.type	Vref_Write, %function
 307              	Vref_Write:
 308              	.LFB1:
  76:Generated_Source\PSoC4/Vref.c **** #endif
  77:Generated_Source\PSoC4/Vref.c **** 
ARM GAS  C:\Users\IYANG~1.DES\AppData\Local\Temp\ccKuS8Fk.s 			page 22


  78:Generated_Source\PSoC4/Vref.c **** 
  79:Generated_Source\PSoC4/Vref.c **** /*******************************************************************************
  80:Generated_Source\PSoC4/Vref.c **** * Function Name: Vref_Write
  81:Generated_Source\PSoC4/Vref.c **** ****************************************************************************//**
  82:Generated_Source\PSoC4/Vref.c **** *
  83:Generated_Source\PSoC4/Vref.c **** * \brief Writes the value to the physical port (data output register), masking
  84:Generated_Source\PSoC4/Vref.c **** *  and shifting the bits appropriately. 
  85:Generated_Source\PSoC4/Vref.c **** *
  86:Generated_Source\PSoC4/Vref.c **** * The data output register controls the signal applied to the physical pin in 
  87:Generated_Source\PSoC4/Vref.c **** * conjunction with the drive mode parameter. This function avoids changing 
  88:Generated_Source\PSoC4/Vref.c **** * other bits in the port by using the appropriate method (read-modify-write or
  89:Generated_Source\PSoC4/Vref.c **** * bit banding).
  90:Generated_Source\PSoC4/Vref.c **** *
  91:Generated_Source\PSoC4/Vref.c **** * <b>Note</b> This function should not be used on a hardware digital output pin 
  92:Generated_Source\PSoC4/Vref.c **** * as it is driven by the hardware signal attached to it.
  93:Generated_Source\PSoC4/Vref.c **** *
  94:Generated_Source\PSoC4/Vref.c **** * \param value
  95:Generated_Source\PSoC4/Vref.c **** *  Value to write to the component instance.
  96:Generated_Source\PSoC4/Vref.c **** *
  97:Generated_Source\PSoC4/Vref.c **** * \return 
  98:Generated_Source\PSoC4/Vref.c **** *  None 
  99:Generated_Source\PSoC4/Vref.c **** *
 100:Generated_Source\PSoC4/Vref.c **** * \sideeffect
 101:Generated_Source\PSoC4/Vref.c **** *  If you use read-modify-write operations that are not atomic; the Interrupt 
 102:Generated_Source\PSoC4/Vref.c **** *  Service Routines (ISR) can cause corruption of this function. An ISR that 
 103:Generated_Source\PSoC4/Vref.c **** *  interrupts this function and performs writes to the Pins component data 
 104:Generated_Source\PSoC4/Vref.c **** *  register can cause corrupted port data. To avoid this issue, you should 
 105:Generated_Source\PSoC4/Vref.c **** *  either use the Per-Pin APIs (primary method) or disable interrupts around 
 106:Generated_Source\PSoC4/Vref.c **** *  this function.
 107:Generated_Source\PSoC4/Vref.c **** *
 108:Generated_Source\PSoC4/Vref.c **** * \funcusage
 109:Generated_Source\PSoC4/Vref.c **** *  \snippet Vref_SUT.c usage_Vref_Write
 110:Generated_Source\PSoC4/Vref.c **** *******************************************************************************/
 111:Generated_Source\PSoC4/Vref.c **** void Vref_Write(uint8 value)
 112:Generated_Source\PSoC4/Vref.c **** {
 309              		.loc 1 112 0
 310              		.cfi_startproc
 311              	.LVL2:
 113:Generated_Source\PSoC4/Vref.c ****     uint8 drVal = (uint8)(Vref_DR & (uint8)(~Vref_MASK));
 312              		.loc 1 113 0
 313 0000 0121     		mov	r1, #1
 314 0002 044A     		ldr	r2, .L5
 114:Generated_Source\PSoC4/Vref.c ****     drVal = (drVal | ((uint8)(value << Vref_SHIFT) & Vref_MASK));
 315              		.loc 1 114 0
 316 0004 0840     		and	r0, r1
 317              	.LVL3:
 113:Generated_Source\PSoC4/Vref.c ****     uint8 drVal = (uint8)(Vref_DR & (uint8)(~Vref_MASK));
 318              		.loc 1 113 0
 319 0006 1368     		ldr	r3, [r2]
 115:Generated_Source\PSoC4/Vref.c ****     Vref_DR = (uint32)drVal;
 116:Generated_Source\PSoC4/Vref.c **** }
 320              		.loc 1 116 0
 321              		@ sp needed
 113:Generated_Source\PSoC4/Vref.c ****     drVal = (drVal | ((uint8)(value << Vref_SHIFT) & Vref_MASK));
 322              		.loc 1 113 0
 323 0008 8B43     		bic	r3, r1
 324 000a DBB2     		uxtb	r3, r3
ARM GAS  C:\Users\IYANG~1.DES\AppData\Local\Temp\ccKuS8Fk.s 			page 23


 115:Generated_Source\PSoC4/Vref.c ****     Vref_DR = (uint32)drVal;
 325              		.loc 1 115 0
 326 000c 1843     		orr	r0, r3
 327 000e 1060     		str	r0, [r2]
 328              		.loc 1 116 0
 329 0010 7047     		bx	lr
 330              	.L6:
 331 0012 C046     		.align	2
 332              	.L5:
 333 0014 00030440 		.word	1074004736
 334              		.cfi_endproc
 335              	.LFE1:
 336              		.size	Vref_Write, .-Vref_Write
 337              		.section	.text.Vref_Read,"ax",%progbits
 338              		.align	2
 339              		.global	Vref_Read
 340              		.code	16
 341              		.thumb_func
 342              		.type	Vref_Read, %function
 343              	Vref_Read:
 344              	.LFB2:
 117:Generated_Source\PSoC4/Vref.c **** 
 118:Generated_Source\PSoC4/Vref.c **** 
 119:Generated_Source\PSoC4/Vref.c **** /*******************************************************************************
 120:Generated_Source\PSoC4/Vref.c **** * Function Name: Vref_Read
 121:Generated_Source\PSoC4/Vref.c **** ****************************************************************************//**
 122:Generated_Source\PSoC4/Vref.c **** *
 123:Generated_Source\PSoC4/Vref.c **** * \brief Reads the associated physical port (pin status register) and masks 
 124:Generated_Source\PSoC4/Vref.c **** *  the required bits according to the width and bit position of the component
 125:Generated_Source\PSoC4/Vref.c **** *  instance. 
 126:Generated_Source\PSoC4/Vref.c **** *
 127:Generated_Source\PSoC4/Vref.c **** * The pin's status register returns the current logic level present on the 
 128:Generated_Source\PSoC4/Vref.c **** * physical pin.
 129:Generated_Source\PSoC4/Vref.c **** *
 130:Generated_Source\PSoC4/Vref.c **** * \return 
 131:Generated_Source\PSoC4/Vref.c **** *  The current value for the pins in the component as a right justified number.
 132:Generated_Source\PSoC4/Vref.c **** *
 133:Generated_Source\PSoC4/Vref.c **** * \funcusage
 134:Generated_Source\PSoC4/Vref.c **** *  \snippet Vref_SUT.c usage_Vref_Read  
 135:Generated_Source\PSoC4/Vref.c **** *******************************************************************************/
 136:Generated_Source\PSoC4/Vref.c **** uint8 Vref_Read(void)
 137:Generated_Source\PSoC4/Vref.c **** {
 345              		.loc 1 137 0
 346              		.cfi_startproc
 138:Generated_Source\PSoC4/Vref.c ****     return (uint8)((Vref_PS & Vref_MASK) >> Vref_SHIFT);
 347              		.loc 1 138 0
 348 0000 0120     		mov	r0, #1
 349 0002 024B     		ldr	r3, .L8
 139:Generated_Source\PSoC4/Vref.c **** }
 350              		.loc 1 139 0
 351              		@ sp needed
 138:Generated_Source\PSoC4/Vref.c ****     return (uint8)((Vref_PS & Vref_MASK) >> Vref_SHIFT);
 352              		.loc 1 138 0
 353 0004 1B68     		ldr	r3, [r3]
 354 0006 1840     		and	r0, r3
 355              		.loc 1 139 0
 356 0008 7047     		bx	lr
ARM GAS  C:\Users\IYANG~1.DES\AppData\Local\Temp\ccKuS8Fk.s 			page 24


 357              	.L9:
 358 000a C046     		.align	2
 359              	.L8:
 360 000c 04030440 		.word	1074004740
 361              		.cfi_endproc
 362              	.LFE2:
 363              		.size	Vref_Read, .-Vref_Read
 364              		.section	.text.Vref_ReadDataReg,"ax",%progbits
 365              		.align	2
 366              		.global	Vref_ReadDataReg
 367              		.code	16
 368              		.thumb_func
 369              		.type	Vref_ReadDataReg, %function
 370              	Vref_ReadDataReg:
 371              	.LFB3:
 140:Generated_Source\PSoC4/Vref.c **** 
 141:Generated_Source\PSoC4/Vref.c **** 
 142:Generated_Source\PSoC4/Vref.c **** /*******************************************************************************
 143:Generated_Source\PSoC4/Vref.c **** * Function Name: Vref_ReadDataReg
 144:Generated_Source\PSoC4/Vref.c **** ****************************************************************************//**
 145:Generated_Source\PSoC4/Vref.c **** *
 146:Generated_Source\PSoC4/Vref.c **** * \brief Reads the associated physical port's data output register and masks 
 147:Generated_Source\PSoC4/Vref.c **** *  the correct bits according to the width and bit position of the component 
 148:Generated_Source\PSoC4/Vref.c **** *  instance. 
 149:Generated_Source\PSoC4/Vref.c **** *
 150:Generated_Source\PSoC4/Vref.c **** * The data output register controls the signal applied to the physical pin in 
 151:Generated_Source\PSoC4/Vref.c **** * conjunction with the drive mode parameter. This is not the same as the 
 152:Generated_Source\PSoC4/Vref.c **** * preferred Vref_Read() API because the 
 153:Generated_Source\PSoC4/Vref.c **** * Vref_ReadDataReg() reads the data register instead of the status 
 154:Generated_Source\PSoC4/Vref.c **** * register. For output pins this is a useful function to determine the value 
 155:Generated_Source\PSoC4/Vref.c **** * just written to the pin.
 156:Generated_Source\PSoC4/Vref.c **** *
 157:Generated_Source\PSoC4/Vref.c **** * \return 
 158:Generated_Source\PSoC4/Vref.c **** *  The current value of the data register masked and shifted into a right 
 159:Generated_Source\PSoC4/Vref.c **** *  justified number for the component instance.
 160:Generated_Source\PSoC4/Vref.c **** *
 161:Generated_Source\PSoC4/Vref.c **** * \funcusage
 162:Generated_Source\PSoC4/Vref.c **** *  \snippet Vref_SUT.c usage_Vref_ReadDataReg 
 163:Generated_Source\PSoC4/Vref.c **** *******************************************************************************/
 164:Generated_Source\PSoC4/Vref.c **** uint8 Vref_ReadDataReg(void)
 165:Generated_Source\PSoC4/Vref.c **** {
 372              		.loc 1 165 0
 373              		.cfi_startproc
 166:Generated_Source\PSoC4/Vref.c ****     return (uint8)((Vref_DR & Vref_MASK) >> Vref_SHIFT);
 374              		.loc 1 166 0
 375 0000 0120     		mov	r0, #1
 376 0002 024B     		ldr	r3, .L11
 167:Generated_Source\PSoC4/Vref.c **** }
 377              		.loc 1 167 0
 378              		@ sp needed
 166:Generated_Source\PSoC4/Vref.c ****     return (uint8)((Vref_DR & Vref_MASK) >> Vref_SHIFT);
 379              		.loc 1 166 0
 380 0004 1B68     		ldr	r3, [r3]
 381 0006 1840     		and	r0, r3
 382              		.loc 1 167 0
 383 0008 7047     		bx	lr
 384              	.L12:
ARM GAS  C:\Users\IYANG~1.DES\AppData\Local\Temp\ccKuS8Fk.s 			page 25


 385 000a C046     		.align	2
 386              	.L11:
 387 000c 00030440 		.word	1074004736
 388              		.cfi_endproc
 389              	.LFE3:
 390              		.size	Vref_ReadDataReg, .-Vref_ReadDataReg
 391              		.section	.text.Vref_SetInterruptMode,"ax",%progbits
 392              		.align	2
 393              		.global	Vref_SetInterruptMode
 394              		.code	16
 395              		.thumb_func
 396              		.type	Vref_SetInterruptMode, %function
 397              	Vref_SetInterruptMode:
 398              	.LFB4:
 168:Generated_Source\PSoC4/Vref.c **** 
 169:Generated_Source\PSoC4/Vref.c **** 
 170:Generated_Source\PSoC4/Vref.c **** /*******************************************************************************
 171:Generated_Source\PSoC4/Vref.c **** * Function Name: Vref_SetInterruptMode
 172:Generated_Source\PSoC4/Vref.c **** ****************************************************************************//**
 173:Generated_Source\PSoC4/Vref.c **** *
 174:Generated_Source\PSoC4/Vref.c **** * \brief Configures the interrupt mode for each of the Pins component's
 175:Generated_Source\PSoC4/Vref.c **** *  pins. Alternatively you may set the interrupt mode for all the pins
 176:Generated_Source\PSoC4/Vref.c **** *  specified in the Pins component.
 177:Generated_Source\PSoC4/Vref.c **** *
 178:Generated_Source\PSoC4/Vref.c **** *  <b>Note</b> The interrupt is port-wide and therefore any enabled pin
 179:Generated_Source\PSoC4/Vref.c **** *  interrupt may trigger it.
 180:Generated_Source\PSoC4/Vref.c **** *
 181:Generated_Source\PSoC4/Vref.c **** * \param position
 182:Generated_Source\PSoC4/Vref.c **** *  The pin position as listed in the Pins component. You may OR these to be 
 183:Generated_Source\PSoC4/Vref.c **** *  able to configure the interrupt mode of multiple pins within a Pins 
 184:Generated_Source\PSoC4/Vref.c **** *  component. Or you may use Vref_INTR_ALL to configure the
 185:Generated_Source\PSoC4/Vref.c **** *  interrupt mode of all the pins in the Pins component.       
 186:Generated_Source\PSoC4/Vref.c **** *  - Vref_0_INTR       (First pin in the list)
 187:Generated_Source\PSoC4/Vref.c **** *  - Vref_1_INTR       (Second pin in the list)
 188:Generated_Source\PSoC4/Vref.c **** *  - ...
 189:Generated_Source\PSoC4/Vref.c **** *  - Vref_INTR_ALL     (All pins in Pins component)
 190:Generated_Source\PSoC4/Vref.c **** *
 191:Generated_Source\PSoC4/Vref.c **** * \param mode
 192:Generated_Source\PSoC4/Vref.c **** *  Interrupt mode for the selected pins. Valid options are documented in
 193:Generated_Source\PSoC4/Vref.c **** *  \ref intrMode.
 194:Generated_Source\PSoC4/Vref.c **** *
 195:Generated_Source\PSoC4/Vref.c **** * \return 
 196:Generated_Source\PSoC4/Vref.c **** *  None
 197:Generated_Source\PSoC4/Vref.c **** *  
 198:Generated_Source\PSoC4/Vref.c **** * \sideeffect
 199:Generated_Source\PSoC4/Vref.c **** *  It is recommended that the interrupt be disabled before calling this 
 200:Generated_Source\PSoC4/Vref.c **** *  function to avoid unintended interrupt requests. Note that the interrupt
 201:Generated_Source\PSoC4/Vref.c **** *  type is port wide, and therefore will trigger for any enabled pin on the 
 202:Generated_Source\PSoC4/Vref.c **** *  port.
 203:Generated_Source\PSoC4/Vref.c **** *
 204:Generated_Source\PSoC4/Vref.c **** * \funcusage
 205:Generated_Source\PSoC4/Vref.c **** *  \snippet Vref_SUT.c usage_Vref_SetInterruptMode
 206:Generated_Source\PSoC4/Vref.c **** *******************************************************************************/
 207:Generated_Source\PSoC4/Vref.c **** void Vref_SetInterruptMode(uint16 position, uint16 mode)
 208:Generated_Source\PSoC4/Vref.c **** {
 399              		.loc 1 208 0
 400              		.cfi_startproc
ARM GAS  C:\Users\IYANG~1.DES\AppData\Local\Temp\ccKuS8Fk.s 			page 26


 401              	.LVL4:
 209:Generated_Source\PSoC4/Vref.c ****     uint32 intrCfg;
 210:Generated_Source\PSoC4/Vref.c ****     
 211:Generated_Source\PSoC4/Vref.c ****     intrCfg =  Vref_INTCFG & (uint32)(~(uint32)position);
 402              		.loc 1 211 0
 403 0000 034A     		ldr	r2, .L14
 212:Generated_Source\PSoC4/Vref.c ****     Vref_INTCFG = intrCfg | ((uint32)position & (uint32)mode);
 213:Generated_Source\PSoC4/Vref.c **** }
 404              		.loc 1 213 0
 405              		@ sp needed
 211:Generated_Source\PSoC4/Vref.c ****     Vref_INTCFG = intrCfg | ((uint32)position & (uint32)mode);
 406              		.loc 1 211 0
 407 0002 1368     		ldr	r3, [r2]
 408              	.LVL5:
 409 0004 8343     		bic	r3, r0
 410              	.LVL6:
 212:Generated_Source\PSoC4/Vref.c ****     Vref_INTCFG = intrCfg | ((uint32)position & (uint32)mode);
 411              		.loc 1 212 0
 412 0006 0840     		and	r0, r1
 413              	.LVL7:
 414 0008 1843     		orr	r0, r3
 415 000a 1060     		str	r0, [r2]
 416              		.loc 1 213 0
 417 000c 7047     		bx	lr
 418              	.L15:
 419 000e C046     		.align	2
 420              	.L14:
 421 0010 0C030440 		.word	1074004748
 422              		.cfi_endproc
 423              	.LFE4:
 424              		.size	Vref_SetInterruptMode, .-Vref_SetInterruptMode
 425              		.section	.text.Vref_ClearInterrupt,"ax",%progbits
 426              		.align	2
 427              		.global	Vref_ClearInterrupt
 428              		.code	16
 429              		.thumb_func
 430              		.type	Vref_ClearInterrupt, %function
 431              	Vref_ClearInterrupt:
 432              	.LFB5:
 214:Generated_Source\PSoC4/Vref.c **** 
 215:Generated_Source\PSoC4/Vref.c **** 
 216:Generated_Source\PSoC4/Vref.c **** /*******************************************************************************
 217:Generated_Source\PSoC4/Vref.c **** * Function Name: Vref_ClearInterrupt
 218:Generated_Source\PSoC4/Vref.c **** ****************************************************************************//**
 219:Generated_Source\PSoC4/Vref.c **** *
 220:Generated_Source\PSoC4/Vref.c **** * \brief Clears any active interrupts attached with the component and returns 
 221:Generated_Source\PSoC4/Vref.c **** *  the value of the interrupt status register allowing determination of which
 222:Generated_Source\PSoC4/Vref.c **** *  pins generated an interrupt event.
 223:Generated_Source\PSoC4/Vref.c **** *
 224:Generated_Source\PSoC4/Vref.c **** * \return 
 225:Generated_Source\PSoC4/Vref.c **** *  The right-shifted current value of the interrupt status register. Each pin 
 226:Generated_Source\PSoC4/Vref.c **** *  has one bit set if it generated an interrupt event. For example, bit 0 is 
 227:Generated_Source\PSoC4/Vref.c **** *  for pin 0 and bit 1 is for pin 1 of the Pins component.
 228:Generated_Source\PSoC4/Vref.c **** *  
 229:Generated_Source\PSoC4/Vref.c **** * \sideeffect
 230:Generated_Source\PSoC4/Vref.c **** *  Clears all bits of the physical port's interrupt status register, not just
 231:Generated_Source\PSoC4/Vref.c **** *  those associated with the Pins component.
ARM GAS  C:\Users\IYANG~1.DES\AppData\Local\Temp\ccKuS8Fk.s 			page 27


 232:Generated_Source\PSoC4/Vref.c **** *
 233:Generated_Source\PSoC4/Vref.c **** * \funcusage
 234:Generated_Source\PSoC4/Vref.c **** *  \snippet Vref_SUT.c usage_Vref_ClearInterrupt
 235:Generated_Source\PSoC4/Vref.c **** *******************************************************************************/
 236:Generated_Source\PSoC4/Vref.c **** uint8 Vref_ClearInterrupt(void)
 237:Generated_Source\PSoC4/Vref.c **** {
 433              		.loc 1 237 0
 434              		.cfi_startproc
 238:Generated_Source\PSoC4/Vref.c **** 	uint8 maskedStatus = (uint8)(Vref_INTSTAT & Vref_MASK);
 435              		.loc 1 238 0
 436 0000 0120     		mov	r0, #1
 437 0002 024A     		ldr	r2, .L17
 239:Generated_Source\PSoC4/Vref.c **** 	Vref_INTSTAT = maskedStatus;
 240:Generated_Source\PSoC4/Vref.c ****     return maskedStatus >> Vref_SHIFT;
 241:Generated_Source\PSoC4/Vref.c **** }
 438              		.loc 1 241 0
 439              		@ sp needed
 238:Generated_Source\PSoC4/Vref.c **** 	uint8 maskedStatus = (uint8)(Vref_INTSTAT & Vref_MASK);
 440              		.loc 1 238 0
 441 0004 1368     		ldr	r3, [r2]
 442 0006 1840     		and	r0, r3
 443              	.LVL8:
 239:Generated_Source\PSoC4/Vref.c **** 	Vref_INTSTAT = maskedStatus;
 444              		.loc 1 239 0
 445 0008 1060     		str	r0, [r2]
 446              		.loc 1 241 0
 447 000a 7047     		bx	lr
 448              	.L18:
 449              		.align	2
 450              	.L17:
 451 000c 10030440 		.word	1074004752
 452              		.cfi_endproc
 453              	.LFE5:
 454              		.size	Vref_ClearInterrupt, .-Vref_ClearInterrupt
 455              		.text
 456              	.Letext0:
 457              		.file 2 "Generated_Source\\PSoC4\\cytypes.h"
 458              		.section	.debug_info,"",%progbits
 459              	.Ldebug_info0:
 460 0000 95010000 		.4byte	0x195
 461 0004 0400     		.2byte	0x4
 462 0006 00000000 		.4byte	.Ldebug_abbrev0
 463 000a 04       		.byte	0x4
 464 000b 01       		.uleb128 0x1
 465 000c 78010000 		.4byte	.LASF27
 466 0010 01       		.byte	0x1
 467 0011 1E000000 		.4byte	.LASF28
 468 0015 52000000 		.4byte	.LASF29
 469 0019 00000000 		.4byte	.Ldebug_ranges0+0
 470 001d 00000000 		.4byte	0
 471 0021 00000000 		.4byte	.Ldebug_line0
 472 0025 02       		.uleb128 0x2
 473 0026 01       		.byte	0x1
 474 0027 06       		.byte	0x6
 475 0028 37020000 		.4byte	.LASF0
 476 002c 02       		.uleb128 0x2
 477 002d 01       		.byte	0x1
ARM GAS  C:\Users\IYANG~1.DES\AppData\Local\Temp\ccKuS8Fk.s 			page 28


 478 002e 08       		.byte	0x8
 479 002f 95000000 		.4byte	.LASF1
 480 0033 02       		.uleb128 0x2
 481 0034 02       		.byte	0x2
 482 0035 05       		.byte	0x5
 483 0036 6E010000 		.4byte	.LASF2
 484 003a 02       		.uleb128 0x2
 485 003b 02       		.byte	0x2
 486 003c 07       		.byte	0x7
 487 003d C5000000 		.4byte	.LASF3
 488 0041 02       		.uleb128 0x2
 489 0042 04       		.byte	0x4
 490 0043 05       		.byte	0x5
 491 0044 2E020000 		.4byte	.LASF4
 492 0048 02       		.uleb128 0x2
 493 0049 04       		.byte	0x4
 494 004a 07       		.byte	0x7
 495 004b B3000000 		.4byte	.LASF5
 496 004f 02       		.uleb128 0x2
 497 0050 08       		.byte	0x8
 498 0051 05       		.byte	0x5
 499 0052 3A010000 		.4byte	.LASF6
 500 0056 02       		.uleb128 0x2
 501 0057 08       		.byte	0x8
 502 0058 07       		.byte	0x7
 503 0059 1E010000 		.4byte	.LASF7
 504 005d 03       		.uleb128 0x3
 505 005e 04       		.byte	0x4
 506 005f 05       		.byte	0x5
 507 0060 696E7400 		.ascii	"int\000"
 508 0064 02       		.uleb128 0x2
 509 0065 04       		.byte	0x4
 510 0066 07       		.byte	0x7
 511 0067 11010000 		.4byte	.LASF8
 512 006b 04       		.uleb128 0x4
 513 006c 1F020000 		.4byte	.LASF9
 514 0070 02       		.byte	0x2
 515 0071 9801     		.2byte	0x198
 516 0073 2C000000 		.4byte	0x2c
 517 0077 04       		.uleb128 0x4
 518 0078 EA000000 		.4byte	.LASF10
 519 007c 02       		.byte	0x2
 520 007d 9901     		.2byte	0x199
 521 007f 3A000000 		.4byte	0x3a
 522 0083 04       		.uleb128 0x4
 523 0084 02010000 		.4byte	.LASF11
 524 0088 02       		.byte	0x2
 525 0089 9A01     		.2byte	0x19a
 526 008b 48000000 		.4byte	0x48
 527 008f 02       		.uleb128 0x2
 528 0090 04       		.byte	0x4
 529 0091 04       		.byte	0x4
 530 0092 8F000000 		.4byte	.LASF12
 531 0096 02       		.uleb128 0x2
 532 0097 08       		.byte	0x8
 533 0098 04       		.byte	0x4
 534 0099 E3000000 		.4byte	.LASF13
ARM GAS  C:\Users\IYANG~1.DES\AppData\Local\Temp\ccKuS8Fk.s 			page 29


 535 009d 02       		.uleb128 0x2
 536 009e 01       		.byte	0x1
 537 009f 08       		.byte	0x8
 538 00a0 55010000 		.4byte	.LASF14
 539 00a4 04       		.uleb128 0x4
 540 00a5 00000000 		.4byte	.LASF15
 541 00a9 02       		.byte	0x2
 542 00aa 4402     		.2byte	0x244
 543 00ac B0000000 		.4byte	0xb0
 544 00b0 05       		.uleb128 0x5
 545 00b1 83000000 		.4byte	0x83
 546 00b5 06       		.uleb128 0x6
 547 00b6 06000000 		.4byte	.LASF16
 548 00ba 01       		.byte	0x1
 549 00bb 48       		.byte	0x48
 550 00bc 00000000 		.4byte	.LFB0
 551 00c0 14000000 		.4byte	.LFE0-.LFB0
 552 00c4 01       		.uleb128 0x1
 553 00c5 9C       		.byte	0x9c
 554 00c6 DA000000 		.4byte	0xda
 555 00ca 07       		.uleb128 0x7
 556 00cb 35010000 		.4byte	.LASF18
 557 00cf 01       		.byte	0x1
 558 00d0 48       		.byte	0x48
 559 00d1 6B000000 		.4byte	0x6b
 560 00d5 00000000 		.4byte	.LLST0
 561 00d9 00       		.byte	0
 562 00da 06       		.uleb128 0x6
 563 00db D8000000 		.4byte	.LASF17
 564 00df 01       		.byte	0x1
 565 00e0 6F       		.byte	0x6f
 566 00e1 00000000 		.4byte	.LFB1
 567 00e5 18000000 		.4byte	.LFE1-.LFB1
 568 00e9 01       		.uleb128 0x1
 569 00ea 9C       		.byte	0x9c
 570 00eb 0A010000 		.4byte	0x10a
 571 00ef 07       		.uleb128 0x7
 572 00f0 18000000 		.4byte	.LASF19
 573 00f4 01       		.byte	0x1
 574 00f5 6F       		.byte	0x6f
 575 00f6 6B000000 		.4byte	0x6b
 576 00fa 21000000 		.4byte	.LLST1
 577 00fe 08       		.uleb128 0x8
 578 00ff AD000000 		.4byte	.LASF30
 579 0103 01       		.byte	0x1
 580 0104 71       		.byte	0x71
 581 0105 6B000000 		.4byte	0x6b
 582 0109 00       		.byte	0
 583 010a 09       		.uleb128 0x9
 584 010b A3000000 		.4byte	.LASF20
 585 010f 01       		.byte	0x1
 586 0110 88       		.byte	0x88
 587 0111 6B000000 		.4byte	0x6b
 588 0115 00000000 		.4byte	.LFB2
 589 0119 10000000 		.4byte	.LFE2-.LFB2
 590 011d 01       		.uleb128 0x1
 591 011e 9C       		.byte	0x9c
ARM GAS  C:\Users\IYANG~1.DES\AppData\Local\Temp\ccKuS8Fk.s 			page 30


 592 011f 09       		.uleb128 0x9
 593 0120 F1000000 		.4byte	.LASF21
 594 0124 01       		.byte	0x1
 595 0125 A4       		.byte	0xa4
 596 0126 6B000000 		.4byte	0x6b
 597 012a 00000000 		.4byte	.LFB3
 598 012e 10000000 		.4byte	.LFE3-.LFB3
 599 0132 01       		.uleb128 0x1
 600 0133 9C       		.byte	0x9c
 601 0134 06       		.uleb128 0x6
 602 0135 3C000000 		.4byte	.LASF22
 603 0139 01       		.byte	0x1
 604 013a CF       		.byte	0xcf
 605 013b 00000000 		.4byte	.LFB4
 606 013f 14000000 		.4byte	.LFE4-.LFB4
 607 0143 01       		.uleb128 0x1
 608 0144 9C       		.byte	0x9c
 609 0145 75010000 		.4byte	0x175
 610 0149 07       		.uleb128 0x7
 611 014a 25020000 		.4byte	.LASF23
 612 014e 01       		.byte	0x1
 613 014f CF       		.byte	0xcf
 614 0150 77000000 		.4byte	0x77
 615 0154 42000000 		.4byte	.LLST2
 616 0158 0A       		.uleb128 0xa
 617 0159 35010000 		.4byte	.LASF18
 618 015d 01       		.byte	0x1
 619 015e CF       		.byte	0xcf
 620 015f 77000000 		.4byte	0x77
 621 0163 01       		.uleb128 0x1
 622 0164 51       		.byte	0x51
 623 0165 0B       		.uleb128 0xb
 624 0166 09010000 		.4byte	.LASF25
 625 016a 01       		.byte	0x1
 626 016b D1       		.byte	0xd1
 627 016c 83000000 		.4byte	0x83
 628 0170 63000000 		.4byte	.LLST3
 629 0174 00       		.byte	0
 630 0175 0C       		.uleb128 0xc
 631 0176 5A010000 		.4byte	.LASF24
 632 017a 01       		.byte	0x1
 633 017b EC       		.byte	0xec
 634 017c 6B000000 		.4byte	0x6b
 635 0180 00000000 		.4byte	.LFB5
 636 0184 10000000 		.4byte	.LFE5-.LFB5
 637 0188 01       		.uleb128 0x1
 638 0189 9C       		.byte	0x9c
 639 018a 0D       		.uleb128 0xd
 640 018b 48010000 		.4byte	.LASF26
 641 018f 01       		.byte	0x1
 642 0190 EE       		.byte	0xee
 643 0191 6B000000 		.4byte	0x6b
 644 0195 01       		.uleb128 0x1
 645 0196 50       		.byte	0x50
 646 0197 00       		.byte	0
 647 0198 00       		.byte	0
 648              		.section	.debug_abbrev,"",%progbits
ARM GAS  C:\Users\IYANG~1.DES\AppData\Local\Temp\ccKuS8Fk.s 			page 31


 649              	.Ldebug_abbrev0:
 650 0000 01       		.uleb128 0x1
 651 0001 11       		.uleb128 0x11
 652 0002 01       		.byte	0x1
 653 0003 25       		.uleb128 0x25
 654 0004 0E       		.uleb128 0xe
 655 0005 13       		.uleb128 0x13
 656 0006 0B       		.uleb128 0xb
 657 0007 03       		.uleb128 0x3
 658 0008 0E       		.uleb128 0xe
 659 0009 1B       		.uleb128 0x1b
 660 000a 0E       		.uleb128 0xe
 661 000b 55       		.uleb128 0x55
 662 000c 17       		.uleb128 0x17
 663 000d 11       		.uleb128 0x11
 664 000e 01       		.uleb128 0x1
 665 000f 10       		.uleb128 0x10
 666 0010 17       		.uleb128 0x17
 667 0011 00       		.byte	0
 668 0012 00       		.byte	0
 669 0013 02       		.uleb128 0x2
 670 0014 24       		.uleb128 0x24
 671 0015 00       		.byte	0
 672 0016 0B       		.uleb128 0xb
 673 0017 0B       		.uleb128 0xb
 674 0018 3E       		.uleb128 0x3e
 675 0019 0B       		.uleb128 0xb
 676 001a 03       		.uleb128 0x3
 677 001b 0E       		.uleb128 0xe
 678 001c 00       		.byte	0
 679 001d 00       		.byte	0
 680 001e 03       		.uleb128 0x3
 681 001f 24       		.uleb128 0x24
 682 0020 00       		.byte	0
 683 0021 0B       		.uleb128 0xb
 684 0022 0B       		.uleb128 0xb
 685 0023 3E       		.uleb128 0x3e
 686 0024 0B       		.uleb128 0xb
 687 0025 03       		.uleb128 0x3
 688 0026 08       		.uleb128 0x8
 689 0027 00       		.byte	0
 690 0028 00       		.byte	0
 691 0029 04       		.uleb128 0x4
 692 002a 16       		.uleb128 0x16
 693 002b 00       		.byte	0
 694 002c 03       		.uleb128 0x3
 695 002d 0E       		.uleb128 0xe
 696 002e 3A       		.uleb128 0x3a
 697 002f 0B       		.uleb128 0xb
 698 0030 3B       		.uleb128 0x3b
 699 0031 05       		.uleb128 0x5
 700 0032 49       		.uleb128 0x49
 701 0033 13       		.uleb128 0x13
 702 0034 00       		.byte	0
 703 0035 00       		.byte	0
 704 0036 05       		.uleb128 0x5
 705 0037 35       		.uleb128 0x35
ARM GAS  C:\Users\IYANG~1.DES\AppData\Local\Temp\ccKuS8Fk.s 			page 32


 706 0038 00       		.byte	0
 707 0039 49       		.uleb128 0x49
 708 003a 13       		.uleb128 0x13
 709 003b 00       		.byte	0
 710 003c 00       		.byte	0
 711 003d 06       		.uleb128 0x6
 712 003e 2E       		.uleb128 0x2e
 713 003f 01       		.byte	0x1
 714 0040 3F       		.uleb128 0x3f
 715 0041 19       		.uleb128 0x19
 716 0042 03       		.uleb128 0x3
 717 0043 0E       		.uleb128 0xe
 718 0044 3A       		.uleb128 0x3a
 719 0045 0B       		.uleb128 0xb
 720 0046 3B       		.uleb128 0x3b
 721 0047 0B       		.uleb128 0xb
 722 0048 27       		.uleb128 0x27
 723 0049 19       		.uleb128 0x19
 724 004a 11       		.uleb128 0x11
 725 004b 01       		.uleb128 0x1
 726 004c 12       		.uleb128 0x12
 727 004d 06       		.uleb128 0x6
 728 004e 40       		.uleb128 0x40
 729 004f 18       		.uleb128 0x18
 730 0050 9742     		.uleb128 0x2117
 731 0052 19       		.uleb128 0x19
 732 0053 01       		.uleb128 0x1
 733 0054 13       		.uleb128 0x13
 734 0055 00       		.byte	0
 735 0056 00       		.byte	0
 736 0057 07       		.uleb128 0x7
 737 0058 05       		.uleb128 0x5
 738 0059 00       		.byte	0
 739 005a 03       		.uleb128 0x3
 740 005b 0E       		.uleb128 0xe
 741 005c 3A       		.uleb128 0x3a
 742 005d 0B       		.uleb128 0xb
 743 005e 3B       		.uleb128 0x3b
 744 005f 0B       		.uleb128 0xb
 745 0060 49       		.uleb128 0x49
 746 0061 13       		.uleb128 0x13
 747 0062 02       		.uleb128 0x2
 748 0063 17       		.uleb128 0x17
 749 0064 00       		.byte	0
 750 0065 00       		.byte	0
 751 0066 08       		.uleb128 0x8
 752 0067 34       		.uleb128 0x34
 753 0068 00       		.byte	0
 754 0069 03       		.uleb128 0x3
 755 006a 0E       		.uleb128 0xe
 756 006b 3A       		.uleb128 0x3a
 757 006c 0B       		.uleb128 0xb
 758 006d 3B       		.uleb128 0x3b
 759 006e 0B       		.uleb128 0xb
 760 006f 49       		.uleb128 0x49
 761 0070 13       		.uleb128 0x13
 762 0071 00       		.byte	0
ARM GAS  C:\Users\IYANG~1.DES\AppData\Local\Temp\ccKuS8Fk.s 			page 33


 763 0072 00       		.byte	0
 764 0073 09       		.uleb128 0x9
 765 0074 2E       		.uleb128 0x2e
 766 0075 00       		.byte	0
 767 0076 3F       		.uleb128 0x3f
 768 0077 19       		.uleb128 0x19
 769 0078 03       		.uleb128 0x3
 770 0079 0E       		.uleb128 0xe
 771 007a 3A       		.uleb128 0x3a
 772 007b 0B       		.uleb128 0xb
 773 007c 3B       		.uleb128 0x3b
 774 007d 0B       		.uleb128 0xb
 775 007e 27       		.uleb128 0x27
 776 007f 19       		.uleb128 0x19
 777 0080 49       		.uleb128 0x49
 778 0081 13       		.uleb128 0x13
 779 0082 11       		.uleb128 0x11
 780 0083 01       		.uleb128 0x1
 781 0084 12       		.uleb128 0x12
 782 0085 06       		.uleb128 0x6
 783 0086 40       		.uleb128 0x40
 784 0087 18       		.uleb128 0x18
 785 0088 9742     		.uleb128 0x2117
 786 008a 19       		.uleb128 0x19
 787 008b 00       		.byte	0
 788 008c 00       		.byte	0
 789 008d 0A       		.uleb128 0xa
 790 008e 05       		.uleb128 0x5
 791 008f 00       		.byte	0
 792 0090 03       		.uleb128 0x3
 793 0091 0E       		.uleb128 0xe
 794 0092 3A       		.uleb128 0x3a
 795 0093 0B       		.uleb128 0xb
 796 0094 3B       		.uleb128 0x3b
 797 0095 0B       		.uleb128 0xb
 798 0096 49       		.uleb128 0x49
 799 0097 13       		.uleb128 0x13
 800 0098 02       		.uleb128 0x2
 801 0099 18       		.uleb128 0x18
 802 009a 00       		.byte	0
 803 009b 00       		.byte	0
 804 009c 0B       		.uleb128 0xb
 805 009d 34       		.uleb128 0x34
 806 009e 00       		.byte	0
 807 009f 03       		.uleb128 0x3
 808 00a0 0E       		.uleb128 0xe
 809 00a1 3A       		.uleb128 0x3a
 810 00a2 0B       		.uleb128 0xb
 811 00a3 3B       		.uleb128 0x3b
 812 00a4 0B       		.uleb128 0xb
 813 00a5 49       		.uleb128 0x49
 814 00a6 13       		.uleb128 0x13
 815 00a7 02       		.uleb128 0x2
 816 00a8 17       		.uleb128 0x17
 817 00a9 00       		.byte	0
 818 00aa 00       		.byte	0
 819 00ab 0C       		.uleb128 0xc
ARM GAS  C:\Users\IYANG~1.DES\AppData\Local\Temp\ccKuS8Fk.s 			page 34


 820 00ac 2E       		.uleb128 0x2e
 821 00ad 01       		.byte	0x1
 822 00ae 3F       		.uleb128 0x3f
 823 00af 19       		.uleb128 0x19
 824 00b0 03       		.uleb128 0x3
 825 00b1 0E       		.uleb128 0xe
 826 00b2 3A       		.uleb128 0x3a
 827 00b3 0B       		.uleb128 0xb
 828 00b4 3B       		.uleb128 0x3b
 829 00b5 0B       		.uleb128 0xb
 830 00b6 27       		.uleb128 0x27
 831 00b7 19       		.uleb128 0x19
 832 00b8 49       		.uleb128 0x49
 833 00b9 13       		.uleb128 0x13
 834 00ba 11       		.uleb128 0x11
 835 00bb 01       		.uleb128 0x1
 836 00bc 12       		.uleb128 0x12
 837 00bd 06       		.uleb128 0x6
 838 00be 40       		.uleb128 0x40
 839 00bf 18       		.uleb128 0x18
 840 00c0 9742     		.uleb128 0x2117
 841 00c2 19       		.uleb128 0x19
 842 00c3 00       		.byte	0
 843 00c4 00       		.byte	0
 844 00c5 0D       		.uleb128 0xd
 845 00c6 34       		.uleb128 0x34
 846 00c7 00       		.byte	0
 847 00c8 03       		.uleb128 0x3
 848 00c9 0E       		.uleb128 0xe
 849 00ca 3A       		.uleb128 0x3a
 850 00cb 0B       		.uleb128 0xb
 851 00cc 3B       		.uleb128 0x3b
 852 00cd 0B       		.uleb128 0xb
 853 00ce 49       		.uleb128 0x49
 854 00cf 13       		.uleb128 0x13
 855 00d0 02       		.uleb128 0x2
 856 00d1 18       		.uleb128 0x18
 857 00d2 00       		.byte	0
 858 00d3 00       		.byte	0
 859 00d4 00       		.byte	0
 860              		.section	.debug_loc,"",%progbits
 861              	.Ldebug_loc0:
 862              	.LLST0:
 863 0000 00000000 		.4byte	.LVL0
 864 0004 0A000000 		.4byte	.LVL1
 865 0008 0100     		.2byte	0x1
 866 000a 50       		.byte	0x50
 867 000b 0A000000 		.4byte	.LVL1
 868 000f 14000000 		.4byte	.LFE0
 869 0013 0400     		.2byte	0x4
 870 0015 F3       		.byte	0xf3
 871 0016 01       		.uleb128 0x1
 872 0017 50       		.byte	0x50
 873 0018 9F       		.byte	0x9f
 874 0019 00000000 		.4byte	0
 875 001d 00000000 		.4byte	0
 876              	.LLST1:
ARM GAS  C:\Users\IYANG~1.DES\AppData\Local\Temp\ccKuS8Fk.s 			page 35


 877 0021 00000000 		.4byte	.LVL2
 878 0025 06000000 		.4byte	.LVL3
 879 0029 0100     		.2byte	0x1
 880 002b 50       		.byte	0x50
 881 002c 06000000 		.4byte	.LVL3
 882 0030 18000000 		.4byte	.LFE1
 883 0034 0400     		.2byte	0x4
 884 0036 F3       		.byte	0xf3
 885 0037 01       		.uleb128 0x1
 886 0038 50       		.byte	0x50
 887 0039 9F       		.byte	0x9f
 888 003a 00000000 		.4byte	0
 889 003e 00000000 		.4byte	0
 890              	.LLST2:
 891 0042 00000000 		.4byte	.LVL4
 892 0046 08000000 		.4byte	.LVL7
 893 004a 0100     		.2byte	0x1
 894 004c 50       		.byte	0x50
 895 004d 08000000 		.4byte	.LVL7
 896 0051 14000000 		.4byte	.LFE4
 897 0055 0400     		.2byte	0x4
 898 0057 F3       		.byte	0xf3
 899 0058 01       		.uleb128 0x1
 900 0059 50       		.byte	0x50
 901 005a 9F       		.byte	0x9f
 902 005b 00000000 		.4byte	0
 903 005f 00000000 		.4byte	0
 904              	.LLST3:
 905 0063 04000000 		.4byte	.LVL5
 906 0067 06000000 		.4byte	.LVL6
 907 006b 0B00     		.2byte	0xb
 908 006d 70       		.byte	0x70
 909 006e 00       		.sleb128 0
 910 006f 0A       		.byte	0xa
 911 0070 FFFF     		.2byte	0xffff
 912 0072 1A       		.byte	0x1a
 913 0073 20       		.byte	0x20
 914 0074 73       		.byte	0x73
 915 0075 00       		.sleb128 0
 916 0076 1A       		.byte	0x1a
 917 0077 9F       		.byte	0x9f
 918 0078 00000000 		.4byte	0
 919 007c 00000000 		.4byte	0
 920              		.section	.debug_aranges,"",%progbits
 921 0000 44000000 		.4byte	0x44
 922 0004 0200     		.2byte	0x2
 923 0006 00000000 		.4byte	.Ldebug_info0
 924 000a 04       		.byte	0x4
 925 000b 00       		.byte	0
 926 000c 0000     		.2byte	0
 927 000e 0000     		.2byte	0
 928 0010 00000000 		.4byte	.LFB0
 929 0014 14000000 		.4byte	.LFE0-.LFB0
 930 0018 00000000 		.4byte	.LFB1
 931 001c 18000000 		.4byte	.LFE1-.LFB1
 932 0020 00000000 		.4byte	.LFB2
 933 0024 10000000 		.4byte	.LFE2-.LFB2
ARM GAS  C:\Users\IYANG~1.DES\AppData\Local\Temp\ccKuS8Fk.s 			page 36


 934 0028 00000000 		.4byte	.LFB3
 935 002c 10000000 		.4byte	.LFE3-.LFB3
 936 0030 00000000 		.4byte	.LFB4
 937 0034 14000000 		.4byte	.LFE4-.LFB4
 938 0038 00000000 		.4byte	.LFB5
 939 003c 10000000 		.4byte	.LFE5-.LFB5
 940 0040 00000000 		.4byte	0
 941 0044 00000000 		.4byte	0
 942              		.section	.debug_ranges,"",%progbits
 943              	.Ldebug_ranges0:
 944 0000 00000000 		.4byte	.LFB0
 945 0004 14000000 		.4byte	.LFE0
 946 0008 00000000 		.4byte	.LFB1
 947 000c 18000000 		.4byte	.LFE1
 948 0010 00000000 		.4byte	.LFB2
 949 0014 10000000 		.4byte	.LFE2
 950 0018 00000000 		.4byte	.LFB3
 951 001c 10000000 		.4byte	.LFE3
 952 0020 00000000 		.4byte	.LFB4
 953 0024 14000000 		.4byte	.LFE4
 954 0028 00000000 		.4byte	.LFB5
 955 002c 10000000 		.4byte	.LFE5
 956 0030 00000000 		.4byte	0
 957 0034 00000000 		.4byte	0
 958              		.section	.debug_line,"",%progbits
 959              	.Ldebug_line0:
 960 0000 C4000000 		.section	.debug_str,"MS",%progbits,1
 960      02004100 
 960      00000201 
 960      FB0E0D00 
 960      01010101 
 961              	.LASF15:
 962 0000 72656733 		.ascii	"reg32\000"
 962      3200
 963              	.LASF16:
 964 0006 56726566 		.ascii	"Vref_SetDriveMode\000"
 964      5F536574 
 964      44726976 
 964      654D6F64 
 964      6500
 965              	.LASF19:
 966 0018 76616C75 		.ascii	"value\000"
 966      6500
 967              	.LASF28:
 968 001e 47656E65 		.ascii	"Generated_Source\\PSoC4\\Vref.c\000"
 968      72617465 
 968      645F536F 
 968      75726365 
 968      5C50536F 
 969              	.LASF22:
 970 003c 56726566 		.ascii	"Vref_SetInterruptMode\000"
 970      5F536574 
 970      496E7465 
 970      72727570 
 970      744D6F64 
 971              	.LASF29:
 972 0052 443A5C44 		.ascii	"D:\\Dropbox\\blog\\UV sensor\\SW\\UVSensorCypress\\"
ARM GAS  C:\Users\IYANG~1.DES\AppData\Local\Temp\ccKuS8Fk.s 			page 37


 972      726F7062 
 972      6F785C62 
 972      6C6F675C 
 972      55562073 
 973 007f 55562053 		.ascii	"UV Sensor.cydsn\000"
 973      656E736F 
 973      722E6379 
 973      64736E00 
 974              	.LASF12:
 975 008f 666C6F61 		.ascii	"float\000"
 975      7400
 976              	.LASF1:
 977 0095 756E7369 		.ascii	"unsigned char\000"
 977      676E6564 
 977      20636861 
 977      7200
 978              	.LASF20:
 979 00a3 56726566 		.ascii	"Vref_Read\000"
 979      5F526561 
 979      6400
 980              	.LASF30:
 981 00ad 64725661 		.ascii	"drVal\000"
 981      6C00
 982              	.LASF5:
 983 00b3 6C6F6E67 		.ascii	"long unsigned int\000"
 983      20756E73 
 983      69676E65 
 983      6420696E 
 983      7400
 984              	.LASF3:
 985 00c5 73686F72 		.ascii	"short unsigned int\000"
 985      7420756E 
 985      7369676E 
 985      65642069 
 985      6E7400
 986              	.LASF17:
 987 00d8 56726566 		.ascii	"Vref_Write\000"
 987      5F577269 
 987      746500
 988              	.LASF13:
 989 00e3 646F7562 		.ascii	"double\000"
 989      6C6500
 990              	.LASF10:
 991 00ea 75696E74 		.ascii	"uint16\000"
 991      313600
 992              	.LASF21:
 993 00f1 56726566 		.ascii	"Vref_ReadDataReg\000"
 993      5F526561 
 993      64446174 
 993      61526567 
 993      00
 994              	.LASF11:
 995 0102 75696E74 		.ascii	"uint32\000"
 995      333200
 996              	.LASF25:
 997 0109 696E7472 		.ascii	"intrCfg\000"
 997      43666700 
ARM GAS  C:\Users\IYANG~1.DES\AppData\Local\Temp\ccKuS8Fk.s 			page 38


 998              	.LASF8:
 999 0111 756E7369 		.ascii	"unsigned int\000"
 999      676E6564 
 999      20696E74 
 999      00
 1000              	.LASF7:
 1001 011e 6C6F6E67 		.ascii	"long long unsigned int\000"
 1001      206C6F6E 
 1001      6720756E 
 1001      7369676E 
 1001      65642069 
 1002              	.LASF18:
 1003 0135 6D6F6465 		.ascii	"mode\000"
 1003      00
 1004              	.LASF6:
 1005 013a 6C6F6E67 		.ascii	"long long int\000"
 1005      206C6F6E 
 1005      6720696E 
 1005      7400
 1006              	.LASF26:
 1007 0148 6D61736B 		.ascii	"maskedStatus\000"
 1007      65645374 
 1007      61747573 
 1007      00
 1008              	.LASF14:
 1009 0155 63686172 		.ascii	"char\000"
 1009      00
 1010              	.LASF24:
 1011 015a 56726566 		.ascii	"Vref_ClearInterrupt\000"
 1011      5F436C65 
 1011      6172496E 
 1011      74657272 
 1011      75707400 
 1012              	.LASF2:
 1013 016e 73686F72 		.ascii	"short int\000"
 1013      7420696E 
 1013      7400
 1014              	.LASF27:
 1015 0178 474E5520 		.ascii	"GNU C 4.9.3 20150303 (release) [ARM/embedded-4_9-br"
 1015      4320342E 
 1015      392E3320 
 1015      32303135 
 1015      30333033 
 1016 01ab 616E6368 		.ascii	"anch revision 221220] -mcpu=cortex-m0 -mthumb -g -O"
 1016      20726576 
 1016      6973696F 
 1016      6E203232 
 1016      31323230 
 1017 01de 33202D66 		.ascii	"3 -ffunction-sections -finline-functions -flto -ffa"
 1017      66756E63 
 1017      74696F6E 
 1017      2D736563 
 1017      74696F6E 
 1018 0211 742D6C74 		.ascii	"t-lto-objects\000"
 1018      6F2D6F62 
 1018      6A656374 
 1018      7300
ARM GAS  C:\Users\IYANG~1.DES\AppData\Local\Temp\ccKuS8Fk.s 			page 39


 1019              	.LASF9:
 1020 021f 75696E74 		.ascii	"uint8\000"
 1020      3800
 1021              	.LASF23:
 1022 0225 706F7369 		.ascii	"position\000"
 1022      74696F6E 
 1022      00
 1023              	.LASF4:
 1024 022e 6C6F6E67 		.ascii	"long int\000"
 1024      20696E74 
 1024      00
 1025              	.LASF0:
 1026 0237 7369676E 		.ascii	"signed char\000"
 1026      65642063 
 1026      68617200 
 1027              		.comm	__gnu_lto_v1,1,1
 1028              		.ident	"GCC: (GNU Tools for ARM Embedded Processors) 4.9.3 20150303 (release) [ARM/embedded-4_9-br
