ARM GAS  C:\Users\IYANG~1.DES\AppData\Local\Temp\ccnuhxAl.s 			page 1


   1              		.cpu cortex-m0
   2              		.fpu softvfp
   3              		.eabi_attribute 20, 1
   4              		.eabi_attribute 21, 1
   5              		.eabi_attribute 23, 3
   6              		.eabi_attribute 24, 1
   7              		.eabi_attribute 25, 1
   8              		.eabi_attribute 26, 1
   9              		.eabi_attribute 30, 2
  10              		.eabi_attribute 34, 0
  11              		.eabi_attribute 18, 4
  12              		.code	16
  13              		.file	"Wakeup_SW.c"
  14              		.text
  15              	.Ltext0:
  16              		.section	.gnu.lto_.profile.1813a464,"",%progbits
  17 0000 789C6366 		.ascii	"x\234cf```a\200\000F\0065\005\000\000\340\000O"
  17      60606061 
  17      80004606 
  17      35050000 
  17      E0004F
  18              		.text
  19              		.section	.gnu.lto_.jmpfuncs.1813a464,"",%progbits
  20 0000 789C6366 		.ascii	"x\234cf\300\016d\2404\033\003##c=#\210`b``f``abdd\256"
  20      C00E64A0 
  20      341B0323 
  20      23633D23 
  20      88606260 
  21 001d AF6705CA 		.ascii	"\257g\005\312\001\000 \267\002>"
  21      010020B7 
  21      023E
  22              		.text
  23              		.section	.gnu.lto_.inline.1813a464,"",%progbits
  24 0000 789C6366 		.ascii	"x\234cf\300\016f@i6\006\006\016vFF\006F\006\006f\216"
  24      C00E6640 
  24      69360606 
  24      0E764646 
  24      06460606 
  25 0016 03760C6C 		.ascii	"\003v\014l\013\344\231\030\230.\360\263\200$\031\361"
  25      0BE49918 
  25      982EF0B3 
  25      802419F1 
  26 0026 C83131B0 		.ascii	"\31011\260\261220\261}\320\203\210\003\0013\246\020"
  26      B1323230 
  26      B17DD083 
  26      88030133 
  26      A610
  27 0038 0B032707 		.ascii	"\013\003'\007#\023\310\004\2409\014,\250\246\000\011"
  27      2313C804 
  27      A0390C2C 
  27      A8A60009 
  28 0048 1E902256 		.ascii	"\036\220\"V\006v6\240>\270$\010\000\000\311\241\017"
  28      067636A0 
  28      3EB82408 
  28      0000C9A1 
  28      0F
  29 0059 C8       		.ascii	"\310"
ARM GAS  C:\Users\IYANG~1.DES\AppData\Local\Temp\ccnuhxAl.s 			page 2


  30              		.text
  31              		.section	.gnu.lto_.pureconst.1813a464,"",%progbits
  32 0000 789C6366 		.ascii	"x\234cf``\340e\200\0006\006)F)&)f)\026)V)\000\005\261"
  32      6060E065 
  32      80003606 
  32      29462926 
  32      29662916 
  33 001a 00C2     		.ascii	"\000\302"
  34              		.text
  35              		.section	.gnu.lto_Wakeup_SW_SetDriveMode.1813a464,"",%progbits
  36 0000 789C7D51 		.ascii	"x\234}Q\317+DQ\030\375\316}o\336\220\237)\233\331\012"
  36      CF2B4451 
  36      18FDCE7D 
  36      6FDE909F 
  36      299BD90A 
  37 0014 91ACFC01 		.ascii	"\221\254\374\001\312\302V\315\302F\015\361J\211\221"
  37      CAC256CD 
  37      C2460DF1 
  37      4A8991
  38 0023 58BB33A6 		.ascii	"X\2733\246\310jH2M\262\220\374\030\277\312\002\013y"
  38      C86A4832 
  38      4DB290FC 
  38      18BFCA02 
  38      0B79
  39 0035 212B110B 		.ascii	"!+\021\013j\362c3\302\012\2150\013=\33773;\345\326\375"
  39      6AF26333 
  39      C20A8D30 
  39      0B3DDF37 
  39      333BE5D6 
  40 004a EE774FE7 		.ascii	"\356wO\347\234w\336w\015\372\273|\274\017@T\317'\014"
  40      9C77DE77 
  40      0DFABB7C 
  40      BC0F4054 
  40      CF270C
  41 005d 828A9E13 		.ascii	"\202\212\236\023\205\012\024 \015\201F\025F\361\242"
  41      850A1420 
  41      0D814615 
  41      46F1A2
  42 006c DE15A24E 		.ascii	"\336\025\242Nb\256\250vIk\375\026\336\351\3253\235\031"
  42      62AEA876 
  42      496BFD16 
  42      DEE9D533 
  42      9D19
  43 007e 45945639 		.ascii	"E\224V9\037,\243\2269O\231\227\345\022\243\006\304\375"
  43      1F2CA396 
  43      394F9997 
  43      E512A306 
  43      C4FD
  44 0090 CFD4CD95 		.ascii	"\317\324\315\225\252^\324:\354\\l\352fd\330t\005\006"
  44      AA5ED43A 
  44      EC5C6CEA 
  44      6664D874 
  44      0506
  45 00a2 2BD0E043 		.ascii	"+\320\340C\235\217\030 \254\242Z\310\357\221\237\233"
  45      9D8F1820 
  45      ACA25AC8 
  45      EF919F9B 
ARM GAS  C:\Users\IYANG~1.DES\AppData\Local\Temp\ccnuhxAl.s 			page 3


  46 00b2 222BC2E6 		.ascii	"\"+\302\346\3459O\254\301\342\\\264U\341h\327M\237]"
  46      E5394FAC 
  46      C1E25CB4 
  46      55E168D7 
  46      4D9F5D
  47 00c5 3ED7A050 		.ascii	">\327\240P\261F\031RL\210\322#\255%\305+\205(\305[\202"
  47      B1461952 
  47      4C88D223 
  47      AD25C52B 
  47      8528C55B 
  48 00da 3FF2854F 		.ascii	"?\362\205O#\211\243\317\311\353\230%n_J\376\342\356"
  48      2389A3CF 
  48      C9EB9825 
  48      6E5F4AFE 
  48      E2EE
  49 00ec E46EAFF4 		.ascii	"\344n\257\364Ye\2241\021\211jS\276\375\220\272\270,"
  49      59659431 
  49      11896A53 
  49      BEFD90BA 
  49      B82C
  50 00fe C84224D7 		.ascii	"\310B$\327\375\364\254S8\217x(\302\221M$\340\303:xN"
  50      FDF4AC53 
  50      388F7828 
  50      C2914D24 
  50      E0C33A78 
  51 0113 D8C03C28 		.ascii	"\330\300<(\211\261\357\274\235\221s<\036\337\216\027"
  51      89B1EFBC 
  51      9D91733C 
  51      1EDF8E17 
  52 0123 8B5CB9AE 		.ascii	"\213\\\271\256\373]F\330dv\022\341{o\216\346\371R\246"
  52      FB5D46D8 
  52      647612E1 
  52      7B6F8EE6 
  52      F952A6
  53 0136 C86EF332 		.ascii	"\310n\3632\201Xv\030{]\310\312<\225\204\255\254d\354"
  53      81587618 
  53      7B5DC8CA 
  53      3C9584AD 
  53      AC64EC
  54 0149 234FF166 		.ascii	"#O\361f\315-\206\216\246!\320\177\261\2669\026K\350"
  54      CD2D868E 
  54      A621D07F 
  54      B1B63916 
  54      4BE8
  55 015b 1E2167F7 		.ascii	"\036!g\367T\011]^$\305\323\345\021\360@\252Z\355\001"
  55      54095D5E 
  55      24C5D3E5 
  55      11F040AA 
  55      5AED01
  56 016e 7BA86BD8 		.ascii	"{\250k\330\356\011\370\203#C\335vG\233?\330\322\324"
  56      EE09F883 
  56      2343DD76 
  56      479B3FD8 
  56      D2D4
  57 0180 D1DED567 		.ascii	"\321\336\325g\217\014\006\374\355\215\335d\366\007{"
  57      8F0C06FC 
  57      ED8DDD64 
ARM GAS  C:\Users\IYANG~1.DES\AppData\Local\Temp\ccnuhxAl.s 			page 4


  57      F6077B
  58 018f EC5F5E5B 		.ascii	"\354_^[\247\316"
  58      A7CE
  59              		.text
  60              		.section	.gnu.lto_Wakeup_SW_Write.1813a464,"",%progbits
  61 0000 789C6551 		.ascii	"x\234eQMh\023A\030\375\336\314n64\036D\020J.\036B[\204"
  61      4D681341 
  61      18FDDECC 
  61      6E36341E 
  61      44104A2E 
  62 0018 2208DEBC 		.ascii	"\"\010\336\274\024<\364*\004\254\207b\011\355\236,V"
  62      143CF42A 
  62      04AC8762 
  62      09ED9E2C 
  62      56
  63 0029 82E93593 		.ascii	"\202\3515\223\2726\352)\212HA\032\251E\374\211\375\261"
  63      BA36EA29 
  63      8A48411A 
  63      A945FC89 
  63      FDB1
  64 003b 3D78D0C3 		.ascii	"=x\320\303R\301\233\221\"T[B\2144\005\213\036lZZs\260"
  64      52C19B91 
  64      22545B42 
  64      8C34058B 
  64      1E6C5A5A 
  65 0051 F1FB7641 		.ascii	"\361\373vA\014\016;;\263o\336{\373\276o4\375?\342<\373"
  65      0C0E3B3B 
  65      B36FDE7B 
  65      FBBE6F34 
  65      FD3FE23C 
  66 0066 14D1695E 		.ascii	"\024\321i^\241\011\252P&\312E\025 \033\002e\025\262"
  66      A109AA50 
  66      26CA4515 
  66      201B0265 
  66      15B2
  67 0078 D8563B0A 		.ascii	"\330V;\012\005\2774\025\353yl\214\371\331x\335y\243"
  67      05BF3415 
  67      EB796C8C 
  67      F9D978DD 
  67      79A3
  68 008a B3C9B25D 		.ascii	"\263\311\262]\025\332\340\011z\230\262[2\367\264\356"
  68      15DAE009 
  68      7A98B25B 
  68      32F7B4EE 
  69 009a 06F17E71 		.ascii	"\006\361~q\365\375\241\3235k\314\204\377f\336\364\241"
  69      F5FDA1D3 
  69      356BCC84 
  69      FF66DEF4 
  69      A1
  70 00ab C99E4FA1 		.ascii	"\311\236O\241Y\201\3368N\306\211\001\3023t\011\271q"
  70      5981DE38 
  70      4EC68901 
  70      C2337409 
  70      B971
  71 00bd BFB4AF74 		.ascii	"\277\264\257to \374\372h\363\241\223\230aam{\363]\314"
  71      6F20FCFA 
  71      68F3A193 
ARM GAS  C:\Users\IYANG~1.DES\AppData\Local\Temp\ccnuhxAl.s 			page 5


  71      9861616D 
  71      7BF35DCC 
  72 00d1 4C19AFD6 		.ascii	"L\031\257\326j\235\020\375\363\177\365\341`\301\216"
  72      6A9D10FD 
  72      F37FF5E1 
  72      60C18E
  73 00e0 F7FB532C 		.ascii	"\367\373S,\342q\260\243(!\021\206\302\013D\300\213 "
  73      E271B0A3 
  73      28211186 
  73      C20B44C0 
  73      8B20
  74 00f2 0BC77CD3 		.ascii	"\013\307|\323j-\357\335\271y\026\035\212\177\2544\277"
  74      6A2DEFDD 
  74      B979161D 
  74      8A7FAC34 
  74      BF
  75 0103 B4457268 		.ascii	"\264ErhCBD\004p\002 *\004\242:O\351\301\026\177\360"
  75      43424404 
  75      7002202A 
  75      04A23A4F 
  75      E9C1167F 
  76 0118 AA37B0B2 		.ascii	"\2527\260\262\177\273\\\034\027\343\003%\015\311\337"
  76      7FBB5C1C 
  76      17E30325 
  76      0DC9DF
  77 0127 7AB57EE4 		.ascii	"z\265~\344\233j*\313x\005cI\224/\365\017\253\321\000"
  77      9B6A2ACB 
  77      78056349 
  77      942FF50F 
  77      ABD100
  78 013a 0A926DFD 		.ascii	"\012\222m\375h6:\246\361 \347q\3716\346\020\307<89\026"
  78      68363AA6 
  78      F120E771 
  78      F936E610 
  78      C73C3839 
  79 014f 300DDAC0 		.ascii	"0\015\332\300\304\347|E\205\206\232=\031\271\376k\262"
  79      C4E77C45 
  79      85869A3D 
  79      19B9FE6B 
  79      B2
  80 0160 8210B118 		.ascii	"\202\020\261\030d\217\217\207\345\267\020K\235%,\262"
  80      648F8F87 
  80      E5B7104B 
  80      9D252CB2 
  81 0170 7A0D8144 		.ascii	"z\015\201D\2422I4\225\311\265\342\245P\304\217\315\242"
  81      A2324934 
  81      95C9B5E2 
  81      A550C48F 
  81      CDA2
  82 0182 83D9DAF7 		.ascii	"\203\331\332\367P\3045\275d\021\263\366\376:;\001\317"
  82      50C435BD 
  82      6411B3F6 
  82      FE3A3B01 
  82      CF
  83 0193 6A777224 		.ascii	"jwr$O5_-^\014I\321\020Z\271;s\\\200\266jr\276\335^\317"
  83      4F355F2D 
  83      5E0C49D1 
ARM GAS  C:\Users\IYANG~1.DES\AppData\Local\Temp\ccnuhxAl.s 			page 6


  83      105AB93B 
  83      735C80B6 
  84 01ad 12D7C312 		.ascii	"\022\327\303\022\252\"\347\257\367\013_\356\246\316"
  84      AA22E7AF 
  84      F70B5FEE 
  84      A6CE
  85 01bb 37CCADE3 		.ascii	"7\314\255\343F&\372\335+n:u\315\035\031J\216e\322\303"
  85      4626FADD 
  85      2B6E3A75 
  85      CD1D194A 
  85      8E65D2C3 
  86 01cf EEE0F9E4 		.ascii	"\356\340\371\344\330\2713\203\003\251\313n\346\352P"
  86      D8B93383 
  86      03A9CB6E 
  86      E6EA50
  87 01de 72E0D430 		.ascii	"r\340\3240\331\343\251\321\214k\217\244/\244F\377\000"
  87      D9E3A9D1 
  87      8C6B8FA4 
  87      2FA446FF 
  87      00
  88 01ef BE5BD56C 		.ascii	"\276[\325l"
  89              		.text
  90              		.section	.gnu.lto_Wakeup_SW_Read.1813a464,"",%progbits
  91 0000 789C658F 		.ascii	"x\234e\217?HBQ\024\306\317w\336\323\014\227h\012\327"
  91      3F484251 
  91      14C6CF77 
  91      DED30C97 
  91      680AD7
  92 0013 2809A4A9 		.ascii	"(\011\244\251\271\245\2415p\020B\020\2617\005\031\222"
  92      B9A5A135 
  92      70104210 
  92      B1370519 
  92      92
  93 0024 B3577B19 		.ascii	"\263W{\031D\203\010\321PN\021e\177p\013\202\206h\226"
  93      448308D1 
  93      504E1165 
  93      7F700B82 
  93      866896
  94 0037 FE601448 		.ascii	"\376`\024HX\203\201\321\222\010\331\033\312\316\365"
  94      588381D1 
  94      9208D91B 
  94      CACEF5
  95 0046 B575E19E 		.ascii	"\265u\341\236s\317=?\276\357\034\203\376\237\200\334"
  95      73CF3D3F 
  95      BEEF1C83 
  95      FE9F80DC 
  96 0056 69108D49 		.ascii	"i\020\215I\206A\340\3025Q\326\307\200~\020(\303\310"
  96      8641E0C2 
  96      3551D6C7 
  96      807E1028 
  96      C3C8
  97 0068 E08DDB8C 		.ascii	"\340\215\333\214\352\371O\015\301}\245r\037\271\332"
  97      EAF94F0D 
  97      C17DA572 
  97      1FB9DA
  98 0077 937F6DC4 		.ascii	"\223\177m\304a\242\016\023B\001Lh\035\034 H\002\266"
  98      61A20E13 
ARM GAS  C:\Users\IYANG~1.DES\AppData\Local\Temp\ccnuhxAl.s 			page 7


  98      42014C68 
  98      1D1C2048 
  98      02B6
  99 0089 EDEF47BF 		.ascii	"\355\357G\277\327VJ\015\351\2764\016\341\025\017\252"
  99      D7564A0D 
  99      E9BE340E 
  99      E1150FAA 
 100 0099 0C5FAA5E 		.ascii	"\014_\252^\257S-\266\306\331\313\344\2608J0u\360\220"
 100      AF532DB6 
 100      C6D9CBE4 
 100      B0384A30 
 100      75F090
 101 00ac 96A3A604 		.ascii	"\226\243\246\004\355\374\312\254\263Q\307\325\347\306"
 101      EDFCCAAC 
 101      B351C7D5 
 101      E7C6
 102 00ba 43795E4B 		.ascii	"Cy^KtY\217Q:+o\033-v\230m\273\240Lm\370\334\274\271"
 102      74598F51 
 102      3A2B6F1B 
 102      2D76986D 
 102      BBA04C6D 
 103 00d2 F3F5BF48 		.ascii	"\363\365\277H\227\225\333\315\226\257\204\235\254\015"
 103      9795DBCD 
 103      96AF849D 
 103      AC0D
 104 00e0 870D9411 		.ascii	"\207\015\224\021\300\021d@\034\243\004\252c\365+\177"
 104      C0116440 
 104      1CA304AA 
 104      63F52B7F 
 105 00f0 6FBA8286 		.ascii	"o\272\202\206\253\271u\261[\034\324\002P \234\010,T"
 105      ABB975B1 
 105      5B1CD402 
 105      50209C08 
 105      2C54
 106 0102 23DFF4BA 		.ascii	"#\337\364\272\224)\240P\335\275\227wh\312\034 \234\366"
 106      9429A050 
 106      DDBD9777 
 106      68CA1C20 
 106      9CF6
 107 0114 A15C633D 		.ascii	"\241\\c=\3442\036\301\250\001\374U\375U\240W\220\231"
 107      E4321EC1 
 107      A801FC55 
 107      FD55A057 
 107      9099
 108 0126 4667AD25 		.ascii	"Fg\255%+\025_\261\026b\341d:\225\260\242s\341\344\314"
 108      2B155FB1 
 108      1662E164 
 108      3A95B0A2 
 108      73E1E4CC 
 109 013a 5434125F 		.ascii	"T4\022_\264\322\313\261pd2A\277a\341{\202"
 109      B4D2CBB1 
 109      70643241 
 109      BF61E17B 
 109      82
 110              		.text
 111              		.section	.gnu.lto_Wakeup_SW_ReadDataReg.1813a464,"",%progbits
 112 0000 789C658F 		.ascii	"x\234e\217?HBQ\024\306\317w\336\363e\331\020M\341\032"
ARM GAS  C:\Users\IYANG~1.DES\AppData\Local\Temp\ccnuhxAl.s 			page 8


 112      3F484251 
 112      14C6CF77 
 112      DEF365D9 
 112      104DE11A 
 113 0014 2181B4D4 		.ascii	"!\201\264\324\334\322\320\0328\010!\210\330\233\202"
 113      DCD2D01A 
 113      38082188 
 113      D89B82
 114 0023 0CC9D9AB 		.ascii	"\014\311\331\253\275\224\232Dh*\247\220\376\031\215"
 114      BD949A44 
 114      682AA790 
 114      FE198D
 115 0032 11348473 		.ascii	"\0214\204s\024Q\020JX\203\206QC&ho(\273\327\327\326"
 115      1451104A 
 115      58838651 
 115      4326686F 
 115      28BBD7D7 
 116 0047 857BCE3D 		.ascii	"\205{\316=\367\374\370\276s4\372\177\274\362\316\202"
 116      F7FCF8BE 
 116      7334FA7F 
 116      BCF2CE82 
 117 0057 68426668 		.ascii	"hBfh\004\316]\023\245\334\014\250\007\201\222\214$^"
 117      04CE5D13 
 117      A5DC0CA8 
 117      0781928C 
 117      245E
 118 0069 B9C5B83A 		.ascii	"\271\305\270:\377\271\203\257(D\372\243\\y\364l\214"
 118      FFB983AF 
 118      2844FAA3 
 118      5C79F46C 
 118      8C
 119 007a D94CD466 		.ascii	"\331L\324f\202\337\213I\245\203}\370H\202-\353\373\301"
 119      82DF8B49 
 119      A5837DF8 
 119      48822DEB 
 119      FBC1
 120 008c 63584288 		.ascii	"cXB\210\021\325\227\215\003\030\322\203NG/E\257\327"
 120      11D5978D 
 120      0318D283 
 120      4E472F45 
 120      AFD7
 121 009e 7EC937A7 		.ascii	"~\3117\247\331`\262Y:\312\240\253\340\"%Gu\031\224s"
 121      D960B259 
 121      3ACAA0AB 
 121      E0222547 
 121      75199473 
 122 00b2 835965AD 		.ascii	"\203Ye\255\212rg\253SZT\022]Vcd7\317*\303M\266\231\205"
 122      8A7267AB 
 122      535A5412 
 122      5D566364 
 122      37CF2AC3 
 123 00ca 9513BA32 		.ascii	"\225\023\2722|\252\337\334\272\373_\244\312\306\273"
 123      7CAADFDC 
 123      BAFB5FA4 
 123      CAC6BB
 124 00d9 FD3954C0 		.ascii	"\3759T\300N\312\202\315\032\016\341\305\021\344\200"
 124      4ECA82CD 
ARM GAS  C:\Users\IYANG~1.DES\AppData\Local\Temp\ccnuhxAl.s 			page 9


 124      1A0EE1C5 
 124      11E480
 125 00e8 38460154 		.ascii	"8F\001T\305\372W\346^w\0045Gs\373b7?\250\004 @(IXR\265"
 125      C5FA57E6 
 125      5E770435 
 125      4773FB62 
 125      373FA804 
 126 0103 4CDD7028 		.ascii	"L\335p(]\202\222\352\356=\277AQ\372\000\341\244\017"
 126      5D8292EA 
 126      EE3DBF41 
 126      51FA00E1 
 126      A40F
 127 0115 A56B59BF 		.ascii	"\245kY\277\303\270$F5\340\257\352\257\002\265\202\234"
 127      C3B82446 
 127      35E0AFEA 
 127      AF02B582 
 127      9C
 128 0126 697CDE5C 		.ascii	"i|\336\\1\343\2215s)\034\210%\342Q3\264\020\210\315"
 128      31E39135 
 128      73291C88 
 128      25E25133 
 128      B41088CD 
 129 013a CD848291 		.ascii	"\315\204\202\221e3\261\032\016\004\247\242\364\013\244"
 129      6533B11A 
 129      0E04A7A2 
 129      F40BA4
 130 0149 A97CEF   		.ascii	"\251|\357"
 131              		.text
 132              		.section	.gnu.lto_Wakeup_SW_SetInterruptMode.1813a464,"",%progbits
 133 0000 789C6D91 		.ascii	"x\234m\221Oh\023A\024\306\347\315\354&\333&b\361b\311"
 133      4F681341 
 133      14C6E7CD 
 133      EC26DB26 
 133      62F162C9 
 134 0014 4521C41E 		.ascii	"E!\304\036\004\275\364\346E\350\301\233\024r\350\245"
 134      04BDF4E6 
 134      45E8C19B 
 134      1472E8A5 
 135 0024 504ABB4A 		.ascii	"PJ\273J\020\223\022\323\223\207\316\326m\012\342!\324"
 135      109312D3 
 135      9387CED6 
 135      6D0AE221 
 135      D4
 136 0035 22C55034 		.ascii	"\"\305P4\250\2645\232F\253\2429\205X\264 \376\003\261"
 136      A8B4359A 
 136      46ABA239 
 136      8558B420 
 136      FE03B1
 137 0048 A54A2C35 		.ascii	"\245J,5\261\026\252\030\023MW\220\370\336n<\024]\330"
 137      B116AA18 
 137      134D5790 
 137      F8DE6E3C 
 137      145DD8
 138 005b 99793FDE 		.ascii	"\231y?\336\373\346{o\004\373\367\363\341\177\2353v\004"
 138      FBE67B6F 
 138      04FBF7F3 
 138      E17F9D33 
ARM GAS  C:\Users\IYANG~1.DES\AppData\Local\Temp\ccnuhxAl.s 			page 10


 138      7604
 139 006d 77100C78 		.ascii	"w\020\014x\342\005c\206\306\001\350\300\200\215p\030"
 139      E2056386 
 139      C601E8C0 
 139      808D7018 
 140 007d 814D5EE1 		.ascii	"\201M^\341\220\310\247\247<\0357\244\224\337\276W\333"
 140      90C8A7A7 
 140      3C1D37A4 
 140      94DFBE57 
 140      DB
 141 008e C7DA2D2C 		.ascii	"\307\332-,\253rG\006f\240\003S\312\017Sg\305\001`x|"
 141      AB724706 
 141      66A00353 
 141      CA0F5367 
 141      C5016078 
 142 00a3 B6BE5DF5 		.ascii	"\266\276]\365~\346\026\2076\012//\227k\202B\316)L/N"
 142      7EE61687 
 142      360A2F2F 
 142      976B8242 
 142      CE294C2F 
 143 00b8 66DD816B 		.ascii	"f\335\201kR\216\346W\262\362(r\001\263 P\016\346\300"
 143      528EE657 
 143      B2F22872 
 143      01B32050 
 143      0EE6C0
 144 00cb 0737C1C7 		.ascii	"\0077\301\307\0201HC\000\2637\254\315\231]\342\260\255"
 144      10314843 
 144      00B337AC 
 144      CD995DE2 
 144      B0AD
 145 00dd BB6E5CF9 		.ascii	"\273n\\\371\341q*\255\277\225\267\376Sy\033\002\224"
 145      E1712AAD 
 145      BF95B7FE 
 145      53791B02 
 145      94
 146 00ee FEEAF1E4 		.ascii	"\376\352\361\344GUt\332\245\2172\265\347\036\333\322"
 146      475574DA 
 146      A58F32B5 
 146      E71EDBD2 
 147 00fe 7E0A7313 		.ascii	"~\012s\023KS.\333\222B\341\227K\205$\367\247Pxmn\374"
 147      4B532EDB 
 147      9242E197 
 147      4B8524F7 
 147      A750786D 
 148 0114 A9572E49 		.ascii	"\251W.Is\255\321\330gq\0052\216\376<\352g\301\327\234"
 148      73ADD1D8 
 148      67710532 
 148      8EFE3CEA 
 148      67C1D79C 
 149 0128 1C9654CC 		.ascii	"\034\226T\314\337\313\036\227\211\023i\203;\340w\246"
 149      DFCB1E97 
 149      89136983 
 149      3BE077A6 
 150 0138 0177C105 		.ascii	"\001w\301\005\270\021\231\337\223\227\215\306\302\233"
 150      B81199DF 
 150      93978DC6 
 150      C29B
ARM GAS  C:\Users\IYANG~1.DES\AppData\Local\Temp\ccnuhxAl.s 			page 11


 151 0146 8BB30785 		.ascii	"\213\263\007\205\227\2431U\000\365\244\320Q\245\305"
 151      97A33155 
 151      00F5A4D0 
 151      51A5C5
 152 0155 C528CF0D 		.ascii	"\305(\317\015\344WC\340j!\332J\013c%\324\243g(\343\320"
 152      E45743E0 
 152      6A21DA4A 
 152      0B6325D4 
 152      A36728E3 
 153 016a 7017AB50 		.ascii	"p\027\253P\370y\276\230\353\246+\352\234\336$\363u,"
 153      F879BE98 
 153      EBA62BEA 
 153      9CDE24F3 
 153      752C
 154 017c A3510FEE 		.ascii	"\243Q\017\356\013fB\332}|(\275|\355 \333\343\325\344"
 154      0B6642DA 
 154      7D7C28BD 
 154      7CED20DB 
 154      E3D5E4
 155 018f 93CAEE69 		.ascii	"\223\312\356iH\032&X\\\203\005\354\341\036\365\000\367"
 155      481A2658 
 155      5C8305EC 
 155      E11EF500 
 155      F7
 156 01a0 611AD82A 		.ascii	"a\032\330*\214\026\307\267TGP\251\343\340\220\374\212"
 156      8C16C7B7 
 156      544750A9 
 156      E3E090FC 
 156      8A
 157 01b1 BF571CA2 		.ascii	"\277W\034\242\"Drn;\276\005\016\241{\221\263\267\300"
 157      2244726E 
 157      3BBE050E 
 157      A17B91B3 
 157      B7C0
 158 01c3 ED46D13C 		.ascii	"\355F\321<B'\347Sn\245\231\245\241R\035\015\220\274"
 158      4227E753 
 158      6EA599A5 
 158      A1521D0D 
 158      90BC
 159 01d5 DB412D48 		.ascii	"\333A-H)\255\026_l\212\267\332\220j\013\023\251\275"
 159      29AD165F 
 159      6C8AB7DA 
 159      906A0B13 
 159      A9BD
 160 01e7 C476D835 		.ascii	"\304v\3305\362\352N\303\017\3200V\261\"\030\371w\307"
 160      F2EA4EC3 
 160      0FD03056 
 160      B12218F9 
 160      77C7
 161 01f9 299F9EA1 		.ascii	")\237\236\241\304\201f\203\223\362\037\323\303z\264"
 161      C4816683 
 161      93F21FD3 
 161      C37AB4
 162 0208 3FA60FF6 		.ascii	"?\246\017\366\005#\303\321\001\275\267;\030\351\352"
 162      0523C3D1 
 162      01BDB73B 
 162      18E9EA
ARM GAS  C:\Users\IYANG~1.DES\AppData\Local\Temp\ccnuhxAl.s 			page 12


 163 0217 ECEDE93F 		.ascii	"\354\355\351?\245\017\017\365\005{\016\0150m(r&\024"
 163      A50F0FF5 
 163      057B0E0D 
 163      306D2872 
 163      2614
 164 0229 0B45C2CA 		.ascii	"\013E\302\312\351\310\240\356\016\205c\321\256\023'"
 164      E9C8A0EE 
 164      0E8563D1 
 164      AE1327
 165 0238 FF005DB0 		.ascii	"\377\000]\260\375\317"
 165      FDCF
 166              		.text
 167              		.section	.gnu.lto_Wakeup_SW_ClearInterrupt.1813a464,"",%progbits
 168 0000 789C6590 		.ascii	"x\234e\220OHTQ\024\306\317w\356\2143:.\242U\314\306"
 168      4F485451 
 168      14C6CF77 
 168      EE8C333A 
 168      2EA255CC 
 169 0015 C5801248 		.ascii	"\305\200\022H\013i\345\266E\333`\026\266\020d\320\267"
 169      0B69E5B6 
 169      45DB6016 
 169      B61064D0 
 169      B7
 170 0026 92547466 		.ascii	"\222Ttf\233w\354\351Pn\006#\020\314ED\370\377\3176P"
 170      9B77ECE9 
 170      506E0623 
 170      10CC4544 
 170      F8FFCF36 
 171 003b 19067115 		.ascii	"\031\006q\025E\004\032\"\323\200FF \2129\372\372\343"
 171      45041A22 
 171      D3804646 
 171      208A39FA 
 171      FAE3
 172 004d EB9CF75A 		.ascii	"\353\234\367Z$]x\357\336\367\275\363}\347w\217\241\377"
 172      245D78EF 
 172      DEF7BDF3 
 172      7DE7778F 
 172      A1FF
 173 005f 57529E3D 		.ascii	"WR\236=\020\265\311\016C\340\342[\242|\234\001=\020"
 173      10B5C90E 
 173      43E0E25B 
 173      A27C9C01 
 173      3D10
 174 0071 6898318C 		.ascii	"h\2301\214\257|\302x\363\372\362\003Z^Y;r\\\376\271"
 174      AF7CC278 
 174      F3FAF203 
 174      5A5E593B 
 174      725CFEB9 
 175 0085 9718BDE1 		.ascii	"\227\030\275\3411\321)\023Z\223\270\2519\230A\013I\341"
 175      31D12913 
 175      5A93B8A9 
 175      3998410B 
 175      49E1
 176 0097 B3FDC747 		.ascii	"\263\375\307G0\315\320s\315\037\237\217\247^\210\251"
 176      30CDD073 
 176      CD1F9F8F 
 176      A75E88A9 
ARM GAS  C:\Users\IYANG~1.DES\AppData\Local\Temp\ccnuhxAl.s 			page 13


 177 00a7 5A296C25 		.ascii	"Z)l%\354\244u\253\276\337$V\314\302\374\353\326%\206"
 177      ECA475AB 
 177      BEDF2456 
 177      CCC2FCEB 
 177      D62586
 178 00ba 13F7F74E 		.ascii	"\023\367\367N\242\316\265\326^\303\034R\332@\222\347"
 178      A2CEB5D6 
 178      5EC31C52 
 178      DA4092E7 
 179 00ca 51279050 		.ascii	"Q'\220Pe\345z\311\372\376\351\321\323\331v\023g\362"
 179      65E57AC9 
 179      FAFEE9D1 
 179      D3D97613 
 179      67F2
 180 00dc 58B03DE6 		.ascii	"X\260=\346\010\351\317\250~\307H\311\350@^z\211\317"
 180      08E9CFA8 
 180      7EC748C9 
 180      E8405E7A 
 180      89CF
 181 00ee CCBA9B5D 		.ascii	"\314\272\233]\224kOj\353\0175\354\234\365Fk\337\317"
 181      946B4F6A 
 181      EB0F35EC 
 181      9CF5466B 
 181      DFCF
 182 0100 C6F9903D 		.ascii	"\306\371\220=6E\267h#\332\376\323\301\273\367\361@\012"
 182      3645B768 
 182      23DAFED3 
 182      C1BBF7F1 
 182      400A
 183 0112 68BE1C96 		.ascii	"h\276\034\226~\230iL\345]x\034\301\002\222X\204\320"
 183      7E98694C 
 183      E55D781C 
 183      C1029258 
 183      84D0
 184 0124 6209D3A0 		.ascii	"b\011\323\240]\214|,\374\3420\320H\246(\217.\3066\021"
 184      5D8C7C2C 
 184      FCE230D0 
 184      48A6288F 
 184      2EC63611 
 185 0138 2A111175 		.ascii	"*\021\021u\034k\317'\3525\222-\010\313b\337F\340Q`\251"
 185      1C6BCF27 
 185      EA35922D 
 185      08CB62DF 
 185      46E05160 
 186 014d D2984AE1 		.ascii	"\322\230J\341r\375~\350\212\206Ry\"H\271\302\220/\361"
 186      72FD7EE8 
 186      8A865279 
 186      2248B9C2 
 186      902FF1
 187 0160 558A15A1 		.ascii	"U\212\025\241\020\207\266\255\214mm4\204\0111I\020\337"
 187      1087B6AD 
 187      8C6D6D34 
 187      84093149 
 187      10DF
 188 0172 F9CBEA37 		.ascii	"\371\313\3527h\337h\214\260*\365\025\374\005\213\005"
 188      68DF688C 
 188      B02AF515 
ARM GAS  C:\Users\IYANG~1.DES\AppData\Local\Temp\ccnuhxAl.s 			page 14


 188      FC058B05 
 189 0182 D3814E45 		.ascii	"\323\201NEf\224\272\353\3649\203\231\254\323\323\225"
 189      6694BAEB 
 189      F4398399 
 189      ACD3D395 
 190 0192 EECF0D76 		.ascii	"\356\317\015v;\235\367\322\375wnwvdz\235\334@W\272\343"
 190      3B9DF7D2 
 190      FD776E77 
 190      76647A9D 
 190      DC4057BA 
 191 01a7 5637353E 		.ascii	"V75>\310\014\365:=\351l&\233\033\372\003\267\353\267"
 191      C80CF53A 
 191      3DE96C26 
 191      9B1BFA03 
 191      B7EBB7
 192 01ba 7C       		.ascii	"|"
 193              		.text
 194              		.section	.gnu.lto_.symbol_nodes.1813a464,"",%progbits
 195 0000 789C55C7 		.ascii	"x\234U\307;\015\000 \020D\301w\037\022tbd-\240\200\240"
 195      3B0D0020 
 195      1044C177 
 195      1F127462 
 195      642DA080 
 196 0015 084D3414 		.ascii	"\010M4\024\334t\023\300\340q\004\363\200\304\332\035"
 196      DC7413C0 
 196      E07104F3 
 196      80C4DA1D 
 197 0025 3759B9CB 		.ascii	"7Y\271\313\313CQ\236\312\362\246\366\237\013\351b\031"
 197      CB43519E 
 197      CAF2A6F6 
 197      9F0BE962 
 197      19
 198 0036 56       		.ascii	"V"
 199              		.text
 200              		.section	.gnu.lto_.refs.1813a464,"",%progbits
 201 0000 789C6366 		.ascii	"x\234cf```d\200\002\000\000=\000\005"
 201      60606064 
 201      80020000 
 201      3D0005
 202              		.text
 203              		.section	.gnu.lto_.decls.1813a464,"",%progbits
 204 0000 789C8D54 		.ascii	"x\234\215ToL[U\024\277\347\335\266\264o\265\333\027"
 204      6F4C5B55 
 204      14BFE7DD 
 204      B6B46FB5 
 204      DB17
 205 0012 D9D298D8 		.ascii	"\331\322\230\330\306\204\304\204,a3\306o~`\311\242\211"
 205      C684C484 
 205      2C6133C6 
 205      6F7E60C9 
 205      A289
 206 0024 0B8E183E 		.ascii	"\013\216\030>l\011i\340e\022\027 \265\230,\361\303\035"
 206      6C0969E0 
 206      65121720 
 206      B5982CF1 
 206      C31D
 207 0036 C50C1D31 		.ascii	"\305\014\0351\254qY\235\321\201v\016\207c\014*\320\265"
ARM GAS  C:\Users\IYANG~1.DES\AppData\Local\Temp\ccnuhxAl.s 			page 15


 207      AC71599D 
 207      D181760E 
 207      87630C2A 
 207      D0B5
 208 0048 93326014 		.ascii	"\2232`\024\001'j\304\031\302\277\271\015E\011l\230\260"
 208      01276AC4 
 208      19C2BFB9 
 208      0D45096C 
 208      98B0
 209 005a 60789E7B 		.ascii	"`x\236{\337k\337C\337\342^r\332\236\333\363\373\235"
 209      DF6BDF43 
 209      DFE25E72 
 209      DA9EDBF3 
 209      FB9D
 210 006c DFFD9D93 		.ascii	"\337\375\235\223G\011!m@\210\212\017\261\023\262\210"
 210      4709216D 
 210      40888A0F 
 210      B113B288 
 211 007c 791E4609 		.ascii	"y\036F\0111\036\007F\027F\034\243\027#\2011\2141B\376"
 211      311E0746 
 211      17461CA3 
 211      17238131 
 211      8C3142FE 
 212 0090 FB74E9F5 		.ascii	"\373t\351\365\034\177\011\303\2171\211q\023\343e\275"
 212      1C7F09C3 
 212      8F318971 
 212      13E365BD 
 213 00a0 06F4BA7F 		.ascii	"\006\364\272\177?q\013l\276\011\237\305\306-\260\\\227"
 213      3F710B6C 
 213      BE099FC5 
 213      C62DB05C 
 213      97
 214 00b1 FD7F7AF6 		.ascii	"\375\177z\366Z\340\022\217\201KX\340\370\375]\272V\017"
 214      5AE0128F 
 214      814B58E0 
 214      F8FD5DBA 
 214      560F
 215 00c3 861B238D 		.ascii	"\206\033#\2151\241\363\370,t\017[\360\214\350w\266\272"
 215      31A1F3F8 
 215      2C740F5B 
 215      F08CE877 
 215      B6BA
 216 00d5 AF598395 		.ascii	"\257Y\203\225\327\253\022$:\326&\266-J\340\221}<\275"
 216      D7AB1224 
 216      3AD626B6 
 216      2D4AE091 
 216      7D3CBD
 217 00e8 1AC9441D 		.ascii	"\032\311D\035\230\272e\033O\177\352?q\302I%\340\277"
 217      98BA651B 
 217      4F7FEA3F 
 217      71C24925 
 217      E0BF
 218 00fa 3F8BCEFF 		.ascii	"?\213\316\377(\027^d\2145\262t\032\014\212\343\237'"
 218      28175E64 
 218      8C35B274 
 218      1A0C8AE3 
 218      9F27
ARM GAS  C:\Users\IYANG~1.DES\AppData\Local\Temp\ccnuhxAl.s 			page 16


 219 010c 9BF21093 		.ascii	"\233\362\020\223/\213\364\375\261\263\003T\244*\307"
 219      2F8BF4FD 
 219      B1B30354 
 219      A42AC7
 220 011b 49B76E7D 		.ascii	"I\267n}\360\220\202\\\320\310X=[\2110\272\213@\241\027"
 220      F090825C 
 220      D0C8583D 
 220      5B8930BA 
 220      8B40A117 
 221 012f 9EF512E8 		.ascii	"\236\365\022\350\200\002,\203\213PH\240\035\274\360"
 221      80022C83 
 221      8B5048A0 
 221      1DBCF0
 222 013e 2578490C 		.ascii	"%xI\014\033\254\234[\371\345)\306lp\011d\370\002\250"
 222      1BAC9C5B 
 222      F9E529C6 
 222      6C700964 
 222      F802A8
 223 0151 A8C06BF0 		.ascii	"\250\300k\360\016z\323\346w\006\232m6\011\017y\315!"
 223      0E7AD3E6 
 223      77069A6D 
 223      36090F79 
 223      CD21
 224 0163 A1F62F75 		.ascii	"\241\366/u\376\274\264\3634\022\260\3460\333a\203\222"
 224      FEBCB4F3 
 224      3412B0E6 
 224      30DB6183 
 224      92
 225 0174 7CB880B4 		.ascii	"|\270\200\264mHK\240\023v\342\347e\260i\004\177F6\343"
 225      6D484BA0 
 225      1376E2E7 
 225      65B06904 
 225      7F4636E3 
 226 0188 408BC4D5 		.ascii	"@\213\304\325:\373\227\352=\276OXK\347J4|\267\344T\230"
 226      3AFB97EA 
 226      3DBE4F58 
 226      4BE74A34 
 226      7CB7E454 
 227 019d C5D89CAA 		.ascii	"\305\330\234\252>-@p%'\200\360\337\232\243]\340C\340"
 227      3E2D4070 
 227      252780F0 
 227      DF9AA35D 
 227      E043E0
 228 01b0 E8D04C9F 		.ascii	"\350\320L\237\215\036\025$\263\231\326?\236\020$s\263"
 228      8D1E1524 
 228      B399D63F 
 228      9E102473 
 228      B3
 229 01c1 834ABA81 		.ascii	"\203J\272\201\375\255\252Tc\35061tg\031\342\202\341"
 229      FDADAA54 
 229      63E83631 
 229      746719E2 
 229      82E1
 230 01d3 DD864E6A 		.ascii	"\335\206Nj\226\314och\376Jh>\244K\216\236i\037r\322"
 230      96CC6F63 
 230      68FE4A68 
 230      3EA44B8E 
ARM GAS  C:\Users\IYANG~1.DES\AppData\Local\Temp\ccnuhxAl.s 			page 17


 230      9E691F72 
 231 01e8 B7B56934 		.ascii	"\267\265i4%\247\234Z\267\350\035\243\033\002\240\307"
 231      25A79C5A 
 231      B7E81DA3 
 231      1B02A0C7 
 232 01f8 D4AD27DB 		.ascii	"\324\255'\333\255Wt\373!u\352Uz\022\004\303\361\216"
 232      AD5774FB 
 232      2175EA55 
 232      7A1204C3 
 232      F18E
 233 020a CB070441 		.ascii	"\313\007\004A\313\370yG\206\245U\365E\001\3573\301\373"
 233      CBF87947 
 233      86A555F5 
 233      4501EF33 
 233      C1FB
 234 021c B2F08480 		.ascii	"\262\360\204\200\217-\254?p\213e\331\301\031\316N\335"
 234      8F2DAC3F 
 234      708B65D9 
 234      C119CE4E 
 234      DD
 235 022d 59A36259 		.ascii	"Y\243bY$\236~|\1779\345\242\255:\273\276\024>m)\316"
 235      249E7E7C 
 235      7F39E5A2 
 235      AD3ABBBE 
 235      143E6D29 
 236 0242 2CADC79D 		.ascii	",\255\307\235\"\3452q+6nw\\p@\201\254\215\373\2766\356"
 236      22E53271 
 236      2B366E77 
 236      5C704081 
 236      AC8DFBBE 
 237 0258 345E3E65 		.ascii	"4^>e\214\333\247\217[l\016\0133{\233\207\300U4'\211"
 237      8CDBA78F 
 237      5B6C0E0B 
 237      337B9B87 
 237      C0553427 
 238 026d E6403F2E 		.ascii	"\346@?.\217O_\236kx\3705\036b\247T\354\367\345mb1\322"
 238      8F4F5F9E 
 238      6B78F835 
 238      1E62A754 
 238      ECF7E56D 
 239 0284 B9C508CF 		.ascii	"\271\305\010\317$g\234\271\263\001\020\207\343k\221"
 239      24679CB9 
 239      B3011087 
 239      E36B91
 240 0293 29DB23B7 		.ascii	")\333#\267eP8\177=\273-\033\017\0066\\\264M\273[\303"
 240      6550387F 
 240      3DBB2D1B 
 240      0F06365C 
 240      B44DBB5B 
 241 02a8 AFF5CB54 		.ascii	"\257\365\313T_\227\333\367\212>d-\365lS\305m\347(\030"
 241      5F97DBF7 
 241      8A3E642D 
 241      F56C53C5 
 241      6DE72818 
 242 02bc 32F93794 		.ascii	"2\3717\224\365oX\370\247N\177\332\016tPc\371m\263\365"
 242      F56F58F8 
 242      A74E7FDA 
ARM GAS  C:\Users\IYANG~1.DES\AppData\Local\Temp\ccnuhxAl.s 			page 18


 242      0E745063 
 242      F96DB3F5 
 243 02d0 AE3EC1E9 		.ascii	"\256>\301\351{['x\303Dq#K1\"(\032#=Kv:\275\325d\277"
 243      7B5B2778 
 243      C3447123 
 243      4B312228 
 243      1A233D4B 
 244 02ea 66F2EC47 		.ascii	"f\362\354G\017c.\221\362\227\361v~4\377\363T*\217.\210"
 244      0F632E91 
 244      F297F176 
 244      7E34FFF3 
 244      542A8F2E 
 245 02ff 7229793D 		.ascii	"r)y=2)\347<_\323<\237@G\306\014\317\375f\317\321\027"
 245      3229E73C 
 245      5FD33C9F 
 245      4047C60C 
 245      CFFD66CF 
 246 0315 57063DCF 		.ascii	"W\006=\317\332\002\343\350\271_\367|\024\017\277\321"
 246      DA02E3E8 
 246      B95FF77C 
 246      140FBFD1 
 247 0325 3CFFFEF4 		.ascii	"<\377\376\364\3529\247\334\310g\364\230\020\351\344"
 247      EA39A7DC 
 247      C867F498 
 247      10E9E4
 248 0334 FAE2AA47 		.ascii	"\372\342\252G{+X\200\276\263\000q\325sM\3351\211\253"
 248      7B2B5880 
 248      BEB30071 
 248      D5734DDD 
 248      3189AB
 249 0347 BE89AA33 		.ascii	"\276\211\2523\206\352o\301x3\364\215^Y\220\334\357\031"
 249      86EA6FC1 
 249      7833F48D 
 249      5E5990DC 
 249      EF19
 250 0359 FA45B131 		.ascii	"\372E\2611\331Ip\013?\371\267\275\256\252:\364\202c"
 250      D949700B 
 250      3FF9B7BD 
 250      AEAA3AF4 
 250      8263
 251 036b FF81D77C 		.ascii	"\377\201\327|\305\304\277_\251V\202\201\220RY^ZS\027"
 251      C5C4BF5F 
 251      A9568281 
 251      9052595E 
 251      5A5317
 252 037e AC500E97 		.ascii	"\254P\016\227\224\326\024?w\270\342X\350X\255\362\346"
 252      94D6143F 
 252      77B8E258 
 252      E858ADF2 
 252      E6
 253 038f EED7497E 		.ascii	"\356\327I~Y\340\015\245\256\266\274\264\254\274T\011"
 253      59E00DA5 
 253      AEB6BCB4 
 253      ACBC5409 
 254 039f ED0B56BD 		.ascii	"\355\013V\275\245\274RS\251<\363\010`\256zw\005\331"
 254      A5BC5253 
 254      A93CF308 
ARM GAS  C:\Users\IYANG~1.DES\AppData\Local\Temp\ccnuhxAl.s 			page 19


 254      60AE7A77 
 254      05D9
 255 03b1 6E40CB82 		.ascii	"n@\313\202U!\305c\344\007\225@\345\223[\323}\201P\340"
 255      5521C563 
 255      E4079540 
 255      E5935BD3 
 255      7D8150E0 
 256 03c5 A072C4C1 		.ascii	"\240r\304\301\345\025=\357\335\322\366\245\352\220\022"
 256      E5153DEF 
 256      DDD2F6A5 
 256      EA9012
 257 03d4 0CD6D586 		.ascii	"\014\326\325\206x\353]\306_\305G\225@0\367\247=\250"
 257      78EB5DC6 
 257      5FC54795 
 257      4030F7A7 
 257      3DA8
 258 03e6 1CD9BB47 		.ascii	"\034\331\273G\020\354\335\363\017h;\377p"
 258      10ECDDF3 
 258      0F683BFF 
 258      70
 259              		.text
 260              		.section	.gnu.lto_.symtab.1813a464,"",%progbits
 261 0000 57616B65 		.ascii	"Wakeup_SW_SetDriveMode\000\000\000\000\000\000\000\000"
 261      75705F53 
 261      575F5365 
 261      74447269 
 261      76654D6F 
 262 001e 00000000 		.ascii	"\000\000\000\000\262\000\000\000Wakeup_SW_Write\000"
 262      B2000000 
 262      57616B65 
 262      75705F53 
 262      575F5772 
 263 0036 00000000 		.ascii	"\000\000\000\000\000\000\000\000\000\000\000\264\000"
 263      00000000 
 263      000000B4 
 263      00
 264 0043 00005761 		.ascii	"\000\000Wakeup_SW_Read\000\000\000\000\000\000\000\000"
 264      6B657570 
 264      5F53575F 
 264      52656164 
 264      00000000 
 265 005b 00000000 		.ascii	"\000\000\000\000\267\000\000\000Wakeup_SW_ReadDataR"
 265      B7000000 
 265      57616B65 
 265      75705F53 
 265      575F5265 
 266 0076 65670000 		.ascii	"eg\000\000\000\000\000\000\000\000\000\000\000\000\271"
 266      00000000 
 266      00000000 
 266      0000B9
 267 0085 00000057 		.ascii	"\000\000\000Wakeup_SW_SetInterruptMode\000\000\000\000"
 267      616B6575 
 267      705F5357 
 267      5F536574 
 267      496E7465 
 268 00a6 00000000 		.ascii	"\000\000\000\000\000\000\000\000\305\000\000\000Wak"
 268      00000000 
ARM GAS  C:\Users\IYANG~1.DES\AppData\Local\Temp\ccnuhxAl.s 			page 20


 268      C5000000 
 268      57616B
 269 00b5 6575705F 		.ascii	"eup_SW_ClearInterrupt\000\000\000\000\000\000\000\000"
 269      53575F43 
 269      6C656172 
 269      496E7465 
 269      72727570 
 270 00d2 00000000 		.ascii	"\000\000\000\000\307\000\000\000"
 270      C7000000 
 271              		.text
 272              		.section	.gnu.lto_.opts,"",%progbits
 273 0000 272D666E 		.ascii	"'-fno-trapv' '-mcpu=cortex-m0' '-mthumb' '-g' '-O3'"
 273      6F2D7472 
 273      61707627 
 273      20272D6D 
 273      6370753D 
 274 0033 20272D66 		.ascii	" '-ffunction-sections' '-finline-functions' '-flto'"
 274      66756E63 
 274      74696F6E 
 274      2D736563 
 274      74696F6E 
 275 0066 20272D66 		.ascii	" '-ffat-lto-objects'\000"
 275      6661742D 
 275      6C746F2D 
 275      6F626A65 
 275      63747327 
 276              		.text
 277              		.cfi_sections	.debug_frame
 278              		.section	.text.Wakeup_SW_SetDriveMode,"ax",%progbits
 279              		.align	2
 280              		.global	Wakeup_SW_SetDriveMode
 281              		.code	16
 282              		.thumb_func
 283              		.type	Wakeup_SW_SetDriveMode, %function
 284              	Wakeup_SW_SetDriveMode:
 285              	.LFB0:
 286              		.file 1 "Generated_Source\\PSoC4\\Wakeup_SW.c"
   1:Generated_Source\PSoC4/Wakeup_SW.c **** /*******************************************************************************
   2:Generated_Source\PSoC4/Wakeup_SW.c **** * File Name: Wakeup_SW.c  
   3:Generated_Source\PSoC4/Wakeup_SW.c **** * Version 2.20
   4:Generated_Source\PSoC4/Wakeup_SW.c **** *
   5:Generated_Source\PSoC4/Wakeup_SW.c **** * Description:
   6:Generated_Source\PSoC4/Wakeup_SW.c **** *  This file contains API to enable firmware control of a Pins component.
   7:Generated_Source\PSoC4/Wakeup_SW.c **** *
   8:Generated_Source\PSoC4/Wakeup_SW.c **** ********************************************************************************
   9:Generated_Source\PSoC4/Wakeup_SW.c **** * Copyright 2008-2015, Cypress Semiconductor Corporation.  All rights reserved.
  10:Generated_Source\PSoC4/Wakeup_SW.c **** * You may use this file only in accordance with the license, terms, conditions, 
  11:Generated_Source\PSoC4/Wakeup_SW.c **** * disclaimers, and limitations in the end user license agreement accompanying 
  12:Generated_Source\PSoC4/Wakeup_SW.c **** * the software package with which this file was provided.
  13:Generated_Source\PSoC4/Wakeup_SW.c **** *******************************************************************************/
  14:Generated_Source\PSoC4/Wakeup_SW.c **** 
  15:Generated_Source\PSoC4/Wakeup_SW.c **** #include "cytypes.h"
  16:Generated_Source\PSoC4/Wakeup_SW.c **** #include "Wakeup_SW.h"
  17:Generated_Source\PSoC4/Wakeup_SW.c **** 
  18:Generated_Source\PSoC4/Wakeup_SW.c **** 
  19:Generated_Source\PSoC4/Wakeup_SW.c **** #if defined(Wakeup_SW__PC)
  20:Generated_Source\PSoC4/Wakeup_SW.c ****     #define Wakeup_SW_SetP4PinDriveMode(shift, mode)  \
ARM GAS  C:\Users\IYANG~1.DES\AppData\Local\Temp\ccnuhxAl.s 			page 21


  21:Generated_Source\PSoC4/Wakeup_SW.c ****     do { \
  22:Generated_Source\PSoC4/Wakeup_SW.c ****         Wakeup_SW_PC =   (Wakeup_SW_PC & \
  23:Generated_Source\PSoC4/Wakeup_SW.c ****                                 (uint32)(~(uint32)(Wakeup_SW_DRIVE_MODE_IND_MASK << \
  24:Generated_Source\PSoC4/Wakeup_SW.c ****                                 (Wakeup_SW_DRIVE_MODE_BITS * (shift))))) | \
  25:Generated_Source\PSoC4/Wakeup_SW.c ****                                 (uint32)((uint32)(mode) << \
  26:Generated_Source\PSoC4/Wakeup_SW.c ****                                 (Wakeup_SW_DRIVE_MODE_BITS * (shift))); \
  27:Generated_Source\PSoC4/Wakeup_SW.c ****     } while (0)
  28:Generated_Source\PSoC4/Wakeup_SW.c **** #else
  29:Generated_Source\PSoC4/Wakeup_SW.c ****     #if (CY_PSOC4_4200L)
  30:Generated_Source\PSoC4/Wakeup_SW.c ****         #define Wakeup_SW_SetP4PinDriveMode(shift, mode)  \
  31:Generated_Source\PSoC4/Wakeup_SW.c ****         do { \
  32:Generated_Source\PSoC4/Wakeup_SW.c ****             Wakeup_SW_USBIO_CTRL_REG = (Wakeup_SW_USBIO_CTRL_REG & \
  33:Generated_Source\PSoC4/Wakeup_SW.c ****                                     (uint32)(~(uint32)(Wakeup_SW_DRIVE_MODE_IND_MASK << \
  34:Generated_Source\PSoC4/Wakeup_SW.c ****                                     (Wakeup_SW_DRIVE_MODE_BITS * (shift))))) | \
  35:Generated_Source\PSoC4/Wakeup_SW.c ****                                     (uint32)((uint32)(mode) << \
  36:Generated_Source\PSoC4/Wakeup_SW.c ****                                     (Wakeup_SW_DRIVE_MODE_BITS * (shift))); \
  37:Generated_Source\PSoC4/Wakeup_SW.c ****         } while (0)
  38:Generated_Source\PSoC4/Wakeup_SW.c ****     #endif
  39:Generated_Source\PSoC4/Wakeup_SW.c **** #endif
  40:Generated_Source\PSoC4/Wakeup_SW.c ****   
  41:Generated_Source\PSoC4/Wakeup_SW.c **** 
  42:Generated_Source\PSoC4/Wakeup_SW.c **** #if defined(Wakeup_SW__PC) || (CY_PSOC4_4200L) 
  43:Generated_Source\PSoC4/Wakeup_SW.c ****     /*******************************************************************************
  44:Generated_Source\PSoC4/Wakeup_SW.c ****     * Function Name: Wakeup_SW_SetDriveMode
  45:Generated_Source\PSoC4/Wakeup_SW.c ****     ****************************************************************************//**
  46:Generated_Source\PSoC4/Wakeup_SW.c ****     *
  47:Generated_Source\PSoC4/Wakeup_SW.c ****     * \brief Sets the drive mode for each of the Pins component's pins.
  48:Generated_Source\PSoC4/Wakeup_SW.c ****     * 
  49:Generated_Source\PSoC4/Wakeup_SW.c ****     * <b>Note</b> This affects all pins in the Pins component instance. Use the
  50:Generated_Source\PSoC4/Wakeup_SW.c ****     * Per-Pin APIs if you wish to control individual pin's drive modes.
  51:Generated_Source\PSoC4/Wakeup_SW.c ****     *
  52:Generated_Source\PSoC4/Wakeup_SW.c ****     * <b>Note</b> USBIOs have limited drive functionality. Refer to the Drive Mode
  53:Generated_Source\PSoC4/Wakeup_SW.c ****     * parameter for more information.
  54:Generated_Source\PSoC4/Wakeup_SW.c ****     *
  55:Generated_Source\PSoC4/Wakeup_SW.c ****     * \param mode
  56:Generated_Source\PSoC4/Wakeup_SW.c ****     *  Mode for the selected signals. Valid options are documented in 
  57:Generated_Source\PSoC4/Wakeup_SW.c ****     *  \ref driveMode.
  58:Generated_Source\PSoC4/Wakeup_SW.c ****     *
  59:Generated_Source\PSoC4/Wakeup_SW.c ****     * \return
  60:Generated_Source\PSoC4/Wakeup_SW.c ****     *  None
  61:Generated_Source\PSoC4/Wakeup_SW.c ****     *
  62:Generated_Source\PSoC4/Wakeup_SW.c ****     * \sideeffect
  63:Generated_Source\PSoC4/Wakeup_SW.c ****     *  If you use read-modify-write operations that are not atomic, the ISR can
  64:Generated_Source\PSoC4/Wakeup_SW.c ****     *  cause corruption of this function. An ISR that interrupts this function 
  65:Generated_Source\PSoC4/Wakeup_SW.c ****     *  and performs writes to the Pins component Drive Mode registers can cause 
  66:Generated_Source\PSoC4/Wakeup_SW.c ****     *  corrupted port data. To avoid this issue, you should either use the Per-Pin
  67:Generated_Source\PSoC4/Wakeup_SW.c ****     *  APIs (primary method) or disable interrupts around this function.
  68:Generated_Source\PSoC4/Wakeup_SW.c ****     *
  69:Generated_Source\PSoC4/Wakeup_SW.c ****     * \funcusage
  70:Generated_Source\PSoC4/Wakeup_SW.c ****     *  \snippet Wakeup_SW_SUT.c usage_Wakeup_SW_SetDriveMode
  71:Generated_Source\PSoC4/Wakeup_SW.c ****     *******************************************************************************/
  72:Generated_Source\PSoC4/Wakeup_SW.c ****     void Wakeup_SW_SetDriveMode(uint8 mode)
  73:Generated_Source\PSoC4/Wakeup_SW.c ****     {
 287              		.loc 1 73 0
 288              		.cfi_startproc
 289              	.LVL0:
  74:Generated_Source\PSoC4/Wakeup_SW.c **** 		Wakeup_SW_SetP4PinDriveMode(Wakeup_SW__0__SHIFT, mode);
ARM GAS  C:\Users\IYANG~1.DES\AppData\Local\Temp\ccnuhxAl.s 			page 22


 290              		.loc 1 74 0
 291 0000 034A     		ldr	r2, .L2
 292 0002 044B     		ldr	r3, .L2+4
 293 0004 1168     		ldr	r1, [r2]
 294 0006 4005     		lsl	r0, r0, #21
 295              	.LVL1:
 296 0008 0B40     		and	r3, r1
 297 000a 1843     		orr	r0, r3
 298 000c 1060     		str	r0, [r2]
  75:Generated_Source\PSoC4/Wakeup_SW.c ****     }
 299              		.loc 1 75 0
 300              		@ sp needed
 301 000e 7047     		bx	lr
 302              	.L3:
 303              		.align	2
 304              	.L2:
 305 0010 08020440 		.word	1074004488
 306 0014 FFFF1FFF 		.word	-14680065
 307              		.cfi_endproc
 308              	.LFE0:
 309              		.size	Wakeup_SW_SetDriveMode, .-Wakeup_SW_SetDriveMode
 310              		.section	.text.Wakeup_SW_Write,"ax",%progbits
 311              		.align	2
 312              		.global	Wakeup_SW_Write
 313              		.code	16
 314              		.thumb_func
 315              		.type	Wakeup_SW_Write, %function
 316              	Wakeup_SW_Write:
 317              	.LFB1:
  76:Generated_Source\PSoC4/Wakeup_SW.c **** #endif
  77:Generated_Source\PSoC4/Wakeup_SW.c **** 
  78:Generated_Source\PSoC4/Wakeup_SW.c **** 
  79:Generated_Source\PSoC4/Wakeup_SW.c **** /*******************************************************************************
  80:Generated_Source\PSoC4/Wakeup_SW.c **** * Function Name: Wakeup_SW_Write
  81:Generated_Source\PSoC4/Wakeup_SW.c **** ****************************************************************************//**
  82:Generated_Source\PSoC4/Wakeup_SW.c **** *
  83:Generated_Source\PSoC4/Wakeup_SW.c **** * \brief Writes the value to the physical port (data output register), masking
  84:Generated_Source\PSoC4/Wakeup_SW.c **** *  and shifting the bits appropriately. 
  85:Generated_Source\PSoC4/Wakeup_SW.c **** *
  86:Generated_Source\PSoC4/Wakeup_SW.c **** * The data output register controls the signal applied to the physical pin in 
  87:Generated_Source\PSoC4/Wakeup_SW.c **** * conjunction with the drive mode parameter. This function avoids changing 
  88:Generated_Source\PSoC4/Wakeup_SW.c **** * other bits in the port by using the appropriate method (read-modify-write or
  89:Generated_Source\PSoC4/Wakeup_SW.c **** * bit banding).
  90:Generated_Source\PSoC4/Wakeup_SW.c **** *
  91:Generated_Source\PSoC4/Wakeup_SW.c **** * <b>Note</b> This function should not be used on a hardware digital output pin 
  92:Generated_Source\PSoC4/Wakeup_SW.c **** * as it is driven by the hardware signal attached to it.
  93:Generated_Source\PSoC4/Wakeup_SW.c **** *
  94:Generated_Source\PSoC4/Wakeup_SW.c **** * \param value
  95:Generated_Source\PSoC4/Wakeup_SW.c **** *  Value to write to the component instance.
  96:Generated_Source\PSoC4/Wakeup_SW.c **** *
  97:Generated_Source\PSoC4/Wakeup_SW.c **** * \return 
  98:Generated_Source\PSoC4/Wakeup_SW.c **** *  None 
  99:Generated_Source\PSoC4/Wakeup_SW.c **** *
 100:Generated_Source\PSoC4/Wakeup_SW.c **** * \sideeffect
 101:Generated_Source\PSoC4/Wakeup_SW.c **** *  If you use read-modify-write operations that are not atomic; the Interrupt 
 102:Generated_Source\PSoC4/Wakeup_SW.c **** *  Service Routines (ISR) can cause corruption of this function. An ISR that 
 103:Generated_Source\PSoC4/Wakeup_SW.c **** *  interrupts this function and performs writes to the Pins component data 
ARM GAS  C:\Users\IYANG~1.DES\AppData\Local\Temp\ccnuhxAl.s 			page 23


 104:Generated_Source\PSoC4/Wakeup_SW.c **** *  register can cause corrupted port data. To avoid this issue, you should 
 105:Generated_Source\PSoC4/Wakeup_SW.c **** *  either use the Per-Pin APIs (primary method) or disable interrupts around 
 106:Generated_Source\PSoC4/Wakeup_SW.c **** *  this function.
 107:Generated_Source\PSoC4/Wakeup_SW.c **** *
 108:Generated_Source\PSoC4/Wakeup_SW.c **** * \funcusage
 109:Generated_Source\PSoC4/Wakeup_SW.c **** *  \snippet Wakeup_SW_SUT.c usage_Wakeup_SW_Write
 110:Generated_Source\PSoC4/Wakeup_SW.c **** *******************************************************************************/
 111:Generated_Source\PSoC4/Wakeup_SW.c **** void Wakeup_SW_Write(uint8 value)
 112:Generated_Source\PSoC4/Wakeup_SW.c **** {
 318              		.loc 1 112 0
 319              		.cfi_startproc
 320              	.LVL2:
 113:Generated_Source\PSoC4/Wakeup_SW.c ****     uint8 drVal = (uint8)(Wakeup_SW_DR & (uint8)(~Wakeup_SW_MASK));
 321              		.loc 1 113 0
 322 0000 7F21     		mov	r1, #127
 323 0002 044A     		ldr	r2, .L5
 114:Generated_Source\PSoC4/Wakeup_SW.c ****     drVal = (drVal | ((uint8)(value << Wakeup_SW_SHIFT) & Wakeup_SW_MASK));
 324              		.loc 1 114 0
 325 0004 C001     		lsl	r0, r0, #7
 326              	.LVL3:
 113:Generated_Source\PSoC4/Wakeup_SW.c ****     uint8 drVal = (uint8)(Wakeup_SW_DR & (uint8)(~Wakeup_SW_MASK));
 327              		.loc 1 113 0
 328 0006 1368     		ldr	r3, [r2]
 115:Generated_Source\PSoC4/Wakeup_SW.c ****     Wakeup_SW_DR = (uint32)drVal;
 116:Generated_Source\PSoC4/Wakeup_SW.c **** }
 329              		.loc 1 116 0
 330              		@ sp needed
 113:Generated_Source\PSoC4/Wakeup_SW.c ****     drVal = (drVal | ((uint8)(value << Wakeup_SW_SHIFT) & Wakeup_SW_MASK));
 331              		.loc 1 113 0
 332 0008 0B40     		and	r3, r1
 114:Generated_Source\PSoC4/Wakeup_SW.c ****     drVal = (drVal | ((uint8)(value << Wakeup_SW_SHIFT) & Wakeup_SW_MASK));
 333              		.loc 1 114 0
 334 000a 1843     		orr	r0, r3
 115:Generated_Source\PSoC4/Wakeup_SW.c ****     Wakeup_SW_DR = (uint32)drVal;
 335              		.loc 1 115 0
 336 000c C0B2     		uxtb	r0, r0
 337 000e 1060     		str	r0, [r2]
 338              		.loc 1 116 0
 339 0010 7047     		bx	lr
 340              	.L6:
 341 0012 C046     		.align	2
 342              	.L5:
 343 0014 00020440 		.word	1074004480
 344              		.cfi_endproc
 345              	.LFE1:
 346              		.size	Wakeup_SW_Write, .-Wakeup_SW_Write
 347              		.section	.text.Wakeup_SW_Read,"ax",%progbits
 348              		.align	2
 349              		.global	Wakeup_SW_Read
 350              		.code	16
 351              		.thumb_func
 352              		.type	Wakeup_SW_Read, %function
 353              	Wakeup_SW_Read:
 354              	.LFB2:
 117:Generated_Source\PSoC4/Wakeup_SW.c **** 
 118:Generated_Source\PSoC4/Wakeup_SW.c **** 
 119:Generated_Source\PSoC4/Wakeup_SW.c **** /*******************************************************************************
ARM GAS  C:\Users\IYANG~1.DES\AppData\Local\Temp\ccnuhxAl.s 			page 24


 120:Generated_Source\PSoC4/Wakeup_SW.c **** * Function Name: Wakeup_SW_Read
 121:Generated_Source\PSoC4/Wakeup_SW.c **** ****************************************************************************//**
 122:Generated_Source\PSoC4/Wakeup_SW.c **** *
 123:Generated_Source\PSoC4/Wakeup_SW.c **** * \brief Reads the associated physical port (pin status register) and masks 
 124:Generated_Source\PSoC4/Wakeup_SW.c **** *  the required bits according to the width and bit position of the component
 125:Generated_Source\PSoC4/Wakeup_SW.c **** *  instance. 
 126:Generated_Source\PSoC4/Wakeup_SW.c **** *
 127:Generated_Source\PSoC4/Wakeup_SW.c **** * The pin's status register returns the current logic level present on the 
 128:Generated_Source\PSoC4/Wakeup_SW.c **** * physical pin.
 129:Generated_Source\PSoC4/Wakeup_SW.c **** *
 130:Generated_Source\PSoC4/Wakeup_SW.c **** * \return 
 131:Generated_Source\PSoC4/Wakeup_SW.c **** *  The current value for the pins in the component as a right justified number.
 132:Generated_Source\PSoC4/Wakeup_SW.c **** *
 133:Generated_Source\PSoC4/Wakeup_SW.c **** * \funcusage
 134:Generated_Source\PSoC4/Wakeup_SW.c **** *  \snippet Wakeup_SW_SUT.c usage_Wakeup_SW_Read  
 135:Generated_Source\PSoC4/Wakeup_SW.c **** *******************************************************************************/
 136:Generated_Source\PSoC4/Wakeup_SW.c **** uint8 Wakeup_SW_Read(void)
 137:Generated_Source\PSoC4/Wakeup_SW.c **** {
 355              		.loc 1 137 0
 356              		.cfi_startproc
 138:Generated_Source\PSoC4/Wakeup_SW.c ****     return (uint8)((Wakeup_SW_PS & Wakeup_SW_MASK) >> Wakeup_SW_SHIFT);
 357              		.loc 1 138 0
 358 0000 024B     		ldr	r3, .L8
 139:Generated_Source\PSoC4/Wakeup_SW.c **** }
 359              		.loc 1 139 0
 360              		@ sp needed
 138:Generated_Source\PSoC4/Wakeup_SW.c ****     return (uint8)((Wakeup_SW_PS & Wakeup_SW_MASK) >> Wakeup_SW_SHIFT);
 361              		.loc 1 138 0
 362 0002 1868     		ldr	r0, [r3]
 363 0004 0006     		lsl	r0, r0, #24
 364 0006 C00F     		lsr	r0, r0, #31
 365              		.loc 1 139 0
 366 0008 7047     		bx	lr
 367              	.L9:
 368 000a C046     		.align	2
 369              	.L8:
 370 000c 04020440 		.word	1074004484
 371              		.cfi_endproc
 372              	.LFE2:
 373              		.size	Wakeup_SW_Read, .-Wakeup_SW_Read
 374              		.section	.text.Wakeup_SW_ReadDataReg,"ax",%progbits
 375              		.align	2
 376              		.global	Wakeup_SW_ReadDataReg
 377              		.code	16
 378              		.thumb_func
 379              		.type	Wakeup_SW_ReadDataReg, %function
 380              	Wakeup_SW_ReadDataReg:
 381              	.LFB3:
 140:Generated_Source\PSoC4/Wakeup_SW.c **** 
 141:Generated_Source\PSoC4/Wakeup_SW.c **** 
 142:Generated_Source\PSoC4/Wakeup_SW.c **** /*******************************************************************************
 143:Generated_Source\PSoC4/Wakeup_SW.c **** * Function Name: Wakeup_SW_ReadDataReg
 144:Generated_Source\PSoC4/Wakeup_SW.c **** ****************************************************************************//**
 145:Generated_Source\PSoC4/Wakeup_SW.c **** *
 146:Generated_Source\PSoC4/Wakeup_SW.c **** * \brief Reads the associated physical port's data output register and masks 
 147:Generated_Source\PSoC4/Wakeup_SW.c **** *  the correct bits according to the width and bit position of the component 
 148:Generated_Source\PSoC4/Wakeup_SW.c **** *  instance. 
ARM GAS  C:\Users\IYANG~1.DES\AppData\Local\Temp\ccnuhxAl.s 			page 25


 149:Generated_Source\PSoC4/Wakeup_SW.c **** *
 150:Generated_Source\PSoC4/Wakeup_SW.c **** * The data output register controls the signal applied to the physical pin in 
 151:Generated_Source\PSoC4/Wakeup_SW.c **** * conjunction with the drive mode parameter. This is not the same as the 
 152:Generated_Source\PSoC4/Wakeup_SW.c **** * preferred Wakeup_SW_Read() API because the 
 153:Generated_Source\PSoC4/Wakeup_SW.c **** * Wakeup_SW_ReadDataReg() reads the data register instead of the status 
 154:Generated_Source\PSoC4/Wakeup_SW.c **** * register. For output pins this is a useful function to determine the value 
 155:Generated_Source\PSoC4/Wakeup_SW.c **** * just written to the pin.
 156:Generated_Source\PSoC4/Wakeup_SW.c **** *
 157:Generated_Source\PSoC4/Wakeup_SW.c **** * \return 
 158:Generated_Source\PSoC4/Wakeup_SW.c **** *  The current value of the data register masked and shifted into a right 
 159:Generated_Source\PSoC4/Wakeup_SW.c **** *  justified number for the component instance.
 160:Generated_Source\PSoC4/Wakeup_SW.c **** *
 161:Generated_Source\PSoC4/Wakeup_SW.c **** * \funcusage
 162:Generated_Source\PSoC4/Wakeup_SW.c **** *  \snippet Wakeup_SW_SUT.c usage_Wakeup_SW_ReadDataReg 
 163:Generated_Source\PSoC4/Wakeup_SW.c **** *******************************************************************************/
 164:Generated_Source\PSoC4/Wakeup_SW.c **** uint8 Wakeup_SW_ReadDataReg(void)
 165:Generated_Source\PSoC4/Wakeup_SW.c **** {
 382              		.loc 1 165 0
 383              		.cfi_startproc
 166:Generated_Source\PSoC4/Wakeup_SW.c ****     return (uint8)((Wakeup_SW_DR & Wakeup_SW_MASK) >> Wakeup_SW_SHIFT);
 384              		.loc 1 166 0
 385 0000 024B     		ldr	r3, .L11
 167:Generated_Source\PSoC4/Wakeup_SW.c **** }
 386              		.loc 1 167 0
 387              		@ sp needed
 166:Generated_Source\PSoC4/Wakeup_SW.c ****     return (uint8)((Wakeup_SW_DR & Wakeup_SW_MASK) >> Wakeup_SW_SHIFT);
 388              		.loc 1 166 0
 389 0002 1868     		ldr	r0, [r3]
 390 0004 0006     		lsl	r0, r0, #24
 391 0006 C00F     		lsr	r0, r0, #31
 392              		.loc 1 167 0
 393 0008 7047     		bx	lr
 394              	.L12:
 395 000a C046     		.align	2
 396              	.L11:
 397 000c 00020440 		.word	1074004480
 398              		.cfi_endproc
 399              	.LFE3:
 400              		.size	Wakeup_SW_ReadDataReg, .-Wakeup_SW_ReadDataReg
 401              		.section	.text.Wakeup_SW_SetInterruptMode,"ax",%progbits
 402              		.align	2
 403              		.global	Wakeup_SW_SetInterruptMode
 404              		.code	16
 405              		.thumb_func
 406              		.type	Wakeup_SW_SetInterruptMode, %function
 407              	Wakeup_SW_SetInterruptMode:
 408              	.LFB4:
 168:Generated_Source\PSoC4/Wakeup_SW.c **** 
 169:Generated_Source\PSoC4/Wakeup_SW.c **** 
 170:Generated_Source\PSoC4/Wakeup_SW.c **** /*******************************************************************************
 171:Generated_Source\PSoC4/Wakeup_SW.c **** * Function Name: Wakeup_SW_SetInterruptMode
 172:Generated_Source\PSoC4/Wakeup_SW.c **** ****************************************************************************//**
 173:Generated_Source\PSoC4/Wakeup_SW.c **** *
 174:Generated_Source\PSoC4/Wakeup_SW.c **** * \brief Configures the interrupt mode for each of the Pins component's
 175:Generated_Source\PSoC4/Wakeup_SW.c **** *  pins. Alternatively you may set the interrupt mode for all the pins
 176:Generated_Source\PSoC4/Wakeup_SW.c **** *  specified in the Pins component.
 177:Generated_Source\PSoC4/Wakeup_SW.c **** *
ARM GAS  C:\Users\IYANG~1.DES\AppData\Local\Temp\ccnuhxAl.s 			page 26


 178:Generated_Source\PSoC4/Wakeup_SW.c **** *  <b>Note</b> The interrupt is port-wide and therefore any enabled pin
 179:Generated_Source\PSoC4/Wakeup_SW.c **** *  interrupt may trigger it.
 180:Generated_Source\PSoC4/Wakeup_SW.c **** *
 181:Generated_Source\PSoC4/Wakeup_SW.c **** * \param position
 182:Generated_Source\PSoC4/Wakeup_SW.c **** *  The pin position as listed in the Pins component. You may OR these to be 
 183:Generated_Source\PSoC4/Wakeup_SW.c **** *  able to configure the interrupt mode of multiple pins within a Pins 
 184:Generated_Source\PSoC4/Wakeup_SW.c **** *  component. Or you may use Wakeup_SW_INTR_ALL to configure the
 185:Generated_Source\PSoC4/Wakeup_SW.c **** *  interrupt mode of all the pins in the Pins component.       
 186:Generated_Source\PSoC4/Wakeup_SW.c **** *  - Wakeup_SW_0_INTR       (First pin in the list)
 187:Generated_Source\PSoC4/Wakeup_SW.c **** *  - Wakeup_SW_1_INTR       (Second pin in the list)
 188:Generated_Source\PSoC4/Wakeup_SW.c **** *  - ...
 189:Generated_Source\PSoC4/Wakeup_SW.c **** *  - Wakeup_SW_INTR_ALL     (All pins in Pins component)
 190:Generated_Source\PSoC4/Wakeup_SW.c **** *
 191:Generated_Source\PSoC4/Wakeup_SW.c **** * \param mode
 192:Generated_Source\PSoC4/Wakeup_SW.c **** *  Interrupt mode for the selected pins. Valid options are documented in
 193:Generated_Source\PSoC4/Wakeup_SW.c **** *  \ref intrMode.
 194:Generated_Source\PSoC4/Wakeup_SW.c **** *
 195:Generated_Source\PSoC4/Wakeup_SW.c **** * \return 
 196:Generated_Source\PSoC4/Wakeup_SW.c **** *  None
 197:Generated_Source\PSoC4/Wakeup_SW.c **** *  
 198:Generated_Source\PSoC4/Wakeup_SW.c **** * \sideeffect
 199:Generated_Source\PSoC4/Wakeup_SW.c **** *  It is recommended that the interrupt be disabled before calling this 
 200:Generated_Source\PSoC4/Wakeup_SW.c **** *  function to avoid unintended interrupt requests. Note that the interrupt
 201:Generated_Source\PSoC4/Wakeup_SW.c **** *  type is port wide, and therefore will trigger for any enabled pin on the 
 202:Generated_Source\PSoC4/Wakeup_SW.c **** *  port.
 203:Generated_Source\PSoC4/Wakeup_SW.c **** *
 204:Generated_Source\PSoC4/Wakeup_SW.c **** * \funcusage
 205:Generated_Source\PSoC4/Wakeup_SW.c **** *  \snippet Wakeup_SW_SUT.c usage_Wakeup_SW_SetInterruptMode
 206:Generated_Source\PSoC4/Wakeup_SW.c **** *******************************************************************************/
 207:Generated_Source\PSoC4/Wakeup_SW.c **** void Wakeup_SW_SetInterruptMode(uint16 position, uint16 mode)
 208:Generated_Source\PSoC4/Wakeup_SW.c **** {
 409              		.loc 1 208 0
 410              		.cfi_startproc
 411              	.LVL4:
 209:Generated_Source\PSoC4/Wakeup_SW.c ****     uint32 intrCfg;
 210:Generated_Source\PSoC4/Wakeup_SW.c ****     
 211:Generated_Source\PSoC4/Wakeup_SW.c ****     intrCfg =  Wakeup_SW_INTCFG & (uint32)(~(uint32)position);
 412              		.loc 1 211 0
 413 0000 034A     		ldr	r2, .L14
 212:Generated_Source\PSoC4/Wakeup_SW.c ****     Wakeup_SW_INTCFG = intrCfg | ((uint32)position & (uint32)mode);
 213:Generated_Source\PSoC4/Wakeup_SW.c **** }
 414              		.loc 1 213 0
 415              		@ sp needed
 211:Generated_Source\PSoC4/Wakeup_SW.c ****     Wakeup_SW_INTCFG = intrCfg | ((uint32)position & (uint32)mode);
 416              		.loc 1 211 0
 417 0002 1368     		ldr	r3, [r2]
 418              	.LVL5:
 419 0004 8343     		bic	r3, r0
 420              	.LVL6:
 212:Generated_Source\PSoC4/Wakeup_SW.c ****     Wakeup_SW_INTCFG = intrCfg | ((uint32)position & (uint32)mode);
 421              		.loc 1 212 0
 422 0006 0840     		and	r0, r1
 423              	.LVL7:
 424 0008 1843     		orr	r0, r3
 425 000a 1060     		str	r0, [r2]
 426              		.loc 1 213 0
 427 000c 7047     		bx	lr
ARM GAS  C:\Users\IYANG~1.DES\AppData\Local\Temp\ccnuhxAl.s 			page 27


 428              	.L15:
 429 000e C046     		.align	2
 430              	.L14:
 431 0010 0C020440 		.word	1074004492
 432              		.cfi_endproc
 433              	.LFE4:
 434              		.size	Wakeup_SW_SetInterruptMode, .-Wakeup_SW_SetInterruptMode
 435              		.section	.text.Wakeup_SW_ClearInterrupt,"ax",%progbits
 436              		.align	2
 437              		.global	Wakeup_SW_ClearInterrupt
 438              		.code	16
 439              		.thumb_func
 440              		.type	Wakeup_SW_ClearInterrupt, %function
 441              	Wakeup_SW_ClearInterrupt:
 442              	.LFB5:
 214:Generated_Source\PSoC4/Wakeup_SW.c **** 
 215:Generated_Source\PSoC4/Wakeup_SW.c **** 
 216:Generated_Source\PSoC4/Wakeup_SW.c **** /*******************************************************************************
 217:Generated_Source\PSoC4/Wakeup_SW.c **** * Function Name: Wakeup_SW_ClearInterrupt
 218:Generated_Source\PSoC4/Wakeup_SW.c **** ****************************************************************************//**
 219:Generated_Source\PSoC4/Wakeup_SW.c **** *
 220:Generated_Source\PSoC4/Wakeup_SW.c **** * \brief Clears any active interrupts attached with the component and returns 
 221:Generated_Source\PSoC4/Wakeup_SW.c **** *  the value of the interrupt status register allowing determination of which
 222:Generated_Source\PSoC4/Wakeup_SW.c **** *  pins generated an interrupt event.
 223:Generated_Source\PSoC4/Wakeup_SW.c **** *
 224:Generated_Source\PSoC4/Wakeup_SW.c **** * \return 
 225:Generated_Source\PSoC4/Wakeup_SW.c **** *  The right-shifted current value of the interrupt status register. Each pin 
 226:Generated_Source\PSoC4/Wakeup_SW.c **** *  has one bit set if it generated an interrupt event. For example, bit 0 is 
 227:Generated_Source\PSoC4/Wakeup_SW.c **** *  for pin 0 and bit 1 is for pin 1 of the Pins component.
 228:Generated_Source\PSoC4/Wakeup_SW.c **** *  
 229:Generated_Source\PSoC4/Wakeup_SW.c **** * \sideeffect
 230:Generated_Source\PSoC4/Wakeup_SW.c **** *  Clears all bits of the physical port's interrupt status register, not just
 231:Generated_Source\PSoC4/Wakeup_SW.c **** *  those associated with the Pins component.
 232:Generated_Source\PSoC4/Wakeup_SW.c **** *
 233:Generated_Source\PSoC4/Wakeup_SW.c **** * \funcusage
 234:Generated_Source\PSoC4/Wakeup_SW.c **** *  \snippet Wakeup_SW_SUT.c usage_Wakeup_SW_ClearInterrupt
 235:Generated_Source\PSoC4/Wakeup_SW.c **** *******************************************************************************/
 236:Generated_Source\PSoC4/Wakeup_SW.c **** uint8 Wakeup_SW_ClearInterrupt(void)
 237:Generated_Source\PSoC4/Wakeup_SW.c **** {
 443              		.loc 1 237 0
 444              		.cfi_startproc
 238:Generated_Source\PSoC4/Wakeup_SW.c **** 	uint8 maskedStatus = (uint8)(Wakeup_SW_INTSTAT & Wakeup_SW_MASK);
 445              		.loc 1 238 0
 446 0000 7F22     		mov	r2, #127
 447 0002 034B     		ldr	r3, .L17
 239:Generated_Source\PSoC4/Wakeup_SW.c **** 	Wakeup_SW_INTSTAT = maskedStatus;
 240:Generated_Source\PSoC4/Wakeup_SW.c ****     return maskedStatus >> Wakeup_SW_SHIFT;
 241:Generated_Source\PSoC4/Wakeup_SW.c **** }
 448              		.loc 1 241 0
 449              		@ sp needed
 238:Generated_Source\PSoC4/Wakeup_SW.c **** 	uint8 maskedStatus = (uint8)(Wakeup_SW_INTSTAT & Wakeup_SW_MASK);
 450              		.loc 1 238 0
 451 0004 1868     		ldr	r0, [r3]
 452 0006 9043     		bic	r0, r2
 453 0008 C0B2     		uxtb	r0, r0
 454              	.LVL8:
 239:Generated_Source\PSoC4/Wakeup_SW.c **** 	Wakeup_SW_INTSTAT = maskedStatus;
ARM GAS  C:\Users\IYANG~1.DES\AppData\Local\Temp\ccnuhxAl.s 			page 28


 455              		.loc 1 239 0
 456 000a 1860     		str	r0, [r3]
 240:Generated_Source\PSoC4/Wakeup_SW.c **** }
 457              		.loc 1 240 0
 458 000c C009     		lsr	r0, r0, #7
 459              	.LVL9:
 460              		.loc 1 241 0
 461 000e 7047     		bx	lr
 462              	.L18:
 463              		.align	2
 464              	.L17:
 465 0010 10020440 		.word	1074004496
 466              		.cfi_endproc
 467              	.LFE5:
 468              		.size	Wakeup_SW_ClearInterrupt, .-Wakeup_SW_ClearInterrupt
 469              		.text
 470              	.Letext0:
 471              		.file 2 "Generated_Source\\PSoC4\\cytypes.h"
 472              		.section	.debug_info,"",%progbits
 473              	.Ldebug_info0:
 474 0000 97010000 		.4byte	0x197
 475 0004 0400     		.2byte	0x4
 476 0006 00000000 		.4byte	.Ldebug_abbrev0
 477 000a 04       		.byte	0x4
 478 000b 01       		.uleb128 0x1
 479 000c 8D010000 		.4byte	.LASF27
 480 0010 01       		.byte	0x1
 481 0011 BD000000 		.4byte	.LASF28
 482 0015 35000000 		.4byte	.LASF29
 483 0019 00000000 		.4byte	.Ldebug_ranges0+0
 484 001d 00000000 		.4byte	0
 485 0021 00000000 		.4byte	.Ldebug_line0
 486 0025 02       		.uleb128 0x2
 487 0026 01       		.byte	0x1
 488 0027 06       		.byte	0x6
 489 0028 5A020000 		.4byte	.LASF0
 490 002c 02       		.uleb128 0x2
 491 002d 01       		.byte	0x1
 492 002e 08       		.byte	0x8
 493 002f 97000000 		.4byte	.LASF1
 494 0033 02       		.uleb128 0x2
 495 0034 02       		.byte	0x2
 496 0035 05       		.byte	0x5
 497 0036 83010000 		.4byte	.LASF2
 498 003a 02       		.uleb128 0x2
 499 003b 02       		.byte	0x2
 500 003c 07       		.byte	0x7
 501 003d 22000000 		.4byte	.LASF3
 502 0041 02       		.uleb128 0x2
 503 0042 04       		.byte	0x4
 504 0043 05       		.byte	0x5
 505 0044 51020000 		.4byte	.LASF4
 506 0048 02       		.uleb128 0x2
 507 0049 04       		.byte	0x4
 508 004a 07       		.byte	0x7
 509 004b AB000000 		.4byte	.LASF5
 510 004f 02       		.uleb128 0x2
ARM GAS  C:\Users\IYANG~1.DES\AppData\Local\Temp\ccnuhxAl.s 			page 29


 511 0050 08       		.byte	0x8
 512 0051 05       		.byte	0x5
 513 0052 63010000 		.4byte	.LASF6
 514 0056 02       		.uleb128 0x2
 515 0057 08       		.byte	0x8
 516 0058 07       		.byte	0x7
 517 0059 47010000 		.4byte	.LASF7
 518 005d 03       		.uleb128 0x3
 519 005e 04       		.byte	0x4
 520 005f 05       		.byte	0x5
 521 0060 696E7400 		.ascii	"int\000"
 522 0064 02       		.uleb128 0x2
 523 0065 04       		.byte	0x4
 524 0066 07       		.byte	0x7
 525 0067 3A010000 		.4byte	.LASF8
 526 006b 04       		.uleb128 0x4
 527 006c 34020000 		.4byte	.LASF9
 528 0070 02       		.byte	0x2
 529 0071 9801     		.2byte	0x198
 530 0073 2C000000 		.4byte	0x2c
 531 0077 04       		.uleb128 0x4
 532 0078 1B010000 		.4byte	.LASF10
 533 007c 02       		.byte	0x2
 534 007d 9901     		.2byte	0x199
 535 007f 3A000000 		.4byte	0x3a
 536 0083 04       		.uleb128 0x4
 537 0084 2B010000 		.4byte	.LASF11
 538 0088 02       		.byte	0x2
 539 0089 9A01     		.2byte	0x19a
 540 008b 48000000 		.4byte	0x48
 541 008f 02       		.uleb128 0x2
 542 0090 04       		.byte	0x4
 543 0091 04       		.byte	0x4
 544 0092 91000000 		.4byte	.LASF12
 545 0096 02       		.uleb128 0x2
 546 0097 08       		.byte	0x8
 547 0098 04       		.byte	0x4
 548 0099 14010000 		.4byte	.LASF13
 549 009d 02       		.uleb128 0x2
 550 009e 01       		.byte	0x1
 551 009f 08       		.byte	0x8
 552 00a0 7E010000 		.4byte	.LASF14
 553 00a4 04       		.uleb128 0x4
 554 00a5 00000000 		.4byte	.LASF15
 555 00a9 02       		.byte	0x2
 556 00aa 4402     		.2byte	0x244
 557 00ac B0000000 		.4byte	0xb0
 558 00b0 05       		.uleb128 0x5
 559 00b1 83000000 		.4byte	0x83
 560 00b5 06       		.uleb128 0x6
 561 00b6 3A020000 		.4byte	.LASF16
 562 00ba 01       		.byte	0x1
 563 00bb 48       		.byte	0x48
 564 00bc 00000000 		.4byte	.LFB0
 565 00c0 18000000 		.4byte	.LFE0-.LFB0
 566 00c4 01       		.uleb128 0x1
 567 00c5 9C       		.byte	0x9c
ARM GAS  C:\Users\IYANG~1.DES\AppData\Local\Temp\ccnuhxAl.s 			page 30


 568 00c6 DA000000 		.4byte	0xda
 569 00ca 07       		.uleb128 0x7
 570 00cb 5E010000 		.4byte	.LASF18
 571 00cf 01       		.byte	0x1
 572 00d0 48       		.byte	0x48
 573 00d1 6B000000 		.4byte	0x6b
 574 00d5 00000000 		.4byte	.LLST0
 575 00d9 00       		.byte	0
 576 00da 06       		.uleb128 0x6
 577 00db 81000000 		.4byte	.LASF17
 578 00df 01       		.byte	0x1
 579 00e0 6F       		.byte	0x6f
 580 00e1 00000000 		.4byte	.LFB1
 581 00e5 18000000 		.4byte	.LFE1-.LFB1
 582 00e9 01       		.uleb128 0x1
 583 00ea 9C       		.byte	0x9c
 584 00eb 0A010000 		.4byte	0x10a
 585 00ef 07       		.uleb128 0x7
 586 00f0 1C000000 		.4byte	.LASF19
 587 00f4 01       		.byte	0x1
 588 00f5 6F       		.byte	0x6f
 589 00f6 6B000000 		.4byte	0x6b
 590 00fa 21000000 		.4byte	.LLST1
 591 00fe 08       		.uleb128 0x8
 592 00ff A5000000 		.4byte	.LASF30
 593 0103 01       		.byte	0x1
 594 0104 71       		.byte	0x71
 595 0105 6B000000 		.4byte	0x6b
 596 0109 00       		.byte	0
 597 010a 09       		.uleb128 0x9
 598 010b 72000000 		.4byte	.LASF20
 599 010f 01       		.byte	0x1
 600 0110 88       		.byte	0x88
 601 0111 6B000000 		.4byte	0x6b
 602 0115 00000000 		.4byte	.LFB2
 603 0119 10000000 		.4byte	.LFE2-.LFB2
 604 011d 01       		.uleb128 0x1
 605 011e 9C       		.byte	0x9c
 606 011f 09       		.uleb128 0x9
 607 0120 06000000 		.4byte	.LASF21
 608 0124 01       		.byte	0x1
 609 0125 A4       		.byte	0xa4
 610 0126 6B000000 		.4byte	0x6b
 611 012a 00000000 		.4byte	.LFB3
 612 012e 10000000 		.4byte	.LFE3-.LFB3
 613 0132 01       		.uleb128 0x1
 614 0133 9C       		.byte	0x9c
 615 0134 06       		.uleb128 0x6
 616 0135 F9000000 		.4byte	.LASF22
 617 0139 01       		.byte	0x1
 618 013a CF       		.byte	0xcf
 619 013b 00000000 		.4byte	.LFB4
 620 013f 14000000 		.4byte	.LFE4-.LFB4
 621 0143 01       		.uleb128 0x1
 622 0144 9C       		.byte	0x9c
 623 0145 75010000 		.4byte	0x175
 624 0149 07       		.uleb128 0x7
ARM GAS  C:\Users\IYANG~1.DES\AppData\Local\Temp\ccnuhxAl.s 			page 31


 625 014a 22010000 		.4byte	.LASF23
 626 014e 01       		.byte	0x1
 627 014f CF       		.byte	0xcf
 628 0150 77000000 		.4byte	0x77
 629 0154 42000000 		.4byte	.LLST2
 630 0158 0A       		.uleb128 0xa
 631 0159 5E010000 		.4byte	.LASF18
 632 015d 01       		.byte	0x1
 633 015e CF       		.byte	0xcf
 634 015f 77000000 		.4byte	0x77
 635 0163 01       		.uleb128 0x1
 636 0164 51       		.byte	0x51
 637 0165 0B       		.uleb128 0xb
 638 0166 32010000 		.4byte	.LASF25
 639 016a 01       		.byte	0x1
 640 016b D1       		.byte	0xd1
 641 016c 83000000 		.4byte	0x83
 642 0170 63000000 		.4byte	.LLST3
 643 0174 00       		.byte	0
 644 0175 0C       		.uleb128 0xc
 645 0176 E0000000 		.4byte	.LASF24
 646 017a 01       		.byte	0x1
 647 017b EC       		.byte	0xec
 648 017c 6B000000 		.4byte	0x6b
 649 0180 00000000 		.4byte	.LFB5
 650 0184 14000000 		.4byte	.LFE5-.LFB5
 651 0188 01       		.uleb128 0x1
 652 0189 9C       		.byte	0x9c
 653 018a 0B       		.uleb128 0xb
 654 018b 71010000 		.4byte	.LASF26
 655 018f 01       		.byte	0x1
 656 0190 EE       		.byte	0xee
 657 0191 6B000000 		.4byte	0x6b
 658 0195 80000000 		.4byte	.LLST4
 659 0199 00       		.byte	0
 660 019a 00       		.byte	0
 661              		.section	.debug_abbrev,"",%progbits
 662              	.Ldebug_abbrev0:
 663 0000 01       		.uleb128 0x1
 664 0001 11       		.uleb128 0x11
 665 0002 01       		.byte	0x1
 666 0003 25       		.uleb128 0x25
 667 0004 0E       		.uleb128 0xe
 668 0005 13       		.uleb128 0x13
 669 0006 0B       		.uleb128 0xb
 670 0007 03       		.uleb128 0x3
 671 0008 0E       		.uleb128 0xe
 672 0009 1B       		.uleb128 0x1b
 673 000a 0E       		.uleb128 0xe
 674 000b 55       		.uleb128 0x55
 675 000c 17       		.uleb128 0x17
 676 000d 11       		.uleb128 0x11
 677 000e 01       		.uleb128 0x1
 678 000f 10       		.uleb128 0x10
 679 0010 17       		.uleb128 0x17
 680 0011 00       		.byte	0
 681 0012 00       		.byte	0
ARM GAS  C:\Users\IYANG~1.DES\AppData\Local\Temp\ccnuhxAl.s 			page 32


 682 0013 02       		.uleb128 0x2
 683 0014 24       		.uleb128 0x24
 684 0015 00       		.byte	0
 685 0016 0B       		.uleb128 0xb
 686 0017 0B       		.uleb128 0xb
 687 0018 3E       		.uleb128 0x3e
 688 0019 0B       		.uleb128 0xb
 689 001a 03       		.uleb128 0x3
 690 001b 0E       		.uleb128 0xe
 691 001c 00       		.byte	0
 692 001d 00       		.byte	0
 693 001e 03       		.uleb128 0x3
 694 001f 24       		.uleb128 0x24
 695 0020 00       		.byte	0
 696 0021 0B       		.uleb128 0xb
 697 0022 0B       		.uleb128 0xb
 698 0023 3E       		.uleb128 0x3e
 699 0024 0B       		.uleb128 0xb
 700 0025 03       		.uleb128 0x3
 701 0026 08       		.uleb128 0x8
 702 0027 00       		.byte	0
 703 0028 00       		.byte	0
 704 0029 04       		.uleb128 0x4
 705 002a 16       		.uleb128 0x16
 706 002b 00       		.byte	0
 707 002c 03       		.uleb128 0x3
 708 002d 0E       		.uleb128 0xe
 709 002e 3A       		.uleb128 0x3a
 710 002f 0B       		.uleb128 0xb
 711 0030 3B       		.uleb128 0x3b
 712 0031 05       		.uleb128 0x5
 713 0032 49       		.uleb128 0x49
 714 0033 13       		.uleb128 0x13
 715 0034 00       		.byte	0
 716 0035 00       		.byte	0
 717 0036 05       		.uleb128 0x5
 718 0037 35       		.uleb128 0x35
 719 0038 00       		.byte	0
 720 0039 49       		.uleb128 0x49
 721 003a 13       		.uleb128 0x13
 722 003b 00       		.byte	0
 723 003c 00       		.byte	0
 724 003d 06       		.uleb128 0x6
 725 003e 2E       		.uleb128 0x2e
 726 003f 01       		.byte	0x1
 727 0040 3F       		.uleb128 0x3f
 728 0041 19       		.uleb128 0x19
 729 0042 03       		.uleb128 0x3
 730 0043 0E       		.uleb128 0xe
 731 0044 3A       		.uleb128 0x3a
 732 0045 0B       		.uleb128 0xb
 733 0046 3B       		.uleb128 0x3b
 734 0047 0B       		.uleb128 0xb
 735 0048 27       		.uleb128 0x27
 736 0049 19       		.uleb128 0x19
 737 004a 11       		.uleb128 0x11
 738 004b 01       		.uleb128 0x1
ARM GAS  C:\Users\IYANG~1.DES\AppData\Local\Temp\ccnuhxAl.s 			page 33


 739 004c 12       		.uleb128 0x12
 740 004d 06       		.uleb128 0x6
 741 004e 40       		.uleb128 0x40
 742 004f 18       		.uleb128 0x18
 743 0050 9742     		.uleb128 0x2117
 744 0052 19       		.uleb128 0x19
 745 0053 01       		.uleb128 0x1
 746 0054 13       		.uleb128 0x13
 747 0055 00       		.byte	0
 748 0056 00       		.byte	0
 749 0057 07       		.uleb128 0x7
 750 0058 05       		.uleb128 0x5
 751 0059 00       		.byte	0
 752 005a 03       		.uleb128 0x3
 753 005b 0E       		.uleb128 0xe
 754 005c 3A       		.uleb128 0x3a
 755 005d 0B       		.uleb128 0xb
 756 005e 3B       		.uleb128 0x3b
 757 005f 0B       		.uleb128 0xb
 758 0060 49       		.uleb128 0x49
 759 0061 13       		.uleb128 0x13
 760 0062 02       		.uleb128 0x2
 761 0063 17       		.uleb128 0x17
 762 0064 00       		.byte	0
 763 0065 00       		.byte	0
 764 0066 08       		.uleb128 0x8
 765 0067 34       		.uleb128 0x34
 766 0068 00       		.byte	0
 767 0069 03       		.uleb128 0x3
 768 006a 0E       		.uleb128 0xe
 769 006b 3A       		.uleb128 0x3a
 770 006c 0B       		.uleb128 0xb
 771 006d 3B       		.uleb128 0x3b
 772 006e 0B       		.uleb128 0xb
 773 006f 49       		.uleb128 0x49
 774 0070 13       		.uleb128 0x13
 775 0071 00       		.byte	0
 776 0072 00       		.byte	0
 777 0073 09       		.uleb128 0x9
 778 0074 2E       		.uleb128 0x2e
 779 0075 00       		.byte	0
 780 0076 3F       		.uleb128 0x3f
 781 0077 19       		.uleb128 0x19
 782 0078 03       		.uleb128 0x3
 783 0079 0E       		.uleb128 0xe
 784 007a 3A       		.uleb128 0x3a
 785 007b 0B       		.uleb128 0xb
 786 007c 3B       		.uleb128 0x3b
 787 007d 0B       		.uleb128 0xb
 788 007e 27       		.uleb128 0x27
 789 007f 19       		.uleb128 0x19
 790 0080 49       		.uleb128 0x49
 791 0081 13       		.uleb128 0x13
 792 0082 11       		.uleb128 0x11
 793 0083 01       		.uleb128 0x1
 794 0084 12       		.uleb128 0x12
 795 0085 06       		.uleb128 0x6
ARM GAS  C:\Users\IYANG~1.DES\AppData\Local\Temp\ccnuhxAl.s 			page 34


 796 0086 40       		.uleb128 0x40
 797 0087 18       		.uleb128 0x18
 798 0088 9742     		.uleb128 0x2117
 799 008a 19       		.uleb128 0x19
 800 008b 00       		.byte	0
 801 008c 00       		.byte	0
 802 008d 0A       		.uleb128 0xa
 803 008e 05       		.uleb128 0x5
 804 008f 00       		.byte	0
 805 0090 03       		.uleb128 0x3
 806 0091 0E       		.uleb128 0xe
 807 0092 3A       		.uleb128 0x3a
 808 0093 0B       		.uleb128 0xb
 809 0094 3B       		.uleb128 0x3b
 810 0095 0B       		.uleb128 0xb
 811 0096 49       		.uleb128 0x49
 812 0097 13       		.uleb128 0x13
 813 0098 02       		.uleb128 0x2
 814 0099 18       		.uleb128 0x18
 815 009a 00       		.byte	0
 816 009b 00       		.byte	0
 817 009c 0B       		.uleb128 0xb
 818 009d 34       		.uleb128 0x34
 819 009e 00       		.byte	0
 820 009f 03       		.uleb128 0x3
 821 00a0 0E       		.uleb128 0xe
 822 00a1 3A       		.uleb128 0x3a
 823 00a2 0B       		.uleb128 0xb
 824 00a3 3B       		.uleb128 0x3b
 825 00a4 0B       		.uleb128 0xb
 826 00a5 49       		.uleb128 0x49
 827 00a6 13       		.uleb128 0x13
 828 00a7 02       		.uleb128 0x2
 829 00a8 17       		.uleb128 0x17
 830 00a9 00       		.byte	0
 831 00aa 00       		.byte	0
 832 00ab 0C       		.uleb128 0xc
 833 00ac 2E       		.uleb128 0x2e
 834 00ad 01       		.byte	0x1
 835 00ae 3F       		.uleb128 0x3f
 836 00af 19       		.uleb128 0x19
 837 00b0 03       		.uleb128 0x3
 838 00b1 0E       		.uleb128 0xe
 839 00b2 3A       		.uleb128 0x3a
 840 00b3 0B       		.uleb128 0xb
 841 00b4 3B       		.uleb128 0x3b
 842 00b5 0B       		.uleb128 0xb
 843 00b6 27       		.uleb128 0x27
 844 00b7 19       		.uleb128 0x19
 845 00b8 49       		.uleb128 0x49
 846 00b9 13       		.uleb128 0x13
 847 00ba 11       		.uleb128 0x11
 848 00bb 01       		.uleb128 0x1
 849 00bc 12       		.uleb128 0x12
 850 00bd 06       		.uleb128 0x6
 851 00be 40       		.uleb128 0x40
 852 00bf 18       		.uleb128 0x18
ARM GAS  C:\Users\IYANG~1.DES\AppData\Local\Temp\ccnuhxAl.s 			page 35


 853 00c0 9742     		.uleb128 0x2117
 854 00c2 19       		.uleb128 0x19
 855 00c3 00       		.byte	0
 856 00c4 00       		.byte	0
 857 00c5 00       		.byte	0
 858              		.section	.debug_loc,"",%progbits
 859              	.Ldebug_loc0:
 860              	.LLST0:
 861 0000 00000000 		.4byte	.LVL0
 862 0004 08000000 		.4byte	.LVL1
 863 0008 0100     		.2byte	0x1
 864 000a 50       		.byte	0x50
 865 000b 08000000 		.4byte	.LVL1
 866 000f 18000000 		.4byte	.LFE0
 867 0013 0400     		.2byte	0x4
 868 0015 F3       		.byte	0xf3
 869 0016 01       		.uleb128 0x1
 870 0017 50       		.byte	0x50
 871 0018 9F       		.byte	0x9f
 872 0019 00000000 		.4byte	0
 873 001d 00000000 		.4byte	0
 874              	.LLST1:
 875 0021 00000000 		.4byte	.LVL2
 876 0025 06000000 		.4byte	.LVL3
 877 0029 0100     		.2byte	0x1
 878 002b 50       		.byte	0x50
 879 002c 06000000 		.4byte	.LVL3
 880 0030 18000000 		.4byte	.LFE1
 881 0034 0400     		.2byte	0x4
 882 0036 F3       		.byte	0xf3
 883 0037 01       		.uleb128 0x1
 884 0038 50       		.byte	0x50
 885 0039 9F       		.byte	0x9f
 886 003a 00000000 		.4byte	0
 887 003e 00000000 		.4byte	0
 888              	.LLST2:
 889 0042 00000000 		.4byte	.LVL4
 890 0046 08000000 		.4byte	.LVL7
 891 004a 0100     		.2byte	0x1
 892 004c 50       		.byte	0x50
 893 004d 08000000 		.4byte	.LVL7
 894 0051 14000000 		.4byte	.LFE4
 895 0055 0400     		.2byte	0x4
 896 0057 F3       		.byte	0xf3
 897 0058 01       		.uleb128 0x1
 898 0059 50       		.byte	0x50
 899 005a 9F       		.byte	0x9f
 900 005b 00000000 		.4byte	0
 901 005f 00000000 		.4byte	0
 902              	.LLST3:
 903 0063 04000000 		.4byte	.LVL5
 904 0067 06000000 		.4byte	.LVL6
 905 006b 0B00     		.2byte	0xb
 906 006d 70       		.byte	0x70
 907 006e 00       		.sleb128 0
 908 006f 0A       		.byte	0xa
 909 0070 FFFF     		.2byte	0xffff
ARM GAS  C:\Users\IYANG~1.DES\AppData\Local\Temp\ccnuhxAl.s 			page 36


 910 0072 1A       		.byte	0x1a
 911 0073 20       		.byte	0x20
 912 0074 73       		.byte	0x73
 913 0075 00       		.sleb128 0
 914 0076 1A       		.byte	0x1a
 915 0077 9F       		.byte	0x9f
 916 0078 00000000 		.4byte	0
 917 007c 00000000 		.4byte	0
 918              	.LLST4:
 919 0080 0A000000 		.4byte	.LVL8
 920 0084 0E000000 		.4byte	.LVL9
 921 0088 0100     		.2byte	0x1
 922 008a 50       		.byte	0x50
 923 008b 0E000000 		.4byte	.LVL9
 924 008f 14000000 		.4byte	.LFE5
 925 0093 0400     		.2byte	0x4
 926 0095 73       		.byte	0x73
 927 0096 00       		.sleb128 0
 928 0097 06       		.byte	0x6
 929 0098 9F       		.byte	0x9f
 930 0099 00000000 		.4byte	0
 931 009d 00000000 		.4byte	0
 932              		.section	.debug_aranges,"",%progbits
 933 0000 44000000 		.4byte	0x44
 934 0004 0200     		.2byte	0x2
 935 0006 00000000 		.4byte	.Ldebug_info0
 936 000a 04       		.byte	0x4
 937 000b 00       		.byte	0
 938 000c 0000     		.2byte	0
 939 000e 0000     		.2byte	0
 940 0010 00000000 		.4byte	.LFB0
 941 0014 18000000 		.4byte	.LFE0-.LFB0
 942 0018 00000000 		.4byte	.LFB1
 943 001c 18000000 		.4byte	.LFE1-.LFB1
 944 0020 00000000 		.4byte	.LFB2
 945 0024 10000000 		.4byte	.LFE2-.LFB2
 946 0028 00000000 		.4byte	.LFB3
 947 002c 10000000 		.4byte	.LFE3-.LFB3
 948 0030 00000000 		.4byte	.LFB4
 949 0034 14000000 		.4byte	.LFE4-.LFB4
 950 0038 00000000 		.4byte	.LFB5
 951 003c 14000000 		.4byte	.LFE5-.LFB5
 952 0040 00000000 		.4byte	0
 953 0044 00000000 		.4byte	0
 954              		.section	.debug_ranges,"",%progbits
 955              	.Ldebug_ranges0:
 956 0000 00000000 		.4byte	.LFB0
 957 0004 18000000 		.4byte	.LFE0
 958 0008 00000000 		.4byte	.LFB1
 959 000c 18000000 		.4byte	.LFE1
 960 0010 00000000 		.4byte	.LFB2
 961 0014 10000000 		.4byte	.LFE2
 962 0018 00000000 		.4byte	.LFB3
 963 001c 10000000 		.4byte	.LFE3
 964 0020 00000000 		.4byte	.LFB4
 965 0024 14000000 		.4byte	.LFE4
 966 0028 00000000 		.4byte	.LFB5
ARM GAS  C:\Users\IYANG~1.DES\AppData\Local\Temp\ccnuhxAl.s 			page 37


 967 002c 14000000 		.4byte	.LFE5
 968 0030 00000000 		.4byte	0
 969 0034 00000000 		.4byte	0
 970              		.section	.debug_line,"",%progbits
 971              	.Ldebug_line0:
 972 0000 C9000000 		.section	.debug_str,"MS",%progbits,1
 972      02004600 
 972      00000201 
 972      FB0E0D00 
 972      01010101 
 973              	.LASF15:
 974 0000 72656733 		.ascii	"reg32\000"
 974      3200
 975              	.LASF21:
 976 0006 57616B65 		.ascii	"Wakeup_SW_ReadDataReg\000"
 976      75705F53 
 976      575F5265 
 976      61644461 
 976      74615265 
 977              	.LASF19:
 978 001c 76616C75 		.ascii	"value\000"
 978      6500
 979              	.LASF3:
 980 0022 73686F72 		.ascii	"short unsigned int\000"
 980      7420756E 
 980      7369676E 
 980      65642069 
 980      6E7400
 981              	.LASF29:
 982 0035 443A5C44 		.ascii	"D:\\Dropbox\\blog\\UV sensor\\SW\\UVSensorCypress\\"
 982      726F7062 
 982      6F785C62 
 982      6C6F675C 
 982      55562073 
 983 0062 55562053 		.ascii	"UV Sensor.cydsn\000"
 983      656E736F 
 983      722E6379 
 983      64736E00 
 984              	.LASF20:
 985 0072 57616B65 		.ascii	"Wakeup_SW_Read\000"
 985      75705F53 
 985      575F5265 
 985      616400
 986              	.LASF17:
 987 0081 57616B65 		.ascii	"Wakeup_SW_Write\000"
 987      75705F53 
 987      575F5772 
 987      69746500 
 988              	.LASF12:
 989 0091 666C6F61 		.ascii	"float\000"
 989      7400
 990              	.LASF1:
 991 0097 756E7369 		.ascii	"unsigned char\000"
 991      676E6564 
 991      20636861 
 991      7200
 992              	.LASF30:
ARM GAS  C:\Users\IYANG~1.DES\AppData\Local\Temp\ccnuhxAl.s 			page 38


 993 00a5 64725661 		.ascii	"drVal\000"
 993      6C00
 994              	.LASF5:
 995 00ab 6C6F6E67 		.ascii	"long unsigned int\000"
 995      20756E73 
 995      69676E65 
 995      6420696E 
 995      7400
 996              	.LASF28:
 997 00bd 47656E65 		.ascii	"Generated_Source\\PSoC4\\Wakeup_SW.c\000"
 997      72617465 
 997      645F536F 
 997      75726365 
 997      5C50536F 
 998              	.LASF24:
 999 00e0 57616B65 		.ascii	"Wakeup_SW_ClearInterrupt\000"
 999      75705F53 
 999      575F436C 
 999      65617249 
 999      6E746572 
 1000              	.LASF22:
 1001 00f9 57616B65 		.ascii	"Wakeup_SW_SetInterruptMode\000"
 1001      75705F53 
 1001      575F5365 
 1001      74496E74 
 1001      65727275 
 1002              	.LASF13:
 1003 0114 646F7562 		.ascii	"double\000"
 1003      6C6500
 1004              	.LASF10:
 1005 011b 75696E74 		.ascii	"uint16\000"
 1005      313600
 1006              	.LASF23:
 1007 0122 706F7369 		.ascii	"position\000"
 1007      74696F6E 
 1007      00
 1008              	.LASF11:
 1009 012b 75696E74 		.ascii	"uint32\000"
 1009      333200
 1010              	.LASF25:
 1011 0132 696E7472 		.ascii	"intrCfg\000"
 1011      43666700 
 1012              	.LASF8:
 1013 013a 756E7369 		.ascii	"unsigned int\000"
 1013      676E6564 
 1013      20696E74 
 1013      00
 1014              	.LASF7:
 1015 0147 6C6F6E67 		.ascii	"long long unsigned int\000"
 1015      206C6F6E 
 1015      6720756E 
 1015      7369676E 
 1015      65642069 
 1016              	.LASF18:
 1017 015e 6D6F6465 		.ascii	"mode\000"
 1017      00
 1018              	.LASF6:
ARM GAS  C:\Users\IYANG~1.DES\AppData\Local\Temp\ccnuhxAl.s 			page 39


 1019 0163 6C6F6E67 		.ascii	"long long int\000"
 1019      206C6F6E 
 1019      6720696E 
 1019      7400
 1020              	.LASF26:
 1021 0171 6D61736B 		.ascii	"maskedStatus\000"
 1021      65645374 
 1021      61747573 
 1021      00
 1022              	.LASF14:
 1023 017e 63686172 		.ascii	"char\000"
 1023      00
 1024              	.LASF2:
 1025 0183 73686F72 		.ascii	"short int\000"
 1025      7420696E 
 1025      7400
 1026              	.LASF27:
 1027 018d 474E5520 		.ascii	"GNU C 4.9.3 20150303 (release) [ARM/embedded-4_9-br"
 1027      4320342E 
 1027      392E3320 
 1027      32303135 
 1027      30333033 
 1028 01c0 616E6368 		.ascii	"anch revision 221220] -mcpu=cortex-m0 -mthumb -g -O"
 1028      20726576 
 1028      6973696F 
 1028      6E203232 
 1028      31323230 
 1029 01f3 33202D66 		.ascii	"3 -ffunction-sections -finline-functions -flto -ffa"
 1029      66756E63 
 1029      74696F6E 
 1029      2D736563 
 1029      74696F6E 
 1030 0226 742D6C74 		.ascii	"t-lto-objects\000"
 1030      6F2D6F62 
 1030      6A656374 
 1030      7300
 1031              	.LASF9:
 1032 0234 75696E74 		.ascii	"uint8\000"
 1032      3800
 1033              	.LASF16:
 1034 023a 57616B65 		.ascii	"Wakeup_SW_SetDriveMode\000"
 1034      75705F53 
 1034      575F5365 
 1034      74447269 
 1034      76654D6F 
 1035              	.LASF4:
 1036 0251 6C6F6E67 		.ascii	"long int\000"
 1036      20696E74 
 1036      00
 1037              	.LASF0:
 1038 025a 7369676E 		.ascii	"signed char\000"
 1038      65642063 
 1038      68617200 
 1039              		.comm	__gnu_lto_v1,1,1
 1040              		.ident	"GCC: (GNU Tools for ARM Embedded Processors) 4.9.3 20150303 (release) [ARM/embedded-4_9-br
