#***************************************************************************

#sjplacer

#Version:            1.1

#Build Date:         Apr 29 2016 09:00:55

#File Generated:     Mar 28 2017 22:43:07

#Purpose:            

#Copyright (C) 2010-2011 by Softjin Technologies Pvt Ltd. All rights reserved.

#***************************************************************************

Executing : D:\Program Files\Cypress\PSoC Creator\4.0\PSoC Creator\bin/sjplacer.exe --proj-name UV Sensor --netlist-vh2 UV Sensor_p.vh2 --arch-file D:\Program Files\Cypress\PSoC Creator\4.0\PSoC Creator\dev/arch/p4_udb2x2.ark --rrg-file D:\Program Files\Cypress\PSoC Creator\4.0\PSoC Creator\dev/psoc4/3/route_arch-rrg.cydata --irq-file D:\Program Files\Cypress\PSoC Creator\4.0\PSoC Creator\dev/psoc4/3/irqconn.cydata --dsi-conn-file D:\Program Files\Cypress\PSoC Creator\4.0\PSoC Creator\dev/psoc4/3/dsiconn.cydata --pins-file pins_56-QFN.xml --lib-file UV Sensor_p.lib --sdc-file UV Sensor.sdc --io-pcf UV Sensor.pci --outdir .

		Softjin Techologies Placer, Version 1.1

Build Date : Apr 29 2016	08:58:44

D2004: Option and Settings Summary
=============================================================
Netlist vh2 file          - UV Sensor_p.vh2
Architecture file         - D:\Program Files\Cypress\PSoC Creator\4.0\PSoC Creator\dev/arch/p4_udb2x2.ark
Package                   - 
Defparam file             - 
SDC file                  - UV Sensor.sdc
Output directory          - .
Timing library            - UV Sensor_p.lib
IO Placement file         - UV Sensor.pci

D2050: Starting reading inputs for placer
=============================================================
D2065: Reading netlist file : "UV Sensor_p.vh2"
D2065: Reading arch file : "D:\Program Files\Cypress\PSoC Creator\4.0\PSoC Creator\dev/arch/p4_udb2x2.ark"
D2051: Reading of inputs for placer completed successfully

D2053: Starting placement of the design
=============================================================

Phase 2
Phase 3
I2659: No Constrained paths were found. The placer will run in non-timing driven mode.

Design Statistics after Packing
    Number of Combinational MCs 	:	0
    Number of Sequential MCs    	:	0
    Number of DPs               	:	0
    Number of Controls          	:	0
    Number of Status            	:	0
    Number of SyncCells         	:	0
    Number of count7cells       	:	0

Device Utilization Summary after Packing
    Macrocells                  :	0/32
    UDBS                        :	0/4
    IOs                         :	6/38


D2088: Phase 3, elapsed time : 0.0 (sec)

Phase 4
D2088: Phase 4, elapsed time : 0.0 (sec)

Phase 8
D2088: Phase 8, elapsed time : 0.0 (sec)

D2054: Placement of the design completed successfully

I2076: Total run-time: 0.2 sec.

